<?xml version="1.0" encoding="UTF-8"?>
<testsuite xmlns:xsi="http://www.w3.org/2001/XMLSchema-instance" xsi:noNamespaceSchemaLocation="https://maven.apache.org/surefire/maven-surefire-plugin/xsd/surefire-test-report.xsd" name="hansol9.rest.events.EventControllerTests" time="0.671" tests="11" errors="0" skipped="0" failures="11">
  <properties>
    <property name="gopherProxySet" value="false"/>
    <property name="awt.toolkit" value="sun.lwawt.macosx.LWCToolkit"/>
    <property name="java.specification.version" value="11"/>
    <property name="sun.cpu.isalist" value=""/>
    <property name="sun.jnu.encoding" value="UTF-8"/>
    <property name="java.class.path" value="/Users/hansol9/Desktop/01. Github/REST Practice/target/test-classes:/Users/hansol9/Desktop/01. Github/REST Practice/target/classes:/Users/hansol9/.m2/repository/org/springframework/boot/spring-boot-starter-data-jpa/2.1.0.RELEASE/spring-boot-starter-data-jpa-2.1.0.RELEASE.jar:/Users/hansol9/.m2/repository/org/springframework/boot/spring-boot-starter-aop/2.1.0.RELEASE/spring-boot-starter-aop-2.1.0.RELEASE.jar:/Users/hansol9/.m2/repository/org/springframework/spring-aop/5.1.2.RELEASE/spring-aop-5.1.2.RELEASE.jar:/Users/hansol9/.m2/repository/org/aspectj/aspectjweaver/1.9.2/aspectjweaver-1.9.2.jar:/Users/hansol9/.m2/repository/org/springframework/boot/spring-boot-starter-jdbc/2.1.0.RELEASE/spring-boot-starter-jdbc-2.1.0.RELEASE.jar:/Users/hansol9/.m2/repository/com/zaxxer/HikariCP/3.2.0/HikariCP-3.2.0.jar:/Users/hansol9/.m2/repository/org/springframework/spring-jdbc/5.1.2.RELEASE/spring-jdbc-5.1.2.RELEASE.jar:/Users/hansol9/.m2/repository/javax/transaction/javax.transaction-api/1.3/javax.transaction-api-1.3.jar:/Users/hansol9/.m2/repository/javax/xml/bind/jaxb-api/2.3.1/jaxb-api-2.3.1.jar:/Users/hansol9/.m2/repository/javax/activation/javax.activation-api/1.2.0/javax.activation-api-1.2.0.jar:/Users/hansol9/.m2/repository/org/hibernate/hibernate-core/5.3.7.Final/hibernate-core-5.3.7.Final.jar:/Users/hansol9/.m2/repository/org/jboss/logging/jboss-logging/3.3.2.Final/jboss-logging-3.3.2.Final.jar:/Users/hansol9/.m2/repository/javax/persistence/javax.persistence-api/2.2/javax.persistence-api-2.2.jar:/Users/hansol9/.m2/repository/org/javassist/javassist/3.23.1-GA/javassist-3.23.1-GA.jar:/Users/hansol9/.m2/repository/net/bytebuddy/byte-buddy/1.9.3/byte-buddy-1.9.3.jar:/Users/hansol9/.m2/repository/antlr/antlr/2.7.7/antlr-2.7.7.jar:/Users/hansol9/.m2/repository/org/jboss/jandex/2.0.5.Final/jandex-2.0.5.Final.jar:/Users/hansol9/.m2/repository/com/fasterxml/classmate/1.4.0/classmate-1.4.0.jar:/Users/hansol9/.m2/repository/org/dom4j/dom4j/2.1.1/dom4j-2.1.1.jar:/Users/hansol9/.m2/repository/org/hibernate/common/hibernate-commons-annotations/5.0.4.Final/hibernate-commons-annotations-5.0.4.Final.jar:/Users/hansol9/.m2/repository/org/springframework/data/spring-data-jpa/2.1.2.RELEASE/spring-data-jpa-2.1.2.RELEASE.jar:/Users/hansol9/.m2/repository/org/springframework/data/spring-data-commons/2.1.2.RELEASE/spring-data-commons-2.1.2.RELEASE.jar:/Users/hansol9/.m2/repository/org/springframework/spring-orm/5.1.2.RELEASE/spring-orm-5.1.2.RELEASE.jar:/Users/hansol9/.m2/repository/org/springframework/spring-context/5.1.2.RELEASE/spring-context-5.1.2.RELEASE.jar:/Users/hansol9/.m2/repository/org/springframework/spring-tx/5.1.2.RELEASE/spring-tx-5.1.2.RELEASE.jar:/Users/hansol9/.m2/repository/org/springframework/spring-beans/5.1.2.RELEASE/spring-beans-5.1.2.RELEASE.jar:/Users/hansol9/.m2/repository/org/slf4j/slf4j-api/1.7.25/slf4j-api-1.7.25.jar:/Users/hansol9/.m2/repository/org/springframework/spring-aspects/5.1.2.RELEASE/spring-aspects-5.1.2.RELEASE.jar:/Users/hansol9/.m2/repository/org/springframework/boot/spring-boot-starter-hateoas/2.1.0.RELEASE/spring-boot-starter-hateoas-2.1.0.RELEASE.jar:/Users/hansol9/.m2/repository/org/springframework/hateoas/spring-hateoas/0.25.0.RELEASE/spring-hateoas-0.25.0.RELEASE.jar:/Users/hansol9/.m2/repository/org/springframework/plugin/spring-plugin-core/1.2.0.RELEASE/spring-plugin-core-1.2.0.RELEASE.jar:/Users/hansol9/.m2/repository/org/springframework/boot/spring-boot-starter-web/2.1.0.RELEASE/spring-boot-starter-web-2.1.0.RELEASE.jar:/Users/hansol9/.m2/repository/org/springframework/boot/spring-boot-starter/2.1.0.RELEASE/spring-boot-starter-2.1.0.RELEASE.jar:/Users/hansol9/.m2/repository/org/springframework/boot/spring-boot-starter-logging/2.1.0.RELEASE/spring-boot-starter-logging-2.1.0.RELEASE.jar:/Users/hansol9/.m2/repository/ch/qos/logback/logback-classic/1.2.3/logback-classic-1.2.3.jar:/Users/hansol9/.m2/repository/ch/qos/logback/logback-core/1.2.3/logback-core-1.2.3.jar:/Users/hansol9/.m2/repository/org/apache/logging/log4j/log4j-to-slf4j/2.11.1/log4j-to-slf4j-2.11.1.jar:/Users/hansol9/.m2/repository/org/apache/logging/log4j/log4j-api/2.11.1/log4j-api-2.11.1.jar:/Users/hansol9/.m2/repository/org/slf4j/jul-to-slf4j/1.7.25/jul-to-slf4j-1.7.25.jar:/Users/hansol9/.m2/repository/javax/annotation/javax.annotation-api/1.3.2/javax.annotation-api-1.3.2.jar:/Users/hansol9/.m2/repository/org/yaml/snakeyaml/1.23/snakeyaml-1.23.jar:/Users/hansol9/.m2/repository/org/springframework/boot/spring-boot-starter-json/2.1.0.RELEASE/spring-boot-starter-json-2.1.0.RELEASE.jar:/Users/hansol9/.m2/repository/com/fasterxml/jackson/datatype/jackson-datatype-jdk8/2.9.7/jackson-datatype-jdk8-2.9.7.jar:/Users/hansol9/.m2/repository/com/fasterxml/jackson/datatype/jackson-datatype-jsr310/2.9.7/jackson-datatype-jsr310-2.9.7.jar:/Users/hansol9/.m2/repository/com/fasterxml/jackson/module/jackson-module-parameter-names/2.9.7/jackson-module-parameter-names-2.9.7.jar:/Users/hansol9/.m2/repository/org/springframework/boot/spring-boot-starter-tomcat/2.1.0.RELEASE/spring-boot-starter-tomcat-2.1.0.RELEASE.jar:/Users/hansol9/.m2/repository/org/apache/tomcat/embed/tomcat-embed-core/9.0.12/tomcat-embed-core-9.0.12.jar:/Users/hansol9/.m2/repository/org/apache/tomcat/embed/tomcat-embed-el/9.0.12/tomcat-embed-el-9.0.12.jar:/Users/hansol9/.m2/repository/org/apache/tomcat/embed/tomcat-embed-websocket/9.0.12/tomcat-embed-websocket-9.0.12.jar:/Users/hansol9/.m2/repository/org/hibernate/validator/hibernate-validator/6.0.13.Final/hibernate-validator-6.0.13.Final.jar:/Users/hansol9/.m2/repository/javax/validation/validation-api/2.0.1.Final/validation-api-2.0.1.Final.jar:/Users/hansol9/.m2/repository/org/springframework/spring-web/5.1.2.RELEASE/spring-web-5.1.2.RELEASE.jar:/Users/hansol9/.m2/repository/org/springframework/spring-webmvc/5.1.2.RELEASE/spring-webmvc-5.1.2.RELEASE.jar:/Users/hansol9/.m2/repository/org/springframework/spring-expression/5.1.2.RELEASE/spring-expression-5.1.2.RELEASE.jar:/Users/hansol9/.m2/repository/org/postgresql/postgresql/42.2.5/postgresql-42.2.5.jar:/Users/hansol9/.m2/repository/org/projectlombok/lombok/1.18.2/lombok-1.18.2.jar:/Users/hansol9/.m2/repository/org/modelmapper/modelmapper/2.3.6/modelmapper-2.3.6.jar:/Users/hansol9/.m2/repository/org/springframework/security/oauth/boot/spring-security-oauth2-autoconfigure/2.1.0.RELEASE/spring-security-oauth2-autoconfigure-2.1.0.RELEASE.jar:/Users/hansol9/.m2/repository/com/fasterxml/jackson/core/jackson-annotations/2.9.0/jackson-annotations-2.9.0.jar:/Users/hansol9/.m2/repository/com/fasterxml/jackson/core/jackson-databind/2.9.7/jackson-databind-2.9.7.jar:/Users/hansol9/.m2/repository/com/fasterxml/jackson/core/jackson-core/2.9.7/jackson-core-2.9.7.jar:/Users/hansol9/.m2/repository/com/sun/xml/bind/jaxb-core/2.3.0.1/jaxb-core-2.3.0.1.jar:/Users/hansol9/.m2/repository/com/sun/xml/bind/jaxb-impl/2.3.0.1/jaxb-impl-2.3.0.1.jar:/Users/hansol9/.m2/repository/org/springframework/boot/spring-boot/2.1.0.RELEASE/spring-boot-2.1.0.RELEASE.jar:/Users/hansol9/.m2/repository/org/springframework/boot/spring-boot-autoconfigure/2.1.0.RELEASE/spring-boot-autoconfigure-2.1.0.RELEASE.jar:/Users/hansol9/.m2/repository/org/springframework/security/oauth/spring-security-oauth2/2.3.4.RELEASE/spring-security-oauth2-2.3.4.RELEASE.jar:/Users/hansol9/.m2/repository/org/springframework/security/spring-security-core/5.1.1.RELEASE/spring-security-core-5.1.1.RELEASE.jar:/Users/hansol9/.m2/repository/org/springframework/security/spring-security-config/5.1.1.RELEASE/spring-security-config-5.1.1.RELEASE.jar:/Users/hansol9/.m2/repository/org/springframework/security/spring-security-web/5.1.1.RELEASE/spring-security-web-5.1.1.RELEASE.jar:/Users/hansol9/.m2/repository/commons-codec/commons-codec/1.11/commons-codec-1.11.jar:/Users/hansol9/.m2/repository/org/codehaus/jackson/jackson-mapper-asl/1.9.13/jackson-mapper-asl-1.9.13.jar:/Users/hansol9/.m2/repository/org/codehaus/jackson/jackson-core-asl/1.9.13/jackson-core-asl-1.9.13.jar:/Users/hansol9/.m2/repository/org/springframework/security/spring-security-jwt/1.0.9.RELEASE/spring-security-jwt-1.0.9.RELEASE.jar:/Users/hansol9/.m2/repository/org/bouncycastle/bcpkix-jdk15on/1.56/bcpkix-jdk15on-1.56.jar:/Users/hansol9/.m2/repository/org/bouncycastle/bcprov-jdk15on/1.56/bcprov-jdk15on-1.56.jar:/Users/hansol9/.m2/repository/org/springframework/boot/spring-boot-starter-test/2.1.0.RELEASE/spring-boot-starter-test-2.1.0.RELEASE.jar:/Users/hansol9/.m2/repository/org/springframework/boot/spring-boot-test/2.1.0.RELEASE/spring-boot-test-2.1.0.RELEASE.jar:/Users/hansol9/.m2/repository/org/springframework/boot/spring-boot-test-autoconfigure/2.1.0.RELEASE/spring-boot-test-autoconfigure-2.1.0.RELEASE.jar:/Users/hansol9/.m2/repository/com/jayway/jsonpath/json-path/2.4.0/json-path-2.4.0.jar:/Users/hansol9/.m2/repository/net/minidev/json-smart/2.3/json-smart-2.3.jar:/Users/hansol9/.m2/repository/net/minidev/accessors-smart/1.2/accessors-smart-1.2.jar:/Users/hansol9/.m2/repository/org/ow2/asm/asm/5.0.4/asm-5.0.4.jar:/Users/hansol9/.m2/repository/junit/junit/4.12/junit-4.12.jar:/Users/hansol9/.m2/repository/org/assertj/assertj-core/3.11.1/assertj-core-3.11.1.jar:/Users/hansol9/.m2/repository/org/mockito/mockito-core/2.23.0/mockito-core-2.23.0.jar:/Users/hansol9/.m2/repository/net/bytebuddy/byte-buddy-agent/1.9.3/byte-buddy-agent-1.9.3.jar:/Users/hansol9/.m2/repository/org/objenesis/objenesis/2.6/objenesis-2.6.jar:/Users/hansol9/.m2/repository/org/hamcrest/hamcrest-core/1.3/hamcrest-core-1.3.jar:/Users/hansol9/.m2/repository/org/hamcrest/hamcrest-library/1.3/hamcrest-library-1.3.jar:/Users/hansol9/.m2/repository/org/skyscreamer/jsonassert/1.5.0/jsonassert-1.5.0.jar:/Users/hansol9/.m2/repository/com/vaadin/external/google/android-json/0.0.20131108.vaadin1/android-json-0.0.20131108.vaadin1.jar:/Users/hansol9/.m2/repository/org/springframework/spring-core/5.1.2.RELEASE/spring-core-5.1.2.RELEASE.jar:/Users/hansol9/.m2/repository/org/springframework/spring-jcl/5.1.2.RELEASE/spring-jcl-5.1.2.RELEASE.jar:/Users/hansol9/.m2/repository/org/springframework/spring-test/5.1.2.RELEASE/spring-test-5.1.2.RELEASE.jar:/Users/hansol9/.m2/repository/org/xmlunit/xmlunit-core/2.6.2/xmlunit-core-2.6.2.jar:/Users/hansol9/.m2/repository/org/springframework/restdocs/spring-restdocs-mockmvc/2.0.2.RELEASE/spring-restdocs-mockmvc-2.0.2.RELEASE.jar:/Users/hansol9/.m2/repository/javax/servlet/javax.servlet-api/4.0.1/javax.servlet-api-4.0.1.jar:/Users/hansol9/.m2/repository/org/springframework/restdocs/spring-restdocs-core/2.0.2.RELEASE/spring-restdocs-core-2.0.2.RELEASE.jar:/Users/hansol9/.m2/repository/com/h2database/h2/1.4.197/h2-1.4.197.jar:/Users/hansol9/.m2/repository/pl/pragmatists/JUnitParams/1.1.1/JUnitParams-1.1.1.jar:"/>
    <property name="java.vm.vendor" value="JetBrains s.r.o."/>
    <property name="sun.arch.data.model" value="64"/>
    <property name="java.vendor.url" value="https://www.jetbrains.com/"/>
    <property name="user.timezone" value=""/>
    <property name="java.vm.specification.version" value="11"/>
    <property name="os.name" value="Mac OS X"/>
    <property name="sun.java.launcher" value="SUN_STANDARD"/>
    <property name="user.country" value="CA"/>
    <property name="sun.boot.library.path" value="/Users/hansol9/Library/Application Support/JetBrains/Toolbox/apps/IDEA-U/ch-0/202.6397.94/IntelliJ IDEA.app/Contents/jbr/Contents/Home/lib"/>
    <property name="sun.java.command" value="/Users/hansol9/Desktop/01. Github/REST Practice/target/surefire/surefirebooter18108620950336742585.jar /Users/hansol9/Desktop/01. Github/REST Practice/target/surefire 2020-10-27T18-17-42_538-jvmRun1 surefire318468203825079148tmp surefire_01153115433747467906tmp"/>
    <property name="http.nonProxyHosts" value="local|*.local|169.254/16|*.169.254/16"/>
    <property name="jdk.debug" value="release"/>
    <property name="surefire.test.class.path" value="/Users/hansol9/Desktop/01. Github/REST Practice/target/test-classes:/Users/hansol9/Desktop/01. Github/REST Practice/target/classes:/Users/hansol9/.m2/repository/org/springframework/boot/spring-boot-starter-data-jpa/2.1.0.RELEASE/spring-boot-starter-data-jpa-2.1.0.RELEASE.jar:/Users/hansol9/.m2/repository/org/springframework/boot/spring-boot-starter-aop/2.1.0.RELEASE/spring-boot-starter-aop-2.1.0.RELEASE.jar:/Users/hansol9/.m2/repository/org/springframework/spring-aop/5.1.2.RELEASE/spring-aop-5.1.2.RELEASE.jar:/Users/hansol9/.m2/repository/org/aspectj/aspectjweaver/1.9.2/aspectjweaver-1.9.2.jar:/Users/hansol9/.m2/repository/org/springframework/boot/spring-boot-starter-jdbc/2.1.0.RELEASE/spring-boot-starter-jdbc-2.1.0.RELEASE.jar:/Users/hansol9/.m2/repository/com/zaxxer/HikariCP/3.2.0/HikariCP-3.2.0.jar:/Users/hansol9/.m2/repository/org/springframework/spring-jdbc/5.1.2.RELEASE/spring-jdbc-5.1.2.RELEASE.jar:/Users/hansol9/.m2/repository/javax/transaction/javax.transaction-api/1.3/javax.transaction-api-1.3.jar:/Users/hansol9/.m2/repository/javax/xml/bind/jaxb-api/2.3.1/jaxb-api-2.3.1.jar:/Users/hansol9/.m2/repository/javax/activation/javax.activation-api/1.2.0/javax.activation-api-1.2.0.jar:/Users/hansol9/.m2/repository/org/hibernate/hibernate-core/5.3.7.Final/hibernate-core-5.3.7.Final.jar:/Users/hansol9/.m2/repository/org/jboss/logging/jboss-logging/3.3.2.Final/jboss-logging-3.3.2.Final.jar:/Users/hansol9/.m2/repository/javax/persistence/javax.persistence-api/2.2/javax.persistence-api-2.2.jar:/Users/hansol9/.m2/repository/org/javassist/javassist/3.23.1-GA/javassist-3.23.1-GA.jar:/Users/hansol9/.m2/repository/net/bytebuddy/byte-buddy/1.9.3/byte-buddy-1.9.3.jar:/Users/hansol9/.m2/repository/antlr/antlr/2.7.7/antlr-2.7.7.jar:/Users/hansol9/.m2/repository/org/jboss/jandex/2.0.5.Final/jandex-2.0.5.Final.jar:/Users/hansol9/.m2/repository/com/fasterxml/classmate/1.4.0/classmate-1.4.0.jar:/Users/hansol9/.m2/repository/org/dom4j/dom4j/2.1.1/dom4j-2.1.1.jar:/Users/hansol9/.m2/repository/org/hibernate/common/hibernate-commons-annotations/5.0.4.Final/hibernate-commons-annotations-5.0.4.Final.jar:/Users/hansol9/.m2/repository/org/springframework/data/spring-data-jpa/2.1.2.RELEASE/spring-data-jpa-2.1.2.RELEASE.jar:/Users/hansol9/.m2/repository/org/springframework/data/spring-data-commons/2.1.2.RELEASE/spring-data-commons-2.1.2.RELEASE.jar:/Users/hansol9/.m2/repository/org/springframework/spring-orm/5.1.2.RELEASE/spring-orm-5.1.2.RELEASE.jar:/Users/hansol9/.m2/repository/org/springframework/spring-context/5.1.2.RELEASE/spring-context-5.1.2.RELEASE.jar:/Users/hansol9/.m2/repository/org/springframework/spring-tx/5.1.2.RELEASE/spring-tx-5.1.2.RELEASE.jar:/Users/hansol9/.m2/repository/org/springframework/spring-beans/5.1.2.RELEASE/spring-beans-5.1.2.RELEASE.jar:/Users/hansol9/.m2/repository/org/slf4j/slf4j-api/1.7.25/slf4j-api-1.7.25.jar:/Users/hansol9/.m2/repository/org/springframework/spring-aspects/5.1.2.RELEASE/spring-aspects-5.1.2.RELEASE.jar:/Users/hansol9/.m2/repository/org/springframework/boot/spring-boot-starter-hateoas/2.1.0.RELEASE/spring-boot-starter-hateoas-2.1.0.RELEASE.jar:/Users/hansol9/.m2/repository/org/springframework/hateoas/spring-hateoas/0.25.0.RELEASE/spring-hateoas-0.25.0.RELEASE.jar:/Users/hansol9/.m2/repository/org/springframework/plugin/spring-plugin-core/1.2.0.RELEASE/spring-plugin-core-1.2.0.RELEASE.jar:/Users/hansol9/.m2/repository/org/springframework/boot/spring-boot-starter-web/2.1.0.RELEASE/spring-boot-starter-web-2.1.0.RELEASE.jar:/Users/hansol9/.m2/repository/org/springframework/boot/spring-boot-starter/2.1.0.RELEASE/spring-boot-starter-2.1.0.RELEASE.jar:/Users/hansol9/.m2/repository/org/springframework/boot/spring-boot-starter-logging/2.1.0.RELEASE/spring-boot-starter-logging-2.1.0.RELEASE.jar:/Users/hansol9/.m2/repository/ch/qos/logback/logback-classic/1.2.3/logback-classic-1.2.3.jar:/Users/hansol9/.m2/repository/ch/qos/logback/logback-core/1.2.3/logback-core-1.2.3.jar:/Users/hansol9/.m2/repository/org/apache/logging/log4j/log4j-to-slf4j/2.11.1/log4j-to-slf4j-2.11.1.jar:/Users/hansol9/.m2/repository/org/apache/logging/log4j/log4j-api/2.11.1/log4j-api-2.11.1.jar:/Users/hansol9/.m2/repository/org/slf4j/jul-to-slf4j/1.7.25/jul-to-slf4j-1.7.25.jar:/Users/hansol9/.m2/repository/javax/annotation/javax.annotation-api/1.3.2/javax.annotation-api-1.3.2.jar:/Users/hansol9/.m2/repository/org/yaml/snakeyaml/1.23/snakeyaml-1.23.jar:/Users/hansol9/.m2/repository/org/springframework/boot/spring-boot-starter-json/2.1.0.RELEASE/spring-boot-starter-json-2.1.0.RELEASE.jar:/Users/hansol9/.m2/repository/com/fasterxml/jackson/datatype/jackson-datatype-jdk8/2.9.7/jackson-datatype-jdk8-2.9.7.jar:/Users/hansol9/.m2/repository/com/fasterxml/jackson/datatype/jackson-datatype-jsr310/2.9.7/jackson-datatype-jsr310-2.9.7.jar:/Users/hansol9/.m2/repository/com/fasterxml/jackson/module/jackson-module-parameter-names/2.9.7/jackson-module-parameter-names-2.9.7.jar:/Users/hansol9/.m2/repository/org/springframework/boot/spring-boot-starter-tomcat/2.1.0.RELEASE/spring-boot-starter-tomcat-2.1.0.RELEASE.jar:/Users/hansol9/.m2/repository/org/apache/tomcat/embed/tomcat-embed-core/9.0.12/tomcat-embed-core-9.0.12.jar:/Users/hansol9/.m2/repository/org/apache/tomcat/embed/tomcat-embed-el/9.0.12/tomcat-embed-el-9.0.12.jar:/Users/hansol9/.m2/repository/org/apache/tomcat/embed/tomcat-embed-websocket/9.0.12/tomcat-embed-websocket-9.0.12.jar:/Users/hansol9/.m2/repository/org/hibernate/validator/hibernate-validator/6.0.13.Final/hibernate-validator-6.0.13.Final.jar:/Users/hansol9/.m2/repository/javax/validation/validation-api/2.0.1.Final/validation-api-2.0.1.Final.jar:/Users/hansol9/.m2/repository/org/springframework/spring-web/5.1.2.RELEASE/spring-web-5.1.2.RELEASE.jar:/Users/hansol9/.m2/repository/org/springframework/spring-webmvc/5.1.2.RELEASE/spring-webmvc-5.1.2.RELEASE.jar:/Users/hansol9/.m2/repository/org/springframework/spring-expression/5.1.2.RELEASE/spring-expression-5.1.2.RELEASE.jar:/Users/hansol9/.m2/repository/org/postgresql/postgresql/42.2.5/postgresql-42.2.5.jar:/Users/hansol9/.m2/repository/org/projectlombok/lombok/1.18.2/lombok-1.18.2.jar:/Users/hansol9/.m2/repository/org/modelmapper/modelmapper/2.3.6/modelmapper-2.3.6.jar:/Users/hansol9/.m2/repository/org/springframework/security/oauth/boot/spring-security-oauth2-autoconfigure/2.1.0.RELEASE/spring-security-oauth2-autoconfigure-2.1.0.RELEASE.jar:/Users/hansol9/.m2/repository/com/fasterxml/jackson/core/jackson-annotations/2.9.0/jackson-annotations-2.9.0.jar:/Users/hansol9/.m2/repository/com/fasterxml/jackson/core/jackson-databind/2.9.7/jackson-databind-2.9.7.jar:/Users/hansol9/.m2/repository/com/fasterxml/jackson/core/jackson-core/2.9.7/jackson-core-2.9.7.jar:/Users/hansol9/.m2/repository/com/sun/xml/bind/jaxb-core/2.3.0.1/jaxb-core-2.3.0.1.jar:/Users/hansol9/.m2/repository/com/sun/xml/bind/jaxb-impl/2.3.0.1/jaxb-impl-2.3.0.1.jar:/Users/hansol9/.m2/repository/org/springframework/boot/spring-boot/2.1.0.RELEASE/spring-boot-2.1.0.RELEASE.jar:/Users/hansol9/.m2/repository/org/springframework/boot/spring-boot-autoconfigure/2.1.0.RELEASE/spring-boot-autoconfigure-2.1.0.RELEASE.jar:/Users/hansol9/.m2/repository/org/springframework/security/oauth/spring-security-oauth2/2.3.4.RELEASE/spring-security-oauth2-2.3.4.RELEASE.jar:/Users/hansol9/.m2/repository/org/springframework/security/spring-security-core/5.1.1.RELEASE/spring-security-core-5.1.1.RELEASE.jar:/Users/hansol9/.m2/repository/org/springframework/security/spring-security-config/5.1.1.RELEASE/spring-security-config-5.1.1.RELEASE.jar:/Users/hansol9/.m2/repository/org/springframework/security/spring-security-web/5.1.1.RELEASE/spring-security-web-5.1.1.RELEASE.jar:/Users/hansol9/.m2/repository/commons-codec/commons-codec/1.11/commons-codec-1.11.jar:/Users/hansol9/.m2/repository/org/codehaus/jackson/jackson-mapper-asl/1.9.13/jackson-mapper-asl-1.9.13.jar:/Users/hansol9/.m2/repository/org/codehaus/jackson/jackson-core-asl/1.9.13/jackson-core-asl-1.9.13.jar:/Users/hansol9/.m2/repository/org/springframework/security/spring-security-jwt/1.0.9.RELEASE/spring-security-jwt-1.0.9.RELEASE.jar:/Users/hansol9/.m2/repository/org/bouncycastle/bcpkix-jdk15on/1.56/bcpkix-jdk15on-1.56.jar:/Users/hansol9/.m2/repository/org/bouncycastle/bcprov-jdk15on/1.56/bcprov-jdk15on-1.56.jar:/Users/hansol9/.m2/repository/org/springframework/boot/spring-boot-starter-test/2.1.0.RELEASE/spring-boot-starter-test-2.1.0.RELEASE.jar:/Users/hansol9/.m2/repository/org/springframework/boot/spring-boot-test/2.1.0.RELEASE/spring-boot-test-2.1.0.RELEASE.jar:/Users/hansol9/.m2/repository/org/springframework/boot/spring-boot-test-autoconfigure/2.1.0.RELEASE/spring-boot-test-autoconfigure-2.1.0.RELEASE.jar:/Users/hansol9/.m2/repository/com/jayway/jsonpath/json-path/2.4.0/json-path-2.4.0.jar:/Users/hansol9/.m2/repository/net/minidev/json-smart/2.3/json-smart-2.3.jar:/Users/hansol9/.m2/repository/net/minidev/accessors-smart/1.2/accessors-smart-1.2.jar:/Users/hansol9/.m2/repository/org/ow2/asm/asm/5.0.4/asm-5.0.4.jar:/Users/hansol9/.m2/repository/junit/junit/4.12/junit-4.12.jar:/Users/hansol9/.m2/repository/org/assertj/assertj-core/3.11.1/assertj-core-3.11.1.jar:/Users/hansol9/.m2/repository/org/mockito/mockito-core/2.23.0/mockito-core-2.23.0.jar:/Users/hansol9/.m2/repository/net/bytebuddy/byte-buddy-agent/1.9.3/byte-buddy-agent-1.9.3.jar:/Users/hansol9/.m2/repository/org/objenesis/objenesis/2.6/objenesis-2.6.jar:/Users/hansol9/.m2/repository/org/hamcrest/hamcrest-core/1.3/hamcrest-core-1.3.jar:/Users/hansol9/.m2/repository/org/hamcrest/hamcrest-library/1.3/hamcrest-library-1.3.jar:/Users/hansol9/.m2/repository/org/skyscreamer/jsonassert/1.5.0/jsonassert-1.5.0.jar:/Users/hansol9/.m2/repository/com/vaadin/external/google/android-json/0.0.20131108.vaadin1/android-json-0.0.20131108.vaadin1.jar:/Users/hansol9/.m2/repository/org/springframework/spring-core/5.1.2.RELEASE/spring-core-5.1.2.RELEASE.jar:/Users/hansol9/.m2/repository/org/springframework/spring-jcl/5.1.2.RELEASE/spring-jcl-5.1.2.RELEASE.jar:/Users/hansol9/.m2/repository/org/springframework/spring-test/5.1.2.RELEASE/spring-test-5.1.2.RELEASE.jar:/Users/hansol9/.m2/repository/org/xmlunit/xmlunit-core/2.6.2/xmlunit-core-2.6.2.jar:/Users/hansol9/.m2/repository/org/springframework/restdocs/spring-restdocs-mockmvc/2.0.2.RELEASE/spring-restdocs-mockmvc-2.0.2.RELEASE.jar:/Users/hansol9/.m2/repository/javax/servlet/javax.servlet-api/4.0.1/javax.servlet-api-4.0.1.jar:/Users/hansol9/.m2/repository/org/springframework/restdocs/spring-restdocs-core/2.0.2.RELEASE/spring-restdocs-core-2.0.2.RELEASE.jar:/Users/hansol9/.m2/repository/com/h2database/h2/1.4.197/h2-1.4.197.jar:/Users/hansol9/.m2/repository/pl/pragmatists/JUnitParams/1.1.1/JUnitParams-1.1.1.jar:"/>
    <property name="sun.cpu.endian" value="little"/>
    <property name="user.home" value="/Users/hansol9"/>
    <property name="user.language" value="ko"/>
    <property name="java.specification.vendor" value="Oracle Corporation"/>
    <property name="java.version.date" value="2020-04-14"/>
    <property name="java.home" value="/Users/hansol9/Library/Application Support/JetBrains/Toolbox/apps/IDEA-U/ch-0/202.6397.94/IntelliJ IDEA.app/Contents/jbr/Contents/Home"/>
    <property name="file.separator" value="/"/>
    <property name="basedir" value="/Users/hansol9/Desktop/01. Github/REST Practice"/>
    <property name="java.vm.compressedOopsMode" value="Zero based"/>
    <property name="line.separator" value="&#10;"/>
    <property name="java.specification.name" value="Java Platform API Specification"/>
    <property name="java.vm.specification.vendor" value="Oracle Corporation"/>
    <property name="java.awt.graphicsenv" value="sun.awt.CGraphicsEnvironment"/>
    <property name="surefire.real.class.path" value="/Users/hansol9/Desktop/01. Github/REST Practice/target/surefire/surefirebooter18108620950336742585.jar"/>
    <property name="sun.management.compiler" value="HotSpot 64-Bit Tiered Compilers"/>
    <property name="ftp.nonProxyHosts" value="local|*.local|169.254/16|*.169.254/16"/>
    <property name="java.runtime.version" value="11.0.7+10-b944.20"/>
    <property name="user.name" value="hansol9"/>
    <property name="path.separator" value=":"/>
    <property name="os.version" value="10.15.2"/>
    <property name="java.runtime.name" value="OpenJDK Runtime Environment"/>
    <property name="file.encoding" value="UTF-8"/>
    <property name="java.vm.name" value="OpenJDK 64-Bit Server VM"/>
    <property name="java.vendor.version" value="JBR-11.0.7.10-944.20-jcef"/>
    <property name="localRepository" value="/Users/hansol9/.m2/repository"/>
    <property name="java.vendor.url.bug" value="https://youtrack.jetbrains.com"/>
    <property name="java.io.tmpdir" value="/var/folders/fg/m9mlpx8j2x53mrgf3lvmz0x40000gn/T/"/>
    <property name="idea.version" value="2020.2"/>
    <property name="java.version" value="11.0.7"/>
    <property name="user.dir" value="/Users/hansol9/Desktop/01. Github/REST Practice"/>
    <property name="os.arch" value="x86_64"/>
    <property name="java.vm.specification.name" value="Java Virtual Machine Specification"/>
    <property name="java.awt.printerjob" value="sun.lwawt.macosx.CPrinterJob"/>
    <property name="sun.os.patch.level" value="unknown"/>
    <property name="java.library.path" value="/Users/hansol9/Library/Java/Extensions:/Library/Java/Extensions:/Network/Library/Java/Extensions:/System/Library/Java/Extensions:/usr/lib/java:."/>
    <property name="java.vendor" value="JetBrains s.r.o."/>
    <property name="java.vm.info" value="mixed mode"/>
    <property name="java.vm.version" value="11.0.7+10-b944.20"/>
    <property name="sun.io.unicode.encoding" value="UnicodeBig"/>
    <property name="java.class.version" value="55.0"/>
    <property name="socksNonProxyHosts" value="local|*.local|169.254/16|*.169.254/16"/>
  </properties>
  <testcase name="createEvent_Bad_Request_Empty_Input" classname="hansol9.rest.events.EventControllerTests" time="0.052">
    <failure message="Status expected:&lt;400&gt; but was:&lt;403&gt;" type="java.lang.AssertionError"><![CDATA[java.lang.AssertionError: Status expected:<400> but was:<403>
	at hansol9.rest.events.EventControllerTests.createEvent_Bad_Request_Empty_Input(EventControllerTests.java:160)
]]></failure>
    <system-out><![CDATA[2020-10-27 18:17:49.137  INFO 86389 --- [           main] .b.t.c.SpringBootTestContextBootstrapper : Neither @ContextConfiguration nor @ContextHierarchy found for test class [hansol9.rest.events.EventControllerTests], using SpringBootContextLoader
2020-10-27 18:17:49.137  INFO 86389 --- [           main] o.s.t.c.support.AbstractContextLoader    : Could not detect default resource locations for test class [hansol9.rest.events.EventControllerTests]: no resource found for suffixes {-context.xml, Context.groovy}.
2020-10-27 18:17:49.137  INFO 86389 --- [           main] t.c.s.AnnotationConfigContextLoaderUtils : Could not detect default configuration classes for test class [hansol9.rest.events.EventControllerTests]: EventControllerTests does not declare any static, non-private, non-final, nested classes annotated with @Configuration.
2020-10-27 18:17:49.146  INFO 86389 --- [           main] .b.t.c.SpringBootTestContextBootstrapper : Found @SpringBootConfiguration hansol9.rest.RestPracticeApplication for test class hansol9.rest.events.EventControllerTests
2020-10-27 18:17:49.147  INFO 86389 --- [           main] .b.t.c.SpringBootTestContextBootstrapper : Loaded default TestExecutionListener class names from location [META-INF/spring.factories]: [org.springframework.boot.test.mock.mockito.MockitoTestExecutionListener, org.springframework.boot.test.mock.mockito.ResetMocksTestExecutionListener, org.springframework.boot.test.autoconfigure.restdocs.RestDocsTestExecutionListener, org.springframework.boot.test.autoconfigure.web.client.MockRestServiceServerResetTestExecutionListener, org.springframework.boot.test.autoconfigure.web.servlet.MockMvcPrintOnlyOnFailureTestExecutionListener, org.springframework.boot.test.autoconfigure.web.servlet.WebDriverTestExecutionListener, org.springframework.test.context.web.ServletTestExecutionListener, org.springframework.test.context.support.DirtiesContextBeforeModesTestExecutionListener, org.springframework.test.context.support.DependencyInjectionTestExecutionListener, org.springframework.test.context.support.DirtiesContextTestExecutionListener, org.springframework.test.context.transaction.TransactionalTestExecutionListener, org.springframework.test.context.jdbc.SqlScriptsTestExecutionListener]
2020-10-27 18:17:49.148  INFO 86389 --- [           main] .b.t.c.SpringBootTestContextBootstrapper : Using TestExecutionListeners: [org.springframework.test.context.web.ServletTestExecutionListener@3fb920d9, org.springframework.test.context.support.DirtiesContextBeforeModesTestExecutionListener@5d3a147f, org.springframework.boot.test.mock.mockito.MockitoTestExecutionListener@79bb14d8, org.springframework.boot.test.autoconfigure.SpringBootDependencyInjectionTestExecutionListener@72fc6b5e, org.springframework.test.context.support.DirtiesContextTestExecutionListener@4353230, org.springframework.test.context.transaction.TransactionalTestExecutionListener@9214725, org.springframework.test.context.jdbc.SqlScriptsTestExecutionListener@289d9f0d, org.springframework.boot.test.mock.mockito.ResetMocksTestExecutionListener@39aaa7db, org.springframework.boot.test.autoconfigure.restdocs.RestDocsTestExecutionListener@14a3a66c, org.springframework.boot.test.autoconfigure.web.client.MockRestServiceServerResetTestExecutionListener@1738d3b2, org.springframework.boot.test.autoconfigure.web.servlet.MockMvcPrintOnlyOnFailureTestExecutionListener@539953af, org.springframework.boot.test.autoconfigure.web.servlet.WebDriverTestExecutionListener@3fe1b278]
2020-10-27 18:17:49.190 DEBUG 86389 --- [           main] o.s.s.web.util.matcher.OrRequestMatcher  : Trying to match using Ant [pattern='/css/**']
2020-10-27 18:17:49.190 DEBUG 86389 --- [           main] o.s.s.w.u.matcher.AntPathRequestMatcher  : Checking match of request : '/api/events'; against '/css/**'
2020-10-27 18:17:49.190 DEBUG 86389 --- [           main] o.s.s.web.util.matcher.OrRequestMatcher  : Trying to match using Ant [pattern='/js/**']
2020-10-27 18:17:49.190 DEBUG 86389 --- [           main] o.s.s.w.u.matcher.AntPathRequestMatcher  : Checking match of request : '/api/events'; against '/js/**'
2020-10-27 18:17:49.190 DEBUG 86389 --- [           main] o.s.s.web.util.matcher.OrRequestMatcher  : Trying to match using Ant [pattern='/images/**']
2020-10-27 18:17:49.190 DEBUG 86389 --- [           main] o.s.s.w.u.matcher.AntPathRequestMatcher  : Checking match of request : '/api/events'; against '/images/**'
2020-10-27 18:17:49.190 DEBUG 86389 --- [           main] o.s.s.web.util.matcher.OrRequestMatcher  : Trying to match using Ant [pattern='/webjars/**']
2020-10-27 18:17:49.190 DEBUG 86389 --- [           main] o.s.s.w.u.matcher.AntPathRequestMatcher  : Checking match of request : '/api/events'; against '/webjars/**'
2020-10-27 18:17:49.190 DEBUG 86389 --- [           main] o.s.s.web.util.matcher.OrRequestMatcher  : Trying to match using Ant [pattern='/**/favicon.ico']
2020-10-27 18:17:49.190 DEBUG 86389 --- [           main] o.s.s.w.u.matcher.AntPathRequestMatcher  : Checking match of request : '/api/events'; against '/**/favicon.ico'
2020-10-27 18:17:49.190 DEBUG 86389 --- [           main] o.s.s.web.util.matcher.OrRequestMatcher  : No matches found
2020-10-27 18:17:49.190 DEBUG 86389 --- [           main] o.s.security.web.FilterChainProxy        : /api/events at position 1 of 15 in additional filter chain; firing Filter: 'WebAsyncManagerIntegrationFilter'
2020-10-27 18:17:49.190 DEBUG 86389 --- [           main] o.s.security.web.FilterChainProxy        : /api/events at position 2 of 15 in additional filter chain; firing Filter: 'SecurityContextPersistenceFilter'
2020-10-27 18:17:49.190 DEBUG 86389 --- [           main] w.c.HttpSessionSecurityContextRepository : No HttpSession currently exists
2020-10-27 18:17:49.190 DEBUG 86389 --- [           main] w.c.HttpSessionSecurityContextRepository : No SecurityContext was available from the HttpSession: null. A new one will be created.
2020-10-27 18:17:49.190 DEBUG 86389 --- [           main] o.s.security.web.FilterChainProxy        : /api/events at position 3 of 15 in additional filter chain; firing Filter: 'HeaderWriterFilter'
2020-10-27 18:17:49.190 DEBUG 86389 --- [           main] o.s.security.web.FilterChainProxy        : /api/events at position 4 of 15 in additional filter chain; firing Filter: 'CsrfFilter'
2020-10-27 18:17:49.191 DEBUG 86389 --- [           main] o.s.security.web.csrf.CsrfFilter         : Invalid CSRF token found for http://localhost:8080/api/events
2020-10-27 18:17:49.191 DEBUG 86389 --- [           main] o.s.s.w.header.writers.HstsHeaderWriter  : Not injecting HSTS header since it did not match the requestMatcher org.springframework.security.web.header.writers.HstsHeaderWriter$SecureRequestMatcher@2c485b3a
2020-10-27 18:17:49.191 DEBUG 86389 --- [           main] w.c.HttpSessionSecurityContextRepository : SecurityContext is empty or contents are anonymous - context will not be stored in HttpSession.
2020-10-27 18:17:49.191 DEBUG 86389 --- [           main] s.s.w.c.SecurityContextPersistenceFilter : SecurityContextHolder now cleared, as request processing completed

MockHttpServletRequest:
      HTTP Method = POST
      Request URI = /api/events
       Parameters = {}
          Headers = {Content-Type=[application/json;charset=UTF-8]}
             Body = {"name":null,"description":null,"beginEnrollmentDateTime":null,"closeEnrollmentDateTime":null,"beginEventDateTime":null,"endEventDateTime":null,"location":null,"basePrice":0,"maxPrice":0,"limitOfEnrollment":0}
    Session Attrs = {org.springframework.security.web.csrf.HttpSessionCsrfTokenRepository.CSRF_TOKEN=org.springframework.security.web.csrf.DefaultCsrfToken@11e36e5c}

Handler:
             Type = null

Async:
    Async started = false
     Async result = null

Resolved Exception:
             Type = null

ModelAndView:
        View name = null
             View = null
            Model = null

FlashMap:
       Attributes = null

MockHttpServletResponse:
           Status = 403
    Error message = Forbidden
          Headers = {X-Content-Type-Options=[nosniff], X-XSS-Protection=[1; mode=block], Cache-Control=[no-cache, no-store, max-age=0, must-revalidate], Pragma=[no-cache], Expires=[0], X-Frame-Options=[DENY]}
     Content type = null
             Body = 
    Forwarded URL = null
   Redirected URL = null
          Cookies = []

MockHttpServletRequest:
      HTTP Method = GET
      Request URI = /api
       Parameters = {}
          Headers = {}
             Body = null
    Session Attrs = {SPRING_SECURITY_SAVED_REQUEST=DefaultSavedRequest[http://localhost:8080/api]}

Handler:
             Type = null

Async:
    Async started = false
     Async result = null

Resolved Exception:
             Type = null

ModelAndView:
        View name = null
             View = null
            Model = null

FlashMap:
       Attributes = null

MockHttpServletResponse:
           Status = 401
    Error message = Unauthorized
          Headers = {WWW-Authenticate=[Basic realm="Realm"], X-Content-Type-Options=[nosniff], X-XSS-Protection=[1; mode=block], Cache-Control=[no-cache, no-store, max-age=0, must-revalidate], Pragma=[no-cache], Expires=[0], X-Frame-Options=[DENY]}
     Content type = null
             Body = 
    Forwarded URL = null
   Redirected URL = null
          Cookies = []

MockHttpServletRequest:
      HTTP Method = POST
      Request URI = /api/events
       Parameters = {}
          Headers = {Content-Type=[application/json;charset=UTF-8]}
             Body = {"name":null,"description":null,"beginEnrollmentDateTime":null,"closeEnrollmentDateTime":null,"beginEventDateTime":null,"endEventDateTime":null,"location":null,"basePrice":0,"maxPrice":0,"limitOfEnrollment":0}
    Session Attrs = {org.springframework.security.web.csrf.HttpSessionCsrfTokenRepository.CSRF_TOKEN=org.springframework.security.web.csrf.DefaultCsrfToken@11e36e5c}

Handler:
             Type = null

Async:
    Async started = false
     Async result = null

Resolved Exception:
             Type = null

ModelAndView:
        View name = null
             View = null
            Model = null

FlashMap:
       Attributes = null

MockHttpServletResponse:
           Status = 403
    Error message = Forbidden
          Headers = {X-Content-Type-Options=[nosniff], X-XSS-Protection=[1; mode=block], Cache-Control=[no-cache, no-store, max-age=0, must-revalidate], Pragma=[no-cache], Expires=[0], X-Frame-Options=[DENY]}
     Content type = null
             Body = 
    Forwarded URL = null
   Redirected URL = null
          Cookies = []
]]></system-out>
  </testcase>
  <testcase name="updateEvent_Empty" classname="hansol9.rest.events.EventControllerTests" time="0.028">
    <failure message="Status expected:&lt;400&gt; but was:&lt;403&gt;" type="java.lang.AssertionError"><![CDATA[java.lang.AssertionError: Status expected:<400> but was:<403>
	at hansol9.rest.events.EventControllerTests.updateEvent_Empty(EventControllerTests.java:318)
]]></failure>
    <system-out><![CDATA[2020-10-27 18:17:49.197 DEBUG 86389 --- [           main] org.hibernate.SQL                        : 
    call next value for hibernate_sequence
2020-10-27 18:17:49.199 DEBUG 86389 --- [           main] org.hibernate.SQL                        : 
    insert 
    into
        event
        (base_price, begin_enrollment_date_time, begin_event_date_time, close_enrollment_date_time, description, end_event_date_time, event_status, free, limit_of_enrollment, location, manager_id, max_price, name, offline, id) 
    values
        (?, ?, ?, ?, ?, ?, ?, ?, ?, ?, ?, ?, ?, ?, ?)
2020-10-27 18:17:49.200 TRACE 86389 --- [           main] o.h.type.descriptor.sql.BasicBinder      : binding parameter [1] as [INTEGER] - [100]
2020-10-27 18:17:49.200 TRACE 86389 --- [           main] o.h.type.descriptor.sql.BasicBinder      : binding parameter [2] as [TIMESTAMP] - [2018-11-23T14:20]
2020-10-27 18:17:49.208 TRACE 86389 --- [           main] o.h.type.descriptor.sql.BasicBinder      : binding parameter [3] as [TIMESTAMP] - [2018-11-25T14:30]
2020-10-27 18:17:49.208 TRACE 86389 --- [           main] o.h.type.descriptor.sql.BasicBinder      : binding parameter [4] as [TIMESTAMP] - [2018-11-24T14:30]
2020-10-27 18:17:49.208 TRACE 86389 --- [           main] o.h.type.descriptor.sql.BasicBinder      : binding parameter [5] as [VARCHAR] - [test event]
2020-10-27 18:17:49.208 TRACE 86389 --- [           main] o.h.type.descriptor.sql.BasicBinder      : binding parameter [6] as [TIMESTAMP] - [2018-11-26T14:30]
2020-10-27 18:17:49.209 TRACE 86389 --- [           main] o.h.type.descriptor.sql.BasicBinder      : binding parameter [8] as [BOOLEAN] - [false]
2020-10-27 18:17:49.209 TRACE 86389 --- [           main] o.h.type.descriptor.sql.BasicBinder      : binding parameter [9] as [INTEGER] - [100]
2020-10-27 18:17:49.209 TRACE 86389 --- [           main] o.h.type.descriptor.sql.BasicBinder      : binding parameter [10] as [VARCHAR] - [강남역 D2 스타텁 팩토리]
2020-10-27 18:17:49.209 TRACE 86389 --- [           main] o.h.type.descriptor.sql.BasicBinder      : binding parameter [11] as [INTEGER] - [null]
2020-10-27 18:17:49.209 TRACE 86389 --- [           main] o.h.type.descriptor.sql.BasicBinder      : binding parameter [12] as [INTEGER] - [200]
2020-10-27 18:17:49.209 TRACE 86389 --- [           main] o.h.type.descriptor.sql.BasicBinder      : binding parameter [13] as [VARCHAR] - [event 300]
2020-10-27 18:17:49.209 TRACE 86389 --- [           main] o.h.type.descriptor.sql.BasicBinder      : binding parameter [14] as [BOOLEAN] - [true]
2020-10-27 18:17:49.210 TRACE 86389 --- [           main] o.h.type.descriptor.sql.BasicBinder      : binding parameter [15] as [INTEGER] - [2]
2020-10-27 18:17:49.211 DEBUG 86389 --- [           main] o.s.s.web.util.matcher.OrRequestMatcher  : Trying to match using Ant [pattern='/css/**']
2020-10-27 18:17:49.211 DEBUG 86389 --- [           main] o.s.s.w.u.matcher.AntPathRequestMatcher  : Checking match of request : '/api/events/2'; against '/css/**'
2020-10-27 18:17:49.211 DEBUG 86389 --- [           main] o.s.s.web.util.matcher.OrRequestMatcher  : Trying to match using Ant [pattern='/js/**']
2020-10-27 18:17:49.211 DEBUG 86389 --- [           main] o.s.s.w.u.matcher.AntPathRequestMatcher  : Checking match of request : '/api/events/2'; against '/js/**'
2020-10-27 18:17:49.211 DEBUG 86389 --- [           main] o.s.s.web.util.matcher.OrRequestMatcher  : Trying to match using Ant [pattern='/images/**']
2020-10-27 18:17:49.211 DEBUG 86389 --- [           main] o.s.s.w.u.matcher.AntPathRequestMatcher  : Checking match of request : '/api/events/2'; against '/images/**'
2020-10-27 18:17:49.211 DEBUG 86389 --- [           main] o.s.s.web.util.matcher.OrRequestMatcher  : Trying to match using Ant [pattern='/webjars/**']
2020-10-27 18:17:49.211 DEBUG 86389 --- [           main] o.s.s.w.u.matcher.AntPathRequestMatcher  : Checking match of request : '/api/events/2'; against '/webjars/**'
2020-10-27 18:17:49.211 DEBUG 86389 --- [           main] o.s.s.web.util.matcher.OrRequestMatcher  : Trying to match using Ant [pattern='/**/favicon.ico']
2020-10-27 18:17:49.211 DEBUG 86389 --- [           main] o.s.s.w.u.matcher.AntPathRequestMatcher  : Checking match of request : '/api/events/2'; against '/**/favicon.ico'
2020-10-27 18:17:49.211 DEBUG 86389 --- [           main] o.s.s.web.util.matcher.OrRequestMatcher  : No matches found
2020-10-27 18:17:49.211 DEBUG 86389 --- [           main] o.s.security.web.FilterChainProxy        : /api/events/2 at position 1 of 15 in additional filter chain; firing Filter: 'WebAsyncManagerIntegrationFilter'
2020-10-27 18:17:49.211 DEBUG 86389 --- [           main] o.s.security.web.FilterChainProxy        : /api/events/2 at position 2 of 15 in additional filter chain; firing Filter: 'SecurityContextPersistenceFilter'
2020-10-27 18:17:49.212 DEBUG 86389 --- [           main] w.c.HttpSessionSecurityContextRepository : No HttpSession currently exists
2020-10-27 18:17:49.212 DEBUG 86389 --- [           main] w.c.HttpSessionSecurityContextRepository : No SecurityContext was available from the HttpSession: null. A new one will be created.
2020-10-27 18:17:49.212 DEBUG 86389 --- [           main] o.s.security.web.FilterChainProxy        : /api/events/2 at position 3 of 15 in additional filter chain; firing Filter: 'HeaderWriterFilter'
2020-10-27 18:17:49.212 DEBUG 86389 --- [           main] o.s.security.web.FilterChainProxy        : /api/events/2 at position 4 of 15 in additional filter chain; firing Filter: 'CsrfFilter'
2020-10-27 18:17:49.212 DEBUG 86389 --- [           main] o.s.security.web.csrf.CsrfFilter         : Invalid CSRF token found for http://localhost:8080/api/events/2
2020-10-27 18:17:49.212 DEBUG 86389 --- [           main] o.s.s.w.header.writers.HstsHeaderWriter  : Not injecting HSTS header since it did not match the requestMatcher org.springframework.security.web.header.writers.HstsHeaderWriter$SecureRequestMatcher@2c485b3a
2020-10-27 18:17:49.212 DEBUG 86389 --- [           main] w.c.HttpSessionSecurityContextRepository : SecurityContext is empty or contents are anonymous - context will not be stored in HttpSession.
2020-10-27 18:17:49.212 DEBUG 86389 --- [           main] s.s.w.c.SecurityContextPersistenceFilter : SecurityContextHolder now cleared, as request processing completed

MockHttpServletRequest:
      HTTP Method = PUT
      Request URI = /api/events/2
       Parameters = {}
          Headers = {Content-Type=[application/json;charset=UTF-8]}
             Body = {"name":null,"description":null,"beginEnrollmentDateTime":null,"closeEnrollmentDateTime":null,"beginEventDateTime":null,"endEventDateTime":null,"location":null,"basePrice":0,"maxPrice":0,"limitOfEnrollment":0}
    Session Attrs = {org.springframework.security.web.csrf.HttpSessionCsrfTokenRepository.CSRF_TOKEN=org.springframework.security.web.csrf.DefaultCsrfToken@2ab87cb8}

Handler:
             Type = null

Async:
    Async started = false
     Async result = null

Resolved Exception:
             Type = null

ModelAndView:
        View name = null
             View = null
            Model = null

FlashMap:
       Attributes = null

MockHttpServletResponse:
           Status = 403
    Error message = Forbidden
          Headers = {X-Content-Type-Options=[nosniff], X-XSS-Protection=[1; mode=block], Cache-Control=[no-cache, no-store, max-age=0, must-revalidate], Pragma=[no-cache], Expires=[0], X-Frame-Options=[DENY]}
     Content type = null
             Body = 
    Forwarded URL = null
   Redirected URL = null
          Cookies = []

MockHttpServletRequest:
      HTTP Method = GET
      Request URI = /api
       Parameters = {}
          Headers = {}
             Body = null
    Session Attrs = {SPRING_SECURITY_SAVED_REQUEST=DefaultSavedRequest[http://localhost:8080/api]}

Handler:
             Type = null

Async:
    Async started = false
     Async result = null

Resolved Exception:
             Type = null

ModelAndView:
        View name = null
             View = null
            Model = null

FlashMap:
       Attributes = null

MockHttpServletResponse:
           Status = 401
    Error message = Unauthorized
          Headers = {WWW-Authenticate=[Basic realm="Realm"], X-Content-Type-Options=[nosniff], X-XSS-Protection=[1; mode=block], Cache-Control=[no-cache, no-store, max-age=0, must-revalidate], Pragma=[no-cache], Expires=[0], X-Frame-Options=[DENY]}
     Content type = null
             Body = 
    Forwarded URL = null
   Redirected URL = null
          Cookies = []

MockHttpServletRequest:
      HTTP Method = POST
      Request URI = /api/events
       Parameters = {}
          Headers = {Content-Type=[application/json;charset=UTF-8]}
             Body = {"name":null,"description":null,"beginEnrollmentDateTime":null,"closeEnrollmentDateTime":null,"beginEventDateTime":null,"endEventDateTime":null,"location":null,"basePrice":0,"maxPrice":0,"limitOfEnrollment":0}
    Session Attrs = {org.springframework.security.web.csrf.HttpSessionCsrfTokenRepository.CSRF_TOKEN=org.springframework.security.web.csrf.DefaultCsrfToken@11e36e5c}

Handler:
             Type = null

Async:
    Async started = false
     Async result = null

Resolved Exception:
             Type = null

ModelAndView:
        View name = null
             View = null
            Model = null

FlashMap:
       Attributes = null

MockHttpServletResponse:
           Status = 403
    Error message = Forbidden
          Headers = {X-Content-Type-Options=[nosniff], X-XSS-Protection=[1; mode=block], Cache-Control=[no-cache, no-store, max-age=0, must-revalidate], Pragma=[no-cache], Expires=[0], X-Frame-Options=[DENY]}
     Content type = null
             Body = 
    Forwarded URL = null
   Redirected URL = null
          Cookies = []

MockHttpServletRequest:
      HTTP Method = PUT
      Request URI = /api/events/2
       Parameters = {}
          Headers = {Content-Type=[application/json;charset=UTF-8]}
             Body = {"name":null,"description":null,"beginEnrollmentDateTime":null,"closeEnrollmentDateTime":null,"beginEventDateTime":null,"endEventDateTime":null,"location":null,"basePrice":0,"maxPrice":0,"limitOfEnrollment":0}
    Session Attrs = {org.springframework.security.web.csrf.HttpSessionCsrfTokenRepository.CSRF_TOKEN=org.springframework.security.web.csrf.DefaultCsrfToken@2ab87cb8}

Handler:
             Type = null

Async:
    Async started = false
     Async result = null

Resolved Exception:
             Type = null

ModelAndView:
        View name = null
             View = null
            Model = null

FlashMap:
       Attributes = null

MockHttpServletResponse:
           Status = 403
    Error message = Forbidden
          Headers = {X-Content-Type-Options=[nosniff], X-XSS-Protection=[1; mode=block], Cache-Control=[no-cache, no-store, max-age=0, must-revalidate], Pragma=[no-cache], Expires=[0], X-Frame-Options=[DENY]}
     Content type = null
             Body = 
    Forwarded URL = null
   Redirected URL = null
          Cookies = []
]]></system-out>
  </testcase>
  <testcase name="updateEvent" classname="hansol9.rest.events.EventControllerTests" time="0.048">
    <failure message="Status expected:&lt;200&gt; but was:&lt;403&gt;" type="java.lang.AssertionError"><![CDATA[java.lang.AssertionError: Status expected:<200> but was:<403>
	at hansol9.rest.events.EventControllerTests.updateEvent(EventControllerTests.java:278)
]]></failure>
    <system-out><![CDATA[2020-10-27 18:17:49.217 DEBUG 86389 --- [           main] org.hibernate.SQL                        : 
    call next value for hibernate_sequence
2020-10-27 18:17:49.217 DEBUG 86389 --- [           main] org.hibernate.SQL                        : 
    insert 
    into
        event
        (base_price, begin_enrollment_date_time, begin_event_date_time, close_enrollment_date_time, description, end_event_date_time, event_status, free, limit_of_enrollment, location, manager_id, max_price, name, offline, id) 
    values
        (?, ?, ?, ?, ?, ?, ?, ?, ?, ?, ?, ?, ?, ?, ?)
2020-10-27 18:17:49.217 TRACE 86389 --- [           main] o.h.type.descriptor.sql.BasicBinder      : binding parameter [1] as [INTEGER] - [100]
2020-10-27 18:17:49.218 TRACE 86389 --- [           main] o.h.type.descriptor.sql.BasicBinder      : binding parameter [2] as [TIMESTAMP] - [2018-11-23T14:20]
2020-10-27 18:17:49.218 TRACE 86389 --- [           main] o.h.type.descriptor.sql.BasicBinder      : binding parameter [3] as [TIMESTAMP] - [2018-11-25T14:30]
2020-10-27 18:17:49.218 TRACE 86389 --- [           main] o.h.type.descriptor.sql.BasicBinder      : binding parameter [4] as [TIMESTAMP] - [2018-11-24T14:30]
2020-10-27 18:17:49.218 TRACE 86389 --- [           main] o.h.type.descriptor.sql.BasicBinder      : binding parameter [5] as [VARCHAR] - [test event]
2020-10-27 18:17:49.218 TRACE 86389 --- [           main] o.h.type.descriptor.sql.BasicBinder      : binding parameter [6] as [TIMESTAMP] - [2018-11-26T14:30]
2020-10-27 18:17:49.218 TRACE 86389 --- [           main] o.h.type.descriptor.sql.BasicBinder      : binding parameter [8] as [BOOLEAN] - [false]
2020-10-27 18:17:49.218 TRACE 86389 --- [           main] o.h.type.descriptor.sql.BasicBinder      : binding parameter [9] as [INTEGER] - [100]
2020-10-27 18:17:49.218 TRACE 86389 --- [           main] o.h.type.descriptor.sql.BasicBinder      : binding parameter [10] as [VARCHAR] - [강남역 D2 스타텁 팩토리]
2020-10-27 18:17:49.218 TRACE 86389 --- [           main] o.h.type.descriptor.sql.BasicBinder      : binding parameter [11] as [INTEGER] - [null]
2020-10-27 18:17:49.218 TRACE 86389 --- [           main] o.h.type.descriptor.sql.BasicBinder      : binding parameter [12] as [INTEGER] - [200]
2020-10-27 18:17:49.218 TRACE 86389 --- [           main] o.h.type.descriptor.sql.BasicBinder      : binding parameter [13] as [VARCHAR] - [event 300]
2020-10-27 18:17:49.218 TRACE 86389 --- [           main] o.h.type.descriptor.sql.BasicBinder      : binding parameter [14] as [BOOLEAN] - [true]
2020-10-27 18:17:49.218 TRACE 86389 --- [           main] o.h.type.descriptor.sql.BasicBinder      : binding parameter [15] as [INTEGER] - [3]
2020-10-27 18:17:49.258 DEBUG 86389 --- [           main] o.s.s.web.util.matcher.OrRequestMatcher  : Trying to match using Ant [pattern='/css/**']
2020-10-27 18:17:49.258 DEBUG 86389 --- [           main] o.s.s.w.u.matcher.AntPathRequestMatcher  : Checking match of request : '/api/events/3'; against '/css/**'
2020-10-27 18:17:49.258 DEBUG 86389 --- [           main] o.s.s.web.util.matcher.OrRequestMatcher  : Trying to match using Ant [pattern='/js/**']
2020-10-27 18:17:49.258 DEBUG 86389 --- [           main] o.s.s.w.u.matcher.AntPathRequestMatcher  : Checking match of request : '/api/events/3'; against '/js/**'
2020-10-27 18:17:49.258 DEBUG 86389 --- [           main] o.s.s.web.util.matcher.OrRequestMatcher  : Trying to match using Ant [pattern='/images/**']
2020-10-27 18:17:49.258 DEBUG 86389 --- [           main] o.s.s.w.u.matcher.AntPathRequestMatcher  : Checking match of request : '/api/events/3'; against '/images/**'
2020-10-27 18:17:49.258 DEBUG 86389 --- [           main] o.s.s.web.util.matcher.OrRequestMatcher  : Trying to match using Ant [pattern='/webjars/**']
2020-10-27 18:17:49.258 DEBUG 86389 --- [           main] o.s.s.w.u.matcher.AntPathRequestMatcher  : Checking match of request : '/api/events/3'; against '/webjars/**'
2020-10-27 18:17:49.258 DEBUG 86389 --- [           main] o.s.s.web.util.matcher.OrRequestMatcher  : Trying to match using Ant [pattern='/**/favicon.ico']
2020-10-27 18:17:49.258 DEBUG 86389 --- [           main] o.s.s.w.u.matcher.AntPathRequestMatcher  : Checking match of request : '/api/events/3'; against '/**/favicon.ico'
2020-10-27 18:17:49.258 DEBUG 86389 --- [           main] o.s.s.web.util.matcher.OrRequestMatcher  : No matches found
2020-10-27 18:17:49.258 DEBUG 86389 --- [           main] o.s.security.web.FilterChainProxy        : /api/events/3 at position 1 of 15 in additional filter chain; firing Filter: 'WebAsyncManagerIntegrationFilter'
2020-10-27 18:17:49.258 DEBUG 86389 --- [           main] o.s.security.web.FilterChainProxy        : /api/events/3 at position 2 of 15 in additional filter chain; firing Filter: 'SecurityContextPersistenceFilter'
2020-10-27 18:17:49.258 DEBUG 86389 --- [           main] w.c.HttpSessionSecurityContextRepository : No HttpSession currently exists
2020-10-27 18:17:49.258 DEBUG 86389 --- [           main] w.c.HttpSessionSecurityContextRepository : No SecurityContext was available from the HttpSession: null. A new one will be created.
2020-10-27 18:17:49.258 DEBUG 86389 --- [           main] o.s.security.web.FilterChainProxy        : /api/events/3 at position 3 of 15 in additional filter chain; firing Filter: 'HeaderWriterFilter'
2020-10-27 18:17:49.258 DEBUG 86389 --- [           main] o.s.security.web.FilterChainProxy        : /api/events/3 at position 4 of 15 in additional filter chain; firing Filter: 'CsrfFilter'
2020-10-27 18:17:49.258 DEBUG 86389 --- [           main] o.s.security.web.csrf.CsrfFilter         : Invalid CSRF token found for http://localhost:8080/api/events/3
2020-10-27 18:17:49.258 DEBUG 86389 --- [           main] o.s.s.w.header.writers.HstsHeaderWriter  : Not injecting HSTS header since it did not match the requestMatcher org.springframework.security.web.header.writers.HstsHeaderWriter$SecureRequestMatcher@2c485b3a
2020-10-27 18:17:49.258 DEBUG 86389 --- [           main] w.c.HttpSessionSecurityContextRepository : SecurityContext is empty or contents are anonymous - context will not be stored in HttpSession.
2020-10-27 18:17:49.258 DEBUG 86389 --- [           main] s.s.w.c.SecurityContextPersistenceFilter : SecurityContextHolder now cleared, as request processing completed

MockHttpServletRequest:
      HTTP Method = PUT
      Request URI = /api/events/3
       Parameters = {}
          Headers = {Content-Type=[application/json;charset=UTF-8]}
             Body = {"name":"Updated Event","description":"test event","beginEnrollmentDateTime":"2018-11-23T14:20:00","closeEnrollmentDateTime":"2018-11-24T14:30:00","beginEventDateTime":"2018-11-25T14:30:00","endEventDateTime":"2018-11-26T14:30:00","location":"강남역 D2 스타텁 팩토리","basePrice":100,"maxPrice":200,"limitOfEnrollment":100}
    Session Attrs = {org.springframework.security.web.csrf.HttpSessionCsrfTokenRepository.CSRF_TOKEN=org.springframework.security.web.csrf.DefaultCsrfToken@5a503cf0}

Handler:
             Type = null

Async:
    Async started = false
     Async result = null

Resolved Exception:
             Type = null

ModelAndView:
        View name = null
             View = null
            Model = null

FlashMap:
       Attributes = null

MockHttpServletResponse:
           Status = 403
    Error message = Forbidden
          Headers = {X-Content-Type-Options=[nosniff], X-XSS-Protection=[1; mode=block], Cache-Control=[no-cache, no-store, max-age=0, must-revalidate], Pragma=[no-cache], Expires=[0], X-Frame-Options=[DENY]}
     Content type = null
             Body = 
    Forwarded URL = null
   Redirected URL = null
          Cookies = []

MockHttpServletRequest:
      HTTP Method = GET
      Request URI = /api
       Parameters = {}
          Headers = {}
             Body = null
    Session Attrs = {SPRING_SECURITY_SAVED_REQUEST=DefaultSavedRequest[http://localhost:8080/api]}

Handler:
             Type = null

Async:
    Async started = false
     Async result = null

Resolved Exception:
             Type = null

ModelAndView:
        View name = null
             View = null
            Model = null

FlashMap:
       Attributes = null

MockHttpServletResponse:
           Status = 401
    Error message = Unauthorized
          Headers = {WWW-Authenticate=[Basic realm="Realm"], X-Content-Type-Options=[nosniff], X-XSS-Protection=[1; mode=block], Cache-Control=[no-cache, no-store, max-age=0, must-revalidate], Pragma=[no-cache], Expires=[0], X-Frame-Options=[DENY]}
     Content type = null
             Body = 
    Forwarded URL = null
   Redirected URL = null
          Cookies = []

MockHttpServletRequest:
      HTTP Method = POST
      Request URI = /api/events
       Parameters = {}
          Headers = {Content-Type=[application/json;charset=UTF-8]}
             Body = {"name":null,"description":null,"beginEnrollmentDateTime":null,"closeEnrollmentDateTime":null,"beginEventDateTime":null,"endEventDateTime":null,"location":null,"basePrice":0,"maxPrice":0,"limitOfEnrollment":0}
    Session Attrs = {org.springframework.security.web.csrf.HttpSessionCsrfTokenRepository.CSRF_TOKEN=org.springframework.security.web.csrf.DefaultCsrfToken@11e36e5c}

Handler:
             Type = null

Async:
    Async started = false
     Async result = null

Resolved Exception:
             Type = null

ModelAndView:
        View name = null
             View = null
            Model = null

FlashMap:
       Attributes = null

MockHttpServletResponse:
           Status = 403
    Error message = Forbidden
          Headers = {X-Content-Type-Options=[nosniff], X-XSS-Protection=[1; mode=block], Cache-Control=[no-cache, no-store, max-age=0, must-revalidate], Pragma=[no-cache], Expires=[0], X-Frame-Options=[DENY]}
     Content type = null
             Body = 
    Forwarded URL = null
   Redirected URL = null
          Cookies = []

MockHttpServletRequest:
      HTTP Method = PUT
      Request URI = /api/events/2
       Parameters = {}
          Headers = {Content-Type=[application/json;charset=UTF-8]}
             Body = {"name":null,"description":null,"beginEnrollmentDateTime":null,"closeEnrollmentDateTime":null,"beginEventDateTime":null,"endEventDateTime":null,"location":null,"basePrice":0,"maxPrice":0,"limitOfEnrollment":0}
    Session Attrs = {org.springframework.security.web.csrf.HttpSessionCsrfTokenRepository.CSRF_TOKEN=org.springframework.security.web.csrf.DefaultCsrfToken@2ab87cb8}

Handler:
             Type = null

Async:
    Async started = false
     Async result = null

Resolved Exception:
             Type = null

ModelAndView:
        View name = null
             View = null
            Model = null

FlashMap:
       Attributes = null

MockHttpServletResponse:
           Status = 403
    Error message = Forbidden
          Headers = {X-Content-Type-Options=[nosniff], X-XSS-Protection=[1; mode=block], Cache-Control=[no-cache, no-store, max-age=0, must-revalidate], Pragma=[no-cache], Expires=[0], X-Frame-Options=[DENY]}
     Content type = null
             Body = 
    Forwarded URL = null
   Redirected URL = null
          Cookies = []

MockHttpServletRequest:
      HTTP Method = PUT
      Request URI = /api/events/3
       Parameters = {}
          Headers = {Content-Type=[application/json;charset=UTF-8]}
             Body = {"name":"Updated Event","description":"test event","beginEnrollmentDateTime":"2018-11-23T14:20:00","closeEnrollmentDateTime":"2018-11-24T14:30:00","beginEventDateTime":"2018-11-25T14:30:00","endEventDateTime":"2018-11-26T14:30:00","location":"강남역 D2 스타텁 팩토리","basePrice":100,"maxPrice":200,"limitOfEnrollment":100}
    Session Attrs = {org.springframework.security.web.csrf.HttpSessionCsrfTokenRepository.CSRF_TOKEN=org.springframework.security.web.csrf.DefaultCsrfToken@5a503cf0}

Handler:
             Type = null

Async:
    Async started = false
     Async result = null

Resolved Exception:
             Type = null

ModelAndView:
        View name = null
             View = null
            Model = null

FlashMap:
       Attributes = null

MockHttpServletResponse:
           Status = 403
    Error message = Forbidden
          Headers = {X-Content-Type-Options=[nosniff], X-XSS-Protection=[1; mode=block], Cache-Control=[no-cache, no-store, max-age=0, must-revalidate], Pragma=[no-cache], Expires=[0], X-Frame-Options=[DENY]}
     Content type = null
             Body = 
    Forwarded URL = null
   Redirected URL = null
          Cookies = []
]]></system-out>
  </testcase>
  <testcase name="createEvent" classname="hansol9.rest.events.EventControllerTests" time="0.022">
    <failure message="Status expected:&lt;201&gt; but was:&lt;403&gt;" type="java.lang.AssertionError"><![CDATA[java.lang.AssertionError: Status expected:<201> but was:<403>
	at hansol9.rest.events.EventControllerTests.createEvent(EventControllerTests.java:57)
]]></failure>
    <system-out><![CDATA[2020-10-27 18:17:49.272 DEBUG 86389 --- [           main] o.s.s.web.util.matcher.OrRequestMatcher  : Trying to match using Ant [pattern='/css/**']
2020-10-27 18:17:49.273 DEBUG 86389 --- [           main] o.s.s.w.u.matcher.AntPathRequestMatcher  : Checking match of request : '/api/events'; against '/css/**'
2020-10-27 18:17:49.273 DEBUG 86389 --- [           main] o.s.s.web.util.matcher.OrRequestMatcher  : Trying to match using Ant [pattern='/js/**']
2020-10-27 18:17:49.273 DEBUG 86389 --- [           main] o.s.s.w.u.matcher.AntPathRequestMatcher  : Checking match of request : '/api/events'; against '/js/**'
2020-10-27 18:17:49.273 DEBUG 86389 --- [           main] o.s.s.web.util.matcher.OrRequestMatcher  : Trying to match using Ant [pattern='/images/**']
2020-10-27 18:17:49.273 DEBUG 86389 --- [           main] o.s.s.w.u.matcher.AntPathRequestMatcher  : Checking match of request : '/api/events'; against '/images/**'
2020-10-27 18:17:49.273 DEBUG 86389 --- [           main] o.s.s.web.util.matcher.OrRequestMatcher  : Trying to match using Ant [pattern='/webjars/**']
2020-10-27 18:17:49.273 DEBUG 86389 --- [           main] o.s.s.w.u.matcher.AntPathRequestMatcher  : Checking match of request : '/api/events'; against '/webjars/**'
2020-10-27 18:17:49.273 DEBUG 86389 --- [           main] o.s.s.web.util.matcher.OrRequestMatcher  : Trying to match using Ant [pattern='/**/favicon.ico']
2020-10-27 18:17:49.273 DEBUG 86389 --- [           main] o.s.s.w.u.matcher.AntPathRequestMatcher  : Checking match of request : '/api/events'; against '/**/favicon.ico'
2020-10-27 18:17:49.273 DEBUG 86389 --- [           main] o.s.s.web.util.matcher.OrRequestMatcher  : No matches found
2020-10-27 18:17:49.273 DEBUG 86389 --- [           main] o.s.security.web.FilterChainProxy        : /api/events at position 1 of 15 in additional filter chain; firing Filter: 'WebAsyncManagerIntegrationFilter'
2020-10-27 18:17:49.273 DEBUG 86389 --- [           main] o.s.security.web.FilterChainProxy        : /api/events at position 2 of 15 in additional filter chain; firing Filter: 'SecurityContextPersistenceFilter'
2020-10-27 18:17:49.273 DEBUG 86389 --- [           main] w.c.HttpSessionSecurityContextRepository : No HttpSession currently exists
2020-10-27 18:17:49.273 DEBUG 86389 --- [           main] w.c.HttpSessionSecurityContextRepository : No SecurityContext was available from the HttpSession: null. A new one will be created.
2020-10-27 18:17:49.273 DEBUG 86389 --- [           main] o.s.security.web.FilterChainProxy        : /api/events at position 3 of 15 in additional filter chain; firing Filter: 'HeaderWriterFilter'
2020-10-27 18:17:49.273 DEBUG 86389 --- [           main] o.s.security.web.FilterChainProxy        : /api/events at position 4 of 15 in additional filter chain; firing Filter: 'CsrfFilter'
2020-10-27 18:17:49.273 DEBUG 86389 --- [           main] o.s.security.web.csrf.CsrfFilter         : Invalid CSRF token found for http://localhost:8080/api/events
2020-10-27 18:17:49.273 DEBUG 86389 --- [           main] o.s.s.w.header.writers.HstsHeaderWriter  : Not injecting HSTS header since it did not match the requestMatcher org.springframework.security.web.header.writers.HstsHeaderWriter$SecureRequestMatcher@2c485b3a
2020-10-27 18:17:49.273 DEBUG 86389 --- [           main] w.c.HttpSessionSecurityContextRepository : SecurityContext is empty or contents are anonymous - context will not be stored in HttpSession.
2020-10-27 18:17:49.273 DEBUG 86389 --- [           main] s.s.w.c.SecurityContextPersistenceFilter : SecurityContextHolder now cleared, as request processing completed

MockHttpServletRequest:
      HTTP Method = POST
      Request URI = /api/events
       Parameters = {}
          Headers = {Content-Type=[application/json;charset=UTF-8], Accept=[application/hal+json]}
             Body = {"name":"Spring","description":"REST API Development with Spring","beginEnrollmentDateTime":"2018-11-23T14:20:00","closeEnrollmentDateTime":"2018-11-24T14:30:00","beginEventDateTime":"2018-11-25T14:30:00","endEventDateTime":"2018-11-26T14:30:00","location":"강남역 D2 스타텁 팩토리","basePrice":100,"maxPrice":200,"limitOfEnrollment":100}
    Session Attrs = {org.springframework.security.web.csrf.HttpSessionCsrfTokenRepository.CSRF_TOKEN=org.springframework.security.web.csrf.DefaultCsrfToken@503b5337}

Handler:
             Type = null

Async:
    Async started = false
     Async result = null

Resolved Exception:
             Type = null

ModelAndView:
        View name = null
             View = null
            Model = null

FlashMap:
       Attributes = null

MockHttpServletResponse:
           Status = 403
    Error message = Forbidden
          Headers = {X-Content-Type-Options=[nosniff], X-XSS-Protection=[1; mode=block], Cache-Control=[no-cache, no-store, max-age=0, must-revalidate], Pragma=[no-cache], Expires=[0], X-Frame-Options=[DENY]}
     Content type = null
             Body = 
    Forwarded URL = null
   Redirected URL = null
          Cookies = []

MockHttpServletRequest:
      HTTP Method = GET
      Request URI = /api
       Parameters = {}
          Headers = {}
             Body = null
    Session Attrs = {SPRING_SECURITY_SAVED_REQUEST=DefaultSavedRequest[http://localhost:8080/api]}

Handler:
             Type = null

Async:
    Async started = false
     Async result = null

Resolved Exception:
             Type = null

ModelAndView:
        View name = null
             View = null
            Model = null

FlashMap:
       Attributes = null

MockHttpServletResponse:
           Status = 401
    Error message = Unauthorized
          Headers = {WWW-Authenticate=[Basic realm="Realm"], X-Content-Type-Options=[nosniff], X-XSS-Protection=[1; mode=block], Cache-Control=[no-cache, no-store, max-age=0, must-revalidate], Pragma=[no-cache], Expires=[0], X-Frame-Options=[DENY]}
     Content type = null
             Body = 
    Forwarded URL = null
   Redirected URL = null
          Cookies = []

MockHttpServletRequest:
      HTTP Method = POST
      Request URI = /api/events
       Parameters = {}
          Headers = {Content-Type=[application/json;charset=UTF-8]}
             Body = {"name":null,"description":null,"beginEnrollmentDateTime":null,"closeEnrollmentDateTime":null,"beginEventDateTime":null,"endEventDateTime":null,"location":null,"basePrice":0,"maxPrice":0,"limitOfEnrollment":0}
    Session Attrs = {org.springframework.security.web.csrf.HttpSessionCsrfTokenRepository.CSRF_TOKEN=org.springframework.security.web.csrf.DefaultCsrfToken@11e36e5c}

Handler:
             Type = null

Async:
    Async started = false
     Async result = null

Resolved Exception:
             Type = null

ModelAndView:
        View name = null
             View = null
            Model = null

FlashMap:
       Attributes = null

MockHttpServletResponse:
           Status = 403
    Error message = Forbidden
          Headers = {X-Content-Type-Options=[nosniff], X-XSS-Protection=[1; mode=block], Cache-Control=[no-cache, no-store, max-age=0, must-revalidate], Pragma=[no-cache], Expires=[0], X-Frame-Options=[DENY]}
     Content type = null
             Body = 
    Forwarded URL = null
   Redirected URL = null
          Cookies = []

MockHttpServletRequest:
      HTTP Method = PUT
      Request URI = /api/events/2
       Parameters = {}
          Headers = {Content-Type=[application/json;charset=UTF-8]}
             Body = {"name":null,"description":null,"beginEnrollmentDateTime":null,"closeEnrollmentDateTime":null,"beginEventDateTime":null,"endEventDateTime":null,"location":null,"basePrice":0,"maxPrice":0,"limitOfEnrollment":0}
    Session Attrs = {org.springframework.security.web.csrf.HttpSessionCsrfTokenRepository.CSRF_TOKEN=org.springframework.security.web.csrf.DefaultCsrfToken@2ab87cb8}

Handler:
             Type = null

Async:
    Async started = false
     Async result = null

Resolved Exception:
             Type = null

ModelAndView:
        View name = null
             View = null
            Model = null

FlashMap:
       Attributes = null

MockHttpServletResponse:
           Status = 403
    Error message = Forbidden
          Headers = {X-Content-Type-Options=[nosniff], X-XSS-Protection=[1; mode=block], Cache-Control=[no-cache, no-store, max-age=0, must-revalidate], Pragma=[no-cache], Expires=[0], X-Frame-Options=[DENY]}
     Content type = null
             Body = 
    Forwarded URL = null
   Redirected URL = null
          Cookies = []

MockHttpServletRequest:
      HTTP Method = PUT
      Request URI = /api/events/3
       Parameters = {}
          Headers = {Content-Type=[application/json;charset=UTF-8]}
             Body = {"name":"Updated Event","description":"test event","beginEnrollmentDateTime":"2018-11-23T14:20:00","closeEnrollmentDateTime":"2018-11-24T14:30:00","beginEventDateTime":"2018-11-25T14:30:00","endEventDateTime":"2018-11-26T14:30:00","location":"강남역 D2 스타텁 팩토리","basePrice":100,"maxPrice":200,"limitOfEnrollment":100}
    Session Attrs = {org.springframework.security.web.csrf.HttpSessionCsrfTokenRepository.CSRF_TOKEN=org.springframework.security.web.csrf.DefaultCsrfToken@5a503cf0}

Handler:
             Type = null

Async:
    Async started = false
     Async result = null

Resolved Exception:
             Type = null

ModelAndView:
        View name = null
             View = null
            Model = null

FlashMap:
       Attributes = null

MockHttpServletResponse:
           Status = 403
    Error message = Forbidden
          Headers = {X-Content-Type-Options=[nosniff], X-XSS-Protection=[1; mode=block], Cache-Control=[no-cache, no-store, max-age=0, must-revalidate], Pragma=[no-cache], Expires=[0], X-Frame-Options=[DENY]}
     Content type = null
             Body = 
    Forwarded URL = null
   Redirected URL = null
          Cookies = []

MockHttpServletRequest:
      HTTP Method = POST
      Request URI = /api/events
       Parameters = {}
          Headers = {Content-Type=[application/json;charset=UTF-8], Accept=[application/hal+json]}
             Body = {"name":"Spring","description":"REST API Development with Spring","beginEnrollmentDateTime":"2018-11-23T14:20:00","closeEnrollmentDateTime":"2018-11-24T14:30:00","beginEventDateTime":"2018-11-25T14:30:00","endEventDateTime":"2018-11-26T14:30:00","location":"강남역 D2 스타텁 팩토리","basePrice":100,"maxPrice":200,"limitOfEnrollment":100}
    Session Attrs = {org.springframework.security.web.csrf.HttpSessionCsrfTokenRepository.CSRF_TOKEN=org.springframework.security.web.csrf.DefaultCsrfToken@503b5337}

Handler:
             Type = null

Async:
    Async started = false
     Async result = null

Resolved Exception:
             Type = null

ModelAndView:
        View name = null
             View = null
            Model = null

FlashMap:
       Attributes = null

MockHttpServletResponse:
           Status = 403
    Error message = Forbidden
          Headers = {X-Content-Type-Options=[nosniff], X-XSS-Protection=[1; mode=block], Cache-Control=[no-cache, no-store, max-age=0, must-revalidate], Pragma=[no-cache], Expires=[0], X-Frame-Options=[DENY]}
     Content type = null
             Body = 
    Forwarded URL = null
   Redirected URL = null
          Cookies = []
]]></system-out>
  </testcase>
  <testcase name="getEvent_404" classname="hansol9.rest.events.EventControllerTests" time="0.082">
    <failure message="Status expected:&lt;404&gt; but was:&lt;401&gt;" type="java.lang.AssertionError"><![CDATA[java.lang.AssertionError: Status expected:<404> but was:<401>
	at hansol9.rest.events.EventControllerTests.getEvent_404(EventControllerTests.java:258)
]]></failure>
    <system-out><![CDATA[2020-10-27 18:17:49.278 DEBUG 86389 --- [           main] o.s.s.web.util.matcher.OrRequestMatcher  : Trying to match using Ant [pattern='/css/**']
2020-10-27 18:17:49.278 DEBUG 86389 --- [           main] o.s.s.w.u.matcher.AntPathRequestMatcher  : Checking match of request : '/api/events/2000'; against '/css/**'
2020-10-27 18:17:49.278 DEBUG 86389 --- [           main] o.s.s.web.util.matcher.OrRequestMatcher  : Trying to match using Ant [pattern='/js/**']
2020-10-27 18:17:49.278 DEBUG 86389 --- [           main] o.s.s.w.u.matcher.AntPathRequestMatcher  : Checking match of request : '/api/events/2000'; against '/js/**'
2020-10-27 18:17:49.278 DEBUG 86389 --- [           main] o.s.s.web.util.matcher.OrRequestMatcher  : Trying to match using Ant [pattern='/images/**']
2020-10-27 18:17:49.278 DEBUG 86389 --- [           main] o.s.s.w.u.matcher.AntPathRequestMatcher  : Checking match of request : '/api/events/2000'; against '/images/**'
2020-10-27 18:17:49.278 DEBUG 86389 --- [           main] o.s.s.web.util.matcher.OrRequestMatcher  : Trying to match using Ant [pattern='/webjars/**']
2020-10-27 18:17:49.278 DEBUG 86389 --- [           main] o.s.s.w.u.matcher.AntPathRequestMatcher  : Checking match of request : '/api/events/2000'; against '/webjars/**'
2020-10-27 18:17:49.278 DEBUG 86389 --- [           main] o.s.s.web.util.matcher.OrRequestMatcher  : Trying to match using Ant [pattern='/**/favicon.ico']
2020-10-27 18:17:49.278 DEBUG 86389 --- [           main] o.s.s.w.u.matcher.AntPathRequestMatcher  : Checking match of request : '/api/events/2000'; against '/**/favicon.ico'
2020-10-27 18:17:49.278 DEBUG 86389 --- [           main] o.s.s.web.util.matcher.OrRequestMatcher  : No matches found
2020-10-27 18:17:49.278 DEBUG 86389 --- [           main] o.s.security.web.FilterChainProxy        : /api/events/2000 at position 1 of 15 in additional filter chain; firing Filter: 'WebAsyncManagerIntegrationFilter'
2020-10-27 18:17:49.278 DEBUG 86389 --- [           main] o.s.security.web.FilterChainProxy        : /api/events/2000 at position 2 of 15 in additional filter chain; firing Filter: 'SecurityContextPersistenceFilter'
2020-10-27 18:17:49.278 DEBUG 86389 --- [           main] w.c.HttpSessionSecurityContextRepository : No HttpSession currently exists
2020-10-27 18:17:49.278 DEBUG 86389 --- [           main] w.c.HttpSessionSecurityContextRepository : No SecurityContext was available from the HttpSession: null. A new one will be created.
2020-10-27 18:17:49.278 DEBUG 86389 --- [           main] o.s.security.web.FilterChainProxy        : /api/events/2000 at position 3 of 15 in additional filter chain; firing Filter: 'HeaderWriterFilter'
2020-10-27 18:17:49.278 DEBUG 86389 --- [           main] o.s.security.web.FilterChainProxy        : /api/events/2000 at position 4 of 15 in additional filter chain; firing Filter: 'CsrfFilter'
2020-10-27 18:17:49.278 DEBUG 86389 --- [           main] o.s.security.web.FilterChainProxy        : /api/events/2000 at position 5 of 15 in additional filter chain; firing Filter: 'LogoutFilter'
2020-10-27 18:17:49.278 DEBUG 86389 --- [           main] o.s.s.w.u.matcher.AntPathRequestMatcher  : Request 'GET /api/events/2000' doesn't match 'POST /logout'
2020-10-27 18:17:49.278 DEBUG 86389 --- [           main] o.s.security.web.FilterChainProxy        : /api/events/2000 at position 6 of 15 in additional filter chain; firing Filter: 'UsernamePasswordAuthenticationFilter'
2020-10-27 18:17:49.278 DEBUG 86389 --- [           main] o.s.s.w.u.matcher.AntPathRequestMatcher  : Request 'GET /api/events/2000' doesn't match 'POST /login'
2020-10-27 18:17:49.278 DEBUG 86389 --- [           main] o.s.security.web.FilterChainProxy        : /api/events/2000 at position 7 of 15 in additional filter chain; firing Filter: 'DefaultLoginPageGeneratingFilter'
2020-10-27 18:17:49.278 DEBUG 86389 --- [           main] o.s.security.web.FilterChainProxy        : /api/events/2000 at position 8 of 15 in additional filter chain; firing Filter: 'DefaultLogoutPageGeneratingFilter'
2020-10-27 18:17:49.278 DEBUG 86389 --- [           main] o.s.s.w.u.matcher.AntPathRequestMatcher  : Checking match of request : '/api/events/2000'; against '/logout'
2020-10-27 18:17:49.279 DEBUG 86389 --- [           main] o.s.security.web.FilterChainProxy        : /api/events/2000 at position 9 of 15 in additional filter chain; firing Filter: 'BasicAuthenticationFilter'
2020-10-27 18:17:49.279 DEBUG 86389 --- [           main] o.s.security.web.FilterChainProxy        : /api/events/2000 at position 10 of 15 in additional filter chain; firing Filter: 'RequestCacheAwareFilter'
2020-10-27 18:17:49.279 DEBUG 86389 --- [           main] o.s.s.w.s.HttpSessionRequestCache        : saved request doesn't match
2020-10-27 18:17:49.279 DEBUG 86389 --- [           main] o.s.security.web.FilterChainProxy        : /api/events/2000 at position 11 of 15 in additional filter chain; firing Filter: 'SecurityContextHolderAwareRequestFilter'
2020-10-27 18:17:49.279 DEBUG 86389 --- [           main] o.s.security.web.FilterChainProxy        : /api/events/2000 at position 12 of 15 in additional filter chain; firing Filter: 'AnonymousAuthenticationFilter'
2020-10-27 18:17:49.279 DEBUG 86389 --- [           main] o.s.s.w.a.AnonymousAuthenticationFilter  : Populated SecurityContextHolder with anonymous token: 'org.springframework.security.authentication.AnonymousAuthenticationToken@d1c71378: Principal: anonymousUser; Credentials: [PROTECTED]; Authenticated: true; Details: org.springframework.security.web.authentication.WebAuthenticationDetails@957e: RemoteIpAddress: 127.0.0.1; SessionId: null; Granted Authorities: ROLE_ANONYMOUS'
2020-10-27 18:17:49.279 DEBUG 86389 --- [           main] o.s.security.web.FilterChainProxy        : /api/events/2000 at position 13 of 15 in additional filter chain; firing Filter: 'SessionManagementFilter'
2020-10-27 18:17:49.279 DEBUG 86389 --- [           main] o.s.security.web.FilterChainProxy        : /api/events/2000 at position 14 of 15 in additional filter chain; firing Filter: 'ExceptionTranslationFilter'
2020-10-27 18:17:49.279 DEBUG 86389 --- [           main] o.s.security.web.FilterChainProxy        : /api/events/2000 at position 15 of 15 in additional filter chain; firing Filter: 'FilterSecurityInterceptor'
2020-10-27 18:17:49.279 DEBUG 86389 --- [           main] o.s.s.w.a.i.FilterSecurityInterceptor    : Secure object: FilterInvocation: URL: /api/events/2000; Attributes: [authenticated]
2020-10-27 18:17:49.279 DEBUG 86389 --- [           main] o.s.s.w.a.i.FilterSecurityInterceptor    : Previously Authenticated: org.springframework.security.authentication.AnonymousAuthenticationToken@d1c71378: Principal: anonymousUser; Credentials: [PROTECTED]; Authenticated: true; Details: org.springframework.security.web.authentication.WebAuthenticationDetails@957e: RemoteIpAddress: 127.0.0.1; SessionId: null; Granted Authorities: ROLE_ANONYMOUS
2020-10-27 18:17:49.279 DEBUG 86389 --- [           main] o.s.s.access.vote.AffirmativeBased       : Voter: org.springframework.security.web.access.expression.WebExpressionVoter@4f1aa2bc, returned: -1
2020-10-27 18:17:49.280 DEBUG 86389 --- [           main] o.s.s.w.a.ExceptionTranslationFilter     : Access is denied (user is anonymous); redirecting to authentication entry point

org.springframework.security.access.AccessDeniedException: Access is denied
	at org.springframework.security.access.vote.AffirmativeBased.decide(AffirmativeBased.java:84) ~[spring-security-core-5.1.1.RELEASE.jar:5.1.1.RELEASE]
	at org.springframework.security.access.intercept.AbstractSecurityInterceptor.beforeInvocation(AbstractSecurityInterceptor.java:233) ~[spring-security-core-5.1.1.RELEASE.jar:5.1.1.RELEASE]
	at org.springframework.security.web.access.intercept.FilterSecurityInterceptor.invoke(FilterSecurityInterceptor.java:124) ~[spring-security-web-5.1.1.RELEASE.jar:5.1.1.RELEASE]
	at org.springframework.security.web.access.intercept.FilterSecurityInterceptor.doFilter(FilterSecurityInterceptor.java:91) ~[spring-security-web-5.1.1.RELEASE.jar:5.1.1.RELEASE]
	at org.springframework.security.web.FilterChainProxy$VirtualFilterChain.doFilter(FilterChainProxy.java:334) ~[spring-security-web-5.1.1.RELEASE.jar:5.1.1.RELEASE]
	at org.springframework.security.web.access.ExceptionTranslationFilter.doFilter(ExceptionTranslationFilter.java:119) ~[spring-security-web-5.1.1.RELEASE.jar:5.1.1.RELEASE]
	at org.springframework.security.web.FilterChainProxy$VirtualFilterChain.doFilter(FilterChainProxy.java:334) ~[spring-security-web-5.1.1.RELEASE.jar:5.1.1.RELEASE]
	at org.springframework.security.web.session.SessionManagementFilter.doFilter(SessionManagementFilter.java:137) ~[spring-security-web-5.1.1.RELEASE.jar:5.1.1.RELEASE]
	at org.springframework.security.web.FilterChainProxy$VirtualFilterChain.doFilter(FilterChainProxy.java:334) ~[spring-security-web-5.1.1.RELEASE.jar:5.1.1.RELEASE]
	at org.springframework.security.web.authentication.AnonymousAuthenticationFilter.doFilter(AnonymousAuthenticationFilter.java:111) ~[spring-security-web-5.1.1.RELEASE.jar:5.1.1.RELEASE]
	at org.springframework.security.web.FilterChainProxy$VirtualFilterChain.doFilter(FilterChainProxy.java:334) ~[spring-security-web-5.1.1.RELEASE.jar:5.1.1.RELEASE]
	at org.springframework.security.web.servletapi.SecurityContextHolderAwareRequestFilter.doFilter(SecurityContextHolderAwareRequestFilter.java:170) ~[spring-security-web-5.1.1.RELEASE.jar:5.1.1.RELEASE]
	at org.springframework.security.web.FilterChainProxy$VirtualFilterChain.doFilter(FilterChainProxy.java:334) ~[spring-security-web-5.1.1.RELEASE.jar:5.1.1.RELEASE]
	at org.springframework.security.web.savedrequest.RequestCacheAwareFilter.doFilter(RequestCacheAwareFilter.java:63) ~[spring-security-web-5.1.1.RELEASE.jar:5.1.1.RELEASE]
	at org.springframework.security.web.FilterChainProxy$VirtualFilterChain.doFilter(FilterChainProxy.java:334) ~[spring-security-web-5.1.1.RELEASE.jar:5.1.1.RELEASE]
	at org.springframework.security.web.authentication.www.BasicAuthenticationFilter.doFilterInternal(BasicAuthenticationFilter.java:158) ~[spring-security-web-5.1.1.RELEASE.jar:5.1.1.RELEASE]
	at org.springframework.web.filter.OncePerRequestFilter.doFilter(OncePerRequestFilter.java:107) ~[spring-web-5.1.2.RELEASE.jar:5.1.2.RELEASE]
	at org.springframework.security.web.FilterChainProxy$VirtualFilterChain.doFilter(FilterChainProxy.java:334) ~[spring-security-web-5.1.1.RELEASE.jar:5.1.1.RELEASE]
	at org.springframework.security.web.authentication.ui.DefaultLogoutPageGeneratingFilter.doFilterInternal(DefaultLogoutPageGeneratingFilter.java:52) ~[spring-security-web-5.1.1.RELEASE.jar:5.1.1.RELEASE]
	at org.springframework.web.filter.OncePerRequestFilter.doFilter(OncePerRequestFilter.java:107) ~[spring-web-5.1.2.RELEASE.jar:5.1.2.RELEASE]
	at org.springframework.security.web.FilterChainProxy$VirtualFilterChain.doFilter(FilterChainProxy.java:334) ~[spring-security-web-5.1.1.RELEASE.jar:5.1.1.RELEASE]
	at org.springframework.security.web.authentication.ui.DefaultLoginPageGeneratingFilter.doFilter(DefaultLoginPageGeneratingFilter.java:206) ~[spring-security-web-5.1.1.RELEASE.jar:5.1.1.RELEASE]
	at org.springframework.security.web.FilterChainProxy$VirtualFilterChain.doFilter(FilterChainProxy.java:334) ~[spring-security-web-5.1.1.RELEASE.jar:5.1.1.RELEASE]
	at org.springframework.security.web.authentication.AbstractAuthenticationProcessingFilter.doFilter(AbstractAuthenticationProcessingFilter.java:200) ~[spring-security-web-5.1.1.RELEASE.jar:5.1.1.RELEASE]
	at org.springframework.security.web.FilterChainProxy$VirtualFilterChain.doFilter(FilterChainProxy.java:334) ~[spring-security-web-5.1.1.RELEASE.jar:5.1.1.RELEASE]
	at org.springframework.security.web.authentication.logout.LogoutFilter.doFilter(LogoutFilter.java:116) ~[spring-security-web-5.1.1.RELEASE.jar:5.1.1.RELEASE]
	at org.springframework.security.web.FilterChainProxy$VirtualFilterChain.doFilter(FilterChainProxy.java:334) ~[spring-security-web-5.1.1.RELEASE.jar:5.1.1.RELEASE]
	at org.springframework.security.web.csrf.CsrfFilter.doFilterInternal(CsrfFilter.java:100) ~[spring-security-web-5.1.1.RELEASE.jar:5.1.1.RELEASE]
	at org.springframework.web.filter.OncePerRequestFilter.doFilter(OncePerRequestFilter.java:107) ~[spring-web-5.1.2.RELEASE.jar:5.1.2.RELEASE]
	at org.springframework.security.web.FilterChainProxy$VirtualFilterChain.doFilter(FilterChainProxy.java:334) ~[spring-security-web-5.1.1.RELEASE.jar:5.1.1.RELEASE]
	at org.springframework.security.web.header.HeaderWriterFilter.doFilterInternal(HeaderWriterFilter.java:66) ~[spring-security-web-5.1.1.RELEASE.jar:5.1.1.RELEASE]
	at org.springframework.web.filter.OncePerRequestFilter.doFilter(OncePerRequestFilter.java:107) ~[spring-web-5.1.2.RELEASE.jar:5.1.2.RELEASE]
	at org.springframework.security.web.FilterChainProxy$VirtualFilterChain.doFilter(FilterChainProxy.java:334) ~[spring-security-web-5.1.1.RELEASE.jar:5.1.1.RELEASE]
	at org.springframework.security.web.context.SecurityContextPersistenceFilter.doFilter(SecurityContextPersistenceFilter.java:105) ~[spring-security-web-5.1.1.RELEASE.jar:5.1.1.RELEASE]
	at org.springframework.security.web.FilterChainProxy$VirtualFilterChain.doFilter(FilterChainProxy.java:334) ~[spring-security-web-5.1.1.RELEASE.jar:5.1.1.RELEASE]
	at org.springframework.security.web.context.request.async.WebAsyncManagerIntegrationFilter.doFilterInternal(WebAsyncManagerIntegrationFilter.java:56) ~[spring-security-web-5.1.1.RELEASE.jar:5.1.1.RELEASE]
	at org.springframework.web.filter.OncePerRequestFilter.doFilter(OncePerRequestFilter.java:107) ~[spring-web-5.1.2.RELEASE.jar:5.1.2.RELEASE]
	at org.springframework.security.web.FilterChainProxy$VirtualFilterChain.doFilter(FilterChainProxy.java:334) ~[spring-security-web-5.1.1.RELEASE.jar:5.1.1.RELEASE]
	at org.springframework.security.web.FilterChainProxy.doFilterInternal(FilterChainProxy.java:215) ~[spring-security-web-5.1.1.RELEASE.jar:5.1.1.RELEASE]
	at org.springframework.security.web.FilterChainProxy.doFilter(FilterChainProxy.java:178) ~[spring-security-web-5.1.1.RELEASE.jar:5.1.1.RELEASE]
	at org.springframework.web.filter.DelegatingFilterProxy.invokeDelegate(DelegatingFilterProxy.java:357) ~[spring-web-5.1.2.RELEASE.jar:5.1.2.RELEASE]
	at org.springframework.web.filter.DelegatingFilterProxy.doFilter(DelegatingFilterProxy.java:270) ~[spring-web-5.1.2.RELEASE.jar:5.1.2.RELEASE]
	at org.springframework.mock.web.MockFilterChain.doFilter(MockFilterChain.java:133) ~[spring-test-5.1.2.RELEASE.jar:5.1.2.RELEASE]
	at org.springframework.web.filter.RequestContextFilter.doFilterInternal(RequestContextFilter.java:99) ~[spring-web-5.1.2.RELEASE.jar:5.1.2.RELEASE]
	at org.springframework.web.filter.OncePerRequestFilter.doFilter(OncePerRequestFilter.java:107) ~[spring-web-5.1.2.RELEASE.jar:5.1.2.RELEASE]
	at org.springframework.mock.web.MockFilterChain.doFilter(MockFilterChain.java:133) ~[spring-test-5.1.2.RELEASE.jar:5.1.2.RELEASE]
	at org.springframework.web.filter.FormContentFilter.doFilterInternal(FormContentFilter.java:92) ~[spring-web-5.1.2.RELEASE.jar:5.1.2.RELEASE]
	at org.springframework.web.filter.OncePerRequestFilter.doFilter(OncePerRequestFilter.java:107) ~[spring-web-5.1.2.RELEASE.jar:5.1.2.RELEASE]
	at org.springframework.mock.web.MockFilterChain.doFilter(MockFilterChain.java:133) ~[spring-test-5.1.2.RELEASE.jar:5.1.2.RELEASE]
	at org.springframework.web.filter.HiddenHttpMethodFilter.doFilterInternal(HiddenHttpMethodFilter.java:93) ~[spring-web-5.1.2.RELEASE.jar:5.1.2.RELEASE]
	at org.springframework.web.filter.OncePerRequestFilter.doFilter(OncePerRequestFilter.java:107) ~[spring-web-5.1.2.RELEASE.jar:5.1.2.RELEASE]
	at org.springframework.mock.web.MockFilterChain.doFilter(MockFilterChain.java:133) ~[spring-test-5.1.2.RELEASE.jar:5.1.2.RELEASE]
	at org.springframework.web.filter.CharacterEncodingFilter.doFilterInternal(CharacterEncodingFilter.java:200) ~[spring-web-5.1.2.RELEASE.jar:5.1.2.RELEASE]
	at org.springframework.web.filter.OncePerRequestFilter.doFilter(OncePerRequestFilter.java:107) ~[spring-web-5.1.2.RELEASE.jar:5.1.2.RELEASE]
	at org.springframework.mock.web.MockFilterChain.doFilter(MockFilterChain.java:133) ~[spring-test-5.1.2.RELEASE.jar:5.1.2.RELEASE]
	at org.springframework.test.web.servlet.MockMvc.perform(MockMvc.java:182) ~[spring-test-5.1.2.RELEASE.jar:5.1.2.RELEASE]
	at hansol9.rest.events.EventControllerTests.getEvent_404(EventControllerTests.java:254) ~[test-classes/:na]
	at java.base/jdk.internal.reflect.NativeMethodAccessorImpl.invoke0(Native Method) ~[na:na]
	at java.base/jdk.internal.reflect.NativeMethodAccessorImpl.invoke(NativeMethodAccessorImpl.java:62) ~[na:na]
	at java.base/jdk.internal.reflect.DelegatingMethodAccessorImpl.invoke(DelegatingMethodAccessorImpl.java:43) ~[na:na]
	at java.base/java.lang.reflect.Method.invoke(Method.java:566) ~[na:na]
	at org.junit.runners.model.FrameworkMethod$1.runReflectiveCall(FrameworkMethod.java:50) ~[junit-4.12.jar:4.12]
	at org.junit.internal.runners.model.ReflectiveCallable.run(ReflectiveCallable.java:12) ~[junit-4.12.jar:4.12]
	at org.junit.runners.model.FrameworkMethod.invokeExplosively(FrameworkMethod.java:47) ~[junit-4.12.jar:4.12]
	at org.junit.internal.runners.statements.InvokeMethod.evaluate(InvokeMethod.java:17) ~[junit-4.12.jar:4.12]
	at org.springframework.test.context.junit4.statements.RunBeforeTestExecutionCallbacks.evaluate(RunBeforeTestExecutionCallbacks.java:74) ~[spring-test-5.1.2.RELEASE.jar:5.1.2.RELEASE]
	at org.springframework.test.context.junit4.statements.RunAfterTestExecutionCallbacks.evaluate(RunAfterTestExecutionCallbacks.java:84) ~[spring-test-5.1.2.RELEASE.jar:5.1.2.RELEASE]
	at org.springframework.test.context.junit4.statements.RunBeforeTestMethodCallbacks.evaluate(RunBeforeTestMethodCallbacks.java:75) ~[spring-test-5.1.2.RELEASE.jar:5.1.2.RELEASE]
	at org.springframework.test.context.junit4.statements.RunAfterTestMethodCallbacks.evaluate(RunAfterTestMethodCallbacks.java:86) ~[spring-test-5.1.2.RELEASE.jar:5.1.2.RELEASE]
	at org.springframework.test.context.junit4.statements.SpringRepeat.evaluate(SpringRepeat.java:84) ~[spring-test-5.1.2.RELEASE.jar:5.1.2.RELEASE]
	at org.junit.runners.ParentRunner.runLeaf(ParentRunner.java:325) ~[junit-4.12.jar:4.12]
	at org.springframework.test.context.junit4.SpringJUnit4ClassRunner.runChild(SpringJUnit4ClassRunner.java:251) ~[spring-test-5.1.2.RELEASE.jar:5.1.2.RELEASE]
	at org.springframework.test.context.junit4.SpringJUnit4ClassRunner.runChild(SpringJUnit4ClassRunner.java:97) ~[spring-test-5.1.2.RELEASE.jar:5.1.2.RELEASE]
	at org.junit.runners.ParentRunner$3.run(ParentRunner.java:290) ~[junit-4.12.jar:4.12]
	at org.junit.runners.ParentRunner$1.schedule(ParentRunner.java:71) ~[junit-4.12.jar:4.12]
	at org.junit.runners.ParentRunner.runChildren(ParentRunner.java:288) ~[junit-4.12.jar:4.12]
	at org.junit.runners.ParentRunner.access$000(ParentRunner.java:58) ~[junit-4.12.jar:4.12]
	at org.junit.runners.ParentRunner$2.evaluate(ParentRunner.java:268) ~[junit-4.12.jar:4.12]
	at org.springframework.test.context.junit4.statements.RunBeforeTestClassCallbacks.evaluate(RunBeforeTestClassCallbacks.java:61) ~[spring-test-5.1.2.RELEASE.jar:5.1.2.RELEASE]
	at org.springframework.test.context.junit4.statements.RunAfterTestClassCallbacks.evaluate(RunAfterTestClassCallbacks.java:70) ~[spring-test-5.1.2.RELEASE.jar:5.1.2.RELEASE]
	at org.junit.runners.ParentRunner.run(ParentRunner.java:363) ~[junit-4.12.jar:4.12]
	at org.springframework.test.context.junit4.SpringJUnit4ClassRunner.run(SpringJUnit4ClassRunner.java:190) ~[spring-test-5.1.2.RELEASE.jar:5.1.2.RELEASE]
	at org.apache.maven.surefire.junit4.JUnit4Provider.execute(JUnit4Provider.java:365) ~[surefire-junit4-2.22.1.jar:2.22.1]
	at org.apache.maven.surefire.junit4.JUnit4Provider.executeWithRerun(JUnit4Provider.java:273) ~[surefire-junit4-2.22.1.jar:2.22.1]
	at org.apache.maven.surefire.junit4.JUnit4Provider.executeTestSet(JUnit4Provider.java:238) ~[surefire-junit4-2.22.1.jar:2.22.1]
	at org.apache.maven.surefire.junit4.JUnit4Provider.invoke(JUnit4Provider.java:159) ~[surefire-junit4-2.22.1.jar:2.22.1]
	at org.apache.maven.surefire.booter.ForkedBooter.invokeProviderInSameClassLoader(ForkedBooter.java:384) ~[surefire-booter-2.22.1.jar:2.22.1]
	at org.apache.maven.surefire.booter.ForkedBooter.runSuitesInProcess(ForkedBooter.java:345) ~[surefire-booter-2.22.1.jar:2.22.1]
	at org.apache.maven.surefire.booter.ForkedBooter.execute(ForkedBooter.java:126) ~[surefire-booter-2.22.1.jar:2.22.1]
	at org.apache.maven.surefire.booter.ForkedBooter.main(ForkedBooter.java:418) ~[surefire-booter-2.22.1.jar:2.22.1]

2020-10-27 18:17:49.280 DEBUG 86389 --- [           main] o.s.s.w.util.matcher.AndRequestMatcher   : Trying to match using Ant [pattern='/**', GET]
2020-10-27 18:17:49.280 DEBUG 86389 --- [           main] o.s.s.w.u.matcher.AntPathRequestMatcher  : Request '/api/events/2000' matched by universal pattern '/**'
2020-10-27 18:17:49.280 DEBUG 86389 --- [           main] o.s.s.w.util.matcher.AndRequestMatcher   : Trying to match using NegatedRequestMatcher [requestMatcher=Ant [pattern='/**/favicon.*']]
2020-10-27 18:17:49.280 DEBUG 86389 --- [           main] o.s.s.w.u.matcher.AntPathRequestMatcher  : Checking match of request : '/api/events/2000'; against '/**/favicon.*'
2020-10-27 18:17:49.280 DEBUG 86389 --- [           main] o.s.s.w.u.matcher.NegatedRequestMatcher  : matches = true
2020-10-27 18:17:49.280 DEBUG 86389 --- [           main] o.s.s.w.util.matcher.AndRequestMatcher   : Trying to match using NegatedRequestMatcher [requestMatcher=MediaTypeRequestMatcher [contentNegotiationStrategy=org.springframework.web.accept.ContentNegotiationManager@44da745f, matchingMediaTypes=[application/json], useEquals=false, ignoredMediaTypes=[*/*]]]
2020-10-27 18:17:49.281 DEBUG 86389 --- [           main] o.s.s.w.u.m.MediaTypeRequestMatcher      : httpRequestMediaTypes=[*/*]
2020-10-27 18:17:49.281 DEBUG 86389 --- [           main] o.s.s.w.u.m.MediaTypeRequestMatcher      : Processing */*
2020-10-27 18:17:49.281 DEBUG 86389 --- [           main] o.s.s.w.u.m.MediaTypeRequestMatcher      : Ignoring
2020-10-27 18:17:49.281 DEBUG 86389 --- [           main] o.s.s.w.u.m.MediaTypeRequestMatcher      : Did not match any media types
2020-10-27 18:17:49.281 DEBUG 86389 --- [           main] o.s.s.w.u.matcher.NegatedRequestMatcher  : matches = true
2020-10-27 18:17:49.281 DEBUG 86389 --- [           main] o.s.s.w.util.matcher.AndRequestMatcher   : Trying to match using NegatedRequestMatcher [requestMatcher=RequestHeaderRequestMatcher [expectedHeaderName=X-Requested-With, expectedHeaderValue=XMLHttpRequest]]
2020-10-27 18:17:49.281 DEBUG 86389 --- [           main] o.s.s.w.u.matcher.NegatedRequestMatcher  : matches = true
2020-10-27 18:17:49.281 DEBUG 86389 --- [           main] o.s.s.w.util.matcher.AndRequestMatcher   : All requestMatchers returned true
2020-10-27 18:17:49.281 DEBUG 86389 --- [           main] o.s.s.w.s.HttpSessionRequestCache        : DefaultSavedRequest added to Session: DefaultSavedRequest[http://localhost:8080/api/events/2000]
2020-10-27 18:17:49.281 DEBUG 86389 --- [           main] o.s.s.w.a.ExceptionTranslationFilter     : Calling Authentication entry point.
2020-10-27 18:17:49.281 DEBUG 86389 --- [           main] s.w.a.DelegatingAuthenticationEntryPoint : Trying to match using AndRequestMatcher [requestMatchers=[NegatedRequestMatcher [requestMatcher=RequestHeaderRequestMatcher [expectedHeaderName=X-Requested-With, expectedHeaderValue=XMLHttpRequest]], MediaTypeRequestMatcher [contentNegotiationStrategy=org.springframework.web.accept.ContentNegotiationManager@44da745f, matchingMediaTypes=[application/xhtml+xml, image/*, text/html, text/plain], useEquals=false, ignoredMediaTypes=[*/*]]]]
2020-10-27 18:17:49.281 DEBUG 86389 --- [           main] o.s.s.w.util.matcher.AndRequestMatcher   : Trying to match using NegatedRequestMatcher [requestMatcher=RequestHeaderRequestMatcher [expectedHeaderName=X-Requested-With, expectedHeaderValue=XMLHttpRequest]]
2020-10-27 18:17:49.281 DEBUG 86389 --- [           main] o.s.s.w.u.matcher.NegatedRequestMatcher  : matches = true
2020-10-27 18:17:49.281 DEBUG 86389 --- [           main] o.s.s.w.util.matcher.AndRequestMatcher   : Trying to match using MediaTypeRequestMatcher [contentNegotiationStrategy=org.springframework.web.accept.ContentNegotiationManager@44da745f, matchingMediaTypes=[application/xhtml+xml, image/*, text/html, text/plain], useEquals=false, ignoredMediaTypes=[*/*]]
2020-10-27 18:17:49.281 DEBUG 86389 --- [           main] o.s.s.w.u.m.MediaTypeRequestMatcher      : httpRequestMediaTypes=[*/*]
2020-10-27 18:17:49.281 DEBUG 86389 --- [           main] o.s.s.w.u.m.MediaTypeRequestMatcher      : Processing */*
2020-10-27 18:17:49.281 DEBUG 86389 --- [           main] o.s.s.w.u.m.MediaTypeRequestMatcher      : Ignoring
2020-10-27 18:17:49.281 DEBUG 86389 --- [           main] o.s.s.w.u.m.MediaTypeRequestMatcher      : Did not match any media types
2020-10-27 18:17:49.281 DEBUG 86389 --- [           main] o.s.s.w.util.matcher.AndRequestMatcher   : Did not match
2020-10-27 18:17:49.281 DEBUG 86389 --- [           main] s.w.a.DelegatingAuthenticationEntryPoint : Trying to match using OrRequestMatcher [requestMatchers=[RequestHeaderRequestMatcher [expectedHeaderName=X-Requested-With, expectedHeaderValue=XMLHttpRequest], AndRequestMatcher [requestMatchers=[NegatedRequestMatcher [requestMatcher=MediaTypeRequestMatcher [contentNegotiationStrategy=org.springframework.web.accept.ContentNegotiationManager@44da745f, matchingMediaTypes=[text/html], useEquals=false, ignoredMediaTypes=[]]], MediaTypeRequestMatcher [contentNegotiationStrategy=org.springframework.web.accept.ContentNegotiationManager@44da745f, matchingMediaTypes=[application/atom+xml, application/x-www-form-urlencoded, application/json, application/octet-stream, application/xml, multipart/form-data, text/xml], useEquals=false, ignoredMediaTypes=[*/*]]]], MediaTypeRequestMatcher [contentNegotiationStrategy=org.springframework.web.accept.ContentNegotiationManager@44da745f, matchingMediaTypes=[*/*], useEquals=true, ignoredMediaTypes=[]]]]
2020-10-27 18:17:49.281 DEBUG 86389 --- [           main] o.s.s.web.util.matcher.OrRequestMatcher  : Trying to match using RequestHeaderRequestMatcher [expectedHeaderName=X-Requested-With, expectedHeaderValue=XMLHttpRequest]
2020-10-27 18:17:49.281 DEBUG 86389 --- [           main] o.s.s.web.util.matcher.OrRequestMatcher  : Trying to match using AndRequestMatcher [requestMatchers=[NegatedRequestMatcher [requestMatcher=MediaTypeRequestMatcher [contentNegotiationStrategy=org.springframework.web.accept.ContentNegotiationManager@44da745f, matchingMediaTypes=[text/html], useEquals=false, ignoredMediaTypes=[]]], MediaTypeRequestMatcher [contentNegotiationStrategy=org.springframework.web.accept.ContentNegotiationManager@44da745f, matchingMediaTypes=[application/atom+xml, application/x-www-form-urlencoded, application/json, application/octet-stream, application/xml, multipart/form-data, text/xml], useEquals=false, ignoredMediaTypes=[*/*]]]]
2020-10-27 18:17:49.281 DEBUG 86389 --- [           main] o.s.s.w.util.matcher.AndRequestMatcher   : Trying to match using NegatedRequestMatcher [requestMatcher=MediaTypeRequestMatcher [contentNegotiationStrategy=org.springframework.web.accept.ContentNegotiationManager@44da745f, matchingMediaTypes=[text/html], useEquals=false, ignoredMediaTypes=[]]]
2020-10-27 18:17:49.281 DEBUG 86389 --- [           main] o.s.s.w.u.m.MediaTypeRequestMatcher      : httpRequestMediaTypes=[*/*]
2020-10-27 18:17:49.281 DEBUG 86389 --- [           main] o.s.s.w.u.m.MediaTypeRequestMatcher      : Processing */*
2020-10-27 18:17:49.281 DEBUG 86389 --- [           main] o.s.s.w.u.m.MediaTypeRequestMatcher      : text/html .isCompatibleWith */* = true
2020-10-27 18:17:49.281 DEBUG 86389 --- [           main] o.s.s.w.u.matcher.NegatedRequestMatcher  : matches = false
2020-10-27 18:17:49.281 DEBUG 86389 --- [           main] o.s.s.w.util.matcher.AndRequestMatcher   : Did not match
2020-10-27 18:17:49.281 DEBUG 86389 --- [           main] o.s.s.web.util.matcher.OrRequestMatcher  : Trying to match using MediaTypeRequestMatcher [contentNegotiationStrategy=org.springframework.web.accept.ContentNegotiationManager@44da745f, matchingMediaTypes=[*/*], useEquals=true, ignoredMediaTypes=[]]
2020-10-27 18:17:49.281 DEBUG 86389 --- [           main] o.s.s.w.u.m.MediaTypeRequestMatcher      : httpRequestMediaTypes=[*/*]
2020-10-27 18:17:49.281 DEBUG 86389 --- [           main] o.s.s.w.u.m.MediaTypeRequestMatcher      : Processing */*
2020-10-27 18:17:49.281 DEBUG 86389 --- [           main] o.s.s.w.u.m.MediaTypeRequestMatcher      : isEqualTo true
2020-10-27 18:17:49.281 DEBUG 86389 --- [           main] o.s.s.web.util.matcher.OrRequestMatcher  : matched
2020-10-27 18:17:49.281 DEBUG 86389 --- [           main] s.w.a.DelegatingAuthenticationEntryPoint : Match found! Executing org.springframework.security.web.authentication.DelegatingAuthenticationEntryPoint@147ad4bb
2020-10-27 18:17:49.281 DEBUG 86389 --- [           main] s.w.a.DelegatingAuthenticationEntryPoint : Trying to match using RequestHeaderRequestMatcher [expectedHeaderName=X-Requested-With, expectedHeaderValue=XMLHttpRequest]
2020-10-27 18:17:49.281 DEBUG 86389 --- [           main] s.w.a.DelegatingAuthenticationEntryPoint : No match found. Using default entry point org.springframework.security.web.authentication.www.BasicAuthenticationEntryPoint@20e9b10b
2020-10-27 18:17:49.282 DEBUG 86389 --- [           main] o.s.s.w.header.writers.HstsHeaderWriter  : Not injecting HSTS header since it did not match the requestMatcher org.springframework.security.web.header.writers.HstsHeaderWriter$SecureRequestMatcher@2c485b3a
2020-10-27 18:17:49.282 DEBUG 86389 --- [           main] w.c.HttpSessionSecurityContextRepository : SecurityContext is empty or contents are anonymous - context will not be stored in HttpSession.
2020-10-27 18:17:49.282 DEBUG 86389 --- [           main] s.s.w.c.SecurityContextPersistenceFilter : SecurityContextHolder now cleared, as request processing completed

MockHttpServletRequest:
      HTTP Method = GET
      Request URI = /api/events/2000
       Parameters = {}
          Headers = {}
             Body = null
    Session Attrs = {SPRING_SECURITY_SAVED_REQUEST=DefaultSavedRequest[http://localhost:8080/api/events/2000]}

Handler:
             Type = null

Async:
    Async started = false
     Async result = null

Resolved Exception:
             Type = null

ModelAndView:
        View name = null
             View = null
            Model = null

FlashMap:
       Attributes = null

MockHttpServletResponse:
           Status = 401
    Error message = Unauthorized
          Headers = {WWW-Authenticate=[Basic realm="Realm"], X-Content-Type-Options=[nosniff], X-XSS-Protection=[1; mode=block], Cache-Control=[no-cache, no-store, max-age=0, must-revalidate], Pragma=[no-cache], Expires=[0], X-Frame-Options=[DENY]}
     Content type = null
             Body = 
    Forwarded URL = null
   Redirected URL = null
          Cookies = []

MockHttpServletRequest:
      HTTP Method = GET
      Request URI = /api
       Parameters = {}
          Headers = {}
             Body = null
    Session Attrs = {SPRING_SECURITY_SAVED_REQUEST=DefaultSavedRequest[http://localhost:8080/api]}

Handler:
             Type = null

Async:
    Async started = false
     Async result = null

Resolved Exception:
             Type = null

ModelAndView:
        View name = null
             View = null
            Model = null

FlashMap:
       Attributes = null

MockHttpServletResponse:
           Status = 401
    Error message = Unauthorized
          Headers = {WWW-Authenticate=[Basic realm="Realm"], X-Content-Type-Options=[nosniff], X-XSS-Protection=[1; mode=block], Cache-Control=[no-cache, no-store, max-age=0, must-revalidate], Pragma=[no-cache], Expires=[0], X-Frame-Options=[DENY]}
     Content type = null
             Body = 
    Forwarded URL = null
   Redirected URL = null
          Cookies = []

MockHttpServletRequest:
      HTTP Method = POST
      Request URI = /api/events
       Parameters = {}
          Headers = {Content-Type=[application/json;charset=UTF-8]}
             Body = {"name":null,"description":null,"beginEnrollmentDateTime":null,"closeEnrollmentDateTime":null,"beginEventDateTime":null,"endEventDateTime":null,"location":null,"basePrice":0,"maxPrice":0,"limitOfEnrollment":0}
    Session Attrs = {org.springframework.security.web.csrf.HttpSessionCsrfTokenRepository.CSRF_TOKEN=org.springframework.security.web.csrf.DefaultCsrfToken@11e36e5c}

Handler:
             Type = null

Async:
    Async started = false
     Async result = null

Resolved Exception:
             Type = null

ModelAndView:
        View name = null
             View = null
            Model = null

FlashMap:
       Attributes = null

MockHttpServletResponse:
           Status = 403
    Error message = Forbidden
          Headers = {X-Content-Type-Options=[nosniff], X-XSS-Protection=[1; mode=block], Cache-Control=[no-cache, no-store, max-age=0, must-revalidate], Pragma=[no-cache], Expires=[0], X-Frame-Options=[DENY]}
     Content type = null
             Body = 
    Forwarded URL = null
   Redirected URL = null
          Cookies = []

MockHttpServletRequest:
      HTTP Method = PUT
      Request URI = /api/events/2
       Parameters = {}
          Headers = {Content-Type=[application/json;charset=UTF-8]}
             Body = {"name":null,"description":null,"beginEnrollmentDateTime":null,"closeEnrollmentDateTime":null,"beginEventDateTime":null,"endEventDateTime":null,"location":null,"basePrice":0,"maxPrice":0,"limitOfEnrollment":0}
    Session Attrs = {org.springframework.security.web.csrf.HttpSessionCsrfTokenRepository.CSRF_TOKEN=org.springframework.security.web.csrf.DefaultCsrfToken@2ab87cb8}

Handler:
             Type = null

Async:
    Async started = false
     Async result = null

Resolved Exception:
             Type = null

ModelAndView:
        View name = null
             View = null
            Model = null

FlashMap:
       Attributes = null

MockHttpServletResponse:
           Status = 403
    Error message = Forbidden
          Headers = {X-Content-Type-Options=[nosniff], X-XSS-Protection=[1; mode=block], Cache-Control=[no-cache, no-store, max-age=0, must-revalidate], Pragma=[no-cache], Expires=[0], X-Frame-Options=[DENY]}
     Content type = null
             Body = 
    Forwarded URL = null
   Redirected URL = null
          Cookies = []

MockHttpServletRequest:
      HTTP Method = PUT
      Request URI = /api/events/3
       Parameters = {}
          Headers = {Content-Type=[application/json;charset=UTF-8]}
             Body = {"name":"Updated Event","description":"test event","beginEnrollmentDateTime":"2018-11-23T14:20:00","closeEnrollmentDateTime":"2018-11-24T14:30:00","beginEventDateTime":"2018-11-25T14:30:00","endEventDateTime":"2018-11-26T14:30:00","location":"강남역 D2 스타텁 팩토리","basePrice":100,"maxPrice":200,"limitOfEnrollment":100}
    Session Attrs = {org.springframework.security.web.csrf.HttpSessionCsrfTokenRepository.CSRF_TOKEN=org.springframework.security.web.csrf.DefaultCsrfToken@5a503cf0}

Handler:
             Type = null

Async:
    Async started = false
     Async result = null

Resolved Exception:
             Type = null

ModelAndView:
        View name = null
             View = null
            Model = null

FlashMap:
       Attributes = null

MockHttpServletResponse:
           Status = 403
    Error message = Forbidden
          Headers = {X-Content-Type-Options=[nosniff], X-XSS-Protection=[1; mode=block], Cache-Control=[no-cache, no-store, max-age=0, must-revalidate], Pragma=[no-cache], Expires=[0], X-Frame-Options=[DENY]}
     Content type = null
             Body = 
    Forwarded URL = null
   Redirected URL = null
          Cookies = []

MockHttpServletRequest:
      HTTP Method = POST
      Request URI = /api/events
       Parameters = {}
          Headers = {Content-Type=[application/json;charset=UTF-8], Accept=[application/hal+json]}
             Body = {"name":"Spring","description":"REST API Development with Spring","beginEnrollmentDateTime":"2018-11-23T14:20:00","closeEnrollmentDateTime":"2018-11-24T14:30:00","beginEventDateTime":"2018-11-25T14:30:00","endEventDateTime":"2018-11-26T14:30:00","location":"강남역 D2 스타텁 팩토리","basePrice":100,"maxPrice":200,"limitOfEnrollment":100}
    Session Attrs = {org.springframework.security.web.csrf.HttpSessionCsrfTokenRepository.CSRF_TOKEN=org.springframework.security.web.csrf.DefaultCsrfToken@503b5337}

Handler:
             Type = null

Async:
    Async started = false
     Async result = null

Resolved Exception:
             Type = null

ModelAndView:
        View name = null
             View = null
            Model = null

FlashMap:
       Attributes = null

MockHttpServletResponse:
           Status = 403
    Error message = Forbidden
          Headers = {X-Content-Type-Options=[nosniff], X-XSS-Protection=[1; mode=block], Cache-Control=[no-cache, no-store, max-age=0, must-revalidate], Pragma=[no-cache], Expires=[0], X-Frame-Options=[DENY]}
     Content type = null
             Body = 
    Forwarded URL = null
   Redirected URL = null
          Cookies = []

MockHttpServletRequest:
      HTTP Method = GET
      Request URI = /api/events/2000
       Parameters = {}
          Headers = {}
             Body = null
    Session Attrs = {SPRING_SECURITY_SAVED_REQUEST=DefaultSavedRequest[http://localhost:8080/api/events/2000]}

Handler:
             Type = null

Async:
    Async started = false
     Async result = null

Resolved Exception:
             Type = null

ModelAndView:
        View name = null
             View = null
            Model = null

FlashMap:
       Attributes = null

MockHttpServletResponse:
           Status = 401
    Error message = Unauthorized
          Headers = {WWW-Authenticate=[Basic realm="Realm"], X-Content-Type-Options=[nosniff], X-XSS-Protection=[1; mode=block], Cache-Control=[no-cache, no-store, max-age=0, must-revalidate], Pragma=[no-cache], Expires=[0], X-Frame-Options=[DENY]}
     Content type = null
             Body = 
    Forwarded URL = null
   Redirected URL = null
          Cookies = []
]]></system-out>
  </testcase>
  <testcase name="getEvents" classname="hansol9.rest.events.EventControllerTests" time="0.205">
    <failure message="Status expected:&lt;200&gt; but was:&lt;401&gt;" type="java.lang.AssertionError"><![CDATA[java.lang.AssertionError: Status expected:<200> but was:<401>
	at hansol9.rest.events.EventControllerTests.getEvents(EventControllerTests.java:217)
]]></failure>
    <system-out><![CDATA[2020-10-27 18:17:49.287 DEBUG 86389 --- [           main] org.hibernate.SQL                        : 
    call next value for hibernate_sequence
2020-10-27 18:17:49.288 DEBUG 86389 --- [           main] org.hibernate.SQL                        : 
    insert 
    into
        event
        (base_price, begin_enrollment_date_time, begin_event_date_time, close_enrollment_date_time, description, end_event_date_time, event_status, free, limit_of_enrollment, location, manager_id, max_price, name, offline, id) 
    values
        (?, ?, ?, ?, ?, ?, ?, ?, ?, ?, ?, ?, ?, ?, ?)
2020-10-27 18:17:49.288 TRACE 86389 --- [           main] o.h.type.descriptor.sql.BasicBinder      : binding parameter [1] as [INTEGER] - [100]
2020-10-27 18:17:49.288 TRACE 86389 --- [           main] o.h.type.descriptor.sql.BasicBinder      : binding parameter [2] as [TIMESTAMP] - [2018-11-23T14:20]
2020-10-27 18:17:49.288 TRACE 86389 --- [           main] o.h.type.descriptor.sql.BasicBinder      : binding parameter [3] as [TIMESTAMP] - [2018-11-25T14:30]
2020-10-27 18:17:49.288 TRACE 86389 --- [           main] o.h.type.descriptor.sql.BasicBinder      : binding parameter [4] as [TIMESTAMP] - [2018-11-24T14:30]
2020-10-27 18:17:49.288 TRACE 86389 --- [           main] o.h.type.descriptor.sql.BasicBinder      : binding parameter [5] as [VARCHAR] - [test event]
2020-10-27 18:17:49.288 TRACE 86389 --- [           main] o.h.type.descriptor.sql.BasicBinder      : binding parameter [6] as [TIMESTAMP] - [2018-11-26T14:30]
2020-10-27 18:17:49.288 TRACE 86389 --- [           main] o.h.type.descriptor.sql.BasicBinder      : binding parameter [8] as [BOOLEAN] - [false]
2020-10-27 18:17:49.288 TRACE 86389 --- [           main] o.h.type.descriptor.sql.BasicBinder      : binding parameter [9] as [INTEGER] - [100]
2020-10-27 18:17:49.289 TRACE 86389 --- [           main] o.h.type.descriptor.sql.BasicBinder      : binding parameter [10] as [VARCHAR] - [강남역 D2 스타텁 팩토리]
2020-10-27 18:17:49.289 TRACE 86389 --- [           main] o.h.type.descriptor.sql.BasicBinder      : binding parameter [11] as [INTEGER] - [null]
2020-10-27 18:17:49.289 TRACE 86389 --- [           main] o.h.type.descriptor.sql.BasicBinder      : binding parameter [12] as [INTEGER] - [200]
2020-10-27 18:17:49.289 TRACE 86389 --- [           main] o.h.type.descriptor.sql.BasicBinder      : binding parameter [13] as [VARCHAR] - [event 0]
2020-10-27 18:17:49.289 TRACE 86389 --- [           main] o.h.type.descriptor.sql.BasicBinder      : binding parameter [14] as [BOOLEAN] - [true]
2020-10-27 18:17:49.289 TRACE 86389 --- [           main] o.h.type.descriptor.sql.BasicBinder      : binding parameter [15] as [INTEGER] - [4]
2020-10-27 18:17:49.290 DEBUG 86389 --- [           main] org.hibernate.SQL                        : 
    call next value for hibernate_sequence
2020-10-27 18:17:49.291 DEBUG 86389 --- [           main] org.hibernate.SQL                        : 
    insert 
    into
        event
        (base_price, begin_enrollment_date_time, begin_event_date_time, close_enrollment_date_time, description, end_event_date_time, event_status, free, limit_of_enrollment, location, manager_id, max_price, name, offline, id) 
    values
        (?, ?, ?, ?, ?, ?, ?, ?, ?, ?, ?, ?, ?, ?, ?)
2020-10-27 18:17:49.291 TRACE 86389 --- [           main] o.h.type.descriptor.sql.BasicBinder      : binding parameter [1] as [INTEGER] - [100]
2020-10-27 18:17:49.291 TRACE 86389 --- [           main] o.h.type.descriptor.sql.BasicBinder      : binding parameter [2] as [TIMESTAMP] - [2018-11-23T14:20]
2020-10-27 18:17:49.291 TRACE 86389 --- [           main] o.h.type.descriptor.sql.BasicBinder      : binding parameter [3] as [TIMESTAMP] - [2018-11-25T14:30]
2020-10-27 18:17:49.291 TRACE 86389 --- [           main] o.h.type.descriptor.sql.BasicBinder      : binding parameter [4] as [TIMESTAMP] - [2018-11-24T14:30]
2020-10-27 18:17:49.291 TRACE 86389 --- [           main] o.h.type.descriptor.sql.BasicBinder      : binding parameter [5] as [VARCHAR] - [test event]
2020-10-27 18:17:49.291 TRACE 86389 --- [           main] o.h.type.descriptor.sql.BasicBinder      : binding parameter [6] as [TIMESTAMP] - [2018-11-26T14:30]
2020-10-27 18:17:49.291 TRACE 86389 --- [           main] o.h.type.descriptor.sql.BasicBinder      : binding parameter [8] as [BOOLEAN] - [false]
2020-10-27 18:17:49.291 TRACE 86389 --- [           main] o.h.type.descriptor.sql.BasicBinder      : binding parameter [9] as [INTEGER] - [100]
2020-10-27 18:17:49.291 TRACE 86389 --- [           main] o.h.type.descriptor.sql.BasicBinder      : binding parameter [10] as [VARCHAR] - [강남역 D2 스타텁 팩토리]
2020-10-27 18:17:49.291 TRACE 86389 --- [           main] o.h.type.descriptor.sql.BasicBinder      : binding parameter [11] as [INTEGER] - [null]
2020-10-27 18:17:49.291 TRACE 86389 --- [           main] o.h.type.descriptor.sql.BasicBinder      : binding parameter [12] as [INTEGER] - [200]
2020-10-27 18:17:49.291 TRACE 86389 --- [           main] o.h.type.descriptor.sql.BasicBinder      : binding parameter [13] as [VARCHAR] - [event 1]
2020-10-27 18:17:49.291 TRACE 86389 --- [           main] o.h.type.descriptor.sql.BasicBinder      : binding parameter [14] as [BOOLEAN] - [true]
2020-10-27 18:17:49.291 TRACE 86389 --- [           main] o.h.type.descriptor.sql.BasicBinder      : binding parameter [15] as [INTEGER] - [5]
2020-10-27 18:17:49.292 DEBUG 86389 --- [           main] org.hibernate.SQL                        : 
    call next value for hibernate_sequence
2020-10-27 18:17:49.293 DEBUG 86389 --- [           main] org.hibernate.SQL                        : 
    insert 
    into
        event
        (base_price, begin_enrollment_date_time, begin_event_date_time, close_enrollment_date_time, description, end_event_date_time, event_status, free, limit_of_enrollment, location, manager_id, max_price, name, offline, id) 
    values
        (?, ?, ?, ?, ?, ?, ?, ?, ?, ?, ?, ?, ?, ?, ?)
2020-10-27 18:17:49.293 TRACE 86389 --- [           main] o.h.type.descriptor.sql.BasicBinder      : binding parameter [1] as [INTEGER] - [100]
2020-10-27 18:17:49.293 TRACE 86389 --- [           main] o.h.type.descriptor.sql.BasicBinder      : binding parameter [2] as [TIMESTAMP] - [2018-11-23T14:20]
2020-10-27 18:17:49.293 TRACE 86389 --- [           main] o.h.type.descriptor.sql.BasicBinder      : binding parameter [3] as [TIMESTAMP] - [2018-11-25T14:30]
2020-10-27 18:17:49.293 TRACE 86389 --- [           main] o.h.type.descriptor.sql.BasicBinder      : binding parameter [4] as [TIMESTAMP] - [2018-11-24T14:30]
2020-10-27 18:17:49.293 TRACE 86389 --- [           main] o.h.type.descriptor.sql.BasicBinder      : binding parameter [5] as [VARCHAR] - [test event]
2020-10-27 18:17:49.293 TRACE 86389 --- [           main] o.h.type.descriptor.sql.BasicBinder      : binding parameter [6] as [TIMESTAMP] - [2018-11-26T14:30]
2020-10-27 18:17:49.293 TRACE 86389 --- [           main] o.h.type.descriptor.sql.BasicBinder      : binding parameter [8] as [BOOLEAN] - [false]
2020-10-27 18:17:49.293 TRACE 86389 --- [           main] o.h.type.descriptor.sql.BasicBinder      : binding parameter [9] as [INTEGER] - [100]
2020-10-27 18:17:49.293 TRACE 86389 --- [           main] o.h.type.descriptor.sql.BasicBinder      : binding parameter [10] as [VARCHAR] - [강남역 D2 스타텁 팩토리]
2020-10-27 18:17:49.293 TRACE 86389 --- [           main] o.h.type.descriptor.sql.BasicBinder      : binding parameter [11] as [INTEGER] - [null]
2020-10-27 18:17:49.293 TRACE 86389 --- [           main] o.h.type.descriptor.sql.BasicBinder      : binding parameter [12] as [INTEGER] - [200]
2020-10-27 18:17:49.293 TRACE 86389 --- [           main] o.h.type.descriptor.sql.BasicBinder      : binding parameter [13] as [VARCHAR] - [event 2]
2020-10-27 18:17:49.293 TRACE 86389 --- [           main] o.h.type.descriptor.sql.BasicBinder      : binding parameter [14] as [BOOLEAN] - [true]
2020-10-27 18:17:49.294 TRACE 86389 --- [           main] o.h.type.descriptor.sql.BasicBinder      : binding parameter [15] as [INTEGER] - [6]
2020-10-27 18:17:49.294 DEBUG 86389 --- [           main] org.hibernate.SQL                        : 
    call next value for hibernate_sequence
2020-10-27 18:17:49.295 DEBUG 86389 --- [           main] org.hibernate.SQL                        : 
    insert 
    into
        event
        (base_price, begin_enrollment_date_time, begin_event_date_time, close_enrollment_date_time, description, end_event_date_time, event_status, free, limit_of_enrollment, location, manager_id, max_price, name, offline, id) 
    values
        (?, ?, ?, ?, ?, ?, ?, ?, ?, ?, ?, ?, ?, ?, ?)
2020-10-27 18:17:49.295 TRACE 86389 --- [           main] o.h.type.descriptor.sql.BasicBinder      : binding parameter [1] as [INTEGER] - [100]
2020-10-27 18:17:49.295 TRACE 86389 --- [           main] o.h.type.descriptor.sql.BasicBinder      : binding parameter [2] as [TIMESTAMP] - [2018-11-23T14:20]
2020-10-27 18:17:49.295 TRACE 86389 --- [           main] o.h.type.descriptor.sql.BasicBinder      : binding parameter [3] as [TIMESTAMP] - [2018-11-25T14:30]
2020-10-27 18:17:49.295 TRACE 86389 --- [           main] o.h.type.descriptor.sql.BasicBinder      : binding parameter [4] as [TIMESTAMP] - [2018-11-24T14:30]
2020-10-27 18:17:49.295 TRACE 86389 --- [           main] o.h.type.descriptor.sql.BasicBinder      : binding parameter [5] as [VARCHAR] - [test event]
2020-10-27 18:17:49.295 TRACE 86389 --- [           main] o.h.type.descriptor.sql.BasicBinder      : binding parameter [6] as [TIMESTAMP] - [2018-11-26T14:30]
2020-10-27 18:17:49.295 TRACE 86389 --- [           main] o.h.type.descriptor.sql.BasicBinder      : binding parameter [8] as [BOOLEAN] - [false]
2020-10-27 18:17:49.296 TRACE 86389 --- [           main] o.h.type.descriptor.sql.BasicBinder      : binding parameter [9] as [INTEGER] - [100]
2020-10-27 18:17:49.296 TRACE 86389 --- [           main] o.h.type.descriptor.sql.BasicBinder      : binding parameter [10] as [VARCHAR] - [강남역 D2 스타텁 팩토리]
2020-10-27 18:17:49.296 TRACE 86389 --- [           main] o.h.type.descriptor.sql.BasicBinder      : binding parameter [11] as [INTEGER] - [null]
2020-10-27 18:17:49.296 TRACE 86389 --- [           main] o.h.type.descriptor.sql.BasicBinder      : binding parameter [12] as [INTEGER] - [200]
2020-10-27 18:17:49.296 TRACE 86389 --- [           main] o.h.type.descriptor.sql.BasicBinder      : binding parameter [13] as [VARCHAR] - [event 3]
2020-10-27 18:17:49.296 TRACE 86389 --- [           main] o.h.type.descriptor.sql.BasicBinder      : binding parameter [14] as [BOOLEAN] - [true]
2020-10-27 18:17:49.296 TRACE 86389 --- [           main] o.h.type.descriptor.sql.BasicBinder      : binding parameter [15] as [INTEGER] - [7]
2020-10-27 18:17:49.296 DEBUG 86389 --- [           main] org.hibernate.SQL                        : 
    call next value for hibernate_sequence
2020-10-27 18:17:49.297 DEBUG 86389 --- [           main] org.hibernate.SQL                        : 
    insert 
    into
        event
        (base_price, begin_enrollment_date_time, begin_event_date_time, close_enrollment_date_time, description, end_event_date_time, event_status, free, limit_of_enrollment, location, manager_id, max_price, name, offline, id) 
    values
        (?, ?, ?, ?, ?, ?, ?, ?, ?, ?, ?, ?, ?, ?, ?)
2020-10-27 18:17:49.297 TRACE 86389 --- [           main] o.h.type.descriptor.sql.BasicBinder      : binding parameter [1] as [INTEGER] - [100]
2020-10-27 18:17:49.297 TRACE 86389 --- [           main] o.h.type.descriptor.sql.BasicBinder      : binding parameter [2] as [TIMESTAMP] - [2018-11-23T14:20]
2020-10-27 18:17:49.297 TRACE 86389 --- [           main] o.h.type.descriptor.sql.BasicBinder      : binding parameter [3] as [TIMESTAMP] - [2018-11-25T14:30]
2020-10-27 18:17:49.297 TRACE 86389 --- [           main] o.h.type.descriptor.sql.BasicBinder      : binding parameter [4] as [TIMESTAMP] - [2018-11-24T14:30]
2020-10-27 18:17:49.297 TRACE 86389 --- [           main] o.h.type.descriptor.sql.BasicBinder      : binding parameter [5] as [VARCHAR] - [test event]
2020-10-27 18:17:49.297 TRACE 86389 --- [           main] o.h.type.descriptor.sql.BasicBinder      : binding parameter [6] as [TIMESTAMP] - [2018-11-26T14:30]
2020-10-27 18:17:49.297 TRACE 86389 --- [           main] o.h.type.descriptor.sql.BasicBinder      : binding parameter [8] as [BOOLEAN] - [false]
2020-10-27 18:17:49.297 TRACE 86389 --- [           main] o.h.type.descriptor.sql.BasicBinder      : binding parameter [9] as [INTEGER] - [100]
2020-10-27 18:17:49.297 TRACE 86389 --- [           main] o.h.type.descriptor.sql.BasicBinder      : binding parameter [10] as [VARCHAR] - [강남역 D2 스타텁 팩토리]
2020-10-27 18:17:49.297 TRACE 86389 --- [           main] o.h.type.descriptor.sql.BasicBinder      : binding parameter [11] as [INTEGER] - [null]
2020-10-27 18:17:49.297 TRACE 86389 --- [           main] o.h.type.descriptor.sql.BasicBinder      : binding parameter [12] as [INTEGER] - [200]
2020-10-27 18:17:49.297 TRACE 86389 --- [           main] o.h.type.descriptor.sql.BasicBinder      : binding parameter [13] as [VARCHAR] - [event 4]
2020-10-27 18:17:49.297 TRACE 86389 --- [           main] o.h.type.descriptor.sql.BasicBinder      : binding parameter [14] as [BOOLEAN] - [true]
2020-10-27 18:17:49.297 TRACE 86389 --- [           main] o.h.type.descriptor.sql.BasicBinder      : binding parameter [15] as [INTEGER] - [8]
2020-10-27 18:17:49.298 DEBUG 86389 --- [           main] org.hibernate.SQL                        : 
    call next value for hibernate_sequence
2020-10-27 18:17:49.299 DEBUG 86389 --- [           main] org.hibernate.SQL                        : 
    insert 
    into
        event
        (base_price, begin_enrollment_date_time, begin_event_date_time, close_enrollment_date_time, description, end_event_date_time, event_status, free, limit_of_enrollment, location, manager_id, max_price, name, offline, id) 
    values
        (?, ?, ?, ?, ?, ?, ?, ?, ?, ?, ?, ?, ?, ?, ?)
2020-10-27 18:17:49.299 TRACE 86389 --- [           main] o.h.type.descriptor.sql.BasicBinder      : binding parameter [1] as [INTEGER] - [100]
2020-10-27 18:17:49.299 TRACE 86389 --- [           main] o.h.type.descriptor.sql.BasicBinder      : binding parameter [2] as [TIMESTAMP] - [2018-11-23T14:20]
2020-10-27 18:17:49.299 TRACE 86389 --- [           main] o.h.type.descriptor.sql.BasicBinder      : binding parameter [3] as [TIMESTAMP] - [2018-11-25T14:30]
2020-10-27 18:17:49.299 TRACE 86389 --- [           main] o.h.type.descriptor.sql.BasicBinder      : binding parameter [4] as [TIMESTAMP] - [2018-11-24T14:30]
2020-10-27 18:17:49.300 TRACE 86389 --- [           main] o.h.type.descriptor.sql.BasicBinder      : binding parameter [5] as [VARCHAR] - [test event]
2020-10-27 18:17:49.300 TRACE 86389 --- [           main] o.h.type.descriptor.sql.BasicBinder      : binding parameter [6] as [TIMESTAMP] - [2018-11-26T14:30]
2020-10-27 18:17:49.300 TRACE 86389 --- [           main] o.h.type.descriptor.sql.BasicBinder      : binding parameter [8] as [BOOLEAN] - [false]
2020-10-27 18:17:49.300 TRACE 86389 --- [           main] o.h.type.descriptor.sql.BasicBinder      : binding parameter [9] as [INTEGER] - [100]
2020-10-27 18:17:49.300 TRACE 86389 --- [           main] o.h.type.descriptor.sql.BasicBinder      : binding parameter [10] as [VARCHAR] - [강남역 D2 스타텁 팩토리]
2020-10-27 18:17:49.300 TRACE 86389 --- [           main] o.h.type.descriptor.sql.BasicBinder      : binding parameter [11] as [INTEGER] - [null]
2020-10-27 18:17:49.300 TRACE 86389 --- [           main] o.h.type.descriptor.sql.BasicBinder      : binding parameter [12] as [INTEGER] - [200]
2020-10-27 18:17:49.300 TRACE 86389 --- [           main] o.h.type.descriptor.sql.BasicBinder      : binding parameter [13] as [VARCHAR] - [event 5]
2020-10-27 18:17:49.300 TRACE 86389 --- [           main] o.h.type.descriptor.sql.BasicBinder      : binding parameter [14] as [BOOLEAN] - [true]
2020-10-27 18:17:49.300 TRACE 86389 --- [           main] o.h.type.descriptor.sql.BasicBinder      : binding parameter [15] as [INTEGER] - [9]
2020-10-27 18:17:49.301 DEBUG 86389 --- [           main] org.hibernate.SQL                        : 
    call next value for hibernate_sequence
2020-10-27 18:17:49.301 DEBUG 86389 --- [           main] org.hibernate.SQL                        : 
    insert 
    into
        event
        (base_price, begin_enrollment_date_time, begin_event_date_time, close_enrollment_date_time, description, end_event_date_time, event_status, free, limit_of_enrollment, location, manager_id, max_price, name, offline, id) 
    values
        (?, ?, ?, ?, ?, ?, ?, ?, ?, ?, ?, ?, ?, ?, ?)
2020-10-27 18:17:49.301 TRACE 86389 --- [           main] o.h.type.descriptor.sql.BasicBinder      : binding parameter [1] as [INTEGER] - [100]
2020-10-27 18:17:49.301 TRACE 86389 --- [           main] o.h.type.descriptor.sql.BasicBinder      : binding parameter [2] as [TIMESTAMP] - [2018-11-23T14:20]
2020-10-27 18:17:49.302 TRACE 86389 --- [           main] o.h.type.descriptor.sql.BasicBinder      : binding parameter [3] as [TIMESTAMP] - [2018-11-25T14:30]
2020-10-27 18:17:49.302 TRACE 86389 --- [           main] o.h.type.descriptor.sql.BasicBinder      : binding parameter [4] as [TIMESTAMP] - [2018-11-24T14:30]
2020-10-27 18:17:49.302 TRACE 86389 --- [           main] o.h.type.descriptor.sql.BasicBinder      : binding parameter [5] as [VARCHAR] - [test event]
2020-10-27 18:17:49.302 TRACE 86389 --- [           main] o.h.type.descriptor.sql.BasicBinder      : binding parameter [6] as [TIMESTAMP] - [2018-11-26T14:30]
2020-10-27 18:17:49.302 TRACE 86389 --- [           main] o.h.type.descriptor.sql.BasicBinder      : binding parameter [8] as [BOOLEAN] - [false]
2020-10-27 18:17:49.302 TRACE 86389 --- [           main] o.h.type.descriptor.sql.BasicBinder      : binding parameter [9] as [INTEGER] - [100]
2020-10-27 18:17:49.302 TRACE 86389 --- [           main] o.h.type.descriptor.sql.BasicBinder      : binding parameter [10] as [VARCHAR] - [강남역 D2 스타텁 팩토리]
2020-10-27 18:17:49.302 TRACE 86389 --- [           main] o.h.type.descriptor.sql.BasicBinder      : binding parameter [11] as [INTEGER] - [null]
2020-10-27 18:17:49.302 TRACE 86389 --- [           main] o.h.type.descriptor.sql.BasicBinder      : binding parameter [12] as [INTEGER] - [200]
2020-10-27 18:17:49.302 TRACE 86389 --- [           main] o.h.type.descriptor.sql.BasicBinder      : binding parameter [13] as [VARCHAR] - [event 6]
2020-10-27 18:17:49.302 TRACE 86389 --- [           main] o.h.type.descriptor.sql.BasicBinder      : binding parameter [14] as [BOOLEAN] - [true]
2020-10-27 18:17:49.302 TRACE 86389 --- [           main] o.h.type.descriptor.sql.BasicBinder      : binding parameter [15] as [INTEGER] - [10]
2020-10-27 18:17:49.303 DEBUG 86389 --- [           main] org.hibernate.SQL                        : 
    call next value for hibernate_sequence
2020-10-27 18:17:49.303 DEBUG 86389 --- [           main] org.hibernate.SQL                        : 
    insert 
    into
        event
        (base_price, begin_enrollment_date_time, begin_event_date_time, close_enrollment_date_time, description, end_event_date_time, event_status, free, limit_of_enrollment, location, manager_id, max_price, name, offline, id) 
    values
        (?, ?, ?, ?, ?, ?, ?, ?, ?, ?, ?, ?, ?, ?, ?)
2020-10-27 18:17:49.303 TRACE 86389 --- [           main] o.h.type.descriptor.sql.BasicBinder      : binding parameter [1] as [INTEGER] - [100]
2020-10-27 18:17:49.303 TRACE 86389 --- [           main] o.h.type.descriptor.sql.BasicBinder      : binding parameter [2] as [TIMESTAMP] - [2018-11-23T14:20]
2020-10-27 18:17:49.303 TRACE 86389 --- [           main] o.h.type.descriptor.sql.BasicBinder      : binding parameter [3] as [TIMESTAMP] - [2018-11-25T14:30]
2020-10-27 18:17:49.304 TRACE 86389 --- [           main] o.h.type.descriptor.sql.BasicBinder      : binding parameter [4] as [TIMESTAMP] - [2018-11-24T14:30]
2020-10-27 18:17:49.304 TRACE 86389 --- [           main] o.h.type.descriptor.sql.BasicBinder      : binding parameter [5] as [VARCHAR] - [test event]
2020-10-27 18:17:49.304 TRACE 86389 --- [           main] o.h.type.descriptor.sql.BasicBinder      : binding parameter [6] as [TIMESTAMP] - [2018-11-26T14:30]
2020-10-27 18:17:49.304 TRACE 86389 --- [           main] o.h.type.descriptor.sql.BasicBinder      : binding parameter [8] as [BOOLEAN] - [false]
2020-10-27 18:17:49.304 TRACE 86389 --- [           main] o.h.type.descriptor.sql.BasicBinder      : binding parameter [9] as [INTEGER] - [100]
2020-10-27 18:17:49.304 TRACE 86389 --- [           main] o.h.type.descriptor.sql.BasicBinder      : binding parameter [10] as [VARCHAR] - [강남역 D2 스타텁 팩토리]
2020-10-27 18:17:49.304 TRACE 86389 --- [           main] o.h.type.descriptor.sql.BasicBinder      : binding parameter [11] as [INTEGER] - [null]
2020-10-27 18:17:49.304 TRACE 86389 --- [           main] o.h.type.descriptor.sql.BasicBinder      : binding parameter [12] as [INTEGER] - [200]
2020-10-27 18:17:49.304 TRACE 86389 --- [           main] o.h.type.descriptor.sql.BasicBinder      : binding parameter [13] as [VARCHAR] - [event 7]
2020-10-27 18:17:49.304 TRACE 86389 --- [           main] o.h.type.descriptor.sql.BasicBinder      : binding parameter [14] as [BOOLEAN] - [true]
2020-10-27 18:17:49.304 TRACE 86389 --- [           main] o.h.type.descriptor.sql.BasicBinder      : binding parameter [15] as [INTEGER] - [11]
2020-10-27 18:17:49.304 DEBUG 86389 --- [           main] org.hibernate.SQL                        : 
    call next value for hibernate_sequence
2020-10-27 18:17:49.305 DEBUG 86389 --- [           main] org.hibernate.SQL                        : 
    insert 
    into
        event
        (base_price, begin_enrollment_date_time, begin_event_date_time, close_enrollment_date_time, description, end_event_date_time, event_status, free, limit_of_enrollment, location, manager_id, max_price, name, offline, id) 
    values
        (?, ?, ?, ?, ?, ?, ?, ?, ?, ?, ?, ?, ?, ?, ?)
2020-10-27 18:17:49.305 TRACE 86389 --- [           main] o.h.type.descriptor.sql.BasicBinder      : binding parameter [1] as [INTEGER] - [100]
2020-10-27 18:17:49.305 TRACE 86389 --- [           main] o.h.type.descriptor.sql.BasicBinder      : binding parameter [2] as [TIMESTAMP] - [2018-11-23T14:20]
2020-10-27 18:17:49.305 TRACE 86389 --- [           main] o.h.type.descriptor.sql.BasicBinder      : binding parameter [3] as [TIMESTAMP] - [2018-11-25T14:30]
2020-10-27 18:17:49.305 TRACE 86389 --- [           main] o.h.type.descriptor.sql.BasicBinder      : binding parameter [4] as [TIMESTAMP] - [2018-11-24T14:30]
2020-10-27 18:17:49.305 TRACE 86389 --- [           main] o.h.type.descriptor.sql.BasicBinder      : binding parameter [5] as [VARCHAR] - [test event]
2020-10-27 18:17:49.305 TRACE 86389 --- [           main] o.h.type.descriptor.sql.BasicBinder      : binding parameter [6] as [TIMESTAMP] - [2018-11-26T14:30]
2020-10-27 18:17:49.305 TRACE 86389 --- [           main] o.h.type.descriptor.sql.BasicBinder      : binding parameter [8] as [BOOLEAN] - [false]
2020-10-27 18:17:49.305 TRACE 86389 --- [           main] o.h.type.descriptor.sql.BasicBinder      : binding parameter [9] as [INTEGER] - [100]
2020-10-27 18:17:49.305 TRACE 86389 --- [           main] o.h.type.descriptor.sql.BasicBinder      : binding parameter [10] as [VARCHAR] - [강남역 D2 스타텁 팩토리]
2020-10-27 18:17:49.305 TRACE 86389 --- [           main] o.h.type.descriptor.sql.BasicBinder      : binding parameter [11] as [INTEGER] - [null]
2020-10-27 18:17:49.305 TRACE 86389 --- [           main] o.h.type.descriptor.sql.BasicBinder      : binding parameter [12] as [INTEGER] - [200]
2020-10-27 18:17:49.306 TRACE 86389 --- [           main] o.h.type.descriptor.sql.BasicBinder      : binding parameter [13] as [VARCHAR] - [event 8]
2020-10-27 18:17:49.306 TRACE 86389 --- [           main] o.h.type.descriptor.sql.BasicBinder      : binding parameter [14] as [BOOLEAN] - [true]
2020-10-27 18:17:49.306 TRACE 86389 --- [           main] o.h.type.descriptor.sql.BasicBinder      : binding parameter [15] as [INTEGER] - [12]
2020-10-27 18:17:49.306 DEBUG 86389 --- [           main] org.hibernate.SQL                        : 
    call next value for hibernate_sequence
2020-10-27 18:17:49.307 DEBUG 86389 --- [           main] org.hibernate.SQL                        : 
    insert 
    into
        event
        (base_price, begin_enrollment_date_time, begin_event_date_time, close_enrollment_date_time, description, end_event_date_time, event_status, free, limit_of_enrollment, location, manager_id, max_price, name, offline, id) 
    values
        (?, ?, ?, ?, ?, ?, ?, ?, ?, ?, ?, ?, ?, ?, ?)
2020-10-27 18:17:49.307 TRACE 86389 --- [           main] o.h.type.descriptor.sql.BasicBinder      : binding parameter [1] as [INTEGER] - [100]
2020-10-27 18:17:49.307 TRACE 86389 --- [           main] o.h.type.descriptor.sql.BasicBinder      : binding parameter [2] as [TIMESTAMP] - [2018-11-23T14:20]
2020-10-27 18:17:49.307 TRACE 86389 --- [           main] o.h.type.descriptor.sql.BasicBinder      : binding parameter [3] as [TIMESTAMP] - [2018-11-25T14:30]
2020-10-27 18:17:49.307 TRACE 86389 --- [           main] o.h.type.descriptor.sql.BasicBinder      : binding parameter [4] as [TIMESTAMP] - [2018-11-24T14:30]
2020-10-27 18:17:49.307 TRACE 86389 --- [           main] o.h.type.descriptor.sql.BasicBinder      : binding parameter [5] as [VARCHAR] - [test event]
2020-10-27 18:17:49.307 TRACE 86389 --- [           main] o.h.type.descriptor.sql.BasicBinder      : binding parameter [6] as [TIMESTAMP] - [2018-11-26T14:30]
2020-10-27 18:17:49.307 TRACE 86389 --- [           main] o.h.type.descriptor.sql.BasicBinder      : binding parameter [8] as [BOOLEAN] - [false]
2020-10-27 18:17:49.307 TRACE 86389 --- [           main] o.h.type.descriptor.sql.BasicBinder      : binding parameter [9] as [INTEGER] - [100]
2020-10-27 18:17:49.307 TRACE 86389 --- [           main] o.h.type.descriptor.sql.BasicBinder      : binding parameter [10] as [VARCHAR] - [강남역 D2 스타텁 팩토리]
2020-10-27 18:17:49.307 TRACE 86389 --- [           main] o.h.type.descriptor.sql.BasicBinder      : binding parameter [11] as [INTEGER] - [null]
2020-10-27 18:17:49.307 TRACE 86389 --- [           main] o.h.type.descriptor.sql.BasicBinder      : binding parameter [12] as [INTEGER] - [200]
2020-10-27 18:17:49.307 TRACE 86389 --- [           main] o.h.type.descriptor.sql.BasicBinder      : binding parameter [13] as [VARCHAR] - [event 9]
2020-10-27 18:17:49.307 TRACE 86389 --- [           main] o.h.type.descriptor.sql.BasicBinder      : binding parameter [14] as [BOOLEAN] - [true]
2020-10-27 18:17:49.307 TRACE 86389 --- [           main] o.h.type.descriptor.sql.BasicBinder      : binding parameter [15] as [INTEGER] - [13]
2020-10-27 18:17:49.308 DEBUG 86389 --- [           main] org.hibernate.SQL                        : 
    call next value for hibernate_sequence
2020-10-27 18:17:49.309 DEBUG 86389 --- [           main] org.hibernate.SQL                        : 
    insert 
    into
        event
        (base_price, begin_enrollment_date_time, begin_event_date_time, close_enrollment_date_time, description, end_event_date_time, event_status, free, limit_of_enrollment, location, manager_id, max_price, name, offline, id) 
    values
        (?, ?, ?, ?, ?, ?, ?, ?, ?, ?, ?, ?, ?, ?, ?)
2020-10-27 18:17:49.309 TRACE 86389 --- [           main] o.h.type.descriptor.sql.BasicBinder      : binding parameter [1] as [INTEGER] - [100]
2020-10-27 18:17:49.309 TRACE 86389 --- [           main] o.h.type.descriptor.sql.BasicBinder      : binding parameter [2] as [TIMESTAMP] - [2018-11-23T14:20]
2020-10-27 18:17:49.309 TRACE 86389 --- [           main] o.h.type.descriptor.sql.BasicBinder      : binding parameter [3] as [TIMESTAMP] - [2018-11-25T14:30]
2020-10-27 18:17:49.309 TRACE 86389 --- [           main] o.h.type.descriptor.sql.BasicBinder      : binding parameter [4] as [TIMESTAMP] - [2018-11-24T14:30]
2020-10-27 18:17:49.309 TRACE 86389 --- [           main] o.h.type.descriptor.sql.BasicBinder      : binding parameter [5] as [VARCHAR] - [test event]
2020-10-27 18:17:49.309 TRACE 86389 --- [           main] o.h.type.descriptor.sql.BasicBinder      : binding parameter [6] as [TIMESTAMP] - [2018-11-26T14:30]
2020-10-27 18:17:49.309 TRACE 86389 --- [           main] o.h.type.descriptor.sql.BasicBinder      : binding parameter [8] as [BOOLEAN] - [false]
2020-10-27 18:17:49.309 TRACE 86389 --- [           main] o.h.type.descriptor.sql.BasicBinder      : binding parameter [9] as [INTEGER] - [100]
2020-10-27 18:17:49.310 TRACE 86389 --- [           main] o.h.type.descriptor.sql.BasicBinder      : binding parameter [10] as [VARCHAR] - [강남역 D2 스타텁 팩토리]
2020-10-27 18:17:49.310 TRACE 86389 --- [           main] o.h.type.descriptor.sql.BasicBinder      : binding parameter [11] as [INTEGER] - [null]
2020-10-27 18:17:49.310 TRACE 86389 --- [           main] o.h.type.descriptor.sql.BasicBinder      : binding parameter [12] as [INTEGER] - [200]
2020-10-27 18:17:49.310 TRACE 86389 --- [           main] o.h.type.descriptor.sql.BasicBinder      : binding parameter [13] as [VARCHAR] - [event 10]
2020-10-27 18:17:49.310 TRACE 86389 --- [           main] o.h.type.descriptor.sql.BasicBinder      : binding parameter [14] as [BOOLEAN] - [true]
2020-10-27 18:17:49.310 TRACE 86389 --- [           main] o.h.type.descriptor.sql.BasicBinder      : binding parameter [15] as [INTEGER] - [14]
2020-10-27 18:17:49.311 DEBUG 86389 --- [           main] org.hibernate.SQL                        : 
    call next value for hibernate_sequence
2020-10-27 18:17:49.311 DEBUG 86389 --- [           main] org.hibernate.SQL                        : 
    insert 
    into
        event
        (base_price, begin_enrollment_date_time, begin_event_date_time, close_enrollment_date_time, description, end_event_date_time, event_status, free, limit_of_enrollment, location, manager_id, max_price, name, offline, id) 
    values
        (?, ?, ?, ?, ?, ?, ?, ?, ?, ?, ?, ?, ?, ?, ?)
2020-10-27 18:17:49.312 TRACE 86389 --- [           main] o.h.type.descriptor.sql.BasicBinder      : binding parameter [1] as [INTEGER] - [100]
2020-10-27 18:17:49.312 TRACE 86389 --- [           main] o.h.type.descriptor.sql.BasicBinder      : binding parameter [2] as [TIMESTAMP] - [2018-11-23T14:20]
2020-10-27 18:17:49.312 TRACE 86389 --- [           main] o.h.type.descriptor.sql.BasicBinder      : binding parameter [3] as [TIMESTAMP] - [2018-11-25T14:30]
2020-10-27 18:17:49.312 TRACE 86389 --- [           main] o.h.type.descriptor.sql.BasicBinder      : binding parameter [4] as [TIMESTAMP] - [2018-11-24T14:30]
2020-10-27 18:17:49.312 TRACE 86389 --- [           main] o.h.type.descriptor.sql.BasicBinder      : binding parameter [5] as [VARCHAR] - [test event]
2020-10-27 18:17:49.312 TRACE 86389 --- [           main] o.h.type.descriptor.sql.BasicBinder      : binding parameter [6] as [TIMESTAMP] - [2018-11-26T14:30]
2020-10-27 18:17:49.312 TRACE 86389 --- [           main] o.h.type.descriptor.sql.BasicBinder      : binding parameter [8] as [BOOLEAN] - [false]
2020-10-27 18:17:49.312 TRACE 86389 --- [           main] o.h.type.descriptor.sql.BasicBinder      : binding parameter [9] as [INTEGER] - [100]
2020-10-27 18:17:49.312 TRACE 86389 --- [           main] o.h.type.descriptor.sql.BasicBinder      : binding parameter [10] as [VARCHAR] - [강남역 D2 스타텁 팩토리]
2020-10-27 18:17:49.312 TRACE 86389 --- [           main] o.h.type.descriptor.sql.BasicBinder      : binding parameter [11] as [INTEGER] - [null]
2020-10-27 18:17:49.312 TRACE 86389 --- [           main] o.h.type.descriptor.sql.BasicBinder      : binding parameter [12] as [INTEGER] - [200]
2020-10-27 18:17:49.312 TRACE 86389 --- [           main] o.h.type.descriptor.sql.BasicBinder      : binding parameter [13] as [VARCHAR] - [event 11]
2020-10-27 18:17:49.313 TRACE 86389 --- [           main] o.h.type.descriptor.sql.BasicBinder      : binding parameter [14] as [BOOLEAN] - [true]
2020-10-27 18:17:49.313 TRACE 86389 --- [           main] o.h.type.descriptor.sql.BasicBinder      : binding parameter [15] as [INTEGER] - [15]
2020-10-27 18:17:49.314 DEBUG 86389 --- [           main] org.hibernate.SQL                        : 
    call next value for hibernate_sequence
2020-10-27 18:17:49.315 DEBUG 86389 --- [           main] org.hibernate.SQL                        : 
    insert 
    into
        event
        (base_price, begin_enrollment_date_time, begin_event_date_time, close_enrollment_date_time, description, end_event_date_time, event_status, free, limit_of_enrollment, location, manager_id, max_price, name, offline, id) 
    values
        (?, ?, ?, ?, ?, ?, ?, ?, ?, ?, ?, ?, ?, ?, ?)
2020-10-27 18:17:49.315 TRACE 86389 --- [           main] o.h.type.descriptor.sql.BasicBinder      : binding parameter [1] as [INTEGER] - [100]
2020-10-27 18:17:49.315 TRACE 86389 --- [           main] o.h.type.descriptor.sql.BasicBinder      : binding parameter [2] as [TIMESTAMP] - [2018-11-23T14:20]
2020-10-27 18:17:49.315 TRACE 86389 --- [           main] o.h.type.descriptor.sql.BasicBinder      : binding parameter [3] as [TIMESTAMP] - [2018-11-25T14:30]
2020-10-27 18:17:49.315 TRACE 86389 --- [           main] o.h.type.descriptor.sql.BasicBinder      : binding parameter [4] as [TIMESTAMP] - [2018-11-24T14:30]
2020-10-27 18:17:49.315 TRACE 86389 --- [           main] o.h.type.descriptor.sql.BasicBinder      : binding parameter [5] as [VARCHAR] - [test event]
2020-10-27 18:17:49.315 TRACE 86389 --- [           main] o.h.type.descriptor.sql.BasicBinder      : binding parameter [6] as [TIMESTAMP] - [2018-11-26T14:30]
2020-10-27 18:17:49.315 TRACE 86389 --- [           main] o.h.type.descriptor.sql.BasicBinder      : binding parameter [8] as [BOOLEAN] - [false]
2020-10-27 18:17:49.315 TRACE 86389 --- [           main] o.h.type.descriptor.sql.BasicBinder      : binding parameter [9] as [INTEGER] - [100]
2020-10-27 18:17:49.315 TRACE 86389 --- [           main] o.h.type.descriptor.sql.BasicBinder      : binding parameter [10] as [VARCHAR] - [강남역 D2 스타텁 팩토리]
2020-10-27 18:17:49.316 TRACE 86389 --- [           main] o.h.type.descriptor.sql.BasicBinder      : binding parameter [11] as [INTEGER] - [null]
2020-10-27 18:17:49.316 TRACE 86389 --- [           main] o.h.type.descriptor.sql.BasicBinder      : binding parameter [12] as [INTEGER] - [200]
2020-10-27 18:17:49.316 TRACE 86389 --- [           main] o.h.type.descriptor.sql.BasicBinder      : binding parameter [13] as [VARCHAR] - [event 12]
2020-10-27 18:17:49.316 TRACE 86389 --- [           main] o.h.type.descriptor.sql.BasicBinder      : binding parameter [14] as [BOOLEAN] - [true]
2020-10-27 18:17:49.316 TRACE 86389 --- [           main] o.h.type.descriptor.sql.BasicBinder      : binding parameter [15] as [INTEGER] - [16]
2020-10-27 18:17:49.317 DEBUG 86389 --- [           main] org.hibernate.SQL                        : 
    call next value for hibernate_sequence
2020-10-27 18:17:49.317 DEBUG 86389 --- [           main] org.hibernate.SQL                        : 
    insert 
    into
        event
        (base_price, begin_enrollment_date_time, begin_event_date_time, close_enrollment_date_time, description, end_event_date_time, event_status, free, limit_of_enrollment, location, manager_id, max_price, name, offline, id) 
    values
        (?, ?, ?, ?, ?, ?, ?, ?, ?, ?, ?, ?, ?, ?, ?)
2020-10-27 18:17:49.317 TRACE 86389 --- [           main] o.h.type.descriptor.sql.BasicBinder      : binding parameter [1] as [INTEGER] - [100]
2020-10-27 18:17:49.317 TRACE 86389 --- [           main] o.h.type.descriptor.sql.BasicBinder      : binding parameter [2] as [TIMESTAMP] - [2018-11-23T14:20]
2020-10-27 18:17:49.317 TRACE 86389 --- [           main] o.h.type.descriptor.sql.BasicBinder      : binding parameter [3] as [TIMESTAMP] - [2018-11-25T14:30]
2020-10-27 18:17:49.318 TRACE 86389 --- [           main] o.h.type.descriptor.sql.BasicBinder      : binding parameter [4] as [TIMESTAMP] - [2018-11-24T14:30]
2020-10-27 18:17:49.318 TRACE 86389 --- [           main] o.h.type.descriptor.sql.BasicBinder      : binding parameter [5] as [VARCHAR] - [test event]
2020-10-27 18:17:49.318 TRACE 86389 --- [           main] o.h.type.descriptor.sql.BasicBinder      : binding parameter [6] as [TIMESTAMP] - [2018-11-26T14:30]
2020-10-27 18:17:49.318 TRACE 86389 --- [           main] o.h.type.descriptor.sql.BasicBinder      : binding parameter [8] as [BOOLEAN] - [false]
2020-10-27 18:17:49.318 TRACE 86389 --- [           main] o.h.type.descriptor.sql.BasicBinder      : binding parameter [9] as [INTEGER] - [100]
2020-10-27 18:17:49.318 TRACE 86389 --- [           main] o.h.type.descriptor.sql.BasicBinder      : binding parameter [10] as [VARCHAR] - [강남역 D2 스타텁 팩토리]
2020-10-27 18:17:49.318 TRACE 86389 --- [           main] o.h.type.descriptor.sql.BasicBinder      : binding parameter [11] as [INTEGER] - [null]
2020-10-27 18:17:49.318 TRACE 86389 --- [           main] o.h.type.descriptor.sql.BasicBinder      : binding parameter [12] as [INTEGER] - [200]
2020-10-27 18:17:49.318 TRACE 86389 --- [           main] o.h.type.descriptor.sql.BasicBinder      : binding parameter [13] as [VARCHAR] - [event 13]
2020-10-27 18:17:49.318 TRACE 86389 --- [           main] o.h.type.descriptor.sql.BasicBinder      : binding parameter [14] as [BOOLEAN] - [true]
2020-10-27 18:17:49.318 TRACE 86389 --- [           main] o.h.type.descriptor.sql.BasicBinder      : binding parameter [15] as [INTEGER] - [17]
2020-10-27 18:17:49.319 DEBUG 86389 --- [           main] org.hibernate.SQL                        : 
    call next value for hibernate_sequence
2020-10-27 18:17:49.319 DEBUG 86389 --- [           main] org.hibernate.SQL                        : 
    insert 
    into
        event
        (base_price, begin_enrollment_date_time, begin_event_date_time, close_enrollment_date_time, description, end_event_date_time, event_status, free, limit_of_enrollment, location, manager_id, max_price, name, offline, id) 
    values
        (?, ?, ?, ?, ?, ?, ?, ?, ?, ?, ?, ?, ?, ?, ?)
2020-10-27 18:17:49.319 TRACE 86389 --- [           main] o.h.type.descriptor.sql.BasicBinder      : binding parameter [1] as [INTEGER] - [100]
2020-10-27 18:17:49.319 TRACE 86389 --- [           main] o.h.type.descriptor.sql.BasicBinder      : binding parameter [2] as [TIMESTAMP] - [2018-11-23T14:20]
2020-10-27 18:17:49.319 TRACE 86389 --- [           main] o.h.type.descriptor.sql.BasicBinder      : binding parameter [3] as [TIMESTAMP] - [2018-11-25T14:30]
2020-10-27 18:17:49.320 TRACE 86389 --- [           main] o.h.type.descriptor.sql.BasicBinder      : binding parameter [4] as [TIMESTAMP] - [2018-11-24T14:30]
2020-10-27 18:17:49.320 TRACE 86389 --- [           main] o.h.type.descriptor.sql.BasicBinder      : binding parameter [5] as [VARCHAR] - [test event]
2020-10-27 18:17:49.320 TRACE 86389 --- [           main] o.h.type.descriptor.sql.BasicBinder      : binding parameter [6] as [TIMESTAMP] - [2018-11-26T14:30]
2020-10-27 18:17:49.320 TRACE 86389 --- [           main] o.h.type.descriptor.sql.BasicBinder      : binding parameter [8] as [BOOLEAN] - [false]
2020-10-27 18:17:49.320 TRACE 86389 --- [           main] o.h.type.descriptor.sql.BasicBinder      : binding parameter [9] as [INTEGER] - [100]
2020-10-27 18:17:49.320 TRACE 86389 --- [           main] o.h.type.descriptor.sql.BasicBinder      : binding parameter [10] as [VARCHAR] - [강남역 D2 스타텁 팩토리]
2020-10-27 18:17:49.320 TRACE 86389 --- [           main] o.h.type.descriptor.sql.BasicBinder      : binding parameter [11] as [INTEGER] - [null]
2020-10-27 18:17:49.320 TRACE 86389 --- [           main] o.h.type.descriptor.sql.BasicBinder      : binding parameter [12] as [INTEGER] - [200]
2020-10-27 18:17:49.320 TRACE 86389 --- [           main] o.h.type.descriptor.sql.BasicBinder      : binding parameter [13] as [VARCHAR] - [event 14]
2020-10-27 18:17:49.320 TRACE 86389 --- [           main] o.h.type.descriptor.sql.BasicBinder      : binding parameter [14] as [BOOLEAN] - [true]
2020-10-27 18:17:49.320 TRACE 86389 --- [           main] o.h.type.descriptor.sql.BasicBinder      : binding parameter [15] as [INTEGER] - [18]
2020-10-27 18:17:49.321 DEBUG 86389 --- [           main] org.hibernate.SQL                        : 
    call next value for hibernate_sequence
2020-10-27 18:17:49.321 DEBUG 86389 --- [           main] org.hibernate.SQL                        : 
    insert 
    into
        event
        (base_price, begin_enrollment_date_time, begin_event_date_time, close_enrollment_date_time, description, end_event_date_time, event_status, free, limit_of_enrollment, location, manager_id, max_price, name, offline, id) 
    values
        (?, ?, ?, ?, ?, ?, ?, ?, ?, ?, ?, ?, ?, ?, ?)
2020-10-27 18:17:49.321 TRACE 86389 --- [           main] o.h.type.descriptor.sql.BasicBinder      : binding parameter [1] as [INTEGER] - [100]
2020-10-27 18:17:49.321 TRACE 86389 --- [           main] o.h.type.descriptor.sql.BasicBinder      : binding parameter [2] as [TIMESTAMP] - [2018-11-23T14:20]
2020-10-27 18:17:49.321 TRACE 86389 --- [           main] o.h.type.descriptor.sql.BasicBinder      : binding parameter [3] as [TIMESTAMP] - [2018-11-25T14:30]
2020-10-27 18:17:49.321 TRACE 86389 --- [           main] o.h.type.descriptor.sql.BasicBinder      : binding parameter [4] as [TIMESTAMP] - [2018-11-24T14:30]
2020-10-27 18:17:49.321 TRACE 86389 --- [           main] o.h.type.descriptor.sql.BasicBinder      : binding parameter [5] as [VARCHAR] - [test event]
2020-10-27 18:17:49.321 TRACE 86389 --- [           main] o.h.type.descriptor.sql.BasicBinder      : binding parameter [6] as [TIMESTAMP] - [2018-11-26T14:30]
2020-10-27 18:17:49.321 TRACE 86389 --- [           main] o.h.type.descriptor.sql.BasicBinder      : binding parameter [8] as [BOOLEAN] - [false]
2020-10-27 18:17:49.321 TRACE 86389 --- [           main] o.h.type.descriptor.sql.BasicBinder      : binding parameter [9] as [INTEGER] - [100]
2020-10-27 18:17:49.322 TRACE 86389 --- [           main] o.h.type.descriptor.sql.BasicBinder      : binding parameter [10] as [VARCHAR] - [강남역 D2 스타텁 팩토리]
2020-10-27 18:17:49.322 TRACE 86389 --- [           main] o.h.type.descriptor.sql.BasicBinder      : binding parameter [11] as [INTEGER] - [null]
2020-10-27 18:17:49.322 TRACE 86389 --- [           main] o.h.type.descriptor.sql.BasicBinder      : binding parameter [12] as [INTEGER] - [200]
2020-10-27 18:17:49.322 TRACE 86389 --- [           main] o.h.type.descriptor.sql.BasicBinder      : binding parameter [13] as [VARCHAR] - [event 15]
2020-10-27 18:17:49.322 TRACE 86389 --- [           main] o.h.type.descriptor.sql.BasicBinder      : binding parameter [14] as [BOOLEAN] - [true]
2020-10-27 18:17:49.322 TRACE 86389 --- [           main] o.h.type.descriptor.sql.BasicBinder      : binding parameter [15] as [INTEGER] - [19]
2020-10-27 18:17:49.323 DEBUG 86389 --- [           main] org.hibernate.SQL                        : 
    call next value for hibernate_sequence
2020-10-27 18:17:49.323 DEBUG 86389 --- [           main] org.hibernate.SQL                        : 
    insert 
    into
        event
        (base_price, begin_enrollment_date_time, begin_event_date_time, close_enrollment_date_time, description, end_event_date_time, event_status, free, limit_of_enrollment, location, manager_id, max_price, name, offline, id) 
    values
        (?, ?, ?, ?, ?, ?, ?, ?, ?, ?, ?, ?, ?, ?, ?)
2020-10-27 18:17:49.323 TRACE 86389 --- [           main] o.h.type.descriptor.sql.BasicBinder      : binding parameter [1] as [INTEGER] - [100]
2020-10-27 18:17:49.323 TRACE 86389 --- [           main] o.h.type.descriptor.sql.BasicBinder      : binding parameter [2] as [TIMESTAMP] - [2018-11-23T14:20]
2020-10-27 18:17:49.324 TRACE 86389 --- [           main] o.h.type.descriptor.sql.BasicBinder      : binding parameter [3] as [TIMESTAMP] - [2018-11-25T14:30]
2020-10-27 18:17:49.324 TRACE 86389 --- [           main] o.h.type.descriptor.sql.BasicBinder      : binding parameter [4] as [TIMESTAMP] - [2018-11-24T14:30]
2020-10-27 18:17:49.324 TRACE 86389 --- [           main] o.h.type.descriptor.sql.BasicBinder      : binding parameter [5] as [VARCHAR] - [test event]
2020-10-27 18:17:49.324 TRACE 86389 --- [           main] o.h.type.descriptor.sql.BasicBinder      : binding parameter [6] as [TIMESTAMP] - [2018-11-26T14:30]
2020-10-27 18:17:49.324 TRACE 86389 --- [           main] o.h.type.descriptor.sql.BasicBinder      : binding parameter [8] as [BOOLEAN] - [false]
2020-10-27 18:17:49.324 TRACE 86389 --- [           main] o.h.type.descriptor.sql.BasicBinder      : binding parameter [9] as [INTEGER] - [100]
2020-10-27 18:17:49.324 TRACE 86389 --- [           main] o.h.type.descriptor.sql.BasicBinder      : binding parameter [10] as [VARCHAR] - [강남역 D2 스타텁 팩토리]
2020-10-27 18:17:49.324 TRACE 86389 --- [           main] o.h.type.descriptor.sql.BasicBinder      : binding parameter [11] as [INTEGER] - [null]
2020-10-27 18:17:49.324 TRACE 86389 --- [           main] o.h.type.descriptor.sql.BasicBinder      : binding parameter [12] as [INTEGER] - [200]
2020-10-27 18:17:49.324 TRACE 86389 --- [           main] o.h.type.descriptor.sql.BasicBinder      : binding parameter [13] as [VARCHAR] - [event 16]
2020-10-27 18:17:49.324 TRACE 86389 --- [           main] o.h.type.descriptor.sql.BasicBinder      : binding parameter [14] as [BOOLEAN] - [true]
2020-10-27 18:17:49.324 TRACE 86389 --- [           main] o.h.type.descriptor.sql.BasicBinder      : binding parameter [15] as [INTEGER] - [20]
2020-10-27 18:17:49.325 DEBUG 86389 --- [           main] org.hibernate.SQL                        : 
    call next value for hibernate_sequence
2020-10-27 18:17:49.326 DEBUG 86389 --- [           main] org.hibernate.SQL                        : 
    insert 
    into
        event
        (base_price, begin_enrollment_date_time, begin_event_date_time, close_enrollment_date_time, description, end_event_date_time, event_status, free, limit_of_enrollment, location, manager_id, max_price, name, offline, id) 
    values
        (?, ?, ?, ?, ?, ?, ?, ?, ?, ?, ?, ?, ?, ?, ?)
2020-10-27 18:17:49.326 TRACE 86389 --- [           main] o.h.type.descriptor.sql.BasicBinder      : binding parameter [1] as [INTEGER] - [100]
2020-10-27 18:17:49.326 TRACE 86389 --- [           main] o.h.type.descriptor.sql.BasicBinder      : binding parameter [2] as [TIMESTAMP] - [2018-11-23T14:20]
2020-10-27 18:17:49.326 TRACE 86389 --- [           main] o.h.type.descriptor.sql.BasicBinder      : binding parameter [3] as [TIMESTAMP] - [2018-11-25T14:30]
2020-10-27 18:17:49.326 TRACE 86389 --- [           main] o.h.type.descriptor.sql.BasicBinder      : binding parameter [4] as [TIMESTAMP] - [2018-11-24T14:30]
2020-10-27 18:17:49.326 TRACE 86389 --- [           main] o.h.type.descriptor.sql.BasicBinder      : binding parameter [5] as [VARCHAR] - [test event]
2020-10-27 18:17:49.326 TRACE 86389 --- [           main] o.h.type.descriptor.sql.BasicBinder      : binding parameter [6] as [TIMESTAMP] - [2018-11-26T14:30]
2020-10-27 18:17:49.326 TRACE 86389 --- [           main] o.h.type.descriptor.sql.BasicBinder      : binding parameter [8] as [BOOLEAN] - [false]
2020-10-27 18:17:49.326 TRACE 86389 --- [           main] o.h.type.descriptor.sql.BasicBinder      : binding parameter [9] as [INTEGER] - [100]
2020-10-27 18:17:49.326 TRACE 86389 --- [           main] o.h.type.descriptor.sql.BasicBinder      : binding parameter [10] as [VARCHAR] - [강남역 D2 스타텁 팩토리]
2020-10-27 18:17:49.326 TRACE 86389 --- [           main] o.h.type.descriptor.sql.BasicBinder      : binding parameter [11] as [INTEGER] - [null]
2020-10-27 18:17:49.326 TRACE 86389 --- [           main] o.h.type.descriptor.sql.BasicBinder      : binding parameter [12] as [INTEGER] - [200]
2020-10-27 18:17:49.326 TRACE 86389 --- [           main] o.h.type.descriptor.sql.BasicBinder      : binding parameter [13] as [VARCHAR] - [event 17]
2020-10-27 18:17:49.326 TRACE 86389 --- [           main] o.h.type.descriptor.sql.BasicBinder      : binding parameter [14] as [BOOLEAN] - [true]
2020-10-27 18:17:49.326 TRACE 86389 --- [           main] o.h.type.descriptor.sql.BasicBinder      : binding parameter [15] as [INTEGER] - [21]
2020-10-27 18:17:49.327 DEBUG 86389 --- [           main] org.hibernate.SQL                        : 
    call next value for hibernate_sequence
2020-10-27 18:17:49.328 DEBUG 86389 --- [           main] org.hibernate.SQL                        : 
    insert 
    into
        event
        (base_price, begin_enrollment_date_time, begin_event_date_time, close_enrollment_date_time, description, end_event_date_time, event_status, free, limit_of_enrollment, location, manager_id, max_price, name, offline, id) 
    values
        (?, ?, ?, ?, ?, ?, ?, ?, ?, ?, ?, ?, ?, ?, ?)
2020-10-27 18:17:49.328 TRACE 86389 --- [           main] o.h.type.descriptor.sql.BasicBinder      : binding parameter [1] as [INTEGER] - [100]
2020-10-27 18:17:49.328 TRACE 86389 --- [           main] o.h.type.descriptor.sql.BasicBinder      : binding parameter [2] as [TIMESTAMP] - [2018-11-23T14:20]
2020-10-27 18:17:49.328 TRACE 86389 --- [           main] o.h.type.descriptor.sql.BasicBinder      : binding parameter [3] as [TIMESTAMP] - [2018-11-25T14:30]
2020-10-27 18:17:49.328 TRACE 86389 --- [           main] o.h.type.descriptor.sql.BasicBinder      : binding parameter [4] as [TIMESTAMP] - [2018-11-24T14:30]
2020-10-27 18:17:49.328 TRACE 86389 --- [           main] o.h.type.descriptor.sql.BasicBinder      : binding parameter [5] as [VARCHAR] - [test event]
2020-10-27 18:17:49.328 TRACE 86389 --- [           main] o.h.type.descriptor.sql.BasicBinder      : binding parameter [6] as [TIMESTAMP] - [2018-11-26T14:30]
2020-10-27 18:17:49.328 TRACE 86389 --- [           main] o.h.type.descriptor.sql.BasicBinder      : binding parameter [8] as [BOOLEAN] - [false]
2020-10-27 18:17:49.328 TRACE 86389 --- [           main] o.h.type.descriptor.sql.BasicBinder      : binding parameter [9] as [INTEGER] - [100]
2020-10-27 18:17:49.328 TRACE 86389 --- [           main] o.h.type.descriptor.sql.BasicBinder      : binding parameter [10] as [VARCHAR] - [강남역 D2 스타텁 팩토리]
2020-10-27 18:17:49.328 TRACE 86389 --- [           main] o.h.type.descriptor.sql.BasicBinder      : binding parameter [11] as [INTEGER] - [null]
2020-10-27 18:17:49.328 TRACE 86389 --- [           main] o.h.type.descriptor.sql.BasicBinder      : binding parameter [12] as [INTEGER] - [200]
2020-10-27 18:17:49.328 TRACE 86389 --- [           main] o.h.type.descriptor.sql.BasicBinder      : binding parameter [13] as [VARCHAR] - [event 18]
2020-10-27 18:17:49.328 TRACE 86389 --- [           main] o.h.type.descriptor.sql.BasicBinder      : binding parameter [14] as [BOOLEAN] - [true]
2020-10-27 18:17:49.328 TRACE 86389 --- [           main] o.h.type.descriptor.sql.BasicBinder      : binding parameter [15] as [INTEGER] - [22]
2020-10-27 18:17:49.329 DEBUG 86389 --- [           main] org.hibernate.SQL                        : 
    call next value for hibernate_sequence
2020-10-27 18:17:49.329 DEBUG 86389 --- [           main] org.hibernate.SQL                        : 
    insert 
    into
        event
        (base_price, begin_enrollment_date_time, begin_event_date_time, close_enrollment_date_time, description, end_event_date_time, event_status, free, limit_of_enrollment, location, manager_id, max_price, name, offline, id) 
    values
        (?, ?, ?, ?, ?, ?, ?, ?, ?, ?, ?, ?, ?, ?, ?)
2020-10-27 18:17:49.330 TRACE 86389 --- [           main] o.h.type.descriptor.sql.BasicBinder      : binding parameter [1] as [INTEGER] - [100]
2020-10-27 18:17:49.330 TRACE 86389 --- [           main] o.h.type.descriptor.sql.BasicBinder      : binding parameter [2] as [TIMESTAMP] - [2018-11-23T14:20]
2020-10-27 18:17:49.330 TRACE 86389 --- [           main] o.h.type.descriptor.sql.BasicBinder      : binding parameter [3] as [TIMESTAMP] - [2018-11-25T14:30]
2020-10-27 18:17:49.330 TRACE 86389 --- [           main] o.h.type.descriptor.sql.BasicBinder      : binding parameter [4] as [TIMESTAMP] - [2018-11-24T14:30]
2020-10-27 18:17:49.330 TRACE 86389 --- [           main] o.h.type.descriptor.sql.BasicBinder      : binding parameter [5] as [VARCHAR] - [test event]
2020-10-27 18:17:49.330 TRACE 86389 --- [           main] o.h.type.descriptor.sql.BasicBinder      : binding parameter [6] as [TIMESTAMP] - [2018-11-26T14:30]
2020-10-27 18:17:49.330 TRACE 86389 --- [           main] o.h.type.descriptor.sql.BasicBinder      : binding parameter [8] as [BOOLEAN] - [false]
2020-10-27 18:17:49.330 TRACE 86389 --- [           main] o.h.type.descriptor.sql.BasicBinder      : binding parameter [9] as [INTEGER] - [100]
2020-10-27 18:17:49.330 TRACE 86389 --- [           main] o.h.type.descriptor.sql.BasicBinder      : binding parameter [10] as [VARCHAR] - [강남역 D2 스타텁 팩토리]
2020-10-27 18:17:49.330 TRACE 86389 --- [           main] o.h.type.descriptor.sql.BasicBinder      : binding parameter [11] as [INTEGER] - [null]
2020-10-27 18:17:49.330 TRACE 86389 --- [           main] o.h.type.descriptor.sql.BasicBinder      : binding parameter [12] as [INTEGER] - [200]
2020-10-27 18:17:49.330 TRACE 86389 --- [           main] o.h.type.descriptor.sql.BasicBinder      : binding parameter [13] as [VARCHAR] - [event 19]
2020-10-27 18:17:49.330 TRACE 86389 --- [           main] o.h.type.descriptor.sql.BasicBinder      : binding parameter [14] as [BOOLEAN] - [true]
2020-10-27 18:17:49.330 TRACE 86389 --- [           main] o.h.type.descriptor.sql.BasicBinder      : binding parameter [15] as [INTEGER] - [23]
2020-10-27 18:17:49.331 DEBUG 86389 --- [           main] org.hibernate.SQL                        : 
    call next value for hibernate_sequence
2020-10-27 18:17:49.331 DEBUG 86389 --- [           main] org.hibernate.SQL                        : 
    insert 
    into
        event
        (base_price, begin_enrollment_date_time, begin_event_date_time, close_enrollment_date_time, description, end_event_date_time, event_status, free, limit_of_enrollment, location, manager_id, max_price, name, offline, id) 
    values
        (?, ?, ?, ?, ?, ?, ?, ?, ?, ?, ?, ?, ?, ?, ?)
2020-10-27 18:17:49.331 TRACE 86389 --- [           main] o.h.type.descriptor.sql.BasicBinder      : binding parameter [1] as [INTEGER] - [100]
2020-10-27 18:17:49.331 TRACE 86389 --- [           main] o.h.type.descriptor.sql.BasicBinder      : binding parameter [2] as [TIMESTAMP] - [2018-11-23T14:20]
2020-10-27 18:17:49.331 TRACE 86389 --- [           main] o.h.type.descriptor.sql.BasicBinder      : binding parameter [3] as [TIMESTAMP] - [2018-11-25T14:30]
2020-10-27 18:17:49.331 TRACE 86389 --- [           main] o.h.type.descriptor.sql.BasicBinder      : binding parameter [4] as [TIMESTAMP] - [2018-11-24T14:30]
2020-10-27 18:17:49.331 TRACE 86389 --- [           main] o.h.type.descriptor.sql.BasicBinder      : binding parameter [5] as [VARCHAR] - [test event]
2020-10-27 18:17:49.331 TRACE 86389 --- [           main] o.h.type.descriptor.sql.BasicBinder      : binding parameter [6] as [TIMESTAMP] - [2018-11-26T14:30]
2020-10-27 18:17:49.331 TRACE 86389 --- [           main] o.h.type.descriptor.sql.BasicBinder      : binding parameter [8] as [BOOLEAN] - [false]
2020-10-27 18:17:49.331 TRACE 86389 --- [           main] o.h.type.descriptor.sql.BasicBinder      : binding parameter [9] as [INTEGER] - [100]
2020-10-27 18:17:49.331 TRACE 86389 --- [           main] o.h.type.descriptor.sql.BasicBinder      : binding parameter [10] as [VARCHAR] - [강남역 D2 스타텁 팩토리]
2020-10-27 18:17:49.331 TRACE 86389 --- [           main] o.h.type.descriptor.sql.BasicBinder      : binding parameter [11] as [INTEGER] - [null]
2020-10-27 18:17:49.331 TRACE 86389 --- [           main] o.h.type.descriptor.sql.BasicBinder      : binding parameter [12] as [INTEGER] - [200]
2020-10-27 18:17:49.331 TRACE 86389 --- [           main] o.h.type.descriptor.sql.BasicBinder      : binding parameter [13] as [VARCHAR] - [event 20]
2020-10-27 18:17:49.331 TRACE 86389 --- [           main] o.h.type.descriptor.sql.BasicBinder      : binding parameter [14] as [BOOLEAN] - [true]
2020-10-27 18:17:49.331 TRACE 86389 --- [           main] o.h.type.descriptor.sql.BasicBinder      : binding parameter [15] as [INTEGER] - [24]
2020-10-27 18:17:49.332 DEBUG 86389 --- [           main] org.hibernate.SQL                        : 
    call next value for hibernate_sequence
2020-10-27 18:17:49.332 DEBUG 86389 --- [           main] org.hibernate.SQL                        : 
    insert 
    into
        event
        (base_price, begin_enrollment_date_time, begin_event_date_time, close_enrollment_date_time, description, end_event_date_time, event_status, free, limit_of_enrollment, location, manager_id, max_price, name, offline, id) 
    values
        (?, ?, ?, ?, ?, ?, ?, ?, ?, ?, ?, ?, ?, ?, ?)
2020-10-27 18:17:49.332 TRACE 86389 --- [           main] o.h.type.descriptor.sql.BasicBinder      : binding parameter [1] as [INTEGER] - [100]
2020-10-27 18:17:49.333 TRACE 86389 --- [           main] o.h.type.descriptor.sql.BasicBinder      : binding parameter [2] as [TIMESTAMP] - [2018-11-23T14:20]
2020-10-27 18:17:49.333 TRACE 86389 --- [           main] o.h.type.descriptor.sql.BasicBinder      : binding parameter [3] as [TIMESTAMP] - [2018-11-25T14:30]
2020-10-27 18:17:49.333 TRACE 86389 --- [           main] o.h.type.descriptor.sql.BasicBinder      : binding parameter [4] as [TIMESTAMP] - [2018-11-24T14:30]
2020-10-27 18:17:49.333 TRACE 86389 --- [           main] o.h.type.descriptor.sql.BasicBinder      : binding parameter [5] as [VARCHAR] - [test event]
2020-10-27 18:17:49.333 TRACE 86389 --- [           main] o.h.type.descriptor.sql.BasicBinder      : binding parameter [6] as [TIMESTAMP] - [2018-11-26T14:30]
2020-10-27 18:17:49.333 TRACE 86389 --- [           main] o.h.type.descriptor.sql.BasicBinder      : binding parameter [8] as [BOOLEAN] - [false]
2020-10-27 18:17:49.333 TRACE 86389 --- [           main] o.h.type.descriptor.sql.BasicBinder      : binding parameter [9] as [INTEGER] - [100]
2020-10-27 18:17:49.333 TRACE 86389 --- [           main] o.h.type.descriptor.sql.BasicBinder      : binding parameter [10] as [VARCHAR] - [강남역 D2 스타텁 팩토리]
2020-10-27 18:17:49.333 TRACE 86389 --- [           main] o.h.type.descriptor.sql.BasicBinder      : binding parameter [11] as [INTEGER] - [null]
2020-10-27 18:17:49.333 TRACE 86389 --- [           main] o.h.type.descriptor.sql.BasicBinder      : binding parameter [12] as [INTEGER] - [200]
2020-10-27 18:17:49.333 TRACE 86389 --- [           main] o.h.type.descriptor.sql.BasicBinder      : binding parameter [13] as [VARCHAR] - [event 21]
2020-10-27 18:17:49.333 TRACE 86389 --- [           main] o.h.type.descriptor.sql.BasicBinder      : binding parameter [14] as [BOOLEAN] - [true]
2020-10-27 18:17:49.333 TRACE 86389 --- [           main] o.h.type.descriptor.sql.BasicBinder      : binding parameter [15] as [INTEGER] - [25]
2020-10-27 18:17:49.333 DEBUG 86389 --- [           main] org.hibernate.SQL                        : 
    call next value for hibernate_sequence
2020-10-27 18:17:49.334 DEBUG 86389 --- [           main] org.hibernate.SQL                        : 
    insert 
    into
        event
        (base_price, begin_enrollment_date_time, begin_event_date_time, close_enrollment_date_time, description, end_event_date_time, event_status, free, limit_of_enrollment, location, manager_id, max_price, name, offline, id) 
    values
        (?, ?, ?, ?, ?, ?, ?, ?, ?, ?, ?, ?, ?, ?, ?)
2020-10-27 18:17:49.334 TRACE 86389 --- [           main] o.h.type.descriptor.sql.BasicBinder      : binding parameter [1] as [INTEGER] - [100]
2020-10-27 18:17:49.334 TRACE 86389 --- [           main] o.h.type.descriptor.sql.BasicBinder      : binding parameter [2] as [TIMESTAMP] - [2018-11-23T14:20]
2020-10-27 18:17:49.334 TRACE 86389 --- [           main] o.h.type.descriptor.sql.BasicBinder      : binding parameter [3] as [TIMESTAMP] - [2018-11-25T14:30]
2020-10-27 18:17:49.334 TRACE 86389 --- [           main] o.h.type.descriptor.sql.BasicBinder      : binding parameter [4] as [TIMESTAMP] - [2018-11-24T14:30]
2020-10-27 18:17:49.334 TRACE 86389 --- [           main] o.h.type.descriptor.sql.BasicBinder      : binding parameter [5] as [VARCHAR] - [test event]
2020-10-27 18:17:49.334 TRACE 86389 --- [           main] o.h.type.descriptor.sql.BasicBinder      : binding parameter [6] as [TIMESTAMP] - [2018-11-26T14:30]
2020-10-27 18:17:49.334 TRACE 86389 --- [           main] o.h.type.descriptor.sql.BasicBinder      : binding parameter [8] as [BOOLEAN] - [false]
2020-10-27 18:17:49.334 TRACE 86389 --- [           main] o.h.type.descriptor.sql.BasicBinder      : binding parameter [9] as [INTEGER] - [100]
2020-10-27 18:17:49.334 TRACE 86389 --- [           main] o.h.type.descriptor.sql.BasicBinder      : binding parameter [10] as [VARCHAR] - [강남역 D2 스타텁 팩토리]
2020-10-27 18:17:49.334 TRACE 86389 --- [           main] o.h.type.descriptor.sql.BasicBinder      : binding parameter [11] as [INTEGER] - [null]
2020-10-27 18:17:49.334 TRACE 86389 --- [           main] o.h.type.descriptor.sql.BasicBinder      : binding parameter [12] as [INTEGER] - [200]
2020-10-27 18:17:49.334 TRACE 86389 --- [           main] o.h.type.descriptor.sql.BasicBinder      : binding parameter [13] as [VARCHAR] - [event 22]
2020-10-27 18:17:49.334 TRACE 86389 --- [           main] o.h.type.descriptor.sql.BasicBinder      : binding parameter [14] as [BOOLEAN] - [true]
2020-10-27 18:17:49.334 TRACE 86389 --- [           main] o.h.type.descriptor.sql.BasicBinder      : binding parameter [15] as [INTEGER] - [26]
2020-10-27 18:17:49.335 DEBUG 86389 --- [           main] org.hibernate.SQL                        : 
    call next value for hibernate_sequence
2020-10-27 18:17:49.335 DEBUG 86389 --- [           main] org.hibernate.SQL                        : 
    insert 
    into
        event
        (base_price, begin_enrollment_date_time, begin_event_date_time, close_enrollment_date_time, description, end_event_date_time, event_status, free, limit_of_enrollment, location, manager_id, max_price, name, offline, id) 
    values
        (?, ?, ?, ?, ?, ?, ?, ?, ?, ?, ?, ?, ?, ?, ?)
2020-10-27 18:17:49.335 TRACE 86389 --- [           main] o.h.type.descriptor.sql.BasicBinder      : binding parameter [1] as [INTEGER] - [100]
2020-10-27 18:17:49.335 TRACE 86389 --- [           main] o.h.type.descriptor.sql.BasicBinder      : binding parameter [2] as [TIMESTAMP] - [2018-11-23T14:20]
2020-10-27 18:17:49.335 TRACE 86389 --- [           main] o.h.type.descriptor.sql.BasicBinder      : binding parameter [3] as [TIMESTAMP] - [2018-11-25T14:30]
2020-10-27 18:17:49.335 TRACE 86389 --- [           main] o.h.type.descriptor.sql.BasicBinder      : binding parameter [4] as [TIMESTAMP] - [2018-11-24T14:30]
2020-10-27 18:17:49.336 TRACE 86389 --- [           main] o.h.type.descriptor.sql.BasicBinder      : binding parameter [5] as [VARCHAR] - [test event]
2020-10-27 18:17:49.336 TRACE 86389 --- [           main] o.h.type.descriptor.sql.BasicBinder      : binding parameter [6] as [TIMESTAMP] - [2018-11-26T14:30]
2020-10-27 18:17:49.336 TRACE 86389 --- [           main] o.h.type.descriptor.sql.BasicBinder      : binding parameter [8] as [BOOLEAN] - [false]
2020-10-27 18:17:49.336 TRACE 86389 --- [           main] o.h.type.descriptor.sql.BasicBinder      : binding parameter [9] as [INTEGER] - [100]
2020-10-27 18:17:49.336 TRACE 86389 --- [           main] o.h.type.descriptor.sql.BasicBinder      : binding parameter [10] as [VARCHAR] - [강남역 D2 스타텁 팩토리]
2020-10-27 18:17:49.336 TRACE 86389 --- [           main] o.h.type.descriptor.sql.BasicBinder      : binding parameter [11] as [INTEGER] - [null]
2020-10-27 18:17:49.336 TRACE 86389 --- [           main] o.h.type.descriptor.sql.BasicBinder      : binding parameter [12] as [INTEGER] - [200]
2020-10-27 18:17:49.336 TRACE 86389 --- [           main] o.h.type.descriptor.sql.BasicBinder      : binding parameter [13] as [VARCHAR] - [event 23]
2020-10-27 18:17:49.336 TRACE 86389 --- [           main] o.h.type.descriptor.sql.BasicBinder      : binding parameter [14] as [BOOLEAN] - [true]
2020-10-27 18:17:49.336 TRACE 86389 --- [           main] o.h.type.descriptor.sql.BasicBinder      : binding parameter [15] as [INTEGER] - [27]
2020-10-27 18:17:49.336 DEBUG 86389 --- [           main] org.hibernate.SQL                        : 
    call next value for hibernate_sequence
2020-10-27 18:17:49.337 DEBUG 86389 --- [           main] org.hibernate.SQL                        : 
    insert 
    into
        event
        (base_price, begin_enrollment_date_time, begin_event_date_time, close_enrollment_date_time, description, end_event_date_time, event_status, free, limit_of_enrollment, location, manager_id, max_price, name, offline, id) 
    values
        (?, ?, ?, ?, ?, ?, ?, ?, ?, ?, ?, ?, ?, ?, ?)
2020-10-27 18:17:49.337 TRACE 86389 --- [           main] o.h.type.descriptor.sql.BasicBinder      : binding parameter [1] as [INTEGER] - [100]
2020-10-27 18:17:49.337 TRACE 86389 --- [           main] o.h.type.descriptor.sql.BasicBinder      : binding parameter [2] as [TIMESTAMP] - [2018-11-23T14:20]
2020-10-27 18:17:49.337 TRACE 86389 --- [           main] o.h.type.descriptor.sql.BasicBinder      : binding parameter [3] as [TIMESTAMP] - [2018-11-25T14:30]
2020-10-27 18:17:49.337 TRACE 86389 --- [           main] o.h.type.descriptor.sql.BasicBinder      : binding parameter [4] as [TIMESTAMP] - [2018-11-24T14:30]
2020-10-27 18:17:49.337 TRACE 86389 --- [           main] o.h.type.descriptor.sql.BasicBinder      : binding parameter [5] as [VARCHAR] - [test event]
2020-10-27 18:17:49.337 TRACE 86389 --- [           main] o.h.type.descriptor.sql.BasicBinder      : binding parameter [6] as [TIMESTAMP] - [2018-11-26T14:30]
2020-10-27 18:17:49.337 TRACE 86389 --- [           main] o.h.type.descriptor.sql.BasicBinder      : binding parameter [8] as [BOOLEAN] - [false]
2020-10-27 18:17:49.337 TRACE 86389 --- [           main] o.h.type.descriptor.sql.BasicBinder      : binding parameter [9] as [INTEGER] - [100]
2020-10-27 18:17:49.337 TRACE 86389 --- [           main] o.h.type.descriptor.sql.BasicBinder      : binding parameter [10] as [VARCHAR] - [강남역 D2 스타텁 팩토리]
2020-10-27 18:17:49.337 TRACE 86389 --- [           main] o.h.type.descriptor.sql.BasicBinder      : binding parameter [11] as [INTEGER] - [null]
2020-10-27 18:17:49.337 TRACE 86389 --- [           main] o.h.type.descriptor.sql.BasicBinder      : binding parameter [12] as [INTEGER] - [200]
2020-10-27 18:17:49.337 TRACE 86389 --- [           main] o.h.type.descriptor.sql.BasicBinder      : binding parameter [13] as [VARCHAR] - [event 24]
2020-10-27 18:17:49.337 TRACE 86389 --- [           main] o.h.type.descriptor.sql.BasicBinder      : binding parameter [14] as [BOOLEAN] - [true]
2020-10-27 18:17:49.337 TRACE 86389 --- [           main] o.h.type.descriptor.sql.BasicBinder      : binding parameter [15] as [INTEGER] - [28]
2020-10-27 18:17:49.338 DEBUG 86389 --- [           main] org.hibernate.SQL                        : 
    call next value for hibernate_sequence
2020-10-27 18:17:49.338 DEBUG 86389 --- [           main] org.hibernate.SQL                        : 
    insert 
    into
        event
        (base_price, begin_enrollment_date_time, begin_event_date_time, close_enrollment_date_time, description, end_event_date_time, event_status, free, limit_of_enrollment, location, manager_id, max_price, name, offline, id) 
    values
        (?, ?, ?, ?, ?, ?, ?, ?, ?, ?, ?, ?, ?, ?, ?)
2020-10-27 18:17:49.338 TRACE 86389 --- [           main] o.h.type.descriptor.sql.BasicBinder      : binding parameter [1] as [INTEGER] - [100]
2020-10-27 18:17:49.338 TRACE 86389 --- [           main] o.h.type.descriptor.sql.BasicBinder      : binding parameter [2] as [TIMESTAMP] - [2018-11-23T14:20]
2020-10-27 18:17:49.338 TRACE 86389 --- [           main] o.h.type.descriptor.sql.BasicBinder      : binding parameter [3] as [TIMESTAMP] - [2018-11-25T14:30]
2020-10-27 18:17:49.338 TRACE 86389 --- [           main] o.h.type.descriptor.sql.BasicBinder      : binding parameter [4] as [TIMESTAMP] - [2018-11-24T14:30]
2020-10-27 18:17:49.338 TRACE 86389 --- [           main] o.h.type.descriptor.sql.BasicBinder      : binding parameter [5] as [VARCHAR] - [test event]
2020-10-27 18:17:49.338 TRACE 86389 --- [           main] o.h.type.descriptor.sql.BasicBinder      : binding parameter [6] as [TIMESTAMP] - [2018-11-26T14:30]
2020-10-27 18:17:49.338 TRACE 86389 --- [           main] o.h.type.descriptor.sql.BasicBinder      : binding parameter [8] as [BOOLEAN] - [false]
2020-10-27 18:17:49.339 TRACE 86389 --- [           main] o.h.type.descriptor.sql.BasicBinder      : binding parameter [9] as [INTEGER] - [100]
2020-10-27 18:17:49.339 TRACE 86389 --- [           main] o.h.type.descriptor.sql.BasicBinder      : binding parameter [10] as [VARCHAR] - [강남역 D2 스타텁 팩토리]
2020-10-27 18:17:49.339 TRACE 86389 --- [           main] o.h.type.descriptor.sql.BasicBinder      : binding parameter [11] as [INTEGER] - [null]
2020-10-27 18:17:49.339 TRACE 86389 --- [           main] o.h.type.descriptor.sql.BasicBinder      : binding parameter [12] as [INTEGER] - [200]
2020-10-27 18:17:49.339 TRACE 86389 --- [           main] o.h.type.descriptor.sql.BasicBinder      : binding parameter [13] as [VARCHAR] - [event 25]
2020-10-27 18:17:49.339 TRACE 86389 --- [           main] o.h.type.descriptor.sql.BasicBinder      : binding parameter [14] as [BOOLEAN] - [true]
2020-10-27 18:17:49.339 TRACE 86389 --- [           main] o.h.type.descriptor.sql.BasicBinder      : binding parameter [15] as [INTEGER] - [29]
2020-10-27 18:17:49.339 DEBUG 86389 --- [           main] org.hibernate.SQL                        : 
    call next value for hibernate_sequence
2020-10-27 18:17:49.340 DEBUG 86389 --- [           main] org.hibernate.SQL                        : 
    insert 
    into
        event
        (base_price, begin_enrollment_date_time, begin_event_date_time, close_enrollment_date_time, description, end_event_date_time, event_status, free, limit_of_enrollment, location, manager_id, max_price, name, offline, id) 
    values
        (?, ?, ?, ?, ?, ?, ?, ?, ?, ?, ?, ?, ?, ?, ?)
2020-10-27 18:17:49.340 TRACE 86389 --- [           main] o.h.type.descriptor.sql.BasicBinder      : binding parameter [1] as [INTEGER] - [100]
2020-10-27 18:17:49.340 TRACE 86389 --- [           main] o.h.type.descriptor.sql.BasicBinder      : binding parameter [2] as [TIMESTAMP] - [2018-11-23T14:20]
2020-10-27 18:17:49.340 TRACE 86389 --- [           main] o.h.type.descriptor.sql.BasicBinder      : binding parameter [3] as [TIMESTAMP] - [2018-11-25T14:30]
2020-10-27 18:17:49.340 TRACE 86389 --- [           main] o.h.type.descriptor.sql.BasicBinder      : binding parameter [4] as [TIMESTAMP] - [2018-11-24T14:30]
2020-10-27 18:17:49.340 TRACE 86389 --- [           main] o.h.type.descriptor.sql.BasicBinder      : binding parameter [5] as [VARCHAR] - [test event]
2020-10-27 18:17:49.340 TRACE 86389 --- [           main] o.h.type.descriptor.sql.BasicBinder      : binding parameter [6] as [TIMESTAMP] - [2018-11-26T14:30]
2020-10-27 18:17:49.340 TRACE 86389 --- [           main] o.h.type.descriptor.sql.BasicBinder      : binding parameter [8] as [BOOLEAN] - [false]
2020-10-27 18:17:49.340 TRACE 86389 --- [           main] o.h.type.descriptor.sql.BasicBinder      : binding parameter [9] as [INTEGER] - [100]
2020-10-27 18:17:49.340 TRACE 86389 --- [           main] o.h.type.descriptor.sql.BasicBinder      : binding parameter [10] as [VARCHAR] - [강남역 D2 스타텁 팩토리]
2020-10-27 18:17:49.340 TRACE 86389 --- [           main] o.h.type.descriptor.sql.BasicBinder      : binding parameter [11] as [INTEGER] - [null]
2020-10-27 18:17:49.340 TRACE 86389 --- [           main] o.h.type.descriptor.sql.BasicBinder      : binding parameter [12] as [INTEGER] - [200]
2020-10-27 18:17:49.340 TRACE 86389 --- [           main] o.h.type.descriptor.sql.BasicBinder      : binding parameter [13] as [VARCHAR] - [event 26]
2020-10-27 18:17:49.340 TRACE 86389 --- [           main] o.h.type.descriptor.sql.BasicBinder      : binding parameter [14] as [BOOLEAN] - [true]
2020-10-27 18:17:49.340 TRACE 86389 --- [           main] o.h.type.descriptor.sql.BasicBinder      : binding parameter [15] as [INTEGER] - [30]
2020-10-27 18:17:49.341 DEBUG 86389 --- [           main] org.hibernate.SQL                        : 
    call next value for hibernate_sequence
2020-10-27 18:17:49.341 DEBUG 86389 --- [           main] org.hibernate.SQL                        : 
    insert 
    into
        event
        (base_price, begin_enrollment_date_time, begin_event_date_time, close_enrollment_date_time, description, end_event_date_time, event_status, free, limit_of_enrollment, location, manager_id, max_price, name, offline, id) 
    values
        (?, ?, ?, ?, ?, ?, ?, ?, ?, ?, ?, ?, ?, ?, ?)
2020-10-27 18:17:49.342 TRACE 86389 --- [           main] o.h.type.descriptor.sql.BasicBinder      : binding parameter [1] as [INTEGER] - [100]
2020-10-27 18:17:49.342 TRACE 86389 --- [           main] o.h.type.descriptor.sql.BasicBinder      : binding parameter [2] as [TIMESTAMP] - [2018-11-23T14:20]
2020-10-27 18:17:49.342 TRACE 86389 --- [           main] o.h.type.descriptor.sql.BasicBinder      : binding parameter [3] as [TIMESTAMP] - [2018-11-25T14:30]
2020-10-27 18:17:49.342 TRACE 86389 --- [           main] o.h.type.descriptor.sql.BasicBinder      : binding parameter [4] as [TIMESTAMP] - [2018-11-24T14:30]
2020-10-27 18:17:49.342 TRACE 86389 --- [           main] o.h.type.descriptor.sql.BasicBinder      : binding parameter [5] as [VARCHAR] - [test event]
2020-10-27 18:17:49.342 TRACE 86389 --- [           main] o.h.type.descriptor.sql.BasicBinder      : binding parameter [6] as [TIMESTAMP] - [2018-11-26T14:30]
2020-10-27 18:17:49.342 TRACE 86389 --- [           main] o.h.type.descriptor.sql.BasicBinder      : binding parameter [8] as [BOOLEAN] - [false]
2020-10-27 18:17:49.342 TRACE 86389 --- [           main] o.h.type.descriptor.sql.BasicBinder      : binding parameter [9] as [INTEGER] - [100]
2020-10-27 18:17:49.342 TRACE 86389 --- [           main] o.h.type.descriptor.sql.BasicBinder      : binding parameter [10] as [VARCHAR] - [강남역 D2 스타텁 팩토리]
2020-10-27 18:17:49.342 TRACE 86389 --- [           main] o.h.type.descriptor.sql.BasicBinder      : binding parameter [11] as [INTEGER] - [null]
2020-10-27 18:17:49.342 TRACE 86389 --- [           main] o.h.type.descriptor.sql.BasicBinder      : binding parameter [12] as [INTEGER] - [200]
2020-10-27 18:17:49.342 TRACE 86389 --- [           main] o.h.type.descriptor.sql.BasicBinder      : binding parameter [13] as [VARCHAR] - [event 27]
2020-10-27 18:17:49.342 TRACE 86389 --- [           main] o.h.type.descriptor.sql.BasicBinder      : binding parameter [14] as [BOOLEAN] - [true]
2020-10-27 18:17:49.342 TRACE 86389 --- [           main] o.h.type.descriptor.sql.BasicBinder      : binding parameter [15] as [INTEGER] - [31]
2020-10-27 18:17:49.343 DEBUG 86389 --- [           main] org.hibernate.SQL                        : 
    call next value for hibernate_sequence
2020-10-27 18:17:49.343 DEBUG 86389 --- [           main] org.hibernate.SQL                        : 
    insert 
    into
        event
        (base_price, begin_enrollment_date_time, begin_event_date_time, close_enrollment_date_time, description, end_event_date_time, event_status, free, limit_of_enrollment, location, manager_id, max_price, name, offline, id) 
    values
        (?, ?, ?, ?, ?, ?, ?, ?, ?, ?, ?, ?, ?, ?, ?)
2020-10-27 18:17:49.343 TRACE 86389 --- [           main] o.h.type.descriptor.sql.BasicBinder      : binding parameter [1] as [INTEGER] - [100]
2020-10-27 18:17:49.343 TRACE 86389 --- [           main] o.h.type.descriptor.sql.BasicBinder      : binding parameter [2] as [TIMESTAMP] - [2018-11-23T14:20]
2020-10-27 18:17:49.343 TRACE 86389 --- [           main] o.h.type.descriptor.sql.BasicBinder      : binding parameter [3] as [TIMESTAMP] - [2018-11-25T14:30]
2020-10-27 18:17:49.343 TRACE 86389 --- [           main] o.h.type.descriptor.sql.BasicBinder      : binding parameter [4] as [TIMESTAMP] - [2018-11-24T14:30]
2020-10-27 18:17:49.343 TRACE 86389 --- [           main] o.h.type.descriptor.sql.BasicBinder      : binding parameter [5] as [VARCHAR] - [test event]
2020-10-27 18:17:49.343 TRACE 86389 --- [           main] o.h.type.descriptor.sql.BasicBinder      : binding parameter [6] as [TIMESTAMP] - [2018-11-26T14:30]
2020-10-27 18:17:49.343 TRACE 86389 --- [           main] o.h.type.descriptor.sql.BasicBinder      : binding parameter [8] as [BOOLEAN] - [false]
2020-10-27 18:17:49.343 TRACE 86389 --- [           main] o.h.type.descriptor.sql.BasicBinder      : binding parameter [9] as [INTEGER] - [100]
2020-10-27 18:17:49.343 TRACE 86389 --- [           main] o.h.type.descriptor.sql.BasicBinder      : binding parameter [10] as [VARCHAR] - [강남역 D2 스타텁 팩토리]
2020-10-27 18:17:49.344 TRACE 86389 --- [           main] o.h.type.descriptor.sql.BasicBinder      : binding parameter [11] as [INTEGER] - [null]
2020-10-27 18:17:49.344 TRACE 86389 --- [           main] o.h.type.descriptor.sql.BasicBinder      : binding parameter [12] as [INTEGER] - [200]
2020-10-27 18:17:49.344 TRACE 86389 --- [           main] o.h.type.descriptor.sql.BasicBinder      : binding parameter [13] as [VARCHAR] - [event 28]
2020-10-27 18:17:49.344 TRACE 86389 --- [           main] o.h.type.descriptor.sql.BasicBinder      : binding parameter [14] as [BOOLEAN] - [true]
2020-10-27 18:17:49.344 TRACE 86389 --- [           main] o.h.type.descriptor.sql.BasicBinder      : binding parameter [15] as [INTEGER] - [32]
2020-10-27 18:17:49.344 DEBUG 86389 --- [           main] org.hibernate.SQL                        : 
    call next value for hibernate_sequence
2020-10-27 18:17:49.345 DEBUG 86389 --- [           main] org.hibernate.SQL                        : 
    insert 
    into
        event
        (base_price, begin_enrollment_date_time, begin_event_date_time, close_enrollment_date_time, description, end_event_date_time, event_status, free, limit_of_enrollment, location, manager_id, max_price, name, offline, id) 
    values
        (?, ?, ?, ?, ?, ?, ?, ?, ?, ?, ?, ?, ?, ?, ?)
2020-10-27 18:17:49.345 TRACE 86389 --- [           main] o.h.type.descriptor.sql.BasicBinder      : binding parameter [1] as [INTEGER] - [100]
2020-10-27 18:17:49.345 TRACE 86389 --- [           main] o.h.type.descriptor.sql.BasicBinder      : binding parameter [2] as [TIMESTAMP] - [2018-11-23T14:20]
2020-10-27 18:17:49.345 TRACE 86389 --- [           main] o.h.type.descriptor.sql.BasicBinder      : binding parameter [3] as [TIMESTAMP] - [2018-11-25T14:30]
2020-10-27 18:17:49.345 TRACE 86389 --- [           main] o.h.type.descriptor.sql.BasicBinder      : binding parameter [4] as [TIMESTAMP] - [2018-11-24T14:30]
2020-10-27 18:17:49.345 TRACE 86389 --- [           main] o.h.type.descriptor.sql.BasicBinder      : binding parameter [5] as [VARCHAR] - [test event]
2020-10-27 18:17:49.345 TRACE 86389 --- [           main] o.h.type.descriptor.sql.BasicBinder      : binding parameter [6] as [TIMESTAMP] - [2018-11-26T14:30]
2020-10-27 18:17:49.345 TRACE 86389 --- [           main] o.h.type.descriptor.sql.BasicBinder      : binding parameter [8] as [BOOLEAN] - [false]
2020-10-27 18:17:49.345 TRACE 86389 --- [           main] o.h.type.descriptor.sql.BasicBinder      : binding parameter [9] as [INTEGER] - [100]
2020-10-27 18:17:49.345 TRACE 86389 --- [           main] o.h.type.descriptor.sql.BasicBinder      : binding parameter [10] as [VARCHAR] - [강남역 D2 스타텁 팩토리]
2020-10-27 18:17:49.345 TRACE 86389 --- [           main] o.h.type.descriptor.sql.BasicBinder      : binding parameter [11] as [INTEGER] - [null]
2020-10-27 18:17:49.345 TRACE 86389 --- [           main] o.h.type.descriptor.sql.BasicBinder      : binding parameter [12] as [INTEGER] - [200]
2020-10-27 18:17:49.345 TRACE 86389 --- [           main] o.h.type.descriptor.sql.BasicBinder      : binding parameter [13] as [VARCHAR] - [event 29]
2020-10-27 18:17:49.345 TRACE 86389 --- [           main] o.h.type.descriptor.sql.BasicBinder      : binding parameter [14] as [BOOLEAN] - [true]
2020-10-27 18:17:49.345 TRACE 86389 --- [           main] o.h.type.descriptor.sql.BasicBinder      : binding parameter [15] as [INTEGER] - [33]
2020-10-27 18:17:49.346 DEBUG 86389 --- [           main] o.s.s.web.util.matcher.OrRequestMatcher  : Trying to match using Ant [pattern='/css/**']
2020-10-27 18:17:49.347 DEBUG 86389 --- [           main] o.s.s.w.u.matcher.AntPathRequestMatcher  : Checking match of request : '/api/events'; against '/css/**'
2020-10-27 18:17:49.347 DEBUG 86389 --- [           main] o.s.s.web.util.matcher.OrRequestMatcher  : Trying to match using Ant [pattern='/js/**']
2020-10-27 18:17:49.347 DEBUG 86389 --- [           main] o.s.s.w.u.matcher.AntPathRequestMatcher  : Checking match of request : '/api/events'; against '/js/**'
2020-10-27 18:17:49.347 DEBUG 86389 --- [           main] o.s.s.web.util.matcher.OrRequestMatcher  : Trying to match using Ant [pattern='/images/**']
2020-10-27 18:17:49.347 DEBUG 86389 --- [           main] o.s.s.w.u.matcher.AntPathRequestMatcher  : Checking match of request : '/api/events'; against '/images/**'
2020-10-27 18:17:49.347 DEBUG 86389 --- [           main] o.s.s.web.util.matcher.OrRequestMatcher  : Trying to match using Ant [pattern='/webjars/**']
2020-10-27 18:17:49.347 DEBUG 86389 --- [           main] o.s.s.w.u.matcher.AntPathRequestMatcher  : Checking match of request : '/api/events'; against '/webjars/**'
2020-10-27 18:17:49.347 DEBUG 86389 --- [           main] o.s.s.web.util.matcher.OrRequestMatcher  : Trying to match using Ant [pattern='/**/favicon.ico']
2020-10-27 18:17:49.347 DEBUG 86389 --- [           main] o.s.s.w.u.matcher.AntPathRequestMatcher  : Checking match of request : '/api/events'; against '/**/favicon.ico'
2020-10-27 18:17:49.347 DEBUG 86389 --- [           main] o.s.s.web.util.matcher.OrRequestMatcher  : No matches found
2020-10-27 18:17:49.347 DEBUG 86389 --- [           main] o.s.security.web.FilterChainProxy        : /api/events at position 1 of 15 in additional filter chain; firing Filter: 'WebAsyncManagerIntegrationFilter'
2020-10-27 18:17:49.347 DEBUG 86389 --- [           main] o.s.security.web.FilterChainProxy        : /api/events at position 2 of 15 in additional filter chain; firing Filter: 'SecurityContextPersistenceFilter'
2020-10-27 18:17:49.347 DEBUG 86389 --- [           main] w.c.HttpSessionSecurityContextRepository : No HttpSession currently exists
2020-10-27 18:17:49.347 DEBUG 86389 --- [           main] w.c.HttpSessionSecurityContextRepository : No SecurityContext was available from the HttpSession: null. A new one will be created.
2020-10-27 18:17:49.347 DEBUG 86389 --- [           main] o.s.security.web.FilterChainProxy        : /api/events at position 3 of 15 in additional filter chain; firing Filter: 'HeaderWriterFilter'
2020-10-27 18:17:49.347 DEBUG 86389 --- [           main] o.s.security.web.FilterChainProxy        : /api/events at position 4 of 15 in additional filter chain; firing Filter: 'CsrfFilter'
2020-10-27 18:17:49.347 DEBUG 86389 --- [           main] o.s.security.web.FilterChainProxy        : /api/events at position 5 of 15 in additional filter chain; firing Filter: 'LogoutFilter'
2020-10-27 18:17:49.347 DEBUG 86389 --- [           main] o.s.s.w.u.matcher.AntPathRequestMatcher  : Request 'GET /api/events' doesn't match 'POST /logout'
2020-10-27 18:17:49.347 DEBUG 86389 --- [           main] o.s.security.web.FilterChainProxy        : /api/events at position 6 of 15 in additional filter chain; firing Filter: 'UsernamePasswordAuthenticationFilter'
2020-10-27 18:17:49.347 DEBUG 86389 --- [           main] o.s.s.w.u.matcher.AntPathRequestMatcher  : Request 'GET /api/events' doesn't match 'POST /login'
2020-10-27 18:17:49.347 DEBUG 86389 --- [           main] o.s.security.web.FilterChainProxy        : /api/events at position 7 of 15 in additional filter chain; firing Filter: 'DefaultLoginPageGeneratingFilter'
2020-10-27 18:17:49.347 DEBUG 86389 --- [           main] o.s.security.web.FilterChainProxy        : /api/events at position 8 of 15 in additional filter chain; firing Filter: 'DefaultLogoutPageGeneratingFilter'
2020-10-27 18:17:49.347 DEBUG 86389 --- [           main] o.s.s.w.u.matcher.AntPathRequestMatcher  : Checking match of request : '/api/events'; against '/logout'
2020-10-27 18:17:49.347 DEBUG 86389 --- [           main] o.s.security.web.FilterChainProxy        : /api/events at position 9 of 15 in additional filter chain; firing Filter: 'BasicAuthenticationFilter'
2020-10-27 18:17:49.347 DEBUG 86389 --- [           main] o.s.security.web.FilterChainProxy        : /api/events at position 10 of 15 in additional filter chain; firing Filter: 'RequestCacheAwareFilter'
2020-10-27 18:17:49.347 DEBUG 86389 --- [           main] o.s.s.w.s.HttpSessionRequestCache        : saved request doesn't match
2020-10-27 18:17:49.347 DEBUG 86389 --- [           main] o.s.security.web.FilterChainProxy        : /api/events at position 11 of 15 in additional filter chain; firing Filter: 'SecurityContextHolderAwareRequestFilter'
2020-10-27 18:17:49.347 DEBUG 86389 --- [           main] o.s.security.web.FilterChainProxy        : /api/events at position 12 of 15 in additional filter chain; firing Filter: 'AnonymousAuthenticationFilter'
2020-10-27 18:17:49.347 DEBUG 86389 --- [           main] o.s.s.w.a.AnonymousAuthenticationFilter  : Populated SecurityContextHolder with anonymous token: 'org.springframework.security.authentication.AnonymousAuthenticationToken@d1c71378: Principal: anonymousUser; Credentials: [PROTECTED]; Authenticated: true; Details: org.springframework.security.web.authentication.WebAuthenticationDetails@957e: RemoteIpAddress: 127.0.0.1; SessionId: null; Granted Authorities: ROLE_ANONYMOUS'
2020-10-27 18:17:49.347 DEBUG 86389 --- [           main] o.s.security.web.FilterChainProxy        : /api/events at position 13 of 15 in additional filter chain; firing Filter: 'SessionManagementFilter'
2020-10-27 18:17:49.347 DEBUG 86389 --- [           main] o.s.security.web.FilterChainProxy        : /api/events at position 14 of 15 in additional filter chain; firing Filter: 'ExceptionTranslationFilter'
2020-10-27 18:17:49.347 DEBUG 86389 --- [           main] o.s.security.web.FilterChainProxy        : /api/events at position 15 of 15 in additional filter chain; firing Filter: 'FilterSecurityInterceptor'
2020-10-27 18:17:49.347 DEBUG 86389 --- [           main] o.s.s.w.a.i.FilterSecurityInterceptor    : Secure object: FilterInvocation: URL: /api/events; Attributes: [authenticated]
2020-10-27 18:17:49.347 DEBUG 86389 --- [           main] o.s.s.w.a.i.FilterSecurityInterceptor    : Previously Authenticated: org.springframework.security.authentication.AnonymousAuthenticationToken@d1c71378: Principal: anonymousUser; Credentials: [PROTECTED]; Authenticated: true; Details: org.springframework.security.web.authentication.WebAuthenticationDetails@957e: RemoteIpAddress: 127.0.0.1; SessionId: null; Granted Authorities: ROLE_ANONYMOUS
2020-10-27 18:17:49.347 DEBUG 86389 --- [           main] o.s.s.access.vote.AffirmativeBased       : Voter: org.springframework.security.web.access.expression.WebExpressionVoter@4f1aa2bc, returned: -1
2020-10-27 18:17:49.348 DEBUG 86389 --- [           main] o.s.s.w.a.ExceptionTranslationFilter     : Access is denied (user is anonymous); redirecting to authentication entry point

org.springframework.security.access.AccessDeniedException: Access is denied
	at org.springframework.security.access.vote.AffirmativeBased.decide(AffirmativeBased.java:84) ~[spring-security-core-5.1.1.RELEASE.jar:5.1.1.RELEASE]
	at org.springframework.security.access.intercept.AbstractSecurityInterceptor.beforeInvocation(AbstractSecurityInterceptor.java:233) ~[spring-security-core-5.1.1.RELEASE.jar:5.1.1.RELEASE]
	at org.springframework.security.web.access.intercept.FilterSecurityInterceptor.invoke(FilterSecurityInterceptor.java:124) ~[spring-security-web-5.1.1.RELEASE.jar:5.1.1.RELEASE]
	at org.springframework.security.web.access.intercept.FilterSecurityInterceptor.doFilter(FilterSecurityInterceptor.java:91) ~[spring-security-web-5.1.1.RELEASE.jar:5.1.1.RELEASE]
	at org.springframework.security.web.FilterChainProxy$VirtualFilterChain.doFilter(FilterChainProxy.java:334) ~[spring-security-web-5.1.1.RELEASE.jar:5.1.1.RELEASE]
	at org.springframework.security.web.access.ExceptionTranslationFilter.doFilter(ExceptionTranslationFilter.java:119) ~[spring-security-web-5.1.1.RELEASE.jar:5.1.1.RELEASE]
	at org.springframework.security.web.FilterChainProxy$VirtualFilterChain.doFilter(FilterChainProxy.java:334) ~[spring-security-web-5.1.1.RELEASE.jar:5.1.1.RELEASE]
	at org.springframework.security.web.session.SessionManagementFilter.doFilter(SessionManagementFilter.java:137) ~[spring-security-web-5.1.1.RELEASE.jar:5.1.1.RELEASE]
	at org.springframework.security.web.FilterChainProxy$VirtualFilterChain.doFilter(FilterChainProxy.java:334) ~[spring-security-web-5.1.1.RELEASE.jar:5.1.1.RELEASE]
	at org.springframework.security.web.authentication.AnonymousAuthenticationFilter.doFilter(AnonymousAuthenticationFilter.java:111) ~[spring-security-web-5.1.1.RELEASE.jar:5.1.1.RELEASE]
	at org.springframework.security.web.FilterChainProxy$VirtualFilterChain.doFilter(FilterChainProxy.java:334) ~[spring-security-web-5.1.1.RELEASE.jar:5.1.1.RELEASE]
	at org.springframework.security.web.servletapi.SecurityContextHolderAwareRequestFilter.doFilter(SecurityContextHolderAwareRequestFilter.java:170) ~[spring-security-web-5.1.1.RELEASE.jar:5.1.1.RELEASE]
	at org.springframework.security.web.FilterChainProxy$VirtualFilterChain.doFilter(FilterChainProxy.java:334) ~[spring-security-web-5.1.1.RELEASE.jar:5.1.1.RELEASE]
	at org.springframework.security.web.savedrequest.RequestCacheAwareFilter.doFilter(RequestCacheAwareFilter.java:63) ~[spring-security-web-5.1.1.RELEASE.jar:5.1.1.RELEASE]
	at org.springframework.security.web.FilterChainProxy$VirtualFilterChain.doFilter(FilterChainProxy.java:334) ~[spring-security-web-5.1.1.RELEASE.jar:5.1.1.RELEASE]
	at org.springframework.security.web.authentication.www.BasicAuthenticationFilter.doFilterInternal(BasicAuthenticationFilter.java:158) ~[spring-security-web-5.1.1.RELEASE.jar:5.1.1.RELEASE]
	at org.springframework.web.filter.OncePerRequestFilter.doFilter(OncePerRequestFilter.java:107) ~[spring-web-5.1.2.RELEASE.jar:5.1.2.RELEASE]
	at org.springframework.security.web.FilterChainProxy$VirtualFilterChain.doFilter(FilterChainProxy.java:334) ~[spring-security-web-5.1.1.RELEASE.jar:5.1.1.RELEASE]
	at org.springframework.security.web.authentication.ui.DefaultLogoutPageGeneratingFilter.doFilterInternal(DefaultLogoutPageGeneratingFilter.java:52) ~[spring-security-web-5.1.1.RELEASE.jar:5.1.1.RELEASE]
	at org.springframework.web.filter.OncePerRequestFilter.doFilter(OncePerRequestFilter.java:107) ~[spring-web-5.1.2.RELEASE.jar:5.1.2.RELEASE]
	at org.springframework.security.web.FilterChainProxy$VirtualFilterChain.doFilter(FilterChainProxy.java:334) ~[spring-security-web-5.1.1.RELEASE.jar:5.1.1.RELEASE]
	at org.springframework.security.web.authentication.ui.DefaultLoginPageGeneratingFilter.doFilter(DefaultLoginPageGeneratingFilter.java:206) ~[spring-security-web-5.1.1.RELEASE.jar:5.1.1.RELEASE]
	at org.springframework.security.web.FilterChainProxy$VirtualFilterChain.doFilter(FilterChainProxy.java:334) ~[spring-security-web-5.1.1.RELEASE.jar:5.1.1.RELEASE]
	at org.springframework.security.web.authentication.AbstractAuthenticationProcessingFilter.doFilter(AbstractAuthenticationProcessingFilter.java:200) ~[spring-security-web-5.1.1.RELEASE.jar:5.1.1.RELEASE]
	at org.springframework.security.web.FilterChainProxy$VirtualFilterChain.doFilter(FilterChainProxy.java:334) ~[spring-security-web-5.1.1.RELEASE.jar:5.1.1.RELEASE]
	at org.springframework.security.web.authentication.logout.LogoutFilter.doFilter(LogoutFilter.java:116) ~[spring-security-web-5.1.1.RELEASE.jar:5.1.1.RELEASE]
	at org.springframework.security.web.FilterChainProxy$VirtualFilterChain.doFilter(FilterChainProxy.java:334) ~[spring-security-web-5.1.1.RELEASE.jar:5.1.1.RELEASE]
	at org.springframework.security.web.csrf.CsrfFilter.doFilterInternal(CsrfFilter.java:100) ~[spring-security-web-5.1.1.RELEASE.jar:5.1.1.RELEASE]
	at org.springframework.web.filter.OncePerRequestFilter.doFilter(OncePerRequestFilter.java:107) ~[spring-web-5.1.2.RELEASE.jar:5.1.2.RELEASE]
	at org.springframework.security.web.FilterChainProxy$VirtualFilterChain.doFilter(FilterChainProxy.java:334) ~[spring-security-web-5.1.1.RELEASE.jar:5.1.1.RELEASE]
	at org.springframework.security.web.header.HeaderWriterFilter.doFilterInternal(HeaderWriterFilter.java:66) ~[spring-security-web-5.1.1.RELEASE.jar:5.1.1.RELEASE]
	at org.springframework.web.filter.OncePerRequestFilter.doFilter(OncePerRequestFilter.java:107) ~[spring-web-5.1.2.RELEASE.jar:5.1.2.RELEASE]
	at org.springframework.security.web.FilterChainProxy$VirtualFilterChain.doFilter(FilterChainProxy.java:334) ~[spring-security-web-5.1.1.RELEASE.jar:5.1.1.RELEASE]
	at org.springframework.security.web.context.SecurityContextPersistenceFilter.doFilter(SecurityContextPersistenceFilter.java:105) ~[spring-security-web-5.1.1.RELEASE.jar:5.1.1.RELEASE]
	at org.springframework.security.web.FilterChainProxy$VirtualFilterChain.doFilter(FilterChainProxy.java:334) ~[spring-security-web-5.1.1.RELEASE.jar:5.1.1.RELEASE]
	at org.springframework.security.web.context.request.async.WebAsyncManagerIntegrationFilter.doFilterInternal(WebAsyncManagerIntegrationFilter.java:56) ~[spring-security-web-5.1.1.RELEASE.jar:5.1.1.RELEASE]
	at org.springframework.web.filter.OncePerRequestFilter.doFilter(OncePerRequestFilter.java:107) ~[spring-web-5.1.2.RELEASE.jar:5.1.2.RELEASE]
	at org.springframework.security.web.FilterChainProxy$VirtualFilterChain.doFilter(FilterChainProxy.java:334) ~[spring-security-web-5.1.1.RELEASE.jar:5.1.1.RELEASE]
	at org.springframework.security.web.FilterChainProxy.doFilterInternal(FilterChainProxy.java:215) ~[spring-security-web-5.1.1.RELEASE.jar:5.1.1.RELEASE]
	at org.springframework.security.web.FilterChainProxy.doFilter(FilterChainProxy.java:178) ~[spring-security-web-5.1.1.RELEASE.jar:5.1.1.RELEASE]
	at org.springframework.web.filter.DelegatingFilterProxy.invokeDelegate(DelegatingFilterProxy.java:357) ~[spring-web-5.1.2.RELEASE.jar:5.1.2.RELEASE]
	at org.springframework.web.filter.DelegatingFilterProxy.doFilter(DelegatingFilterProxy.java:270) ~[spring-web-5.1.2.RELEASE.jar:5.1.2.RELEASE]
	at org.springframework.mock.web.MockFilterChain.doFilter(MockFilterChain.java:133) ~[spring-test-5.1.2.RELEASE.jar:5.1.2.RELEASE]
	at org.springframework.web.filter.RequestContextFilter.doFilterInternal(RequestContextFilter.java:99) ~[spring-web-5.1.2.RELEASE.jar:5.1.2.RELEASE]
	at org.springframework.web.filter.OncePerRequestFilter.doFilter(OncePerRequestFilter.java:107) ~[spring-web-5.1.2.RELEASE.jar:5.1.2.RELEASE]
	at org.springframework.mock.web.MockFilterChain.doFilter(MockFilterChain.java:133) ~[spring-test-5.1.2.RELEASE.jar:5.1.2.RELEASE]
	at org.springframework.web.filter.FormContentFilter.doFilterInternal(FormContentFilter.java:92) ~[spring-web-5.1.2.RELEASE.jar:5.1.2.RELEASE]
	at org.springframework.web.filter.OncePerRequestFilter.doFilter(OncePerRequestFilter.java:107) ~[spring-web-5.1.2.RELEASE.jar:5.1.2.RELEASE]
	at org.springframework.mock.web.MockFilterChain.doFilter(MockFilterChain.java:133) ~[spring-test-5.1.2.RELEASE.jar:5.1.2.RELEASE]
	at org.springframework.web.filter.HiddenHttpMethodFilter.doFilterInternal(HiddenHttpMethodFilter.java:93) ~[spring-web-5.1.2.RELEASE.jar:5.1.2.RELEASE]
	at org.springframework.web.filter.OncePerRequestFilter.doFilter(OncePerRequestFilter.java:107) ~[spring-web-5.1.2.RELEASE.jar:5.1.2.RELEASE]
	at org.springframework.mock.web.MockFilterChain.doFilter(MockFilterChain.java:133) ~[spring-test-5.1.2.RELEASE.jar:5.1.2.RELEASE]
	at org.springframework.web.filter.CharacterEncodingFilter.doFilterInternal(CharacterEncodingFilter.java:200) ~[spring-web-5.1.2.RELEASE.jar:5.1.2.RELEASE]
	at org.springframework.web.filter.OncePerRequestFilter.doFilter(OncePerRequestFilter.java:107) ~[spring-web-5.1.2.RELEASE.jar:5.1.2.RELEASE]
	at org.springframework.mock.web.MockFilterChain.doFilter(MockFilterChain.java:133) ~[spring-test-5.1.2.RELEASE.jar:5.1.2.RELEASE]
	at org.springframework.test.web.servlet.MockMvc.perform(MockMvc.java:182) ~[spring-test-5.1.2.RELEASE.jar:5.1.2.RELEASE]
	at hansol9.rest.events.EventControllerTests.getEvents(EventControllerTests.java:209) ~[test-classes/:na]
	at java.base/jdk.internal.reflect.NativeMethodAccessorImpl.invoke0(Native Method) ~[na:na]
	at java.base/jdk.internal.reflect.NativeMethodAccessorImpl.invoke(NativeMethodAccessorImpl.java:62) ~[na:na]
	at java.base/jdk.internal.reflect.DelegatingMethodAccessorImpl.invoke(DelegatingMethodAccessorImpl.java:43) ~[na:na]
	at java.base/java.lang.reflect.Method.invoke(Method.java:566) ~[na:na]
	at org.junit.runners.model.FrameworkMethod$1.runReflectiveCall(FrameworkMethod.java:50) ~[junit-4.12.jar:4.12]
	at org.junit.internal.runners.model.ReflectiveCallable.run(ReflectiveCallable.java:12) ~[junit-4.12.jar:4.12]
	at org.junit.runners.model.FrameworkMethod.invokeExplosively(FrameworkMethod.java:47) ~[junit-4.12.jar:4.12]
	at org.junit.internal.runners.statements.InvokeMethod.evaluate(InvokeMethod.java:17) ~[junit-4.12.jar:4.12]
	at org.springframework.test.context.junit4.statements.RunBeforeTestExecutionCallbacks.evaluate(RunBeforeTestExecutionCallbacks.java:74) ~[spring-test-5.1.2.RELEASE.jar:5.1.2.RELEASE]
	at org.springframework.test.context.junit4.statements.RunAfterTestExecutionCallbacks.evaluate(RunAfterTestExecutionCallbacks.java:84) ~[spring-test-5.1.2.RELEASE.jar:5.1.2.RELEASE]
	at org.springframework.test.context.junit4.statements.RunBeforeTestMethodCallbacks.evaluate(RunBeforeTestMethodCallbacks.java:75) ~[spring-test-5.1.2.RELEASE.jar:5.1.2.RELEASE]
	at org.springframework.test.context.junit4.statements.RunAfterTestMethodCallbacks.evaluate(RunAfterTestMethodCallbacks.java:86) ~[spring-test-5.1.2.RELEASE.jar:5.1.2.RELEASE]
	at org.springframework.test.context.junit4.statements.SpringRepeat.evaluate(SpringRepeat.java:84) ~[spring-test-5.1.2.RELEASE.jar:5.1.2.RELEASE]
	at org.junit.runners.ParentRunner.runLeaf(ParentRunner.java:325) ~[junit-4.12.jar:4.12]
	at org.springframework.test.context.junit4.SpringJUnit4ClassRunner.runChild(SpringJUnit4ClassRunner.java:251) ~[spring-test-5.1.2.RELEASE.jar:5.1.2.RELEASE]
	at org.springframework.test.context.junit4.SpringJUnit4ClassRunner.runChild(SpringJUnit4ClassRunner.java:97) ~[spring-test-5.1.2.RELEASE.jar:5.1.2.RELEASE]
	at org.junit.runners.ParentRunner$3.run(ParentRunner.java:290) ~[junit-4.12.jar:4.12]
	at org.junit.runners.ParentRunner$1.schedule(ParentRunner.java:71) ~[junit-4.12.jar:4.12]
	at org.junit.runners.ParentRunner.runChildren(ParentRunner.java:288) ~[junit-4.12.jar:4.12]
	at org.junit.runners.ParentRunner.access$000(ParentRunner.java:58) ~[junit-4.12.jar:4.12]
	at org.junit.runners.ParentRunner$2.evaluate(ParentRunner.java:268) ~[junit-4.12.jar:4.12]
	at org.springframework.test.context.junit4.statements.RunBeforeTestClassCallbacks.evaluate(RunBeforeTestClassCallbacks.java:61) ~[spring-test-5.1.2.RELEASE.jar:5.1.2.RELEASE]
	at org.springframework.test.context.junit4.statements.RunAfterTestClassCallbacks.evaluate(RunAfterTestClassCallbacks.java:70) ~[spring-test-5.1.2.RELEASE.jar:5.1.2.RELEASE]
	at org.junit.runners.ParentRunner.run(ParentRunner.java:363) ~[junit-4.12.jar:4.12]
	at org.springframework.test.context.junit4.SpringJUnit4ClassRunner.run(SpringJUnit4ClassRunner.java:190) ~[spring-test-5.1.2.RELEASE.jar:5.1.2.RELEASE]
	at org.apache.maven.surefire.junit4.JUnit4Provider.execute(JUnit4Provider.java:365) ~[surefire-junit4-2.22.1.jar:2.22.1]
	at org.apache.maven.surefire.junit4.JUnit4Provider.executeWithRerun(JUnit4Provider.java:273) ~[surefire-junit4-2.22.1.jar:2.22.1]
	at org.apache.maven.surefire.junit4.JUnit4Provider.executeTestSet(JUnit4Provider.java:238) ~[surefire-junit4-2.22.1.jar:2.22.1]
	at org.apache.maven.surefire.junit4.JUnit4Provider.invoke(JUnit4Provider.java:159) ~[surefire-junit4-2.22.1.jar:2.22.1]
	at org.apache.maven.surefire.booter.ForkedBooter.invokeProviderInSameClassLoader(ForkedBooter.java:384) ~[surefire-booter-2.22.1.jar:2.22.1]
	at org.apache.maven.surefire.booter.ForkedBooter.runSuitesInProcess(ForkedBooter.java:345) ~[surefire-booter-2.22.1.jar:2.22.1]
	at org.apache.maven.surefire.booter.ForkedBooter.execute(ForkedBooter.java:126) ~[surefire-booter-2.22.1.jar:2.22.1]
	at org.apache.maven.surefire.booter.ForkedBooter.main(ForkedBooter.java:418) ~[surefire-booter-2.22.1.jar:2.22.1]

2020-10-27 18:17:49.349 DEBUG 86389 --- [           main] o.s.s.w.util.matcher.AndRequestMatcher   : Trying to match using Ant [pattern='/**', GET]
2020-10-27 18:17:49.349 DEBUG 86389 --- [           main] o.s.s.w.u.matcher.AntPathRequestMatcher  : Request '/api/events' matched by universal pattern '/**'
2020-10-27 18:17:49.349 DEBUG 86389 --- [           main] o.s.s.w.util.matcher.AndRequestMatcher   : Trying to match using NegatedRequestMatcher [requestMatcher=Ant [pattern='/**/favicon.*']]
2020-10-27 18:17:49.349 DEBUG 86389 --- [           main] o.s.s.w.u.matcher.AntPathRequestMatcher  : Checking match of request : '/api/events'; against '/**/favicon.*'
2020-10-27 18:17:49.349 DEBUG 86389 --- [           main] o.s.s.w.u.matcher.NegatedRequestMatcher  : matches = true
2020-10-27 18:17:49.349 DEBUG 86389 --- [           main] o.s.s.w.util.matcher.AndRequestMatcher   : Trying to match using NegatedRequestMatcher [requestMatcher=MediaTypeRequestMatcher [contentNegotiationStrategy=org.springframework.web.accept.ContentNegotiationManager@44da745f, matchingMediaTypes=[application/json], useEquals=false, ignoredMediaTypes=[*/*]]]
2020-10-27 18:17:49.349 DEBUG 86389 --- [           main] o.s.s.w.u.m.MediaTypeRequestMatcher      : httpRequestMediaTypes=[*/*]
2020-10-27 18:17:49.349 DEBUG 86389 --- [           main] o.s.s.w.u.m.MediaTypeRequestMatcher      : Processing */*
2020-10-27 18:17:49.349 DEBUG 86389 --- [           main] o.s.s.w.u.m.MediaTypeRequestMatcher      : Ignoring
2020-10-27 18:17:49.349 DEBUG 86389 --- [           main] o.s.s.w.u.m.MediaTypeRequestMatcher      : Did not match any media types
2020-10-27 18:17:49.349 DEBUG 86389 --- [           main] o.s.s.w.u.matcher.NegatedRequestMatcher  : matches = true
2020-10-27 18:17:49.349 DEBUG 86389 --- [           main] o.s.s.w.util.matcher.AndRequestMatcher   : Trying to match using NegatedRequestMatcher [requestMatcher=RequestHeaderRequestMatcher [expectedHeaderName=X-Requested-With, expectedHeaderValue=XMLHttpRequest]]
2020-10-27 18:17:49.349 DEBUG 86389 --- [           main] o.s.s.w.u.matcher.NegatedRequestMatcher  : matches = true
2020-10-27 18:17:49.349 DEBUG 86389 --- [           main] o.s.s.w.util.matcher.AndRequestMatcher   : All requestMatchers returned true
2020-10-27 18:17:49.349 DEBUG 86389 --- [           main] o.s.s.w.s.HttpSessionRequestCache        : DefaultSavedRequest added to Session: DefaultSavedRequest[http://localhost:8080/api/events]
2020-10-27 18:17:49.349 DEBUG 86389 --- [           main] o.s.s.w.a.ExceptionTranslationFilter     : Calling Authentication entry point.
2020-10-27 18:17:49.349 DEBUG 86389 --- [           main] s.w.a.DelegatingAuthenticationEntryPoint : Trying to match using AndRequestMatcher [requestMatchers=[NegatedRequestMatcher [requestMatcher=RequestHeaderRequestMatcher [expectedHeaderName=X-Requested-With, expectedHeaderValue=XMLHttpRequest]], MediaTypeRequestMatcher [contentNegotiationStrategy=org.springframework.web.accept.ContentNegotiationManager@44da745f, matchingMediaTypes=[application/xhtml+xml, image/*, text/html, text/plain], useEquals=false, ignoredMediaTypes=[*/*]]]]
2020-10-27 18:17:49.349 DEBUG 86389 --- [           main] o.s.s.w.util.matcher.AndRequestMatcher   : Trying to match using NegatedRequestMatcher [requestMatcher=RequestHeaderRequestMatcher [expectedHeaderName=X-Requested-With, expectedHeaderValue=XMLHttpRequest]]
2020-10-27 18:17:49.349 DEBUG 86389 --- [           main] o.s.s.w.u.matcher.NegatedRequestMatcher  : matches = true
2020-10-27 18:17:49.349 DEBUG 86389 --- [           main] o.s.s.w.util.matcher.AndRequestMatcher   : Trying to match using MediaTypeRequestMatcher [contentNegotiationStrategy=org.springframework.web.accept.ContentNegotiationManager@44da745f, matchingMediaTypes=[application/xhtml+xml, image/*, text/html, text/plain], useEquals=false, ignoredMediaTypes=[*/*]]
2020-10-27 18:17:49.349 DEBUG 86389 --- [           main] o.s.s.w.u.m.MediaTypeRequestMatcher      : httpRequestMediaTypes=[*/*]
2020-10-27 18:17:49.349 DEBUG 86389 --- [           main] o.s.s.w.u.m.MediaTypeRequestMatcher      : Processing */*
2020-10-27 18:17:49.349 DEBUG 86389 --- [           main] o.s.s.w.u.m.MediaTypeRequestMatcher      : Ignoring
2020-10-27 18:17:49.349 DEBUG 86389 --- [           main] o.s.s.w.u.m.MediaTypeRequestMatcher      : Did not match any media types
2020-10-27 18:17:49.349 DEBUG 86389 --- [           main] o.s.s.w.util.matcher.AndRequestMatcher   : Did not match
2020-10-27 18:17:49.349 DEBUG 86389 --- [           main] s.w.a.DelegatingAuthenticationEntryPoint : Trying to match using OrRequestMatcher [requestMatchers=[RequestHeaderRequestMatcher [expectedHeaderName=X-Requested-With, expectedHeaderValue=XMLHttpRequest], AndRequestMatcher [requestMatchers=[NegatedRequestMatcher [requestMatcher=MediaTypeRequestMatcher [contentNegotiationStrategy=org.springframework.web.accept.ContentNegotiationManager@44da745f, matchingMediaTypes=[text/html], useEquals=false, ignoredMediaTypes=[]]], MediaTypeRequestMatcher [contentNegotiationStrategy=org.springframework.web.accept.ContentNegotiationManager@44da745f, matchingMediaTypes=[application/atom+xml, application/x-www-form-urlencoded, application/json, application/octet-stream, application/xml, multipart/form-data, text/xml], useEquals=false, ignoredMediaTypes=[*/*]]]], MediaTypeRequestMatcher [contentNegotiationStrategy=org.springframework.web.accept.ContentNegotiationManager@44da745f, matchingMediaTypes=[*/*], useEquals=true, ignoredMediaTypes=[]]]]
2020-10-27 18:17:49.349 DEBUG 86389 --- [           main] o.s.s.web.util.matcher.OrRequestMatcher  : Trying to match using RequestHeaderRequestMatcher [expectedHeaderName=X-Requested-With, expectedHeaderValue=XMLHttpRequest]
2020-10-27 18:17:49.349 DEBUG 86389 --- [           main] o.s.s.web.util.matcher.OrRequestMatcher  : Trying to match using AndRequestMatcher [requestMatchers=[NegatedRequestMatcher [requestMatcher=MediaTypeRequestMatcher [contentNegotiationStrategy=org.springframework.web.accept.ContentNegotiationManager@44da745f, matchingMediaTypes=[text/html], useEquals=false, ignoredMediaTypes=[]]], MediaTypeRequestMatcher [contentNegotiationStrategy=org.springframework.web.accept.ContentNegotiationManager@44da745f, matchingMediaTypes=[application/atom+xml, application/x-www-form-urlencoded, application/json, application/octet-stream, application/xml, multipart/form-data, text/xml], useEquals=false, ignoredMediaTypes=[*/*]]]]
2020-10-27 18:17:49.349 DEBUG 86389 --- [           main] o.s.s.w.util.matcher.AndRequestMatcher   : Trying to match using NegatedRequestMatcher [requestMatcher=MediaTypeRequestMatcher [contentNegotiationStrategy=org.springframework.web.accept.ContentNegotiationManager@44da745f, matchingMediaTypes=[text/html], useEquals=false, ignoredMediaTypes=[]]]
2020-10-27 18:17:49.349 DEBUG 86389 --- [           main] o.s.s.w.u.m.MediaTypeRequestMatcher      : httpRequestMediaTypes=[*/*]
2020-10-27 18:17:49.349 DEBUG 86389 --- [           main] o.s.s.w.u.m.MediaTypeRequestMatcher      : Processing */*
2020-10-27 18:17:49.349 DEBUG 86389 --- [           main] o.s.s.w.u.m.MediaTypeRequestMatcher      : text/html .isCompatibleWith */* = true
2020-10-27 18:17:49.349 DEBUG 86389 --- [           main] o.s.s.w.u.matcher.NegatedRequestMatcher  : matches = false
2020-10-27 18:17:49.349 DEBUG 86389 --- [           main] o.s.s.w.util.matcher.AndRequestMatcher   : Did not match
2020-10-27 18:17:49.349 DEBUG 86389 --- [           main] o.s.s.web.util.matcher.OrRequestMatcher  : Trying to match using MediaTypeRequestMatcher [contentNegotiationStrategy=org.springframework.web.accept.ContentNegotiationManager@44da745f, matchingMediaTypes=[*/*], useEquals=true, ignoredMediaTypes=[]]
2020-10-27 18:17:49.349 DEBUG 86389 --- [           main] o.s.s.w.u.m.MediaTypeRequestMatcher      : httpRequestMediaTypes=[*/*]
2020-10-27 18:17:49.349 DEBUG 86389 --- [           main] o.s.s.w.u.m.MediaTypeRequestMatcher      : Processing */*
2020-10-27 18:17:49.349 DEBUG 86389 --- [           main] o.s.s.w.u.m.MediaTypeRequestMatcher      : isEqualTo true
2020-10-27 18:17:49.349 DEBUG 86389 --- [           main] o.s.s.web.util.matcher.OrRequestMatcher  : matched
2020-10-27 18:17:49.349 DEBUG 86389 --- [           main] s.w.a.DelegatingAuthenticationEntryPoint : Match found! Executing org.springframework.security.web.authentication.DelegatingAuthenticationEntryPoint@147ad4bb
2020-10-27 18:17:49.349 DEBUG 86389 --- [           main] s.w.a.DelegatingAuthenticationEntryPoint : Trying to match using RequestHeaderRequestMatcher [expectedHeaderName=X-Requested-With, expectedHeaderValue=XMLHttpRequest]
2020-10-27 18:17:49.349 DEBUG 86389 --- [           main] s.w.a.DelegatingAuthenticationEntryPoint : No match found. Using default entry point org.springframework.security.web.authentication.www.BasicAuthenticationEntryPoint@20e9b10b
2020-10-27 18:17:49.349 DEBUG 86389 --- [           main] o.s.s.w.header.writers.HstsHeaderWriter  : Not injecting HSTS header since it did not match the requestMatcher org.springframework.security.web.header.writers.HstsHeaderWriter$SecureRequestMatcher@2c485b3a
2020-10-27 18:17:49.349 DEBUG 86389 --- [           main] w.c.HttpSessionSecurityContextRepository : SecurityContext is empty or contents are anonymous - context will not be stored in HttpSession.
2020-10-27 18:17:49.350 DEBUG 86389 --- [           main] s.s.w.c.SecurityContextPersistenceFilter : SecurityContextHolder now cleared, as request processing completed

MockHttpServletRequest:
      HTTP Method = GET
      Request URI = /api/events
       Parameters = {page=[1], size=[10], sort=[name,DESC]}
          Headers = {}
             Body = null
    Session Attrs = {SPRING_SECURITY_SAVED_REQUEST=DefaultSavedRequest[http://localhost:8080/api/events]}

Handler:
             Type = null

Async:
    Async started = false
     Async result = null

Resolved Exception:
             Type = null

ModelAndView:
        View name = null
             View = null
            Model = null

FlashMap:
       Attributes = null

MockHttpServletResponse:
           Status = 401
    Error message = Unauthorized
          Headers = {WWW-Authenticate=[Basic realm="Realm"], X-Content-Type-Options=[nosniff], X-XSS-Protection=[1; mode=block], Cache-Control=[no-cache, no-store, max-age=0, must-revalidate], Pragma=[no-cache], Expires=[0], X-Frame-Options=[DENY]}
     Content type = null
             Body = 
    Forwarded URL = null
   Redirected URL = null
          Cookies = []

MockHttpServletRequest:
      HTTP Method = GET
      Request URI = /api
       Parameters = {}
          Headers = {}
             Body = null
    Session Attrs = {SPRING_SECURITY_SAVED_REQUEST=DefaultSavedRequest[http://localhost:8080/api]}

Handler:
             Type = null

Async:
    Async started = false
     Async result = null

Resolved Exception:
             Type = null

ModelAndView:
        View name = null
             View = null
            Model = null

FlashMap:
       Attributes = null

MockHttpServletResponse:
           Status = 401
    Error message = Unauthorized
          Headers = {WWW-Authenticate=[Basic realm="Realm"], X-Content-Type-Options=[nosniff], X-XSS-Protection=[1; mode=block], Cache-Control=[no-cache, no-store, max-age=0, must-revalidate], Pragma=[no-cache], Expires=[0], X-Frame-Options=[DENY]}
     Content type = null
             Body = 
    Forwarded URL = null
   Redirected URL = null
          Cookies = []

MockHttpServletRequest:
      HTTP Method = POST
      Request URI = /api/events
       Parameters = {}
          Headers = {Content-Type=[application/json;charset=UTF-8]}
             Body = {"name":null,"description":null,"beginEnrollmentDateTime":null,"closeEnrollmentDateTime":null,"beginEventDateTime":null,"endEventDateTime":null,"location":null,"basePrice":0,"maxPrice":0,"limitOfEnrollment":0}
    Session Attrs = {org.springframework.security.web.csrf.HttpSessionCsrfTokenRepository.CSRF_TOKEN=org.springframework.security.web.csrf.DefaultCsrfToken@11e36e5c}

Handler:
             Type = null

Async:
    Async started = false
     Async result = null

Resolved Exception:
             Type = null

ModelAndView:
        View name = null
             View = null
            Model = null

FlashMap:
       Attributes = null

MockHttpServletResponse:
           Status = 403
    Error message = Forbidden
          Headers = {X-Content-Type-Options=[nosniff], X-XSS-Protection=[1; mode=block], Cache-Control=[no-cache, no-store, max-age=0, must-revalidate], Pragma=[no-cache], Expires=[0], X-Frame-Options=[DENY]}
     Content type = null
             Body = 
    Forwarded URL = null
   Redirected URL = null
          Cookies = []

MockHttpServletRequest:
      HTTP Method = PUT
      Request URI = /api/events/2
       Parameters = {}
          Headers = {Content-Type=[application/json;charset=UTF-8]}
             Body = {"name":null,"description":null,"beginEnrollmentDateTime":null,"closeEnrollmentDateTime":null,"beginEventDateTime":null,"endEventDateTime":null,"location":null,"basePrice":0,"maxPrice":0,"limitOfEnrollment":0}
    Session Attrs = {org.springframework.security.web.csrf.HttpSessionCsrfTokenRepository.CSRF_TOKEN=org.springframework.security.web.csrf.DefaultCsrfToken@2ab87cb8}

Handler:
             Type = null

Async:
    Async started = false
     Async result = null

Resolved Exception:
             Type = null

ModelAndView:
        View name = null
             View = null
            Model = null

FlashMap:
       Attributes = null

MockHttpServletResponse:
           Status = 403
    Error message = Forbidden
          Headers = {X-Content-Type-Options=[nosniff], X-XSS-Protection=[1; mode=block], Cache-Control=[no-cache, no-store, max-age=0, must-revalidate], Pragma=[no-cache], Expires=[0], X-Frame-Options=[DENY]}
     Content type = null
             Body = 
    Forwarded URL = null
   Redirected URL = null
          Cookies = []

MockHttpServletRequest:
      HTTP Method = PUT
      Request URI = /api/events/3
       Parameters = {}
          Headers = {Content-Type=[application/json;charset=UTF-8]}
             Body = {"name":"Updated Event","description":"test event","beginEnrollmentDateTime":"2018-11-23T14:20:00","closeEnrollmentDateTime":"2018-11-24T14:30:00","beginEventDateTime":"2018-11-25T14:30:00","endEventDateTime":"2018-11-26T14:30:00","location":"강남역 D2 스타텁 팩토리","basePrice":100,"maxPrice":200,"limitOfEnrollment":100}
    Session Attrs = {org.springframework.security.web.csrf.HttpSessionCsrfTokenRepository.CSRF_TOKEN=org.springframework.security.web.csrf.DefaultCsrfToken@5a503cf0}

Handler:
             Type = null

Async:
    Async started = false
     Async result = null

Resolved Exception:
             Type = null

ModelAndView:
        View name = null
             View = null
            Model = null

FlashMap:
       Attributes = null

MockHttpServletResponse:
           Status = 403
    Error message = Forbidden
          Headers = {X-Content-Type-Options=[nosniff], X-XSS-Protection=[1; mode=block], Cache-Control=[no-cache, no-store, max-age=0, must-revalidate], Pragma=[no-cache], Expires=[0], X-Frame-Options=[DENY]}
     Content type = null
             Body = 
    Forwarded URL = null
   Redirected URL = null
          Cookies = []

MockHttpServletRequest:
      HTTP Method = POST
      Request URI = /api/events
       Parameters = {}
          Headers = {Content-Type=[application/json;charset=UTF-8], Accept=[application/hal+json]}
             Body = {"name":"Spring","description":"REST API Development with Spring","beginEnrollmentDateTime":"2018-11-23T14:20:00","closeEnrollmentDateTime":"2018-11-24T14:30:00","beginEventDateTime":"2018-11-25T14:30:00","endEventDateTime":"2018-11-26T14:30:00","location":"강남역 D2 스타텁 팩토리","basePrice":100,"maxPrice":200,"limitOfEnrollment":100}
    Session Attrs = {org.springframework.security.web.csrf.HttpSessionCsrfTokenRepository.CSRF_TOKEN=org.springframework.security.web.csrf.DefaultCsrfToken@503b5337}

Handler:
             Type = null

Async:
    Async started = false
     Async result = null

Resolved Exception:
             Type = null

ModelAndView:
        View name = null
             View = null
            Model = null

FlashMap:
       Attributes = null

MockHttpServletResponse:
           Status = 403
    Error message = Forbidden
          Headers = {X-Content-Type-Options=[nosniff], X-XSS-Protection=[1; mode=block], Cache-Control=[no-cache, no-store, max-age=0, must-revalidate], Pragma=[no-cache], Expires=[0], X-Frame-Options=[DENY]}
     Content type = null
             Body = 
    Forwarded URL = null
   Redirected URL = null
          Cookies = []

MockHttpServletRequest:
      HTTP Method = GET
      Request URI = /api/events/2000
       Parameters = {}
          Headers = {}
             Body = null
    Session Attrs = {SPRING_SECURITY_SAVED_REQUEST=DefaultSavedRequest[http://localhost:8080/api/events/2000]}

Handler:
             Type = null

Async:
    Async started = false
     Async result = null

Resolved Exception:
             Type = null

ModelAndView:
        View name = null
             View = null
            Model = null

FlashMap:
       Attributes = null

MockHttpServletResponse:
           Status = 401
    Error message = Unauthorized
          Headers = {WWW-Authenticate=[Basic realm="Realm"], X-Content-Type-Options=[nosniff], X-XSS-Protection=[1; mode=block], Cache-Control=[no-cache, no-store, max-age=0, must-revalidate], Pragma=[no-cache], Expires=[0], X-Frame-Options=[DENY]}
     Content type = null
             Body = 
    Forwarded URL = null
   Redirected URL = null
          Cookies = []

MockHttpServletRequest:
      HTTP Method = GET
      Request URI = /api/events
       Parameters = {page=[1], size=[10], sort=[name,DESC]}
          Headers = {}
             Body = null
    Session Attrs = {SPRING_SECURITY_SAVED_REQUEST=DefaultSavedRequest[http://localhost:8080/api/events]}

Handler:
             Type = null

Async:
    Async started = false
     Async result = null

Resolved Exception:
             Type = null

ModelAndView:
        View name = null
             View = null
            Model = null

FlashMap:
       Attributes = null

MockHttpServletResponse:
           Status = 401
    Error message = Unauthorized
          Headers = {WWW-Authenticate=[Basic realm="Realm"], X-Content-Type-Options=[nosniff], X-XSS-Protection=[1; mode=block], Cache-Control=[no-cache, no-store, max-age=0, must-revalidate], Pragma=[no-cache], Expires=[0], X-Frame-Options=[DENY]}
     Content type = null
             Body = 
    Forwarded URL = null
   Redirected URL = null
          Cookies = []
]]></system-out>
  </testcase>
  <testcase name="createEvent_Bad_Request_Wrong_Input" classname="hansol9.rest.events.EventControllerTests" time="0.027">
    <failure message="Status expected:&lt;400&gt; but was:&lt;403&gt;" type="java.lang.AssertionError"><![CDATA[java.lang.AssertionError: Status expected:<400> but was:<403>
	at hansol9.rest.events.EventControllerTests.createEvent_Bad_Request_Wrong_Input(EventControllerTests.java:185)
]]></failure>
    <system-out><![CDATA[2020-10-27 18:17:49.354 DEBUG 86389 --- [           main] o.s.s.web.util.matcher.OrRequestMatcher  : Trying to match using Ant [pattern='/css/**']
2020-10-27 18:17:49.354 DEBUG 86389 --- [           main] o.s.s.w.u.matcher.AntPathRequestMatcher  : Checking match of request : '/api/events'; against '/css/**'
2020-10-27 18:17:49.354 DEBUG 86389 --- [           main] o.s.s.web.util.matcher.OrRequestMatcher  : Trying to match using Ant [pattern='/js/**']
2020-10-27 18:17:49.354 DEBUG 86389 --- [           main] o.s.s.w.u.matcher.AntPathRequestMatcher  : Checking match of request : '/api/events'; against '/js/**'
2020-10-27 18:17:49.354 DEBUG 86389 --- [           main] o.s.s.web.util.matcher.OrRequestMatcher  : Trying to match using Ant [pattern='/images/**']
2020-10-27 18:17:49.354 DEBUG 86389 --- [           main] o.s.s.w.u.matcher.AntPathRequestMatcher  : Checking match of request : '/api/events'; against '/images/**'
2020-10-27 18:17:49.354 DEBUG 86389 --- [           main] o.s.s.web.util.matcher.OrRequestMatcher  : Trying to match using Ant [pattern='/webjars/**']
2020-10-27 18:17:49.354 DEBUG 86389 --- [           main] o.s.s.w.u.matcher.AntPathRequestMatcher  : Checking match of request : '/api/events'; against '/webjars/**'
2020-10-27 18:17:49.354 DEBUG 86389 --- [           main] o.s.s.web.util.matcher.OrRequestMatcher  : Trying to match using Ant [pattern='/**/favicon.ico']
2020-10-27 18:17:49.354 DEBUG 86389 --- [           main] o.s.s.w.u.matcher.AntPathRequestMatcher  : Checking match of request : '/api/events'; against '/**/favicon.ico'
2020-10-27 18:17:49.354 DEBUG 86389 --- [           main] o.s.s.web.util.matcher.OrRequestMatcher  : No matches found
2020-10-27 18:17:49.354 DEBUG 86389 --- [           main] o.s.security.web.FilterChainProxy        : /api/events at position 1 of 15 in additional filter chain; firing Filter: 'WebAsyncManagerIntegrationFilter'
2020-10-27 18:17:49.354 DEBUG 86389 --- [           main] o.s.security.web.FilterChainProxy        : /api/events at position 2 of 15 in additional filter chain; firing Filter: 'SecurityContextPersistenceFilter'
2020-10-27 18:17:49.354 DEBUG 86389 --- [           main] w.c.HttpSessionSecurityContextRepository : No HttpSession currently exists
2020-10-27 18:17:49.354 DEBUG 86389 --- [           main] w.c.HttpSessionSecurityContextRepository : No SecurityContext was available from the HttpSession: null. A new one will be created.
2020-10-27 18:17:49.354 DEBUG 86389 --- [           main] o.s.security.web.FilterChainProxy        : /api/events at position 3 of 15 in additional filter chain; firing Filter: 'HeaderWriterFilter'
2020-10-27 18:17:49.354 DEBUG 86389 --- [           main] o.s.security.web.FilterChainProxy        : /api/events at position 4 of 15 in additional filter chain; firing Filter: 'CsrfFilter'
2020-10-27 18:17:49.354 DEBUG 86389 --- [           main] o.s.security.web.csrf.CsrfFilter         : Invalid CSRF token found for http://localhost:8080/api/events
2020-10-27 18:17:49.354 DEBUG 86389 --- [           main] o.s.s.w.header.writers.HstsHeaderWriter  : Not injecting HSTS header since it did not match the requestMatcher org.springframework.security.web.header.writers.HstsHeaderWriter$SecureRequestMatcher@2c485b3a
2020-10-27 18:17:49.354 DEBUG 86389 --- [           main] w.c.HttpSessionSecurityContextRepository : SecurityContext is empty or contents are anonymous - context will not be stored in HttpSession.
2020-10-27 18:17:49.354 DEBUG 86389 --- [           main] s.s.w.c.SecurityContextPersistenceFilter : SecurityContextHolder now cleared, as request processing completed

MockHttpServletRequest:
      HTTP Method = POST
      Request URI = /api/events
       Parameters = {}
          Headers = {Content-Type=[application/json;charset=UTF-8]}
             Body = {"name":"Spring","description":"REST API Development with Spring","beginEnrollmentDateTime":"2018-11-26T14:20:00","closeEnrollmentDateTime":"2018-11-25T14:30:00","beginEventDateTime":"2018-11-24T14:30:00","endEventDateTime":"2018-11-23T14:30:00","location":"강남역 D2 스타텁 팩토리","basePrice":10000,"maxPrice":200,"limitOfEnrollment":100}
    Session Attrs = {org.springframework.security.web.csrf.HttpSessionCsrfTokenRepository.CSRF_TOKEN=org.springframework.security.web.csrf.DefaultCsrfToken@c1bcea1}

Handler:
             Type = null

Async:
    Async started = false
     Async result = null

Resolved Exception:
             Type = null

ModelAndView:
        View name = null
             View = null
            Model = null

FlashMap:
       Attributes = null

MockHttpServletResponse:
           Status = 403
    Error message = Forbidden
          Headers = {X-Content-Type-Options=[nosniff], X-XSS-Protection=[1; mode=block], Cache-Control=[no-cache, no-store, max-age=0, must-revalidate], Pragma=[no-cache], Expires=[0], X-Frame-Options=[DENY]}
     Content type = null
             Body = 
    Forwarded URL = null
   Redirected URL = null
          Cookies = []

MockHttpServletRequest:
      HTTP Method = GET
      Request URI = /api
       Parameters = {}
          Headers = {}
             Body = null
    Session Attrs = {SPRING_SECURITY_SAVED_REQUEST=DefaultSavedRequest[http://localhost:8080/api]}

Handler:
             Type = null

Async:
    Async started = false
     Async result = null

Resolved Exception:
             Type = null

ModelAndView:
        View name = null
             View = null
            Model = null

FlashMap:
       Attributes = null

MockHttpServletResponse:
           Status = 401
    Error message = Unauthorized
          Headers = {WWW-Authenticate=[Basic realm="Realm"], X-Content-Type-Options=[nosniff], X-XSS-Protection=[1; mode=block], Cache-Control=[no-cache, no-store, max-age=0, must-revalidate], Pragma=[no-cache], Expires=[0], X-Frame-Options=[DENY]}
     Content type = null
             Body = 
    Forwarded URL = null
   Redirected URL = null
          Cookies = []

MockHttpServletRequest:
      HTTP Method = POST
      Request URI = /api/events
       Parameters = {}
          Headers = {Content-Type=[application/json;charset=UTF-8]}
             Body = {"name":null,"description":null,"beginEnrollmentDateTime":null,"closeEnrollmentDateTime":null,"beginEventDateTime":null,"endEventDateTime":null,"location":null,"basePrice":0,"maxPrice":0,"limitOfEnrollment":0}
    Session Attrs = {org.springframework.security.web.csrf.HttpSessionCsrfTokenRepository.CSRF_TOKEN=org.springframework.security.web.csrf.DefaultCsrfToken@11e36e5c}

Handler:
             Type = null

Async:
    Async started = false
     Async result = null

Resolved Exception:
             Type = null

ModelAndView:
        View name = null
             View = null
            Model = null

FlashMap:
       Attributes = null

MockHttpServletResponse:
           Status = 403
    Error message = Forbidden
          Headers = {X-Content-Type-Options=[nosniff], X-XSS-Protection=[1; mode=block], Cache-Control=[no-cache, no-store, max-age=0, must-revalidate], Pragma=[no-cache], Expires=[0], X-Frame-Options=[DENY]}
     Content type = null
             Body = 
    Forwarded URL = null
   Redirected URL = null
          Cookies = []

MockHttpServletRequest:
      HTTP Method = PUT
      Request URI = /api/events/2
       Parameters = {}
          Headers = {Content-Type=[application/json;charset=UTF-8]}
             Body = {"name":null,"description":null,"beginEnrollmentDateTime":null,"closeEnrollmentDateTime":null,"beginEventDateTime":null,"endEventDateTime":null,"location":null,"basePrice":0,"maxPrice":0,"limitOfEnrollment":0}
    Session Attrs = {org.springframework.security.web.csrf.HttpSessionCsrfTokenRepository.CSRF_TOKEN=org.springframework.security.web.csrf.DefaultCsrfToken@2ab87cb8}

Handler:
             Type = null

Async:
    Async started = false
     Async result = null

Resolved Exception:
             Type = null

ModelAndView:
        View name = null
             View = null
            Model = null

FlashMap:
       Attributes = null

MockHttpServletResponse:
           Status = 403
    Error message = Forbidden
          Headers = {X-Content-Type-Options=[nosniff], X-XSS-Protection=[1; mode=block], Cache-Control=[no-cache, no-store, max-age=0, must-revalidate], Pragma=[no-cache], Expires=[0], X-Frame-Options=[DENY]}
     Content type = null
             Body = 
    Forwarded URL = null
   Redirected URL = null
          Cookies = []

MockHttpServletRequest:
      HTTP Method = PUT
      Request URI = /api/events/3
       Parameters = {}
          Headers = {Content-Type=[application/json;charset=UTF-8]}
             Body = {"name":"Updated Event","description":"test event","beginEnrollmentDateTime":"2018-11-23T14:20:00","closeEnrollmentDateTime":"2018-11-24T14:30:00","beginEventDateTime":"2018-11-25T14:30:00","endEventDateTime":"2018-11-26T14:30:00","location":"강남역 D2 스타텁 팩토리","basePrice":100,"maxPrice":200,"limitOfEnrollment":100}
    Session Attrs = {org.springframework.security.web.csrf.HttpSessionCsrfTokenRepository.CSRF_TOKEN=org.springframework.security.web.csrf.DefaultCsrfToken@5a503cf0}

Handler:
             Type = null

Async:
    Async started = false
     Async result = null

Resolved Exception:
             Type = null

ModelAndView:
        View name = null
             View = null
            Model = null

FlashMap:
       Attributes = null

MockHttpServletResponse:
           Status = 403
    Error message = Forbidden
          Headers = {X-Content-Type-Options=[nosniff], X-XSS-Protection=[1; mode=block], Cache-Control=[no-cache, no-store, max-age=0, must-revalidate], Pragma=[no-cache], Expires=[0], X-Frame-Options=[DENY]}
     Content type = null
             Body = 
    Forwarded URL = null
   Redirected URL = null
          Cookies = []

MockHttpServletRequest:
      HTTP Method = POST
      Request URI = /api/events
       Parameters = {}
          Headers = {Content-Type=[application/json;charset=UTF-8], Accept=[application/hal+json]}
             Body = {"name":"Spring","description":"REST API Development with Spring","beginEnrollmentDateTime":"2018-11-23T14:20:00","closeEnrollmentDateTime":"2018-11-24T14:30:00","beginEventDateTime":"2018-11-25T14:30:00","endEventDateTime":"2018-11-26T14:30:00","location":"강남역 D2 스타텁 팩토리","basePrice":100,"maxPrice":200,"limitOfEnrollment":100}
    Session Attrs = {org.springframework.security.web.csrf.HttpSessionCsrfTokenRepository.CSRF_TOKEN=org.springframework.security.web.csrf.DefaultCsrfToken@503b5337}

Handler:
             Type = null

Async:
    Async started = false
     Async result = null

Resolved Exception:
             Type = null

ModelAndView:
        View name = null
             View = null
            Model = null

FlashMap:
       Attributes = null

MockHttpServletResponse:
           Status = 403
    Error message = Forbidden
          Headers = {X-Content-Type-Options=[nosniff], X-XSS-Protection=[1; mode=block], Cache-Control=[no-cache, no-store, max-age=0, must-revalidate], Pragma=[no-cache], Expires=[0], X-Frame-Options=[DENY]}
     Content type = null
             Body = 
    Forwarded URL = null
   Redirected URL = null
          Cookies = []

MockHttpServletRequest:
      HTTP Method = GET
      Request URI = /api/events/2000
       Parameters = {}
          Headers = {}
             Body = null
    Session Attrs = {SPRING_SECURITY_SAVED_REQUEST=DefaultSavedRequest[http://localhost:8080/api/events/2000]}

Handler:
             Type = null

Async:
    Async started = false
     Async result = null

Resolved Exception:
             Type = null

ModelAndView:
        View name = null
             View = null
            Model = null

FlashMap:
       Attributes = null

MockHttpServletResponse:
           Status = 401
    Error message = Unauthorized
          Headers = {WWW-Authenticate=[Basic realm="Realm"], X-Content-Type-Options=[nosniff], X-XSS-Protection=[1; mode=block], Cache-Control=[no-cache, no-store, max-age=0, must-revalidate], Pragma=[no-cache], Expires=[0], X-Frame-Options=[DENY]}
     Content type = null
             Body = 
    Forwarded URL = null
   Redirected URL = null
          Cookies = []

MockHttpServletRequest:
      HTTP Method = GET
      Request URI = /api/events
       Parameters = {page=[1], size=[10], sort=[name,DESC]}
          Headers = {}
             Body = null
    Session Attrs = {SPRING_SECURITY_SAVED_REQUEST=DefaultSavedRequest[http://localhost:8080/api/events]}

Handler:
             Type = null

Async:
    Async started = false
     Async result = null

Resolved Exception:
             Type = null

ModelAndView:
        View name = null
             View = null
            Model = null

FlashMap:
       Attributes = null

MockHttpServletResponse:
           Status = 401
    Error message = Unauthorized
          Headers = {WWW-Authenticate=[Basic realm="Realm"], X-Content-Type-Options=[nosniff], X-XSS-Protection=[1; mode=block], Cache-Control=[no-cache, no-store, max-age=0, must-revalidate], Pragma=[no-cache], Expires=[0], X-Frame-Options=[DENY]}
     Content type = null
             Body = 
    Forwarded URL = null
   Redirected URL = null
          Cookies = []

MockHttpServletRequest:
      HTTP Method = POST
      Request URI = /api/events
       Parameters = {}
          Headers = {Content-Type=[application/json;charset=UTF-8]}
             Body = {"name":"Spring","description":"REST API Development with Spring","beginEnrollmentDateTime":"2018-11-26T14:20:00","closeEnrollmentDateTime":"2018-11-25T14:30:00","beginEventDateTime":"2018-11-24T14:30:00","endEventDateTime":"2018-11-23T14:30:00","location":"강남역 D2 스타텁 팩토리","basePrice":10000,"maxPrice":200,"limitOfEnrollment":100}
    Session Attrs = {org.springframework.security.web.csrf.HttpSessionCsrfTokenRepository.CSRF_TOKEN=org.springframework.security.web.csrf.DefaultCsrfToken@c1bcea1}

Handler:
             Type = null

Async:
    Async started = false
     Async result = null

Resolved Exception:
             Type = null

ModelAndView:
        View name = null
             View = null
            Model = null

FlashMap:
       Attributes = null

MockHttpServletResponse:
           Status = 403
    Error message = Forbidden
          Headers = {X-Content-Type-Options=[nosniff], X-XSS-Protection=[1; mode=block], Cache-Control=[no-cache, no-store, max-age=0, must-revalidate], Pragma=[no-cache], Expires=[0], X-Frame-Options=[DENY]}
     Content type = null
             Body = 
    Forwarded URL = null
   Redirected URL = null
          Cookies = []
]]></system-out>
  </testcase>
  <testcase name="createEvent_Bad_Request" classname="hansol9.rest.events.EventControllerTests" time="0.03">
    <failure message="Status expected:&lt;400&gt; but was:&lt;403&gt;" type="java.lang.AssertionError"><![CDATA[java.lang.AssertionError: Status expected:<400> but was:<403>
	at hansol9.rest.events.EventControllerTests.createEvent_Bad_Request(EventControllerTests.java:146)
]]></failure>
    <system-out><![CDATA[2020-10-27 18:17:49.365 DEBUG 86389 --- [           main] o.s.s.web.util.matcher.OrRequestMatcher  : Trying to match using Ant [pattern='/css/**']
2020-10-27 18:17:49.365 DEBUG 86389 --- [           main] o.s.s.w.u.matcher.AntPathRequestMatcher  : Checking match of request : '/api/events'; against '/css/**'
2020-10-27 18:17:49.365 DEBUG 86389 --- [           main] o.s.s.web.util.matcher.OrRequestMatcher  : Trying to match using Ant [pattern='/js/**']
2020-10-27 18:17:49.365 DEBUG 86389 --- [           main] o.s.s.w.u.matcher.AntPathRequestMatcher  : Checking match of request : '/api/events'; against '/js/**'
2020-10-27 18:17:49.365 DEBUG 86389 --- [           main] o.s.s.web.util.matcher.OrRequestMatcher  : Trying to match using Ant [pattern='/images/**']
2020-10-27 18:17:49.365 DEBUG 86389 --- [           main] o.s.s.w.u.matcher.AntPathRequestMatcher  : Checking match of request : '/api/events'; against '/images/**'
2020-10-27 18:17:49.365 DEBUG 86389 --- [           main] o.s.s.web.util.matcher.OrRequestMatcher  : Trying to match using Ant [pattern='/webjars/**']
2020-10-27 18:17:49.365 DEBUG 86389 --- [           main] o.s.s.w.u.matcher.AntPathRequestMatcher  : Checking match of request : '/api/events'; against '/webjars/**'
2020-10-27 18:17:49.365 DEBUG 86389 --- [           main] o.s.s.web.util.matcher.OrRequestMatcher  : Trying to match using Ant [pattern='/**/favicon.ico']
2020-10-27 18:17:49.365 DEBUG 86389 --- [           main] o.s.s.w.u.matcher.AntPathRequestMatcher  : Checking match of request : '/api/events'; against '/**/favicon.ico'
2020-10-27 18:17:49.365 DEBUG 86389 --- [           main] o.s.s.web.util.matcher.OrRequestMatcher  : No matches found
2020-10-27 18:17:49.365 DEBUG 86389 --- [           main] o.s.security.web.FilterChainProxy        : /api/events at position 1 of 15 in additional filter chain; firing Filter: 'WebAsyncManagerIntegrationFilter'
2020-10-27 18:17:49.365 DEBUG 86389 --- [           main] o.s.security.web.FilterChainProxy        : /api/events at position 2 of 15 in additional filter chain; firing Filter: 'SecurityContextPersistenceFilter'
2020-10-27 18:17:49.365 DEBUG 86389 --- [           main] w.c.HttpSessionSecurityContextRepository : No HttpSession currently exists
2020-10-27 18:17:49.365 DEBUG 86389 --- [           main] w.c.HttpSessionSecurityContextRepository : No SecurityContext was available from the HttpSession: null. A new one will be created.
2020-10-27 18:17:49.365 DEBUG 86389 --- [           main] o.s.security.web.FilterChainProxy        : /api/events at position 3 of 15 in additional filter chain; firing Filter: 'HeaderWriterFilter'
2020-10-27 18:17:49.365 DEBUG 86389 --- [           main] o.s.security.web.FilterChainProxy        : /api/events at position 4 of 15 in additional filter chain; firing Filter: 'CsrfFilter'
2020-10-27 18:17:49.365 DEBUG 86389 --- [           main] o.s.security.web.csrf.CsrfFilter         : Invalid CSRF token found for http://localhost:8080/api/events
2020-10-27 18:17:49.365 DEBUG 86389 --- [           main] o.s.s.w.header.writers.HstsHeaderWriter  : Not injecting HSTS header since it did not match the requestMatcher org.springframework.security.web.header.writers.HstsHeaderWriter$SecureRequestMatcher@2c485b3a
2020-10-27 18:17:49.366 DEBUG 86389 --- [           main] w.c.HttpSessionSecurityContextRepository : SecurityContext is empty or contents are anonymous - context will not be stored in HttpSession.
2020-10-27 18:17:49.366 DEBUG 86389 --- [           main] s.s.w.c.SecurityContextPersistenceFilter : SecurityContextHolder now cleared, as request processing completed

MockHttpServletRequest:
      HTTP Method = POST
      Request URI = /api/events
       Parameters = {}
          Headers = {Content-Type=[application/json;charset=UTF-8], Accept=[application/hal+json]}
             Body = {"id":100,"name":"Spring","description":"REST API Development with Spring","beginEnrollmentDateTime":"2018-11-23T14:20:00","closeEnrollmentDateTime":"2018-11-24T14:30:00","beginEventDateTime":"2018-11-25T14:30:00","endEventDateTime":"2018-11-26T14:30:00","location":"강남역 D2 스타텁 팩토리","basePrice":100,"maxPrice":200,"limitOfEnrollment":100,"free":true,"offline":false,"eventStatus":"PUBLISHED","manager":null}
    Session Attrs = {org.springframework.security.web.csrf.HttpSessionCsrfTokenRepository.CSRF_TOKEN=org.springframework.security.web.csrf.DefaultCsrfToken@34e700f4}

Handler:
             Type = null

Async:
    Async started = false
     Async result = null

Resolved Exception:
             Type = null

ModelAndView:
        View name = null
             View = null
            Model = null

FlashMap:
       Attributes = null

MockHttpServletResponse:
           Status = 403
    Error message = Forbidden
          Headers = {X-Content-Type-Options=[nosniff], X-XSS-Protection=[1; mode=block], Cache-Control=[no-cache, no-store, max-age=0, must-revalidate], Pragma=[no-cache], Expires=[0], X-Frame-Options=[DENY]}
     Content type = null
             Body = 
    Forwarded URL = null
   Redirected URL = null
          Cookies = []

MockHttpServletRequest:
      HTTP Method = GET
      Request URI = /api
       Parameters = {}
          Headers = {}
             Body = null
    Session Attrs = {SPRING_SECURITY_SAVED_REQUEST=DefaultSavedRequest[http://localhost:8080/api]}

Handler:
             Type = null

Async:
    Async started = false
     Async result = null

Resolved Exception:
             Type = null

ModelAndView:
        View name = null
             View = null
            Model = null

FlashMap:
       Attributes = null

MockHttpServletResponse:
           Status = 401
    Error message = Unauthorized
          Headers = {WWW-Authenticate=[Basic realm="Realm"], X-Content-Type-Options=[nosniff], X-XSS-Protection=[1; mode=block], Cache-Control=[no-cache, no-store, max-age=0, must-revalidate], Pragma=[no-cache], Expires=[0], X-Frame-Options=[DENY]}
     Content type = null
             Body = 
    Forwarded URL = null
   Redirected URL = null
          Cookies = []

MockHttpServletRequest:
      HTTP Method = POST
      Request URI = /api/events
       Parameters = {}
          Headers = {Content-Type=[application/json;charset=UTF-8]}
             Body = {"name":null,"description":null,"beginEnrollmentDateTime":null,"closeEnrollmentDateTime":null,"beginEventDateTime":null,"endEventDateTime":null,"location":null,"basePrice":0,"maxPrice":0,"limitOfEnrollment":0}
    Session Attrs = {org.springframework.security.web.csrf.HttpSessionCsrfTokenRepository.CSRF_TOKEN=org.springframework.security.web.csrf.DefaultCsrfToken@11e36e5c}

Handler:
             Type = null

Async:
    Async started = false
     Async result = null

Resolved Exception:
             Type = null

ModelAndView:
        View name = null
             View = null
            Model = null

FlashMap:
       Attributes = null

MockHttpServletResponse:
           Status = 403
    Error message = Forbidden
          Headers = {X-Content-Type-Options=[nosniff], X-XSS-Protection=[1; mode=block], Cache-Control=[no-cache, no-store, max-age=0, must-revalidate], Pragma=[no-cache], Expires=[0], X-Frame-Options=[DENY]}
     Content type = null
             Body = 
    Forwarded URL = null
   Redirected URL = null
          Cookies = []

MockHttpServletRequest:
      HTTP Method = PUT
      Request URI = /api/events/2
       Parameters = {}
          Headers = {Content-Type=[application/json;charset=UTF-8]}
             Body = {"name":null,"description":null,"beginEnrollmentDateTime":null,"closeEnrollmentDateTime":null,"beginEventDateTime":null,"endEventDateTime":null,"location":null,"basePrice":0,"maxPrice":0,"limitOfEnrollment":0}
    Session Attrs = {org.springframework.security.web.csrf.HttpSessionCsrfTokenRepository.CSRF_TOKEN=org.springframework.security.web.csrf.DefaultCsrfToken@2ab87cb8}

Handler:
             Type = null

Async:
    Async started = false
     Async result = null

Resolved Exception:
             Type = null

ModelAndView:
        View name = null
             View = null
            Model = null

FlashMap:
       Attributes = null

MockHttpServletResponse:
           Status = 403
    Error message = Forbidden
          Headers = {X-Content-Type-Options=[nosniff], X-XSS-Protection=[1; mode=block], Cache-Control=[no-cache, no-store, max-age=0, must-revalidate], Pragma=[no-cache], Expires=[0], X-Frame-Options=[DENY]}
     Content type = null
             Body = 
    Forwarded URL = null
   Redirected URL = null
          Cookies = []

MockHttpServletRequest:
      HTTP Method = PUT
      Request URI = /api/events/3
       Parameters = {}
          Headers = {Content-Type=[application/json;charset=UTF-8]}
             Body = {"name":"Updated Event","description":"test event","beginEnrollmentDateTime":"2018-11-23T14:20:00","closeEnrollmentDateTime":"2018-11-24T14:30:00","beginEventDateTime":"2018-11-25T14:30:00","endEventDateTime":"2018-11-26T14:30:00","location":"강남역 D2 스타텁 팩토리","basePrice":100,"maxPrice":200,"limitOfEnrollment":100}
    Session Attrs = {org.springframework.security.web.csrf.HttpSessionCsrfTokenRepository.CSRF_TOKEN=org.springframework.security.web.csrf.DefaultCsrfToken@5a503cf0}

Handler:
             Type = null

Async:
    Async started = false
     Async result = null

Resolved Exception:
             Type = null

ModelAndView:
        View name = null
             View = null
            Model = null

FlashMap:
       Attributes = null

MockHttpServletResponse:
           Status = 403
    Error message = Forbidden
          Headers = {X-Content-Type-Options=[nosniff], X-XSS-Protection=[1; mode=block], Cache-Control=[no-cache, no-store, max-age=0, must-revalidate], Pragma=[no-cache], Expires=[0], X-Frame-Options=[DENY]}
     Content type = null
             Body = 
    Forwarded URL = null
   Redirected URL = null
          Cookies = []

MockHttpServletRequest:
      HTTP Method = POST
      Request URI = /api/events
       Parameters = {}
          Headers = {Content-Type=[application/json;charset=UTF-8], Accept=[application/hal+json]}
             Body = {"name":"Spring","description":"REST API Development with Spring","beginEnrollmentDateTime":"2018-11-23T14:20:00","closeEnrollmentDateTime":"2018-11-24T14:30:00","beginEventDateTime":"2018-11-25T14:30:00","endEventDateTime":"2018-11-26T14:30:00","location":"강남역 D2 스타텁 팩토리","basePrice":100,"maxPrice":200,"limitOfEnrollment":100}
    Session Attrs = {org.springframework.security.web.csrf.HttpSessionCsrfTokenRepository.CSRF_TOKEN=org.springframework.security.web.csrf.DefaultCsrfToken@503b5337}

Handler:
             Type = null

Async:
    Async started = false
     Async result = null

Resolved Exception:
             Type = null

ModelAndView:
        View name = null
             View = null
            Model = null

FlashMap:
       Attributes = null

MockHttpServletResponse:
           Status = 403
    Error message = Forbidden
          Headers = {X-Content-Type-Options=[nosniff], X-XSS-Protection=[1; mode=block], Cache-Control=[no-cache, no-store, max-age=0, must-revalidate], Pragma=[no-cache], Expires=[0], X-Frame-Options=[DENY]}
     Content type = null
             Body = 
    Forwarded URL = null
   Redirected URL = null
          Cookies = []

MockHttpServletRequest:
      HTTP Method = GET
      Request URI = /api/events/2000
       Parameters = {}
          Headers = {}
             Body = null
    Session Attrs = {SPRING_SECURITY_SAVED_REQUEST=DefaultSavedRequest[http://localhost:8080/api/events/2000]}

Handler:
             Type = null

Async:
    Async started = false
     Async result = null

Resolved Exception:
             Type = null

ModelAndView:
        View name = null
             View = null
            Model = null

FlashMap:
       Attributes = null

MockHttpServletResponse:
           Status = 401
    Error message = Unauthorized
          Headers = {WWW-Authenticate=[Basic realm="Realm"], X-Content-Type-Options=[nosniff], X-XSS-Protection=[1; mode=block], Cache-Control=[no-cache, no-store, max-age=0, must-revalidate], Pragma=[no-cache], Expires=[0], X-Frame-Options=[DENY]}
     Content type = null
             Body = 
    Forwarded URL = null
   Redirected URL = null
          Cookies = []

MockHttpServletRequest:
      HTTP Method = GET
      Request URI = /api/events
       Parameters = {page=[1], size=[10], sort=[name,DESC]}
          Headers = {}
             Body = null
    Session Attrs = {SPRING_SECURITY_SAVED_REQUEST=DefaultSavedRequest[http://localhost:8080/api/events]}

Handler:
             Type = null

Async:
    Async started = false
     Async result = null

Resolved Exception:
             Type = null

ModelAndView:
        View name = null
             View = null
            Model = null

FlashMap:
       Attributes = null

MockHttpServletResponse:
           Status = 401
    Error message = Unauthorized
          Headers = {WWW-Authenticate=[Basic realm="Realm"], X-Content-Type-Options=[nosniff], X-XSS-Protection=[1; mode=block], Cache-Control=[no-cache, no-store, max-age=0, must-revalidate], Pragma=[no-cache], Expires=[0], X-Frame-Options=[DENY]}
     Content type = null
             Body = 
    Forwarded URL = null
   Redirected URL = null
          Cookies = []

MockHttpServletRequest:
      HTTP Method = POST
      Request URI = /api/events
       Parameters = {}
          Headers = {Content-Type=[application/json;charset=UTF-8]}
             Body = {"name":"Spring","description":"REST API Development with Spring","beginEnrollmentDateTime":"2018-11-26T14:20:00","closeEnrollmentDateTime":"2018-11-25T14:30:00","beginEventDateTime":"2018-11-24T14:30:00","endEventDateTime":"2018-11-23T14:30:00","location":"강남역 D2 스타텁 팩토리","basePrice":10000,"maxPrice":200,"limitOfEnrollment":100}
    Session Attrs = {org.springframework.security.web.csrf.HttpSessionCsrfTokenRepository.CSRF_TOKEN=org.springframework.security.web.csrf.DefaultCsrfToken@c1bcea1}

Handler:
             Type = null

Async:
    Async started = false
     Async result = null

Resolved Exception:
             Type = null

ModelAndView:
        View name = null
             View = null
            Model = null

FlashMap:
       Attributes = null

MockHttpServletResponse:
           Status = 403
    Error message = Forbidden
          Headers = {X-Content-Type-Options=[nosniff], X-XSS-Protection=[1; mode=block], Cache-Control=[no-cache, no-store, max-age=0, must-revalidate], Pragma=[no-cache], Expires=[0], X-Frame-Options=[DENY]}
     Content type = null
             Body = 
    Forwarded URL = null
   Redirected URL = null
          Cookies = []

MockHttpServletRequest:
      HTTP Method = POST
      Request URI = /api/events
       Parameters = {}
          Headers = {Content-Type=[application/json;charset=UTF-8], Accept=[application/hal+json]}
             Body = {"id":100,"name":"Spring","description":"REST API Development with Spring","beginEnrollmentDateTime":"2018-11-23T14:20:00","closeEnrollmentDateTime":"2018-11-24T14:30:00","beginEventDateTime":"2018-11-25T14:30:00","endEventDateTime":"2018-11-26T14:30:00","location":"강남역 D2 스타텁 팩토리","basePrice":100,"maxPrice":200,"limitOfEnrollment":100,"free":true,"offline":false,"eventStatus":"PUBLISHED","manager":null}
    Session Attrs = {org.springframework.security.web.csrf.HttpSessionCsrfTokenRepository.CSRF_TOKEN=org.springframework.security.web.csrf.DefaultCsrfToken@34e700f4}

Handler:
             Type = null

Async:
    Async started = false
     Async result = null

Resolved Exception:
             Type = null

ModelAndView:
        View name = null
             View = null
            Model = null

FlashMap:
       Attributes = null

MockHttpServletResponse:
           Status = 403
    Error message = Forbidden
          Headers = {X-Content-Type-Options=[nosniff], X-XSS-Protection=[1; mode=block], Cache-Control=[no-cache, no-store, max-age=0, must-revalidate], Pragma=[no-cache], Expires=[0], X-Frame-Options=[DENY]}
     Content type = null
             Body = 
    Forwarded URL = null
   Redirected URL = null
          Cookies = []
]]></system-out>
  </testcase>
  <testcase name="updateEvent_404" classname="hansol9.rest.events.EventControllerTests" time="0.038">
    <failure message="Status expected:&lt;404&gt; but was:&lt;403&gt;" type="java.lang.AssertionError"><![CDATA[java.lang.AssertionError: Status expected:<404> but was:<403>
	at hansol9.rest.events.EventControllerTests.updateEvent_404(EventControllerTests.java:335)
]]></failure>
    <system-out><![CDATA[2020-10-27 18:17:49.370 DEBUG 86389 --- [           main] org.hibernate.SQL                        : 
    call next value for hibernate_sequence
2020-10-27 18:17:49.371 DEBUG 86389 --- [           main] org.hibernate.SQL                        : 
    insert 
    into
        event
        (base_price, begin_enrollment_date_time, begin_event_date_time, close_enrollment_date_time, description, end_event_date_time, event_status, free, limit_of_enrollment, location, manager_id, max_price, name, offline, id) 
    values
        (?, ?, ?, ?, ?, ?, ?, ?, ?, ?, ?, ?, ?, ?, ?)
2020-10-27 18:17:49.371 TRACE 86389 --- [           main] o.h.type.descriptor.sql.BasicBinder      : binding parameter [1] as [INTEGER] - [100]
2020-10-27 18:17:49.371 TRACE 86389 --- [           main] o.h.type.descriptor.sql.BasicBinder      : binding parameter [2] as [TIMESTAMP] - [2018-11-23T14:20]
2020-10-27 18:17:49.371 TRACE 86389 --- [           main] o.h.type.descriptor.sql.BasicBinder      : binding parameter [3] as [TIMESTAMP] - [2018-11-25T14:30]
2020-10-27 18:17:49.371 TRACE 86389 --- [           main] o.h.type.descriptor.sql.BasicBinder      : binding parameter [4] as [TIMESTAMP] - [2018-11-24T14:30]
2020-10-27 18:17:49.371 TRACE 86389 --- [           main] o.h.type.descriptor.sql.BasicBinder      : binding parameter [5] as [VARCHAR] - [test event]
2020-10-27 18:17:49.371 TRACE 86389 --- [           main] o.h.type.descriptor.sql.BasicBinder      : binding parameter [6] as [TIMESTAMP] - [2018-11-26T14:30]
2020-10-27 18:17:49.371 TRACE 86389 --- [           main] o.h.type.descriptor.sql.BasicBinder      : binding parameter [8] as [BOOLEAN] - [false]
2020-10-27 18:17:49.371 TRACE 86389 --- [           main] o.h.type.descriptor.sql.BasicBinder      : binding parameter [9] as [INTEGER] - [100]
2020-10-27 18:17:49.371 TRACE 86389 --- [           main] o.h.type.descriptor.sql.BasicBinder      : binding parameter [10] as [VARCHAR] - [강남역 D2 스타텁 팩토리]
2020-10-27 18:17:49.372 TRACE 86389 --- [           main] o.h.type.descriptor.sql.BasicBinder      : binding parameter [11] as [INTEGER] - [null]
2020-10-27 18:17:49.372 TRACE 86389 --- [           main] o.h.type.descriptor.sql.BasicBinder      : binding parameter [12] as [INTEGER] - [200]
2020-10-27 18:17:49.372 TRACE 86389 --- [           main] o.h.type.descriptor.sql.BasicBinder      : binding parameter [13] as [VARCHAR] - [event 200]
2020-10-27 18:17:49.372 TRACE 86389 --- [           main] o.h.type.descriptor.sql.BasicBinder      : binding parameter [14] as [BOOLEAN] - [true]
2020-10-27 18:17:49.372 TRACE 86389 --- [           main] o.h.type.descriptor.sql.BasicBinder      : binding parameter [15] as [INTEGER] - [34]
2020-10-27 18:17:49.374 DEBUG 86389 --- [           main] o.s.s.web.util.matcher.OrRequestMatcher  : Trying to match using Ant [pattern='/css/**']
2020-10-27 18:17:49.374 DEBUG 86389 --- [           main] o.s.s.w.u.matcher.AntPathRequestMatcher  : Checking match of request : '/api/events/300'; against '/css/**'
2020-10-27 18:17:49.374 DEBUG 86389 --- [           main] o.s.s.web.util.matcher.OrRequestMatcher  : Trying to match using Ant [pattern='/js/**']
2020-10-27 18:17:49.374 DEBUG 86389 --- [           main] o.s.s.w.u.matcher.AntPathRequestMatcher  : Checking match of request : '/api/events/300'; against '/js/**'
2020-10-27 18:17:49.374 DEBUG 86389 --- [           main] o.s.s.web.util.matcher.OrRequestMatcher  : Trying to match using Ant [pattern='/images/**']
2020-10-27 18:17:49.374 DEBUG 86389 --- [           main] o.s.s.w.u.matcher.AntPathRequestMatcher  : Checking match of request : '/api/events/300'; against '/images/**'
2020-10-27 18:17:49.374 DEBUG 86389 --- [           main] o.s.s.web.util.matcher.OrRequestMatcher  : Trying to match using Ant [pattern='/webjars/**']
2020-10-27 18:17:49.374 DEBUG 86389 --- [           main] o.s.s.w.u.matcher.AntPathRequestMatcher  : Checking match of request : '/api/events/300'; against '/webjars/**'
2020-10-27 18:17:49.374 DEBUG 86389 --- [           main] o.s.s.web.util.matcher.OrRequestMatcher  : Trying to match using Ant [pattern='/**/favicon.ico']
2020-10-27 18:17:49.374 DEBUG 86389 --- [           main] o.s.s.w.u.matcher.AntPathRequestMatcher  : Checking match of request : '/api/events/300'; against '/**/favicon.ico'
2020-10-27 18:17:49.374 DEBUG 86389 --- [           main] o.s.s.web.util.matcher.OrRequestMatcher  : No matches found
2020-10-27 18:17:49.374 DEBUG 86389 --- [           main] o.s.security.web.FilterChainProxy        : /api/events/300 at position 1 of 15 in additional filter chain; firing Filter: 'WebAsyncManagerIntegrationFilter'
2020-10-27 18:17:49.374 DEBUG 86389 --- [           main] o.s.security.web.FilterChainProxy        : /api/events/300 at position 2 of 15 in additional filter chain; firing Filter: 'SecurityContextPersistenceFilter'
2020-10-27 18:17:49.374 DEBUG 86389 --- [           main] w.c.HttpSessionSecurityContextRepository : No HttpSession currently exists
2020-10-27 18:17:49.374 DEBUG 86389 --- [           main] w.c.HttpSessionSecurityContextRepository : No SecurityContext was available from the HttpSession: null. A new one will be created.
2020-10-27 18:17:49.374 DEBUG 86389 --- [           main] o.s.security.web.FilterChainProxy        : /api/events/300 at position 3 of 15 in additional filter chain; firing Filter: 'HeaderWriterFilter'
2020-10-27 18:17:49.374 DEBUG 86389 --- [           main] o.s.security.web.FilterChainProxy        : /api/events/300 at position 4 of 15 in additional filter chain; firing Filter: 'CsrfFilter'
2020-10-27 18:17:49.374 DEBUG 86389 --- [           main] o.s.security.web.csrf.CsrfFilter         : Invalid CSRF token found for http://localhost:8080/api/events/300
2020-10-27 18:17:49.375 DEBUG 86389 --- [           main] o.s.s.w.header.writers.HstsHeaderWriter  : Not injecting HSTS header since it did not match the requestMatcher org.springframework.security.web.header.writers.HstsHeaderWriter$SecureRequestMatcher@2c485b3a
2020-10-27 18:17:49.375 DEBUG 86389 --- [           main] w.c.HttpSessionSecurityContextRepository : SecurityContext is empty or contents are anonymous - context will not be stored in HttpSession.
2020-10-27 18:17:49.375 DEBUG 86389 --- [           main] s.s.w.c.SecurityContextPersistenceFilter : SecurityContextHolder now cleared, as request processing completed

MockHttpServletRequest:
      HTTP Method = PUT
      Request URI = /api/events/300
       Parameters = {}
          Headers = {Content-Type=[application/json;charset=UTF-8]}
             Body = {"name":"event 200","description":"test event","beginEnrollmentDateTime":"2018-11-23T14:20:00","closeEnrollmentDateTime":"2018-11-24T14:30:00","beginEventDateTime":"2018-11-25T14:30:00","endEventDateTime":"2018-11-26T14:30:00","location":"강남역 D2 스타텁 팩토리","basePrice":100,"maxPrice":200,"limitOfEnrollment":100}
    Session Attrs = {org.springframework.security.web.csrf.HttpSessionCsrfTokenRepository.CSRF_TOKEN=org.springframework.security.web.csrf.DefaultCsrfToken@4707d60a}

Handler:
             Type = null

Async:
    Async started = false
     Async result = null

Resolved Exception:
             Type = null

ModelAndView:
        View name = null
             View = null
            Model = null

FlashMap:
       Attributes = null

MockHttpServletResponse:
           Status = 403
    Error message = Forbidden
          Headers = {X-Content-Type-Options=[nosniff], X-XSS-Protection=[1; mode=block], Cache-Control=[no-cache, no-store, max-age=0, must-revalidate], Pragma=[no-cache], Expires=[0], X-Frame-Options=[DENY]}
     Content type = null
             Body = 
    Forwarded URL = null
   Redirected URL = null
          Cookies = []

MockHttpServletRequest:
      HTTP Method = GET
      Request URI = /api
       Parameters = {}
          Headers = {}
             Body = null
    Session Attrs = {SPRING_SECURITY_SAVED_REQUEST=DefaultSavedRequest[http://localhost:8080/api]}

Handler:
             Type = null

Async:
    Async started = false
     Async result = null

Resolved Exception:
             Type = null

ModelAndView:
        View name = null
             View = null
            Model = null

FlashMap:
       Attributes = null

MockHttpServletResponse:
           Status = 401
    Error message = Unauthorized
          Headers = {WWW-Authenticate=[Basic realm="Realm"], X-Content-Type-Options=[nosniff], X-XSS-Protection=[1; mode=block], Cache-Control=[no-cache, no-store, max-age=0, must-revalidate], Pragma=[no-cache], Expires=[0], X-Frame-Options=[DENY]}
     Content type = null
             Body = 
    Forwarded URL = null
   Redirected URL = null
          Cookies = []

MockHttpServletRequest:
      HTTP Method = POST
      Request URI = /api/events
       Parameters = {}
          Headers = {Content-Type=[application/json;charset=UTF-8]}
             Body = {"name":null,"description":null,"beginEnrollmentDateTime":null,"closeEnrollmentDateTime":null,"beginEventDateTime":null,"endEventDateTime":null,"location":null,"basePrice":0,"maxPrice":0,"limitOfEnrollment":0}
    Session Attrs = {org.springframework.security.web.csrf.HttpSessionCsrfTokenRepository.CSRF_TOKEN=org.springframework.security.web.csrf.DefaultCsrfToken@11e36e5c}

Handler:
             Type = null

Async:
    Async started = false
     Async result = null

Resolved Exception:
             Type = null

ModelAndView:
        View name = null
             View = null
            Model = null

FlashMap:
       Attributes = null

MockHttpServletResponse:
           Status = 403
    Error message = Forbidden
          Headers = {X-Content-Type-Options=[nosniff], X-XSS-Protection=[1; mode=block], Cache-Control=[no-cache, no-store, max-age=0, must-revalidate], Pragma=[no-cache], Expires=[0], X-Frame-Options=[DENY]}
     Content type = null
             Body = 
    Forwarded URL = null
   Redirected URL = null
          Cookies = []

MockHttpServletRequest:
      HTTP Method = PUT
      Request URI = /api/events/2
       Parameters = {}
          Headers = {Content-Type=[application/json;charset=UTF-8]}
             Body = {"name":null,"description":null,"beginEnrollmentDateTime":null,"closeEnrollmentDateTime":null,"beginEventDateTime":null,"endEventDateTime":null,"location":null,"basePrice":0,"maxPrice":0,"limitOfEnrollment":0}
    Session Attrs = {org.springframework.security.web.csrf.HttpSessionCsrfTokenRepository.CSRF_TOKEN=org.springframework.security.web.csrf.DefaultCsrfToken@2ab87cb8}

Handler:
             Type = null

Async:
    Async started = false
     Async result = null

Resolved Exception:
             Type = null

ModelAndView:
        View name = null
             View = null
            Model = null

FlashMap:
       Attributes = null

MockHttpServletResponse:
           Status = 403
    Error message = Forbidden
          Headers = {X-Content-Type-Options=[nosniff], X-XSS-Protection=[1; mode=block], Cache-Control=[no-cache, no-store, max-age=0, must-revalidate], Pragma=[no-cache], Expires=[0], X-Frame-Options=[DENY]}
     Content type = null
             Body = 
    Forwarded URL = null
   Redirected URL = null
          Cookies = []

MockHttpServletRequest:
      HTTP Method = PUT
      Request URI = /api/events/3
       Parameters = {}
          Headers = {Content-Type=[application/json;charset=UTF-8]}
             Body = {"name":"Updated Event","description":"test event","beginEnrollmentDateTime":"2018-11-23T14:20:00","closeEnrollmentDateTime":"2018-11-24T14:30:00","beginEventDateTime":"2018-11-25T14:30:00","endEventDateTime":"2018-11-26T14:30:00","location":"강남역 D2 스타텁 팩토리","basePrice":100,"maxPrice":200,"limitOfEnrollment":100}
    Session Attrs = {org.springframework.security.web.csrf.HttpSessionCsrfTokenRepository.CSRF_TOKEN=org.springframework.security.web.csrf.DefaultCsrfToken@5a503cf0}

Handler:
             Type = null

Async:
    Async started = false
     Async result = null

Resolved Exception:
             Type = null

ModelAndView:
        View name = null
             View = null
            Model = null

FlashMap:
       Attributes = null

MockHttpServletResponse:
           Status = 403
    Error message = Forbidden
          Headers = {X-Content-Type-Options=[nosniff], X-XSS-Protection=[1; mode=block], Cache-Control=[no-cache, no-store, max-age=0, must-revalidate], Pragma=[no-cache], Expires=[0], X-Frame-Options=[DENY]}
     Content type = null
             Body = 
    Forwarded URL = null
   Redirected URL = null
          Cookies = []

MockHttpServletRequest:
      HTTP Method = POST
      Request URI = /api/events
       Parameters = {}
          Headers = {Content-Type=[application/json;charset=UTF-8], Accept=[application/hal+json]}
             Body = {"name":"Spring","description":"REST API Development with Spring","beginEnrollmentDateTime":"2018-11-23T14:20:00","closeEnrollmentDateTime":"2018-11-24T14:30:00","beginEventDateTime":"2018-11-25T14:30:00","endEventDateTime":"2018-11-26T14:30:00","location":"강남역 D2 스타텁 팩토리","basePrice":100,"maxPrice":200,"limitOfEnrollment":100}
    Session Attrs = {org.springframework.security.web.csrf.HttpSessionCsrfTokenRepository.CSRF_TOKEN=org.springframework.security.web.csrf.DefaultCsrfToken@503b5337}

Handler:
             Type = null

Async:
    Async started = false
     Async result = null

Resolved Exception:
             Type = null

ModelAndView:
        View name = null
             View = null
            Model = null

FlashMap:
       Attributes = null

MockHttpServletResponse:
           Status = 403
    Error message = Forbidden
          Headers = {X-Content-Type-Options=[nosniff], X-XSS-Protection=[1; mode=block], Cache-Control=[no-cache, no-store, max-age=0, must-revalidate], Pragma=[no-cache], Expires=[0], X-Frame-Options=[DENY]}
     Content type = null
             Body = 
    Forwarded URL = null
   Redirected URL = null
          Cookies = []

MockHttpServletRequest:
      HTTP Method = GET
      Request URI = /api/events/2000
       Parameters = {}
          Headers = {}
             Body = null
    Session Attrs = {SPRING_SECURITY_SAVED_REQUEST=DefaultSavedRequest[http://localhost:8080/api/events/2000]}

Handler:
             Type = null

Async:
    Async started = false
     Async result = null

Resolved Exception:
             Type = null

ModelAndView:
        View name = null
             View = null
            Model = null

FlashMap:
       Attributes = null

MockHttpServletResponse:
           Status = 401
    Error message = Unauthorized
          Headers = {WWW-Authenticate=[Basic realm="Realm"], X-Content-Type-Options=[nosniff], X-XSS-Protection=[1; mode=block], Cache-Control=[no-cache, no-store, max-age=0, must-revalidate], Pragma=[no-cache], Expires=[0], X-Frame-Options=[DENY]}
     Content type = null
             Body = 
    Forwarded URL = null
   Redirected URL = null
          Cookies = []

MockHttpServletRequest:
      HTTP Method = GET
      Request URI = /api/events
       Parameters = {page=[1], size=[10], sort=[name,DESC]}
          Headers = {}
             Body = null
    Session Attrs = {SPRING_SECURITY_SAVED_REQUEST=DefaultSavedRequest[http://localhost:8080/api/events]}

Handler:
             Type = null

Async:
    Async started = false
     Async result = null

Resolved Exception:
             Type = null

ModelAndView:
        View name = null
             View = null
            Model = null

FlashMap:
       Attributes = null

MockHttpServletResponse:
           Status = 401
    Error message = Unauthorized
          Headers = {WWW-Authenticate=[Basic realm="Realm"], X-Content-Type-Options=[nosniff], X-XSS-Protection=[1; mode=block], Cache-Control=[no-cache, no-store, max-age=0, must-revalidate], Pragma=[no-cache], Expires=[0], X-Frame-Options=[DENY]}
     Content type = null
             Body = 
    Forwarded URL = null
   Redirected URL = null
          Cookies = []

MockHttpServletRequest:
      HTTP Method = POST
      Request URI = /api/events
       Parameters = {}
          Headers = {Content-Type=[application/json;charset=UTF-8]}
             Body = {"name":"Spring","description":"REST API Development with Spring","beginEnrollmentDateTime":"2018-11-26T14:20:00","closeEnrollmentDateTime":"2018-11-25T14:30:00","beginEventDateTime":"2018-11-24T14:30:00","endEventDateTime":"2018-11-23T14:30:00","location":"강남역 D2 스타텁 팩토리","basePrice":10000,"maxPrice":200,"limitOfEnrollment":100}
    Session Attrs = {org.springframework.security.web.csrf.HttpSessionCsrfTokenRepository.CSRF_TOKEN=org.springframework.security.web.csrf.DefaultCsrfToken@c1bcea1}

Handler:
             Type = null

Async:
    Async started = false
     Async result = null

Resolved Exception:
             Type = null

ModelAndView:
        View name = null
             View = null
            Model = null

FlashMap:
       Attributes = null

MockHttpServletResponse:
           Status = 403
    Error message = Forbidden
          Headers = {X-Content-Type-Options=[nosniff], X-XSS-Protection=[1; mode=block], Cache-Control=[no-cache, no-store, max-age=0, must-revalidate], Pragma=[no-cache], Expires=[0], X-Frame-Options=[DENY]}
     Content type = null
             Body = 
    Forwarded URL = null
   Redirected URL = null
          Cookies = []

MockHttpServletRequest:
      HTTP Method = POST
      Request URI = /api/events
       Parameters = {}
          Headers = {Content-Type=[application/json;charset=UTF-8], Accept=[application/hal+json]}
             Body = {"id":100,"name":"Spring","description":"REST API Development with Spring","beginEnrollmentDateTime":"2018-11-23T14:20:00","closeEnrollmentDateTime":"2018-11-24T14:30:00","beginEventDateTime":"2018-11-25T14:30:00","endEventDateTime":"2018-11-26T14:30:00","location":"강남역 D2 스타텁 팩토리","basePrice":100,"maxPrice":200,"limitOfEnrollment":100,"free":true,"offline":false,"eventStatus":"PUBLISHED","manager":null}
    Session Attrs = {org.springframework.security.web.csrf.HttpSessionCsrfTokenRepository.CSRF_TOKEN=org.springframework.security.web.csrf.DefaultCsrfToken@34e700f4}

Handler:
             Type = null

Async:
    Async started = false
     Async result = null

Resolved Exception:
             Type = null

ModelAndView:
        View name = null
             View = null
            Model = null

FlashMap:
       Attributes = null

MockHttpServletResponse:
           Status = 403
    Error message = Forbidden
          Headers = {X-Content-Type-Options=[nosniff], X-XSS-Protection=[1; mode=block], Cache-Control=[no-cache, no-store, max-age=0, must-revalidate], Pragma=[no-cache], Expires=[0], X-Frame-Options=[DENY]}
     Content type = null
             Body = 
    Forwarded URL = null
   Redirected URL = null
          Cookies = []

MockHttpServletRequest:
      HTTP Method = PUT
      Request URI = /api/events/300
       Parameters = {}
          Headers = {Content-Type=[application/json;charset=UTF-8]}
             Body = {"name":"event 200","description":"test event","beginEnrollmentDateTime":"2018-11-23T14:20:00","closeEnrollmentDateTime":"2018-11-24T14:30:00","beginEventDateTime":"2018-11-25T14:30:00","endEventDateTime":"2018-11-26T14:30:00","location":"강남역 D2 스타텁 팩토리","basePrice":100,"maxPrice":200,"limitOfEnrollment":100}
    Session Attrs = {org.springframework.security.web.csrf.HttpSessionCsrfTokenRepository.CSRF_TOKEN=org.springframework.security.web.csrf.DefaultCsrfToken@4707d60a}

Handler:
             Type = null

Async:
    Async started = false
     Async result = null

Resolved Exception:
             Type = null

ModelAndView:
        View name = null
             View = null
            Model = null

FlashMap:
       Attributes = null

MockHttpServletResponse:
           Status = 403
    Error message = Forbidden
          Headers = {X-Content-Type-Options=[nosniff], X-XSS-Protection=[1; mode=block], Cache-Control=[no-cache, no-store, max-age=0, must-revalidate], Pragma=[no-cache], Expires=[0], X-Frame-Options=[DENY]}
     Content type = null
             Body = 
    Forwarded URL = null
   Redirected URL = null
          Cookies = []
]]></system-out>
  </testcase>
  <testcase name="getEvent" classname="hansol9.rest.events.EventControllerTests" time="0.083">
    <failure message="Status expected:&lt;200&gt; but was:&lt;401&gt;" type="java.lang.AssertionError"><![CDATA[java.lang.AssertionError: Status expected:<200> but was:<401>
	at hansol9.rest.events.EventControllerTests.getEvent(EventControllerTests.java:238)
]]></failure>
    <system-out><![CDATA[2020-10-27 18:17:49.380 DEBUG 86389 --- [           main] org.hibernate.SQL                        : 
    call next value for hibernate_sequence
2020-10-27 18:17:49.381 DEBUG 86389 --- [           main] org.hibernate.SQL                        : 
    insert 
    into
        event
        (base_price, begin_enrollment_date_time, begin_event_date_time, close_enrollment_date_time, description, end_event_date_time, event_status, free, limit_of_enrollment, location, manager_id, max_price, name, offline, id) 
    values
        (?, ?, ?, ?, ?, ?, ?, ?, ?, ?, ?, ?, ?, ?, ?)
2020-10-27 18:17:49.381 TRACE 86389 --- [           main] o.h.type.descriptor.sql.BasicBinder      : binding parameter [1] as [INTEGER] - [100]
2020-10-27 18:17:49.381 TRACE 86389 --- [           main] o.h.type.descriptor.sql.BasicBinder      : binding parameter [2] as [TIMESTAMP] - [2018-11-23T14:20]
2020-10-27 18:17:49.381 TRACE 86389 --- [           main] o.h.type.descriptor.sql.BasicBinder      : binding parameter [3] as [TIMESTAMP] - [2018-11-25T14:30]
2020-10-27 18:17:49.382 TRACE 86389 --- [           main] o.h.type.descriptor.sql.BasicBinder      : binding parameter [4] as [TIMESTAMP] - [2018-11-24T14:30]
2020-10-27 18:17:49.382 TRACE 86389 --- [           main] o.h.type.descriptor.sql.BasicBinder      : binding parameter [5] as [VARCHAR] - [test event]
2020-10-27 18:17:49.382 TRACE 86389 --- [           main] o.h.type.descriptor.sql.BasicBinder      : binding parameter [6] as [TIMESTAMP] - [2018-11-26T14:30]
2020-10-27 18:17:49.382 TRACE 86389 --- [           main] o.h.type.descriptor.sql.BasicBinder      : binding parameter [8] as [BOOLEAN] - [false]
2020-10-27 18:17:49.382 TRACE 86389 --- [           main] o.h.type.descriptor.sql.BasicBinder      : binding parameter [9] as [INTEGER] - [100]
2020-10-27 18:17:49.382 TRACE 86389 --- [           main] o.h.type.descriptor.sql.BasicBinder      : binding parameter [10] as [VARCHAR] - [강남역 D2 스타텁 팩토리]
2020-10-27 18:17:49.382 TRACE 86389 --- [           main] o.h.type.descriptor.sql.BasicBinder      : binding parameter [11] as [INTEGER] - [null]
2020-10-27 18:17:49.382 TRACE 86389 --- [           main] o.h.type.descriptor.sql.BasicBinder      : binding parameter [12] as [INTEGER] - [200]
2020-10-27 18:17:49.382 TRACE 86389 --- [           main] o.h.type.descriptor.sql.BasicBinder      : binding parameter [13] as [VARCHAR] - [event 100]
2020-10-27 18:17:49.382 TRACE 86389 --- [           main] o.h.type.descriptor.sql.BasicBinder      : binding parameter [14] as [BOOLEAN] - [true]
2020-10-27 18:17:49.382 TRACE 86389 --- [           main] o.h.type.descriptor.sql.BasicBinder      : binding parameter [15] as [INTEGER] - [35]
2020-10-27 18:17:49.383 DEBUG 86389 --- [           main] o.s.s.web.util.matcher.OrRequestMatcher  : Trying to match using Ant [pattern='/css/**']
2020-10-27 18:17:49.383 DEBUG 86389 --- [           main] o.s.s.w.u.matcher.AntPathRequestMatcher  : Checking match of request : '/api/events/35'; against '/css/**'
2020-10-27 18:17:49.383 DEBUG 86389 --- [           main] o.s.s.web.util.matcher.OrRequestMatcher  : Trying to match using Ant [pattern='/js/**']
2020-10-27 18:17:49.383 DEBUG 86389 --- [           main] o.s.s.w.u.matcher.AntPathRequestMatcher  : Checking match of request : '/api/events/35'; against '/js/**'
2020-10-27 18:17:49.383 DEBUG 86389 --- [           main] o.s.s.web.util.matcher.OrRequestMatcher  : Trying to match using Ant [pattern='/images/**']
2020-10-27 18:17:49.383 DEBUG 86389 --- [           main] o.s.s.w.u.matcher.AntPathRequestMatcher  : Checking match of request : '/api/events/35'; against '/images/**'
2020-10-27 18:17:49.383 DEBUG 86389 --- [           main] o.s.s.web.util.matcher.OrRequestMatcher  : Trying to match using Ant [pattern='/webjars/**']
2020-10-27 18:17:49.383 DEBUG 86389 --- [           main] o.s.s.w.u.matcher.AntPathRequestMatcher  : Checking match of request : '/api/events/35'; against '/webjars/**'
2020-10-27 18:17:49.383 DEBUG 86389 --- [           main] o.s.s.web.util.matcher.OrRequestMatcher  : Trying to match using Ant [pattern='/**/favicon.ico']
2020-10-27 18:17:49.383 DEBUG 86389 --- [           main] o.s.s.w.u.matcher.AntPathRequestMatcher  : Checking match of request : '/api/events/35'; against '/**/favicon.ico'
2020-10-27 18:17:49.383 DEBUG 86389 --- [           main] o.s.s.web.util.matcher.OrRequestMatcher  : No matches found
2020-10-27 18:17:49.383 DEBUG 86389 --- [           main] o.s.security.web.FilterChainProxy        : /api/events/35 at position 1 of 15 in additional filter chain; firing Filter: 'WebAsyncManagerIntegrationFilter'
2020-10-27 18:17:49.383 DEBUG 86389 --- [           main] o.s.security.web.FilterChainProxy        : /api/events/35 at position 2 of 15 in additional filter chain; firing Filter: 'SecurityContextPersistenceFilter'
2020-10-27 18:17:49.383 DEBUG 86389 --- [           main] w.c.HttpSessionSecurityContextRepository : No HttpSession currently exists
2020-10-27 18:17:49.384 DEBUG 86389 --- [           main] w.c.HttpSessionSecurityContextRepository : No SecurityContext was available from the HttpSession: null. A new one will be created.
2020-10-27 18:17:49.384 DEBUG 86389 --- [           main] o.s.security.web.FilterChainProxy        : /api/events/35 at position 3 of 15 in additional filter chain; firing Filter: 'HeaderWriterFilter'
2020-10-27 18:17:49.384 DEBUG 86389 --- [           main] o.s.security.web.FilterChainProxy        : /api/events/35 at position 4 of 15 in additional filter chain; firing Filter: 'CsrfFilter'
2020-10-27 18:17:49.384 DEBUG 86389 --- [           main] o.s.security.web.FilterChainProxy        : /api/events/35 at position 5 of 15 in additional filter chain; firing Filter: 'LogoutFilter'
2020-10-27 18:17:49.384 DEBUG 86389 --- [           main] o.s.s.w.u.matcher.AntPathRequestMatcher  : Request 'GET /api/events/35' doesn't match 'POST /logout'
2020-10-27 18:17:49.384 DEBUG 86389 --- [           main] o.s.security.web.FilterChainProxy        : /api/events/35 at position 6 of 15 in additional filter chain; firing Filter: 'UsernamePasswordAuthenticationFilter'
2020-10-27 18:17:49.384 DEBUG 86389 --- [           main] o.s.s.w.u.matcher.AntPathRequestMatcher  : Request 'GET /api/events/35' doesn't match 'POST /login'
2020-10-27 18:17:49.384 DEBUG 86389 --- [           main] o.s.security.web.FilterChainProxy        : /api/events/35 at position 7 of 15 in additional filter chain; firing Filter: 'DefaultLoginPageGeneratingFilter'
2020-10-27 18:17:49.384 DEBUG 86389 --- [           main] o.s.security.web.FilterChainProxy        : /api/events/35 at position 8 of 15 in additional filter chain; firing Filter: 'DefaultLogoutPageGeneratingFilter'
2020-10-27 18:17:49.384 DEBUG 86389 --- [           main] o.s.s.w.u.matcher.AntPathRequestMatcher  : Checking match of request : '/api/events/35'; against '/logout'
2020-10-27 18:17:49.384 DEBUG 86389 --- [           main] o.s.security.web.FilterChainProxy        : /api/events/35 at position 9 of 15 in additional filter chain; firing Filter: 'BasicAuthenticationFilter'
2020-10-27 18:17:49.384 DEBUG 86389 --- [           main] o.s.security.web.FilterChainProxy        : /api/events/35 at position 10 of 15 in additional filter chain; firing Filter: 'RequestCacheAwareFilter'
2020-10-27 18:17:49.384 DEBUG 86389 --- [           main] o.s.s.w.s.HttpSessionRequestCache        : saved request doesn't match
2020-10-27 18:17:49.384 DEBUG 86389 --- [           main] o.s.security.web.FilterChainProxy        : /api/events/35 at position 11 of 15 in additional filter chain; firing Filter: 'SecurityContextHolderAwareRequestFilter'
2020-10-27 18:17:49.384 DEBUG 86389 --- [           main] o.s.security.web.FilterChainProxy        : /api/events/35 at position 12 of 15 in additional filter chain; firing Filter: 'AnonymousAuthenticationFilter'
2020-10-27 18:17:49.384 DEBUG 86389 --- [           main] o.s.s.w.a.AnonymousAuthenticationFilter  : Populated SecurityContextHolder with anonymous token: 'org.springframework.security.authentication.AnonymousAuthenticationToken@d1c71378: Principal: anonymousUser; Credentials: [PROTECTED]; Authenticated: true; Details: org.springframework.security.web.authentication.WebAuthenticationDetails@957e: RemoteIpAddress: 127.0.0.1; SessionId: null; Granted Authorities: ROLE_ANONYMOUS'
2020-10-27 18:17:49.384 DEBUG 86389 --- [           main] o.s.security.web.FilterChainProxy        : /api/events/35 at position 13 of 15 in additional filter chain; firing Filter: 'SessionManagementFilter'
2020-10-27 18:17:49.384 DEBUG 86389 --- [           main] o.s.security.web.FilterChainProxy        : /api/events/35 at position 14 of 15 in additional filter chain; firing Filter: 'ExceptionTranslationFilter'
2020-10-27 18:17:49.384 DEBUG 86389 --- [           main] o.s.security.web.FilterChainProxy        : /api/events/35 at position 15 of 15 in additional filter chain; firing Filter: 'FilterSecurityInterceptor'
2020-10-27 18:17:49.384 DEBUG 86389 --- [           main] o.s.s.w.a.i.FilterSecurityInterceptor    : Secure object: FilterInvocation: URL: /api/events/35; Attributes: [authenticated]
2020-10-27 18:17:49.384 DEBUG 86389 --- [           main] o.s.s.w.a.i.FilterSecurityInterceptor    : Previously Authenticated: org.springframework.security.authentication.AnonymousAuthenticationToken@d1c71378: Principal: anonymousUser; Credentials: [PROTECTED]; Authenticated: true; Details: org.springframework.security.web.authentication.WebAuthenticationDetails@957e: RemoteIpAddress: 127.0.0.1; SessionId: null; Granted Authorities: ROLE_ANONYMOUS
2020-10-27 18:17:49.384 DEBUG 86389 --- [           main] o.s.s.access.vote.AffirmativeBased       : Voter: org.springframework.security.web.access.expression.WebExpressionVoter@4f1aa2bc, returned: -1
2020-10-27 18:17:49.385 DEBUG 86389 --- [           main] o.s.s.w.a.ExceptionTranslationFilter     : Access is denied (user is anonymous); redirecting to authentication entry point

org.springframework.security.access.AccessDeniedException: Access is denied
	at org.springframework.security.access.vote.AffirmativeBased.decide(AffirmativeBased.java:84) ~[spring-security-core-5.1.1.RELEASE.jar:5.1.1.RELEASE]
	at org.springframework.security.access.intercept.AbstractSecurityInterceptor.beforeInvocation(AbstractSecurityInterceptor.java:233) ~[spring-security-core-5.1.1.RELEASE.jar:5.1.1.RELEASE]
	at org.springframework.security.web.access.intercept.FilterSecurityInterceptor.invoke(FilterSecurityInterceptor.java:124) ~[spring-security-web-5.1.1.RELEASE.jar:5.1.1.RELEASE]
	at org.springframework.security.web.access.intercept.FilterSecurityInterceptor.doFilter(FilterSecurityInterceptor.java:91) ~[spring-security-web-5.1.1.RELEASE.jar:5.1.1.RELEASE]
	at org.springframework.security.web.FilterChainProxy$VirtualFilterChain.doFilter(FilterChainProxy.java:334) ~[spring-security-web-5.1.1.RELEASE.jar:5.1.1.RELEASE]
	at org.springframework.security.web.access.ExceptionTranslationFilter.doFilter(ExceptionTranslationFilter.java:119) ~[spring-security-web-5.1.1.RELEASE.jar:5.1.1.RELEASE]
	at org.springframework.security.web.FilterChainProxy$VirtualFilterChain.doFilter(FilterChainProxy.java:334) ~[spring-security-web-5.1.1.RELEASE.jar:5.1.1.RELEASE]
	at org.springframework.security.web.session.SessionManagementFilter.doFilter(SessionManagementFilter.java:137) ~[spring-security-web-5.1.1.RELEASE.jar:5.1.1.RELEASE]
	at org.springframework.security.web.FilterChainProxy$VirtualFilterChain.doFilter(FilterChainProxy.java:334) ~[spring-security-web-5.1.1.RELEASE.jar:5.1.1.RELEASE]
	at org.springframework.security.web.authentication.AnonymousAuthenticationFilter.doFilter(AnonymousAuthenticationFilter.java:111) ~[spring-security-web-5.1.1.RELEASE.jar:5.1.1.RELEASE]
	at org.springframework.security.web.FilterChainProxy$VirtualFilterChain.doFilter(FilterChainProxy.java:334) ~[spring-security-web-5.1.1.RELEASE.jar:5.1.1.RELEASE]
	at org.springframework.security.web.servletapi.SecurityContextHolderAwareRequestFilter.doFilter(SecurityContextHolderAwareRequestFilter.java:170) ~[spring-security-web-5.1.1.RELEASE.jar:5.1.1.RELEASE]
	at org.springframework.security.web.FilterChainProxy$VirtualFilterChain.doFilter(FilterChainProxy.java:334) ~[spring-security-web-5.1.1.RELEASE.jar:5.1.1.RELEASE]
	at org.springframework.security.web.savedrequest.RequestCacheAwareFilter.doFilter(RequestCacheAwareFilter.java:63) ~[spring-security-web-5.1.1.RELEASE.jar:5.1.1.RELEASE]
	at org.springframework.security.web.FilterChainProxy$VirtualFilterChain.doFilter(FilterChainProxy.java:334) ~[spring-security-web-5.1.1.RELEASE.jar:5.1.1.RELEASE]
	at org.springframework.security.web.authentication.www.BasicAuthenticationFilter.doFilterInternal(BasicAuthenticationFilter.java:158) ~[spring-security-web-5.1.1.RELEASE.jar:5.1.1.RELEASE]
	at org.springframework.web.filter.OncePerRequestFilter.doFilter(OncePerRequestFilter.java:107) ~[spring-web-5.1.2.RELEASE.jar:5.1.2.RELEASE]
	at org.springframework.security.web.FilterChainProxy$VirtualFilterChain.doFilter(FilterChainProxy.java:334) ~[spring-security-web-5.1.1.RELEASE.jar:5.1.1.RELEASE]
	at org.springframework.security.web.authentication.ui.DefaultLogoutPageGeneratingFilter.doFilterInternal(DefaultLogoutPageGeneratingFilter.java:52) ~[spring-security-web-5.1.1.RELEASE.jar:5.1.1.RELEASE]
	at org.springframework.web.filter.OncePerRequestFilter.doFilter(OncePerRequestFilter.java:107) ~[spring-web-5.1.2.RELEASE.jar:5.1.2.RELEASE]
	at org.springframework.security.web.FilterChainProxy$VirtualFilterChain.doFilter(FilterChainProxy.java:334) ~[spring-security-web-5.1.1.RELEASE.jar:5.1.1.RELEASE]
	at org.springframework.security.web.authentication.ui.DefaultLoginPageGeneratingFilter.doFilter(DefaultLoginPageGeneratingFilter.java:206) ~[spring-security-web-5.1.1.RELEASE.jar:5.1.1.RELEASE]
	at org.springframework.security.web.FilterChainProxy$VirtualFilterChain.doFilter(FilterChainProxy.java:334) ~[spring-security-web-5.1.1.RELEASE.jar:5.1.1.RELEASE]
	at org.springframework.security.web.authentication.AbstractAuthenticationProcessingFilter.doFilter(AbstractAuthenticationProcessingFilter.java:200) ~[spring-security-web-5.1.1.RELEASE.jar:5.1.1.RELEASE]
	at org.springframework.security.web.FilterChainProxy$VirtualFilterChain.doFilter(FilterChainProxy.java:334) ~[spring-security-web-5.1.1.RELEASE.jar:5.1.1.RELEASE]
	at org.springframework.security.web.authentication.logout.LogoutFilter.doFilter(LogoutFilter.java:116) ~[spring-security-web-5.1.1.RELEASE.jar:5.1.1.RELEASE]
	at org.springframework.security.web.FilterChainProxy$VirtualFilterChain.doFilter(FilterChainProxy.java:334) ~[spring-security-web-5.1.1.RELEASE.jar:5.1.1.RELEASE]
	at org.springframework.security.web.csrf.CsrfFilter.doFilterInternal(CsrfFilter.java:100) ~[spring-security-web-5.1.1.RELEASE.jar:5.1.1.RELEASE]
	at org.springframework.web.filter.OncePerRequestFilter.doFilter(OncePerRequestFilter.java:107) ~[spring-web-5.1.2.RELEASE.jar:5.1.2.RELEASE]
	at org.springframework.security.web.FilterChainProxy$VirtualFilterChain.doFilter(FilterChainProxy.java:334) ~[spring-security-web-5.1.1.RELEASE.jar:5.1.1.RELEASE]
	at org.springframework.security.web.header.HeaderWriterFilter.doFilterInternal(HeaderWriterFilter.java:66) ~[spring-security-web-5.1.1.RELEASE.jar:5.1.1.RELEASE]
	at org.springframework.web.filter.OncePerRequestFilter.doFilter(OncePerRequestFilter.java:107) ~[spring-web-5.1.2.RELEASE.jar:5.1.2.RELEASE]
	at org.springframework.security.web.FilterChainProxy$VirtualFilterChain.doFilter(FilterChainProxy.java:334) ~[spring-security-web-5.1.1.RELEASE.jar:5.1.1.RELEASE]
	at org.springframework.security.web.context.SecurityContextPersistenceFilter.doFilter(SecurityContextPersistenceFilter.java:105) ~[spring-security-web-5.1.1.RELEASE.jar:5.1.1.RELEASE]
	at org.springframework.security.web.FilterChainProxy$VirtualFilterChain.doFilter(FilterChainProxy.java:334) ~[spring-security-web-5.1.1.RELEASE.jar:5.1.1.RELEASE]
	at org.springframework.security.web.context.request.async.WebAsyncManagerIntegrationFilter.doFilterInternal(WebAsyncManagerIntegrationFilter.java:56) ~[spring-security-web-5.1.1.RELEASE.jar:5.1.1.RELEASE]
	at org.springframework.web.filter.OncePerRequestFilter.doFilter(OncePerRequestFilter.java:107) ~[spring-web-5.1.2.RELEASE.jar:5.1.2.RELEASE]
	at org.springframework.security.web.FilterChainProxy$VirtualFilterChain.doFilter(FilterChainProxy.java:334) ~[spring-security-web-5.1.1.RELEASE.jar:5.1.1.RELEASE]
	at org.springframework.security.web.FilterChainProxy.doFilterInternal(FilterChainProxy.java:215) ~[spring-security-web-5.1.1.RELEASE.jar:5.1.1.RELEASE]
	at org.springframework.security.web.FilterChainProxy.doFilter(FilterChainProxy.java:178) ~[spring-security-web-5.1.1.RELEASE.jar:5.1.1.RELEASE]
	at org.springframework.web.filter.DelegatingFilterProxy.invokeDelegate(DelegatingFilterProxy.java:357) ~[spring-web-5.1.2.RELEASE.jar:5.1.2.RELEASE]
	at org.springframework.web.filter.DelegatingFilterProxy.doFilter(DelegatingFilterProxy.java:270) ~[spring-web-5.1.2.RELEASE.jar:5.1.2.RELEASE]
	at org.springframework.mock.web.MockFilterChain.doFilter(MockFilterChain.java:133) ~[spring-test-5.1.2.RELEASE.jar:5.1.2.RELEASE]
	at org.springframework.web.filter.RequestContextFilter.doFilterInternal(RequestContextFilter.java:99) ~[spring-web-5.1.2.RELEASE.jar:5.1.2.RELEASE]
	at org.springframework.web.filter.OncePerRequestFilter.doFilter(OncePerRequestFilter.java:107) ~[spring-web-5.1.2.RELEASE.jar:5.1.2.RELEASE]
	at org.springframework.mock.web.MockFilterChain.doFilter(MockFilterChain.java:133) ~[spring-test-5.1.2.RELEASE.jar:5.1.2.RELEASE]
	at org.springframework.web.filter.FormContentFilter.doFilterInternal(FormContentFilter.java:92) ~[spring-web-5.1.2.RELEASE.jar:5.1.2.RELEASE]
	at org.springframework.web.filter.OncePerRequestFilter.doFilter(OncePerRequestFilter.java:107) ~[spring-web-5.1.2.RELEASE.jar:5.1.2.RELEASE]
	at org.springframework.mock.web.MockFilterChain.doFilter(MockFilterChain.java:133) ~[spring-test-5.1.2.RELEASE.jar:5.1.2.RELEASE]
	at org.springframework.web.filter.HiddenHttpMethodFilter.doFilterInternal(HiddenHttpMethodFilter.java:93) ~[spring-web-5.1.2.RELEASE.jar:5.1.2.RELEASE]
	at org.springframework.web.filter.OncePerRequestFilter.doFilter(OncePerRequestFilter.java:107) ~[spring-web-5.1.2.RELEASE.jar:5.1.2.RELEASE]
	at org.springframework.mock.web.MockFilterChain.doFilter(MockFilterChain.java:133) ~[spring-test-5.1.2.RELEASE.jar:5.1.2.RELEASE]
	at org.springframework.web.filter.CharacterEncodingFilter.doFilterInternal(CharacterEncodingFilter.java:200) ~[spring-web-5.1.2.RELEASE.jar:5.1.2.RELEASE]
	at org.springframework.web.filter.OncePerRequestFilter.doFilter(OncePerRequestFilter.java:107) ~[spring-web-5.1.2.RELEASE.jar:5.1.2.RELEASE]
	at org.springframework.mock.web.MockFilterChain.doFilter(MockFilterChain.java:133) ~[spring-test-5.1.2.RELEASE.jar:5.1.2.RELEASE]
	at org.springframework.test.web.servlet.MockMvc.perform(MockMvc.java:182) ~[spring-test-5.1.2.RELEASE.jar:5.1.2.RELEASE]
	at hansol9.rest.events.EventControllerTests.getEvent(EventControllerTests.java:234) ~[test-classes/:na]
	at java.base/jdk.internal.reflect.NativeMethodAccessorImpl.invoke0(Native Method) ~[na:na]
	at java.base/jdk.internal.reflect.NativeMethodAccessorImpl.invoke(NativeMethodAccessorImpl.java:62) ~[na:na]
	at java.base/jdk.internal.reflect.DelegatingMethodAccessorImpl.invoke(DelegatingMethodAccessorImpl.java:43) ~[na:na]
	at java.base/java.lang.reflect.Method.invoke(Method.java:566) ~[na:na]
	at org.junit.runners.model.FrameworkMethod$1.runReflectiveCall(FrameworkMethod.java:50) ~[junit-4.12.jar:4.12]
	at org.junit.internal.runners.model.ReflectiveCallable.run(ReflectiveCallable.java:12) ~[junit-4.12.jar:4.12]
	at org.junit.runners.model.FrameworkMethod.invokeExplosively(FrameworkMethod.java:47) ~[junit-4.12.jar:4.12]
	at org.junit.internal.runners.statements.InvokeMethod.evaluate(InvokeMethod.java:17) ~[junit-4.12.jar:4.12]
	at org.springframework.test.context.junit4.statements.RunBeforeTestExecutionCallbacks.evaluate(RunBeforeTestExecutionCallbacks.java:74) ~[spring-test-5.1.2.RELEASE.jar:5.1.2.RELEASE]
	at org.springframework.test.context.junit4.statements.RunAfterTestExecutionCallbacks.evaluate(RunAfterTestExecutionCallbacks.java:84) ~[spring-test-5.1.2.RELEASE.jar:5.1.2.RELEASE]
	at org.springframework.test.context.junit4.statements.RunBeforeTestMethodCallbacks.evaluate(RunBeforeTestMethodCallbacks.java:75) ~[spring-test-5.1.2.RELEASE.jar:5.1.2.RELEASE]
	at org.springframework.test.context.junit4.statements.RunAfterTestMethodCallbacks.evaluate(RunAfterTestMethodCallbacks.java:86) ~[spring-test-5.1.2.RELEASE.jar:5.1.2.RELEASE]
	at org.springframework.test.context.junit4.statements.SpringRepeat.evaluate(SpringRepeat.java:84) ~[spring-test-5.1.2.RELEASE.jar:5.1.2.RELEASE]
	at org.junit.runners.ParentRunner.runLeaf(ParentRunner.java:325) ~[junit-4.12.jar:4.12]
	at org.springframework.test.context.junit4.SpringJUnit4ClassRunner.runChild(SpringJUnit4ClassRunner.java:251) ~[spring-test-5.1.2.RELEASE.jar:5.1.2.RELEASE]
	at org.springframework.test.context.junit4.SpringJUnit4ClassRunner.runChild(SpringJUnit4ClassRunner.java:97) ~[spring-test-5.1.2.RELEASE.jar:5.1.2.RELEASE]
	at org.junit.runners.ParentRunner$3.run(ParentRunner.java:290) ~[junit-4.12.jar:4.12]
	at org.junit.runners.ParentRunner$1.schedule(ParentRunner.java:71) ~[junit-4.12.jar:4.12]
	at org.junit.runners.ParentRunner.runChildren(ParentRunner.java:288) ~[junit-4.12.jar:4.12]
	at org.junit.runners.ParentRunner.access$000(ParentRunner.java:58) ~[junit-4.12.jar:4.12]
	at org.junit.runners.ParentRunner$2.evaluate(ParentRunner.java:268) ~[junit-4.12.jar:4.12]
	at org.springframework.test.context.junit4.statements.RunBeforeTestClassCallbacks.evaluate(RunBeforeTestClassCallbacks.java:61) ~[spring-test-5.1.2.RELEASE.jar:5.1.2.RELEASE]
	at org.springframework.test.context.junit4.statements.RunAfterTestClassCallbacks.evaluate(RunAfterTestClassCallbacks.java:70) ~[spring-test-5.1.2.RELEASE.jar:5.1.2.RELEASE]
	at org.junit.runners.ParentRunner.run(ParentRunner.java:363) ~[junit-4.12.jar:4.12]
	at org.springframework.test.context.junit4.SpringJUnit4ClassRunner.run(SpringJUnit4ClassRunner.java:190) ~[spring-test-5.1.2.RELEASE.jar:5.1.2.RELEASE]
	at org.apache.maven.surefire.junit4.JUnit4Provider.execute(JUnit4Provider.java:365) ~[surefire-junit4-2.22.1.jar:2.22.1]
	at org.apache.maven.surefire.junit4.JUnit4Provider.executeWithRerun(JUnit4Provider.java:273) ~[surefire-junit4-2.22.1.jar:2.22.1]
	at org.apache.maven.surefire.junit4.JUnit4Provider.executeTestSet(JUnit4Provider.java:238) ~[surefire-junit4-2.22.1.jar:2.22.1]
	at org.apache.maven.surefire.junit4.JUnit4Provider.invoke(JUnit4Provider.java:159) ~[surefire-junit4-2.22.1.jar:2.22.1]
	at org.apache.maven.surefire.booter.ForkedBooter.invokeProviderInSameClassLoader(ForkedBooter.java:384) ~[surefire-booter-2.22.1.jar:2.22.1]
	at org.apache.maven.surefire.booter.ForkedBooter.runSuitesInProcess(ForkedBooter.java:345) ~[surefire-booter-2.22.1.jar:2.22.1]
	at org.apache.maven.surefire.booter.ForkedBooter.execute(ForkedBooter.java:126) ~[surefire-booter-2.22.1.jar:2.22.1]
	at org.apache.maven.surefire.booter.ForkedBooter.main(ForkedBooter.java:418) ~[surefire-booter-2.22.1.jar:2.22.1]

2020-10-27 18:17:49.385 DEBUG 86389 --- [           main] o.s.s.w.util.matcher.AndRequestMatcher   : Trying to match using Ant [pattern='/**', GET]
2020-10-27 18:17:49.385 DEBUG 86389 --- [           main] o.s.s.w.u.matcher.AntPathRequestMatcher  : Request '/api/events/35' matched by universal pattern '/**'
2020-10-27 18:17:49.385 DEBUG 86389 --- [           main] o.s.s.w.util.matcher.AndRequestMatcher   : Trying to match using NegatedRequestMatcher [requestMatcher=Ant [pattern='/**/favicon.*']]
2020-10-27 18:17:49.385 DEBUG 86389 --- [           main] o.s.s.w.u.matcher.AntPathRequestMatcher  : Checking match of request : '/api/events/35'; against '/**/favicon.*'
2020-10-27 18:17:49.385 DEBUG 86389 --- [           main] o.s.s.w.u.matcher.NegatedRequestMatcher  : matches = true
2020-10-27 18:17:49.385 DEBUG 86389 --- [           main] o.s.s.w.util.matcher.AndRequestMatcher   : Trying to match using NegatedRequestMatcher [requestMatcher=MediaTypeRequestMatcher [contentNegotiationStrategy=org.springframework.web.accept.ContentNegotiationManager@44da745f, matchingMediaTypes=[application/json], useEquals=false, ignoredMediaTypes=[*/*]]]
2020-10-27 18:17:49.385 DEBUG 86389 --- [           main] o.s.s.w.u.m.MediaTypeRequestMatcher      : httpRequestMediaTypes=[*/*]
2020-10-27 18:17:49.385 DEBUG 86389 --- [           main] o.s.s.w.u.m.MediaTypeRequestMatcher      : Processing */*
2020-10-27 18:17:49.385 DEBUG 86389 --- [           main] o.s.s.w.u.m.MediaTypeRequestMatcher      : Ignoring
2020-10-27 18:17:49.385 DEBUG 86389 --- [           main] o.s.s.w.u.m.MediaTypeRequestMatcher      : Did not match any media types
2020-10-27 18:17:49.385 DEBUG 86389 --- [           main] o.s.s.w.u.matcher.NegatedRequestMatcher  : matches = true
2020-10-27 18:17:49.385 DEBUG 86389 --- [           main] o.s.s.w.util.matcher.AndRequestMatcher   : Trying to match using NegatedRequestMatcher [requestMatcher=RequestHeaderRequestMatcher [expectedHeaderName=X-Requested-With, expectedHeaderValue=XMLHttpRequest]]
2020-10-27 18:17:49.385 DEBUG 86389 --- [           main] o.s.s.w.u.matcher.NegatedRequestMatcher  : matches = true
2020-10-27 18:17:49.385 DEBUG 86389 --- [           main] o.s.s.w.util.matcher.AndRequestMatcher   : All requestMatchers returned true
2020-10-27 18:17:49.386 DEBUG 86389 --- [           main] o.s.s.w.s.HttpSessionRequestCache        : DefaultSavedRequest added to Session: DefaultSavedRequest[http://localhost:8080/api/events/35]
2020-10-27 18:17:49.386 DEBUG 86389 --- [           main] o.s.s.w.a.ExceptionTranslationFilter     : Calling Authentication entry point.
2020-10-27 18:17:49.386 DEBUG 86389 --- [           main] s.w.a.DelegatingAuthenticationEntryPoint : Trying to match using AndRequestMatcher [requestMatchers=[NegatedRequestMatcher [requestMatcher=RequestHeaderRequestMatcher [expectedHeaderName=X-Requested-With, expectedHeaderValue=XMLHttpRequest]], MediaTypeRequestMatcher [contentNegotiationStrategy=org.springframework.web.accept.ContentNegotiationManager@44da745f, matchingMediaTypes=[application/xhtml+xml, image/*, text/html, text/plain], useEquals=false, ignoredMediaTypes=[*/*]]]]
2020-10-27 18:17:49.386 DEBUG 86389 --- [           main] o.s.s.w.util.matcher.AndRequestMatcher   : Trying to match using NegatedRequestMatcher [requestMatcher=RequestHeaderRequestMatcher [expectedHeaderName=X-Requested-With, expectedHeaderValue=XMLHttpRequest]]
2020-10-27 18:17:49.386 DEBUG 86389 --- [           main] o.s.s.w.u.matcher.NegatedRequestMatcher  : matches = true
2020-10-27 18:17:49.386 DEBUG 86389 --- [           main] o.s.s.w.util.matcher.AndRequestMatcher   : Trying to match using MediaTypeRequestMatcher [contentNegotiationStrategy=org.springframework.web.accept.ContentNegotiationManager@44da745f, matchingMediaTypes=[application/xhtml+xml, image/*, text/html, text/plain], useEquals=false, ignoredMediaTypes=[*/*]]
2020-10-27 18:17:49.386 DEBUG 86389 --- [           main] o.s.s.w.u.m.MediaTypeRequestMatcher      : httpRequestMediaTypes=[*/*]
2020-10-27 18:17:49.386 DEBUG 86389 --- [           main] o.s.s.w.u.m.MediaTypeRequestMatcher      : Processing */*
2020-10-27 18:17:49.386 DEBUG 86389 --- [           main] o.s.s.w.u.m.MediaTypeRequestMatcher      : Ignoring
2020-10-27 18:17:49.386 DEBUG 86389 --- [           main] o.s.s.w.u.m.MediaTypeRequestMatcher      : Did not match any media types
2020-10-27 18:17:49.386 DEBUG 86389 --- [           main] o.s.s.w.util.matcher.AndRequestMatcher   : Did not match
2020-10-27 18:17:49.386 DEBUG 86389 --- [           main] s.w.a.DelegatingAuthenticationEntryPoint : Trying to match using OrRequestMatcher [requestMatchers=[RequestHeaderRequestMatcher [expectedHeaderName=X-Requested-With, expectedHeaderValue=XMLHttpRequest], AndRequestMatcher [requestMatchers=[NegatedRequestMatcher [requestMatcher=MediaTypeRequestMatcher [contentNegotiationStrategy=org.springframework.web.accept.ContentNegotiationManager@44da745f, matchingMediaTypes=[text/html], useEquals=false, ignoredMediaTypes=[]]], MediaTypeRequestMatcher [contentNegotiationStrategy=org.springframework.web.accept.ContentNegotiationManager@44da745f, matchingMediaTypes=[application/atom+xml, application/x-www-form-urlencoded, application/json, application/octet-stream, application/xml, multipart/form-data, text/xml], useEquals=false, ignoredMediaTypes=[*/*]]]], MediaTypeRequestMatcher [contentNegotiationStrategy=org.springframework.web.accept.ContentNegotiationManager@44da745f, matchingMediaTypes=[*/*], useEquals=true, ignoredMediaTypes=[]]]]
2020-10-27 18:17:49.386 DEBUG 86389 --- [           main] o.s.s.web.util.matcher.OrRequestMatcher  : Trying to match using RequestHeaderRequestMatcher [expectedHeaderName=X-Requested-With, expectedHeaderValue=XMLHttpRequest]
2020-10-27 18:17:49.386 DEBUG 86389 --- [           main] o.s.s.web.util.matcher.OrRequestMatcher  : Trying to match using AndRequestMatcher [requestMatchers=[NegatedRequestMatcher [requestMatcher=MediaTypeRequestMatcher [contentNegotiationStrategy=org.springframework.web.accept.ContentNegotiationManager@44da745f, matchingMediaTypes=[text/html], useEquals=false, ignoredMediaTypes=[]]], MediaTypeRequestMatcher [contentNegotiationStrategy=org.springframework.web.accept.ContentNegotiationManager@44da745f, matchingMediaTypes=[application/atom+xml, application/x-www-form-urlencoded, application/json, application/octet-stream, application/xml, multipart/form-data, text/xml], useEquals=false, ignoredMediaTypes=[*/*]]]]
2020-10-27 18:17:49.386 DEBUG 86389 --- [           main] o.s.s.w.util.matcher.AndRequestMatcher   : Trying to match using NegatedRequestMatcher [requestMatcher=MediaTypeRequestMatcher [contentNegotiationStrategy=org.springframework.web.accept.ContentNegotiationManager@44da745f, matchingMediaTypes=[text/html], useEquals=false, ignoredMediaTypes=[]]]
2020-10-27 18:17:49.386 DEBUG 86389 --- [           main] o.s.s.w.u.m.MediaTypeRequestMatcher      : httpRequestMediaTypes=[*/*]
2020-10-27 18:17:49.386 DEBUG 86389 --- [           main] o.s.s.w.u.m.MediaTypeRequestMatcher      : Processing */*
2020-10-27 18:17:49.386 DEBUG 86389 --- [           main] o.s.s.w.u.m.MediaTypeRequestMatcher      : text/html .isCompatibleWith */* = true
2020-10-27 18:17:49.386 DEBUG 86389 --- [           main] o.s.s.w.u.matcher.NegatedRequestMatcher  : matches = false
2020-10-27 18:17:49.386 DEBUG 86389 --- [           main] o.s.s.w.util.matcher.AndRequestMatcher   : Did not match
2020-10-27 18:17:49.386 DEBUG 86389 --- [           main] o.s.s.web.util.matcher.OrRequestMatcher  : Trying to match using MediaTypeRequestMatcher [contentNegotiationStrategy=org.springframework.web.accept.ContentNegotiationManager@44da745f, matchingMediaTypes=[*/*], useEquals=true, ignoredMediaTypes=[]]
2020-10-27 18:17:49.386 DEBUG 86389 --- [           main] o.s.s.w.u.m.MediaTypeRequestMatcher      : httpRequestMediaTypes=[*/*]
2020-10-27 18:17:49.386 DEBUG 86389 --- [           main] o.s.s.w.u.m.MediaTypeRequestMatcher      : Processing */*
2020-10-27 18:17:49.386 DEBUG 86389 --- [           main] o.s.s.w.u.m.MediaTypeRequestMatcher      : isEqualTo true
2020-10-27 18:17:49.386 DEBUG 86389 --- [           main] o.s.s.web.util.matcher.OrRequestMatcher  : matched
2020-10-27 18:17:49.386 DEBUG 86389 --- [           main] s.w.a.DelegatingAuthenticationEntryPoint : Match found! Executing org.springframework.security.web.authentication.DelegatingAuthenticationEntryPoint@147ad4bb
2020-10-27 18:17:49.386 DEBUG 86389 --- [           main] s.w.a.DelegatingAuthenticationEntryPoint : Trying to match using RequestHeaderRequestMatcher [expectedHeaderName=X-Requested-With, expectedHeaderValue=XMLHttpRequest]
2020-10-27 18:17:49.386 DEBUG 86389 --- [           main] s.w.a.DelegatingAuthenticationEntryPoint : No match found. Using default entry point org.springframework.security.web.authentication.www.BasicAuthenticationEntryPoint@20e9b10b
2020-10-27 18:17:49.386 DEBUG 86389 --- [           main] o.s.s.w.header.writers.HstsHeaderWriter  : Not injecting HSTS header since it did not match the requestMatcher org.springframework.security.web.header.writers.HstsHeaderWriter$SecureRequestMatcher@2c485b3a
2020-10-27 18:17:49.386 DEBUG 86389 --- [           main] w.c.HttpSessionSecurityContextRepository : SecurityContext is empty or contents are anonymous - context will not be stored in HttpSession.
2020-10-27 18:17:49.386 DEBUG 86389 --- [           main] s.s.w.c.SecurityContextPersistenceFilter : SecurityContextHolder now cleared, as request processing completed

MockHttpServletRequest:
      HTTP Method = GET
      Request URI = /api/events/35
       Parameters = {}
          Headers = {}
             Body = null
    Session Attrs = {SPRING_SECURITY_SAVED_REQUEST=DefaultSavedRequest[http://localhost:8080/api/events/35]}

Handler:
             Type = null

Async:
    Async started = false
     Async result = null

Resolved Exception:
             Type = null

ModelAndView:
        View name = null
             View = null
            Model = null

FlashMap:
       Attributes = null

MockHttpServletResponse:
           Status = 401
    Error message = Unauthorized
          Headers = {WWW-Authenticate=[Basic realm="Realm"], X-Content-Type-Options=[nosniff], X-XSS-Protection=[1; mode=block], Cache-Control=[no-cache, no-store, max-age=0, must-revalidate], Pragma=[no-cache], Expires=[0], X-Frame-Options=[DENY]}
     Content type = null
             Body = 
    Forwarded URL = null
   Redirected URL = null
          Cookies = []

MockHttpServletRequest:
      HTTP Method = GET
      Request URI = /api
       Parameters = {}
          Headers = {}
             Body = null
    Session Attrs = {SPRING_SECURITY_SAVED_REQUEST=DefaultSavedRequest[http://localhost:8080/api]}

Handler:
             Type = null

Async:
    Async started = false
     Async result = null

Resolved Exception:
             Type = null

ModelAndView:
        View name = null
             View = null
            Model = null

FlashMap:
       Attributes = null

MockHttpServletResponse:
           Status = 401
    Error message = Unauthorized
          Headers = {WWW-Authenticate=[Basic realm="Realm"], X-Content-Type-Options=[nosniff], X-XSS-Protection=[1; mode=block], Cache-Control=[no-cache, no-store, max-age=0, must-revalidate], Pragma=[no-cache], Expires=[0], X-Frame-Options=[DENY]}
     Content type = null
             Body = 
    Forwarded URL = null
   Redirected URL = null
          Cookies = []

MockHttpServletRequest:
      HTTP Method = POST
      Request URI = /api/events
       Parameters = {}
          Headers = {Content-Type=[application/json;charset=UTF-8]}
             Body = {"name":null,"description":null,"beginEnrollmentDateTime":null,"closeEnrollmentDateTime":null,"beginEventDateTime":null,"endEventDateTime":null,"location":null,"basePrice":0,"maxPrice":0,"limitOfEnrollment":0}
    Session Attrs = {org.springframework.security.web.csrf.HttpSessionCsrfTokenRepository.CSRF_TOKEN=org.springframework.security.web.csrf.DefaultCsrfToken@11e36e5c}

Handler:
             Type = null

Async:
    Async started = false
     Async result = null

Resolved Exception:
             Type = null

ModelAndView:
        View name = null
             View = null
            Model = null

FlashMap:
       Attributes = null

MockHttpServletResponse:
           Status = 403
    Error message = Forbidden
          Headers = {X-Content-Type-Options=[nosniff], X-XSS-Protection=[1; mode=block], Cache-Control=[no-cache, no-store, max-age=0, must-revalidate], Pragma=[no-cache], Expires=[0], X-Frame-Options=[DENY]}
     Content type = null
             Body = 
    Forwarded URL = null
   Redirected URL = null
          Cookies = []

MockHttpServletRequest:
      HTTP Method = PUT
      Request URI = /api/events/2
       Parameters = {}
          Headers = {Content-Type=[application/json;charset=UTF-8]}
             Body = {"name":null,"description":null,"beginEnrollmentDateTime":null,"closeEnrollmentDateTime":null,"beginEventDateTime":null,"endEventDateTime":null,"location":null,"basePrice":0,"maxPrice":0,"limitOfEnrollment":0}
    Session Attrs = {org.springframework.security.web.csrf.HttpSessionCsrfTokenRepository.CSRF_TOKEN=org.springframework.security.web.csrf.DefaultCsrfToken@2ab87cb8}

Handler:
             Type = null

Async:
    Async started = false
     Async result = null

Resolved Exception:
             Type = null

ModelAndView:
        View name = null
             View = null
            Model = null

FlashMap:
       Attributes = null

MockHttpServletResponse:
           Status = 403
    Error message = Forbidden
          Headers = {X-Content-Type-Options=[nosniff], X-XSS-Protection=[1; mode=block], Cache-Control=[no-cache, no-store, max-age=0, must-revalidate], Pragma=[no-cache], Expires=[0], X-Frame-Options=[DENY]}
     Content type = null
             Body = 
    Forwarded URL = null
   Redirected URL = null
          Cookies = []

MockHttpServletRequest:
      HTTP Method = PUT
      Request URI = /api/events/3
       Parameters = {}
          Headers = {Content-Type=[application/json;charset=UTF-8]}
             Body = {"name":"Updated Event","description":"test event","beginEnrollmentDateTime":"2018-11-23T14:20:00","closeEnrollmentDateTime":"2018-11-24T14:30:00","beginEventDateTime":"2018-11-25T14:30:00","endEventDateTime":"2018-11-26T14:30:00","location":"강남역 D2 스타텁 팩토리","basePrice":100,"maxPrice":200,"limitOfEnrollment":100}
    Session Attrs = {org.springframework.security.web.csrf.HttpSessionCsrfTokenRepository.CSRF_TOKEN=org.springframework.security.web.csrf.DefaultCsrfToken@5a503cf0}

Handler:
             Type = null

Async:
    Async started = false
     Async result = null

Resolved Exception:
             Type = null

ModelAndView:
        View name = null
             View = null
            Model = null

FlashMap:
       Attributes = null

MockHttpServletResponse:
           Status = 403
    Error message = Forbidden
          Headers = {X-Content-Type-Options=[nosniff], X-XSS-Protection=[1; mode=block], Cache-Control=[no-cache, no-store, max-age=0, must-revalidate], Pragma=[no-cache], Expires=[0], X-Frame-Options=[DENY]}
     Content type = null
             Body = 
    Forwarded URL = null
   Redirected URL = null
          Cookies = []

MockHttpServletRequest:
      HTTP Method = POST
      Request URI = /api/events
       Parameters = {}
          Headers = {Content-Type=[application/json;charset=UTF-8], Accept=[application/hal+json]}
             Body = {"name":"Spring","description":"REST API Development with Spring","beginEnrollmentDateTime":"2018-11-23T14:20:00","closeEnrollmentDateTime":"2018-11-24T14:30:00","beginEventDateTime":"2018-11-25T14:30:00","endEventDateTime":"2018-11-26T14:30:00","location":"강남역 D2 스타텁 팩토리","basePrice":100,"maxPrice":200,"limitOfEnrollment":100}
    Session Attrs = {org.springframework.security.web.csrf.HttpSessionCsrfTokenRepository.CSRF_TOKEN=org.springframework.security.web.csrf.DefaultCsrfToken@503b5337}

Handler:
             Type = null

Async:
    Async started = false
     Async result = null

Resolved Exception:
             Type = null

ModelAndView:
        View name = null
             View = null
            Model = null

FlashMap:
       Attributes = null

MockHttpServletResponse:
           Status = 403
    Error message = Forbidden
          Headers = {X-Content-Type-Options=[nosniff], X-XSS-Protection=[1; mode=block], Cache-Control=[no-cache, no-store, max-age=0, must-revalidate], Pragma=[no-cache], Expires=[0], X-Frame-Options=[DENY]}
     Content type = null
             Body = 
    Forwarded URL = null
   Redirected URL = null
          Cookies = []

MockHttpServletRequest:
      HTTP Method = GET
      Request URI = /api/events/2000
       Parameters = {}
          Headers = {}
             Body = null
    Session Attrs = {SPRING_SECURITY_SAVED_REQUEST=DefaultSavedRequest[http://localhost:8080/api/events/2000]}

Handler:
             Type = null

Async:
    Async started = false
     Async result = null

Resolved Exception:
             Type = null

ModelAndView:
        View name = null
             View = null
            Model = null

FlashMap:
       Attributes = null

MockHttpServletResponse:
           Status = 401
    Error message = Unauthorized
          Headers = {WWW-Authenticate=[Basic realm="Realm"], X-Content-Type-Options=[nosniff], X-XSS-Protection=[1; mode=block], Cache-Control=[no-cache, no-store, max-age=0, must-revalidate], Pragma=[no-cache], Expires=[0], X-Frame-Options=[DENY]}
     Content type = null
             Body = 
    Forwarded URL = null
   Redirected URL = null
          Cookies = []

MockHttpServletRequest:
      HTTP Method = GET
      Request URI = /api/events
       Parameters = {page=[1], size=[10], sort=[name,DESC]}
          Headers = {}
             Body = null
    Session Attrs = {SPRING_SECURITY_SAVED_REQUEST=DefaultSavedRequest[http://localhost:8080/api/events]}

Handler:
             Type = null

Async:
    Async started = false
     Async result = null

Resolved Exception:
             Type = null

ModelAndView:
        View name = null
             View = null
            Model = null

FlashMap:
       Attributes = null

MockHttpServletResponse:
           Status = 401
    Error message = Unauthorized
          Headers = {WWW-Authenticate=[Basic realm="Realm"], X-Content-Type-Options=[nosniff], X-XSS-Protection=[1; mode=block], Cache-Control=[no-cache, no-store, max-age=0, must-revalidate], Pragma=[no-cache], Expires=[0], X-Frame-Options=[DENY]}
     Content type = null
             Body = 
    Forwarded URL = null
   Redirected URL = null
          Cookies = []

MockHttpServletRequest:
      HTTP Method = POST
      Request URI = /api/events
       Parameters = {}
          Headers = {Content-Type=[application/json;charset=UTF-8]}
             Body = {"name":"Spring","description":"REST API Development with Spring","beginEnrollmentDateTime":"2018-11-26T14:20:00","closeEnrollmentDateTime":"2018-11-25T14:30:00","beginEventDateTime":"2018-11-24T14:30:00","endEventDateTime":"2018-11-23T14:30:00","location":"강남역 D2 스타텁 팩토리","basePrice":10000,"maxPrice":200,"limitOfEnrollment":100}
    Session Attrs = {org.springframework.security.web.csrf.HttpSessionCsrfTokenRepository.CSRF_TOKEN=org.springframework.security.web.csrf.DefaultCsrfToken@c1bcea1}

Handler:
             Type = null

Async:
    Async started = false
     Async result = null

Resolved Exception:
             Type = null

ModelAndView:
        View name = null
             View = null
            Model = null

FlashMap:
       Attributes = null

MockHttpServletResponse:
           Status = 403
    Error message = Forbidden
          Headers = {X-Content-Type-Options=[nosniff], X-XSS-Protection=[1; mode=block], Cache-Control=[no-cache, no-store, max-age=0, must-revalidate], Pragma=[no-cache], Expires=[0], X-Frame-Options=[DENY]}
     Content type = null
             Body = 
    Forwarded URL = null
   Redirected URL = null
          Cookies = []

MockHttpServletRequest:
      HTTP Method = POST
      Request URI = /api/events
       Parameters = {}
          Headers = {Content-Type=[application/json;charset=UTF-8], Accept=[application/hal+json]}
             Body = {"id":100,"name":"Spring","description":"REST API Development with Spring","beginEnrollmentDateTime":"2018-11-23T14:20:00","closeEnrollmentDateTime":"2018-11-24T14:30:00","beginEventDateTime":"2018-11-25T14:30:00","endEventDateTime":"2018-11-26T14:30:00","location":"강남역 D2 스타텁 팩토리","basePrice":100,"maxPrice":200,"limitOfEnrollment":100,"free":true,"offline":false,"eventStatus":"PUBLISHED","manager":null}
    Session Attrs = {org.springframework.security.web.csrf.HttpSessionCsrfTokenRepository.CSRF_TOKEN=org.springframework.security.web.csrf.DefaultCsrfToken@34e700f4}

Handler:
             Type = null

Async:
    Async started = false
     Async result = null

Resolved Exception:
             Type = null

ModelAndView:
        View name = null
             View = null
            Model = null

FlashMap:
       Attributes = null

MockHttpServletResponse:
           Status = 403
    Error message = Forbidden
          Headers = {X-Content-Type-Options=[nosniff], X-XSS-Protection=[1; mode=block], Cache-Control=[no-cache, no-store, max-age=0, must-revalidate], Pragma=[no-cache], Expires=[0], X-Frame-Options=[DENY]}
     Content type = null
             Body = 
    Forwarded URL = null
   Redirected URL = null
          Cookies = []

MockHttpServletRequest:
      HTTP Method = PUT
      Request URI = /api/events/300
       Parameters = {}
          Headers = {Content-Type=[application/json;charset=UTF-8]}
             Body = {"name":"event 200","description":"test event","beginEnrollmentDateTime":"2018-11-23T14:20:00","closeEnrollmentDateTime":"2018-11-24T14:30:00","beginEventDateTime":"2018-11-25T14:30:00","endEventDateTime":"2018-11-26T14:30:00","location":"강남역 D2 스타텁 팩토리","basePrice":100,"maxPrice":200,"limitOfEnrollment":100}
    Session Attrs = {org.springframework.security.web.csrf.HttpSessionCsrfTokenRepository.CSRF_TOKEN=org.springframework.security.web.csrf.DefaultCsrfToken@4707d60a}

Handler:
             Type = null

Async:
    Async started = false
     Async result = null

Resolved Exception:
             Type = null

ModelAndView:
        View name = null
             View = null
            Model = null

FlashMap:
       Attributes = null

MockHttpServletResponse:
           Status = 403
    Error message = Forbidden
          Headers = {X-Content-Type-Options=[nosniff], X-XSS-Protection=[1; mode=block], Cache-Control=[no-cache, no-store, max-age=0, must-revalidate], Pragma=[no-cache], Expires=[0], X-Frame-Options=[DENY]}
     Content type = null
             Body = 
    Forwarded URL = null
   Redirected URL = null
          Cookies = []

MockHttpServletRequest:
      HTTP Method = GET
      Request URI = /api/events/35
       Parameters = {}
          Headers = {}
             Body = null
    Session Attrs = {SPRING_SECURITY_SAVED_REQUEST=DefaultSavedRequest[http://localhost:8080/api/events/35]}

Handler:
             Type = null

Async:
    Async started = false
     Async result = null

Resolved Exception:
             Type = null

ModelAndView:
        View name = null
             View = null
            Model = null

FlashMap:
       Attributes = null

MockHttpServletResponse:
           Status = 401
    Error message = Unauthorized
          Headers = {WWW-Authenticate=[Basic realm="Realm"], X-Content-Type-Options=[nosniff], X-XSS-Protection=[1; mode=block], Cache-Control=[no-cache, no-store, max-age=0, must-revalidate], Pragma=[no-cache], Expires=[0], X-Frame-Options=[DENY]}
     Content type = null
             Body = 
    Forwarded URL = null
   Redirected URL = null
          Cookies = []
]]></system-out>
  </testcase>
  <testcase name="updateEvent_400_Wrong" classname="hansol9.rest.events.EventControllerTests" time="0.043">
    <failure message="Status expected:&lt;400&gt; but was:&lt;403&gt;" type="java.lang.AssertionError"><![CDATA[java.lang.AssertionError: Status expected:<400> but was:<403>
	at hansol9.rest.events.EventControllerTests.updateEvent_400_Wrong(EventControllerTests.java:301)
]]></failure>
    <system-out><![CDATA[2020-10-27 18:17:49.391 DEBUG 86389 --- [           main] org.hibernate.SQL                        : 
    call next value for hibernate_sequence
2020-10-27 18:17:49.391 DEBUG 86389 --- [           main] org.hibernate.SQL                        : 
    insert 
    into
        event
        (base_price, begin_enrollment_date_time, begin_event_date_time, close_enrollment_date_time, description, end_event_date_time, event_status, free, limit_of_enrollment, location, manager_id, max_price, name, offline, id) 
    values
        (?, ?, ?, ?, ?, ?, ?, ?, ?, ?, ?, ?, ?, ?, ?)
2020-10-27 18:17:49.391 TRACE 86389 --- [           main] o.h.type.descriptor.sql.BasicBinder      : binding parameter [1] as [INTEGER] - [100]
2020-10-27 18:17:49.391 TRACE 86389 --- [           main] o.h.type.descriptor.sql.BasicBinder      : binding parameter [2] as [TIMESTAMP] - [2018-11-23T14:20]
2020-10-27 18:17:49.392 TRACE 86389 --- [           main] o.h.type.descriptor.sql.BasicBinder      : binding parameter [3] as [TIMESTAMP] - [2018-11-25T14:30]
2020-10-27 18:17:49.392 TRACE 86389 --- [           main] o.h.type.descriptor.sql.BasicBinder      : binding parameter [4] as [TIMESTAMP] - [2018-11-24T14:30]
2020-10-27 18:17:49.392 TRACE 86389 --- [           main] o.h.type.descriptor.sql.BasicBinder      : binding parameter [5] as [VARCHAR] - [test event]
2020-10-27 18:17:49.392 TRACE 86389 --- [           main] o.h.type.descriptor.sql.BasicBinder      : binding parameter [6] as [TIMESTAMP] - [2018-11-26T14:30]
2020-10-27 18:17:49.392 TRACE 86389 --- [           main] o.h.type.descriptor.sql.BasicBinder      : binding parameter [8] as [BOOLEAN] - [false]
2020-10-27 18:17:49.392 TRACE 86389 --- [           main] o.h.type.descriptor.sql.BasicBinder      : binding parameter [9] as [INTEGER] - [100]
2020-10-27 18:17:49.392 TRACE 86389 --- [           main] o.h.type.descriptor.sql.BasicBinder      : binding parameter [10] as [VARCHAR] - [강남역 D2 스타텁 팩토리]
2020-10-27 18:17:49.392 TRACE 86389 --- [           main] o.h.type.descriptor.sql.BasicBinder      : binding parameter [11] as [INTEGER] - [null]
2020-10-27 18:17:49.392 TRACE 86389 --- [           main] o.h.type.descriptor.sql.BasicBinder      : binding parameter [12] as [INTEGER] - [200]
2020-10-27 18:17:49.392 TRACE 86389 --- [           main] o.h.type.descriptor.sql.BasicBinder      : binding parameter [13] as [VARCHAR] - [event 300]
2020-10-27 18:17:49.392 TRACE 86389 --- [           main] o.h.type.descriptor.sql.BasicBinder      : binding parameter [14] as [BOOLEAN] - [true]
2020-10-27 18:17:49.392 TRACE 86389 --- [           main] o.h.type.descriptor.sql.BasicBinder      : binding parameter [15] as [INTEGER] - [36]
2020-10-27 18:17:49.394 DEBUG 86389 --- [           main] o.s.s.web.util.matcher.OrRequestMatcher  : Trying to match using Ant [pattern='/css/**']
2020-10-27 18:17:49.394 DEBUG 86389 --- [           main] o.s.s.w.u.matcher.AntPathRequestMatcher  : Checking match of request : '/api/events/36'; against '/css/**'
2020-10-27 18:17:49.394 DEBUG 86389 --- [           main] o.s.s.web.util.matcher.OrRequestMatcher  : Trying to match using Ant [pattern='/js/**']
2020-10-27 18:17:49.394 DEBUG 86389 --- [           main] o.s.s.w.u.matcher.AntPathRequestMatcher  : Checking match of request : '/api/events/36'; against '/js/**'
2020-10-27 18:17:49.394 DEBUG 86389 --- [           main] o.s.s.web.util.matcher.OrRequestMatcher  : Trying to match using Ant [pattern='/images/**']
2020-10-27 18:17:49.394 DEBUG 86389 --- [           main] o.s.s.w.u.matcher.AntPathRequestMatcher  : Checking match of request : '/api/events/36'; against '/images/**'
2020-10-27 18:17:49.394 DEBUG 86389 --- [           main] o.s.s.web.util.matcher.OrRequestMatcher  : Trying to match using Ant [pattern='/webjars/**']
2020-10-27 18:17:49.394 DEBUG 86389 --- [           main] o.s.s.w.u.matcher.AntPathRequestMatcher  : Checking match of request : '/api/events/36'; against '/webjars/**'
2020-10-27 18:17:49.394 DEBUG 86389 --- [           main] o.s.s.web.util.matcher.OrRequestMatcher  : Trying to match using Ant [pattern='/**/favicon.ico']
2020-10-27 18:17:49.394 DEBUG 86389 --- [           main] o.s.s.w.u.matcher.AntPathRequestMatcher  : Checking match of request : '/api/events/36'; against '/**/favicon.ico'
2020-10-27 18:17:49.394 DEBUG 86389 --- [           main] o.s.s.web.util.matcher.OrRequestMatcher  : No matches found
2020-10-27 18:17:49.394 DEBUG 86389 --- [           main] o.s.security.web.FilterChainProxy        : /api/events/36 at position 1 of 15 in additional filter chain; firing Filter: 'WebAsyncManagerIntegrationFilter'
2020-10-27 18:17:49.394 DEBUG 86389 --- [           main] o.s.security.web.FilterChainProxy        : /api/events/36 at position 2 of 15 in additional filter chain; firing Filter: 'SecurityContextPersistenceFilter'
2020-10-27 18:17:49.394 DEBUG 86389 --- [           main] w.c.HttpSessionSecurityContextRepository : No HttpSession currently exists
2020-10-27 18:17:49.394 DEBUG 86389 --- [           main] w.c.HttpSessionSecurityContextRepository : No SecurityContext was available from the HttpSession: null. A new one will be created.
2020-10-27 18:17:49.394 DEBUG 86389 --- [           main] o.s.security.web.FilterChainProxy        : /api/events/36 at position 3 of 15 in additional filter chain; firing Filter: 'HeaderWriterFilter'
2020-10-27 18:17:49.394 DEBUG 86389 --- [           main] o.s.security.web.FilterChainProxy        : /api/events/36 at position 4 of 15 in additional filter chain; firing Filter: 'CsrfFilter'
2020-10-27 18:17:49.394 DEBUG 86389 --- [           main] o.s.security.web.csrf.CsrfFilter         : Invalid CSRF token found for http://localhost:8080/api/events/36
2020-10-27 18:17:49.394 DEBUG 86389 --- [           main] o.s.s.w.header.writers.HstsHeaderWriter  : Not injecting HSTS header since it did not match the requestMatcher org.springframework.security.web.header.writers.HstsHeaderWriter$SecureRequestMatcher@2c485b3a
2020-10-27 18:17:49.394 DEBUG 86389 --- [           main] w.c.HttpSessionSecurityContextRepository : SecurityContext is empty or contents are anonymous - context will not be stored in HttpSession.
2020-10-27 18:17:49.394 DEBUG 86389 --- [           main] s.s.w.c.SecurityContextPersistenceFilter : SecurityContextHolder now cleared, as request processing completed

MockHttpServletRequest:
      HTTP Method = PUT
      Request URI = /api/events/36
       Parameters = {}
          Headers = {Content-Type=[application/json;charset=UTF-8]}
             Body = {"name":"event 300","description":"test event","beginEnrollmentDateTime":"2018-11-23T14:20:00","closeEnrollmentDateTime":"2018-11-24T14:30:00","beginEventDateTime":"2018-11-25T14:30:00","endEventDateTime":"2018-11-26T14:30:00","location":"강남역 D2 스타텁 팩토리","basePrice":20000,"maxPrice":1000,"limitOfEnrollment":100}
    Session Attrs = {org.springframework.security.web.csrf.HttpSessionCsrfTokenRepository.CSRF_TOKEN=org.springframework.security.web.csrf.DefaultCsrfToken@52d625bd}

Handler:
             Type = null

Async:
    Async started = false
     Async result = null

Resolved Exception:
             Type = null

ModelAndView:
        View name = null
             View = null
            Model = null

FlashMap:
       Attributes = null

MockHttpServletResponse:
           Status = 403
    Error message = Forbidden
          Headers = {X-Content-Type-Options=[nosniff], X-XSS-Protection=[1; mode=block], Cache-Control=[no-cache, no-store, max-age=0, must-revalidate], Pragma=[no-cache], Expires=[0], X-Frame-Options=[DENY]}
     Content type = null
             Body = 
    Forwarded URL = null
   Redirected URL = null
          Cookies = []

MockHttpServletRequest:
      HTTP Method = GET
      Request URI = /api
       Parameters = {}
          Headers = {}
             Body = null
    Session Attrs = {SPRING_SECURITY_SAVED_REQUEST=DefaultSavedRequest[http://localhost:8080/api]}

Handler:
             Type = null

Async:
    Async started = false
     Async result = null

Resolved Exception:
             Type = null

ModelAndView:
        View name = null
             View = null
            Model = null

FlashMap:
       Attributes = null

MockHttpServletResponse:
           Status = 401
    Error message = Unauthorized
          Headers = {WWW-Authenticate=[Basic realm="Realm"], X-Content-Type-Options=[nosniff], X-XSS-Protection=[1; mode=block], Cache-Control=[no-cache, no-store, max-age=0, must-revalidate], Pragma=[no-cache], Expires=[0], X-Frame-Options=[DENY]}
     Content type = null
             Body = 
    Forwarded URL = null
   Redirected URL = null
          Cookies = []

MockHttpServletRequest:
      HTTP Method = POST
      Request URI = /api/events
       Parameters = {}
          Headers = {Content-Type=[application/json;charset=UTF-8]}
             Body = {"name":null,"description":null,"beginEnrollmentDateTime":null,"closeEnrollmentDateTime":null,"beginEventDateTime":null,"endEventDateTime":null,"location":null,"basePrice":0,"maxPrice":0,"limitOfEnrollment":0}
    Session Attrs = {org.springframework.security.web.csrf.HttpSessionCsrfTokenRepository.CSRF_TOKEN=org.springframework.security.web.csrf.DefaultCsrfToken@11e36e5c}

Handler:
             Type = null

Async:
    Async started = false
     Async result = null

Resolved Exception:
             Type = null

ModelAndView:
        View name = null
             View = null
            Model = null

FlashMap:
       Attributes = null

MockHttpServletResponse:
           Status = 403
    Error message = Forbidden
          Headers = {X-Content-Type-Options=[nosniff], X-XSS-Protection=[1; mode=block], Cache-Control=[no-cache, no-store, max-age=0, must-revalidate], Pragma=[no-cache], Expires=[0], X-Frame-Options=[DENY]}
     Content type = null
             Body = 
    Forwarded URL = null
   Redirected URL = null
          Cookies = []

MockHttpServletRequest:
      HTTP Method = PUT
      Request URI = /api/events/2
       Parameters = {}
          Headers = {Content-Type=[application/json;charset=UTF-8]}
             Body = {"name":null,"description":null,"beginEnrollmentDateTime":null,"closeEnrollmentDateTime":null,"beginEventDateTime":null,"endEventDateTime":null,"location":null,"basePrice":0,"maxPrice":0,"limitOfEnrollment":0}
    Session Attrs = {org.springframework.security.web.csrf.HttpSessionCsrfTokenRepository.CSRF_TOKEN=org.springframework.security.web.csrf.DefaultCsrfToken@2ab87cb8}

Handler:
             Type = null

Async:
    Async started = false
     Async result = null

Resolved Exception:
             Type = null

ModelAndView:
        View name = null
             View = null
            Model = null

FlashMap:
       Attributes = null

MockHttpServletResponse:
           Status = 403
    Error message = Forbidden
          Headers = {X-Content-Type-Options=[nosniff], X-XSS-Protection=[1; mode=block], Cache-Control=[no-cache, no-store, max-age=0, must-revalidate], Pragma=[no-cache], Expires=[0], X-Frame-Options=[DENY]}
     Content type = null
             Body = 
    Forwarded URL = null
   Redirected URL = null
          Cookies = []

MockHttpServletRequest:
      HTTP Method = PUT
      Request URI = /api/events/3
       Parameters = {}
          Headers = {Content-Type=[application/json;charset=UTF-8]}
             Body = {"name":"Updated Event","description":"test event","beginEnrollmentDateTime":"2018-11-23T14:20:00","closeEnrollmentDateTime":"2018-11-24T14:30:00","beginEventDateTime":"2018-11-25T14:30:00","endEventDateTime":"2018-11-26T14:30:00","location":"강남역 D2 스타텁 팩토리","basePrice":100,"maxPrice":200,"limitOfEnrollment":100}
    Session Attrs = {org.springframework.security.web.csrf.HttpSessionCsrfTokenRepository.CSRF_TOKEN=org.springframework.security.web.csrf.DefaultCsrfToken@5a503cf0}

Handler:
             Type = null

Async:
    Async started = false
     Async result = null

Resolved Exception:
             Type = null

ModelAndView:
        View name = null
             View = null
            Model = null

FlashMap:
       Attributes = null

MockHttpServletResponse:
           Status = 403
    Error message = Forbidden
          Headers = {X-Content-Type-Options=[nosniff], X-XSS-Protection=[1; mode=block], Cache-Control=[no-cache, no-store, max-age=0, must-revalidate], Pragma=[no-cache], Expires=[0], X-Frame-Options=[DENY]}
     Content type = null
             Body = 
    Forwarded URL = null
   Redirected URL = null
          Cookies = []

MockHttpServletRequest:
      HTTP Method = POST
      Request URI = /api/events
       Parameters = {}
          Headers = {Content-Type=[application/json;charset=UTF-8], Accept=[application/hal+json]}
             Body = {"name":"Spring","description":"REST API Development with Spring","beginEnrollmentDateTime":"2018-11-23T14:20:00","closeEnrollmentDateTime":"2018-11-24T14:30:00","beginEventDateTime":"2018-11-25T14:30:00","endEventDateTime":"2018-11-26T14:30:00","location":"강남역 D2 스타텁 팩토리","basePrice":100,"maxPrice":200,"limitOfEnrollment":100}
    Session Attrs = {org.springframework.security.web.csrf.HttpSessionCsrfTokenRepository.CSRF_TOKEN=org.springframework.security.web.csrf.DefaultCsrfToken@503b5337}

Handler:
             Type = null

Async:
    Async started = false
     Async result = null

Resolved Exception:
             Type = null

ModelAndView:
        View name = null
             View = null
            Model = null

FlashMap:
       Attributes = null

MockHttpServletResponse:
           Status = 403
    Error message = Forbidden
          Headers = {X-Content-Type-Options=[nosniff], X-XSS-Protection=[1; mode=block], Cache-Control=[no-cache, no-store, max-age=0, must-revalidate], Pragma=[no-cache], Expires=[0], X-Frame-Options=[DENY]}
     Content type = null
             Body = 
    Forwarded URL = null
   Redirected URL = null
          Cookies = []

MockHttpServletRequest:
      HTTP Method = GET
      Request URI = /api/events/2000
       Parameters = {}
          Headers = {}
             Body = null
    Session Attrs = {SPRING_SECURITY_SAVED_REQUEST=DefaultSavedRequest[http://localhost:8080/api/events/2000]}

Handler:
             Type = null

Async:
    Async started = false
     Async result = null

Resolved Exception:
             Type = null

ModelAndView:
        View name = null
             View = null
            Model = null

FlashMap:
       Attributes = null

MockHttpServletResponse:
           Status = 401
    Error message = Unauthorized
          Headers = {WWW-Authenticate=[Basic realm="Realm"], X-Content-Type-Options=[nosniff], X-XSS-Protection=[1; mode=block], Cache-Control=[no-cache, no-store, max-age=0, must-revalidate], Pragma=[no-cache], Expires=[0], X-Frame-Options=[DENY]}
     Content type = null
             Body = 
    Forwarded URL = null
   Redirected URL = null
          Cookies = []

MockHttpServletRequest:
      HTTP Method = GET
      Request URI = /api/events
       Parameters = {page=[1], size=[10], sort=[name,DESC]}
          Headers = {}
             Body = null
    Session Attrs = {SPRING_SECURITY_SAVED_REQUEST=DefaultSavedRequest[http://localhost:8080/api/events]}

Handler:
             Type = null

Async:
    Async started = false
     Async result = null

Resolved Exception:
             Type = null

ModelAndView:
        View name = null
             View = null
            Model = null

FlashMap:
       Attributes = null

MockHttpServletResponse:
           Status = 401
    Error message = Unauthorized
          Headers = {WWW-Authenticate=[Basic realm="Realm"], X-Content-Type-Options=[nosniff], X-XSS-Protection=[1; mode=block], Cache-Control=[no-cache, no-store, max-age=0, must-revalidate], Pragma=[no-cache], Expires=[0], X-Frame-Options=[DENY]}
     Content type = null
             Body = 
    Forwarded URL = null
   Redirected URL = null
          Cookies = []

MockHttpServletRequest:
      HTTP Method = POST
      Request URI = /api/events
       Parameters = {}
          Headers = {Content-Type=[application/json;charset=UTF-8]}
             Body = {"name":"Spring","description":"REST API Development with Spring","beginEnrollmentDateTime":"2018-11-26T14:20:00","closeEnrollmentDateTime":"2018-11-25T14:30:00","beginEventDateTime":"2018-11-24T14:30:00","endEventDateTime":"2018-11-23T14:30:00","location":"강남역 D2 스타텁 팩토리","basePrice":10000,"maxPrice":200,"limitOfEnrollment":100}
    Session Attrs = {org.springframework.security.web.csrf.HttpSessionCsrfTokenRepository.CSRF_TOKEN=org.springframework.security.web.csrf.DefaultCsrfToken@c1bcea1}

Handler:
             Type = null

Async:
    Async started = false
     Async result = null

Resolved Exception:
             Type = null

ModelAndView:
        View name = null
             View = null
            Model = null

FlashMap:
       Attributes = null

MockHttpServletResponse:
           Status = 403
    Error message = Forbidden
          Headers = {X-Content-Type-Options=[nosniff], X-XSS-Protection=[1; mode=block], Cache-Control=[no-cache, no-store, max-age=0, must-revalidate], Pragma=[no-cache], Expires=[0], X-Frame-Options=[DENY]}
     Content type = null
             Body = 
    Forwarded URL = null
   Redirected URL = null
          Cookies = []

MockHttpServletRequest:
      HTTP Method = POST
      Request URI = /api/events
       Parameters = {}
          Headers = {Content-Type=[application/json;charset=UTF-8], Accept=[application/hal+json]}
             Body = {"id":100,"name":"Spring","description":"REST API Development with Spring","beginEnrollmentDateTime":"2018-11-23T14:20:00","closeEnrollmentDateTime":"2018-11-24T14:30:00","beginEventDateTime":"2018-11-25T14:30:00","endEventDateTime":"2018-11-26T14:30:00","location":"강남역 D2 스타텁 팩토리","basePrice":100,"maxPrice":200,"limitOfEnrollment":100,"free":true,"offline":false,"eventStatus":"PUBLISHED","manager":null}
    Session Attrs = {org.springframework.security.web.csrf.HttpSessionCsrfTokenRepository.CSRF_TOKEN=org.springframework.security.web.csrf.DefaultCsrfToken@34e700f4}

Handler:
             Type = null

Async:
    Async started = false
     Async result = null

Resolved Exception:
             Type = null

ModelAndView:
        View name = null
             View = null
            Model = null

FlashMap:
       Attributes = null

MockHttpServletResponse:
           Status = 403
    Error message = Forbidden
          Headers = {X-Content-Type-Options=[nosniff], X-XSS-Protection=[1; mode=block], Cache-Control=[no-cache, no-store, max-age=0, must-revalidate], Pragma=[no-cache], Expires=[0], X-Frame-Options=[DENY]}
     Content type = null
             Body = 
    Forwarded URL = null
   Redirected URL = null
          Cookies = []

MockHttpServletRequest:
      HTTP Method = PUT
      Request URI = /api/events/300
       Parameters = {}
          Headers = {Content-Type=[application/json;charset=UTF-8]}
             Body = {"name":"event 200","description":"test event","beginEnrollmentDateTime":"2018-11-23T14:20:00","closeEnrollmentDateTime":"2018-11-24T14:30:00","beginEventDateTime":"2018-11-25T14:30:00","endEventDateTime":"2018-11-26T14:30:00","location":"강남역 D2 스타텁 팩토리","basePrice":100,"maxPrice":200,"limitOfEnrollment":100}
    Session Attrs = {org.springframework.security.web.csrf.HttpSessionCsrfTokenRepository.CSRF_TOKEN=org.springframework.security.web.csrf.DefaultCsrfToken@4707d60a}

Handler:
             Type = null

Async:
    Async started = false
     Async result = null

Resolved Exception:
             Type = null

ModelAndView:
        View name = null
             View = null
            Model = null

FlashMap:
       Attributes = null

MockHttpServletResponse:
           Status = 403
    Error message = Forbidden
          Headers = {X-Content-Type-Options=[nosniff], X-XSS-Protection=[1; mode=block], Cache-Control=[no-cache, no-store, max-age=0, must-revalidate], Pragma=[no-cache], Expires=[0], X-Frame-Options=[DENY]}
     Content type = null
             Body = 
    Forwarded URL = null
   Redirected URL = null
          Cookies = []

MockHttpServletRequest:
      HTTP Method = GET
      Request URI = /api/events/35
       Parameters = {}
          Headers = {}
             Body = null
    Session Attrs = {SPRING_SECURITY_SAVED_REQUEST=DefaultSavedRequest[http://localhost:8080/api/events/35]}

Handler:
             Type = null

Async:
    Async started = false
     Async result = null

Resolved Exception:
             Type = null

ModelAndView:
        View name = null
             View = null
            Model = null

FlashMap:
       Attributes = null

MockHttpServletResponse:
           Status = 401
    Error message = Unauthorized
          Headers = {WWW-Authenticate=[Basic realm="Realm"], X-Content-Type-Options=[nosniff], X-XSS-Protection=[1; mode=block], Cache-Control=[no-cache, no-store, max-age=0, must-revalidate], Pragma=[no-cache], Expires=[0], X-Frame-Options=[DENY]}
     Content type = null
             Body = 
    Forwarded URL = null
   Redirected URL = null
          Cookies = []

MockHttpServletRequest:
      HTTP Method = PUT
      Request URI = /api/events/36
       Parameters = {}
          Headers = {Content-Type=[application/json;charset=UTF-8]}
             Body = {"name":"event 300","description":"test event","beginEnrollmentDateTime":"2018-11-23T14:20:00","closeEnrollmentDateTime":"2018-11-24T14:30:00","beginEventDateTime":"2018-11-25T14:30:00","endEventDateTime":"2018-11-26T14:30:00","location":"강남역 D2 스타텁 팩토리","basePrice":20000,"maxPrice":1000,"limitOfEnrollment":100}
    Session Attrs = {org.springframework.security.web.csrf.HttpSessionCsrfTokenRepository.CSRF_TOKEN=org.springframework.security.web.csrf.DefaultCsrfToken@52d625bd}

Handler:
             Type = null

Async:
    Async started = false
     Async result = null

Resolved Exception:
             Type = null

ModelAndView:
        View name = null
             View = null
            Model = null

FlashMap:
       Attributes = null

MockHttpServletResponse:
           Status = 403
    Error message = Forbidden
          Headers = {X-Content-Type-Options=[nosniff], X-XSS-Protection=[1; mode=block], Cache-Control=[no-cache, no-store, max-age=0, must-revalidate], Pragma=[no-cache], Expires=[0], X-Frame-Options=[DENY]}
     Content type = null
             Body = 
    Forwarded URL = null
   Redirected URL = null
          Cookies = []
]]></system-out>
  </testcase>
</testsuite>