<?xml version="1.0" encoding="UTF-8"?>
<testsuite xmlns:xsi="http://www.w3.org/2001/XMLSchema-instance" xsi:noNamespaceSchemaLocation="https://maven.apache.org/surefire/maven-surefire-plugin/xsd/surefire-test-report.xsd" name="hansol9.rest.index.IndexControllerTest" time="4.901" tests="1" errors="0" skipped="0" failures="1">
  <properties>
    <property name="gopherProxySet" value="false"/>
    <property name="awt.toolkit" value="sun.lwawt.macosx.LWCToolkit"/>
    <property name="java.specification.version" value="11"/>
    <property name="sun.cpu.isalist" value=""/>
    <property name="sun.jnu.encoding" value="UTF-8"/>
    <property name="java.class.path" value="/Users/hansol9/Desktop/01. Github/REST Practice/target/test-classes:/Users/hansol9/Desktop/01. Github/REST Practice/target/classes:/Users/hansol9/.m2/repository/org/springframework/boot/spring-boot-starter-data-jpa/2.1.0.RELEASE/spring-boot-starter-data-jpa-2.1.0.RELEASE.jar:/Users/hansol9/.m2/repository/org/springframework/boot/spring-boot-starter-aop/2.1.0.RELEASE/spring-boot-starter-aop-2.1.0.RELEASE.jar:/Users/hansol9/.m2/repository/org/springframework/spring-aop/5.1.2.RELEASE/spring-aop-5.1.2.RELEASE.jar:/Users/hansol9/.m2/repository/org/aspectj/aspectjweaver/1.9.2/aspectjweaver-1.9.2.jar:/Users/hansol9/.m2/repository/org/springframework/boot/spring-boot-starter-jdbc/2.1.0.RELEASE/spring-boot-starter-jdbc-2.1.0.RELEASE.jar:/Users/hansol9/.m2/repository/com/zaxxer/HikariCP/3.2.0/HikariCP-3.2.0.jar:/Users/hansol9/.m2/repository/org/springframework/spring-jdbc/5.1.2.RELEASE/spring-jdbc-5.1.2.RELEASE.jar:/Users/hansol9/.m2/repository/javax/transaction/javax.transaction-api/1.3/javax.transaction-api-1.3.jar:/Users/hansol9/.m2/repository/javax/xml/bind/jaxb-api/2.3.1/jaxb-api-2.3.1.jar:/Users/hansol9/.m2/repository/javax/activation/javax.activation-api/1.2.0/javax.activation-api-1.2.0.jar:/Users/hansol9/.m2/repository/org/hibernate/hibernate-core/5.3.7.Final/hibernate-core-5.3.7.Final.jar:/Users/hansol9/.m2/repository/org/jboss/logging/jboss-logging/3.3.2.Final/jboss-logging-3.3.2.Final.jar:/Users/hansol9/.m2/repository/javax/persistence/javax.persistence-api/2.2/javax.persistence-api-2.2.jar:/Users/hansol9/.m2/repository/org/javassist/javassist/3.23.1-GA/javassist-3.23.1-GA.jar:/Users/hansol9/.m2/repository/net/bytebuddy/byte-buddy/1.9.3/byte-buddy-1.9.3.jar:/Users/hansol9/.m2/repository/antlr/antlr/2.7.7/antlr-2.7.7.jar:/Users/hansol9/.m2/repository/org/jboss/jandex/2.0.5.Final/jandex-2.0.5.Final.jar:/Users/hansol9/.m2/repository/com/fasterxml/classmate/1.4.0/classmate-1.4.0.jar:/Users/hansol9/.m2/repository/org/dom4j/dom4j/2.1.1/dom4j-2.1.1.jar:/Users/hansol9/.m2/repository/org/hibernate/common/hibernate-commons-annotations/5.0.4.Final/hibernate-commons-annotations-5.0.4.Final.jar:/Users/hansol9/.m2/repository/org/springframework/data/spring-data-jpa/2.1.2.RELEASE/spring-data-jpa-2.1.2.RELEASE.jar:/Users/hansol9/.m2/repository/org/springframework/data/spring-data-commons/2.1.2.RELEASE/spring-data-commons-2.1.2.RELEASE.jar:/Users/hansol9/.m2/repository/org/springframework/spring-orm/5.1.2.RELEASE/spring-orm-5.1.2.RELEASE.jar:/Users/hansol9/.m2/repository/org/springframework/spring-context/5.1.2.RELEASE/spring-context-5.1.2.RELEASE.jar:/Users/hansol9/.m2/repository/org/springframework/spring-tx/5.1.2.RELEASE/spring-tx-5.1.2.RELEASE.jar:/Users/hansol9/.m2/repository/org/springframework/spring-beans/5.1.2.RELEASE/spring-beans-5.1.2.RELEASE.jar:/Users/hansol9/.m2/repository/org/slf4j/slf4j-api/1.7.25/slf4j-api-1.7.25.jar:/Users/hansol9/.m2/repository/org/springframework/spring-aspects/5.1.2.RELEASE/spring-aspects-5.1.2.RELEASE.jar:/Users/hansol9/.m2/repository/org/springframework/boot/spring-boot-starter-hateoas/2.1.0.RELEASE/spring-boot-starter-hateoas-2.1.0.RELEASE.jar:/Users/hansol9/.m2/repository/org/springframework/hateoas/spring-hateoas/0.25.0.RELEASE/spring-hateoas-0.25.0.RELEASE.jar:/Users/hansol9/.m2/repository/org/springframework/plugin/spring-plugin-core/1.2.0.RELEASE/spring-plugin-core-1.2.0.RELEASE.jar:/Users/hansol9/.m2/repository/org/springframework/boot/spring-boot-starter-web/2.1.0.RELEASE/spring-boot-starter-web-2.1.0.RELEASE.jar:/Users/hansol9/.m2/repository/org/springframework/boot/spring-boot-starter/2.1.0.RELEASE/spring-boot-starter-2.1.0.RELEASE.jar:/Users/hansol9/.m2/repository/org/springframework/boot/spring-boot-starter-logging/2.1.0.RELEASE/spring-boot-starter-logging-2.1.0.RELEASE.jar:/Users/hansol9/.m2/repository/ch/qos/logback/logback-classic/1.2.3/logback-classic-1.2.3.jar:/Users/hansol9/.m2/repository/ch/qos/logback/logback-core/1.2.3/logback-core-1.2.3.jar:/Users/hansol9/.m2/repository/org/apache/logging/log4j/log4j-to-slf4j/2.11.1/log4j-to-slf4j-2.11.1.jar:/Users/hansol9/.m2/repository/org/apache/logging/log4j/log4j-api/2.11.1/log4j-api-2.11.1.jar:/Users/hansol9/.m2/repository/org/slf4j/jul-to-slf4j/1.7.25/jul-to-slf4j-1.7.25.jar:/Users/hansol9/.m2/repository/javax/annotation/javax.annotation-api/1.3.2/javax.annotation-api-1.3.2.jar:/Users/hansol9/.m2/repository/org/yaml/snakeyaml/1.23/snakeyaml-1.23.jar:/Users/hansol9/.m2/repository/org/springframework/boot/spring-boot-starter-json/2.1.0.RELEASE/spring-boot-starter-json-2.1.0.RELEASE.jar:/Users/hansol9/.m2/repository/com/fasterxml/jackson/datatype/jackson-datatype-jdk8/2.9.7/jackson-datatype-jdk8-2.9.7.jar:/Users/hansol9/.m2/repository/com/fasterxml/jackson/datatype/jackson-datatype-jsr310/2.9.7/jackson-datatype-jsr310-2.9.7.jar:/Users/hansol9/.m2/repository/com/fasterxml/jackson/module/jackson-module-parameter-names/2.9.7/jackson-module-parameter-names-2.9.7.jar:/Users/hansol9/.m2/repository/org/springframework/boot/spring-boot-starter-tomcat/2.1.0.RELEASE/spring-boot-starter-tomcat-2.1.0.RELEASE.jar:/Users/hansol9/.m2/repository/org/apache/tomcat/embed/tomcat-embed-core/9.0.12/tomcat-embed-core-9.0.12.jar:/Users/hansol9/.m2/repository/org/apache/tomcat/embed/tomcat-embed-el/9.0.12/tomcat-embed-el-9.0.12.jar:/Users/hansol9/.m2/repository/org/apache/tomcat/embed/tomcat-embed-websocket/9.0.12/tomcat-embed-websocket-9.0.12.jar:/Users/hansol9/.m2/repository/org/hibernate/validator/hibernate-validator/6.0.13.Final/hibernate-validator-6.0.13.Final.jar:/Users/hansol9/.m2/repository/javax/validation/validation-api/2.0.1.Final/validation-api-2.0.1.Final.jar:/Users/hansol9/.m2/repository/org/springframework/spring-web/5.1.2.RELEASE/spring-web-5.1.2.RELEASE.jar:/Users/hansol9/.m2/repository/org/springframework/spring-webmvc/5.1.2.RELEASE/spring-webmvc-5.1.2.RELEASE.jar:/Users/hansol9/.m2/repository/org/springframework/spring-expression/5.1.2.RELEASE/spring-expression-5.1.2.RELEASE.jar:/Users/hansol9/.m2/repository/org/postgresql/postgresql/42.2.5/postgresql-42.2.5.jar:/Users/hansol9/.m2/repository/org/projectlombok/lombok/1.18.2/lombok-1.18.2.jar:/Users/hansol9/.m2/repository/org/modelmapper/modelmapper/2.3.6/modelmapper-2.3.6.jar:/Users/hansol9/.m2/repository/org/springframework/security/oauth/boot/spring-security-oauth2-autoconfigure/2.1.0.RELEASE/spring-security-oauth2-autoconfigure-2.1.0.RELEASE.jar:/Users/hansol9/.m2/repository/com/fasterxml/jackson/core/jackson-annotations/2.9.0/jackson-annotations-2.9.0.jar:/Users/hansol9/.m2/repository/com/fasterxml/jackson/core/jackson-databind/2.9.7/jackson-databind-2.9.7.jar:/Users/hansol9/.m2/repository/com/fasterxml/jackson/core/jackson-core/2.9.7/jackson-core-2.9.7.jar:/Users/hansol9/.m2/repository/com/sun/xml/bind/jaxb-core/2.3.0.1/jaxb-core-2.3.0.1.jar:/Users/hansol9/.m2/repository/com/sun/xml/bind/jaxb-impl/2.3.0.1/jaxb-impl-2.3.0.1.jar:/Users/hansol9/.m2/repository/org/springframework/boot/spring-boot/2.1.0.RELEASE/spring-boot-2.1.0.RELEASE.jar:/Users/hansol9/.m2/repository/org/springframework/boot/spring-boot-autoconfigure/2.1.0.RELEASE/spring-boot-autoconfigure-2.1.0.RELEASE.jar:/Users/hansol9/.m2/repository/org/springframework/security/oauth/spring-security-oauth2/2.3.4.RELEASE/spring-security-oauth2-2.3.4.RELEASE.jar:/Users/hansol9/.m2/repository/org/springframework/security/spring-security-core/5.1.1.RELEASE/spring-security-core-5.1.1.RELEASE.jar:/Users/hansol9/.m2/repository/org/springframework/security/spring-security-config/5.1.1.RELEASE/spring-security-config-5.1.1.RELEASE.jar:/Users/hansol9/.m2/repository/org/springframework/security/spring-security-web/5.1.1.RELEASE/spring-security-web-5.1.1.RELEASE.jar:/Users/hansol9/.m2/repository/commons-codec/commons-codec/1.11/commons-codec-1.11.jar:/Users/hansol9/.m2/repository/org/codehaus/jackson/jackson-mapper-asl/1.9.13/jackson-mapper-asl-1.9.13.jar:/Users/hansol9/.m2/repository/org/codehaus/jackson/jackson-core-asl/1.9.13/jackson-core-asl-1.9.13.jar:/Users/hansol9/.m2/repository/org/springframework/security/spring-security-jwt/1.0.9.RELEASE/spring-security-jwt-1.0.9.RELEASE.jar:/Users/hansol9/.m2/repository/org/bouncycastle/bcpkix-jdk15on/1.56/bcpkix-jdk15on-1.56.jar:/Users/hansol9/.m2/repository/org/bouncycastle/bcprov-jdk15on/1.56/bcprov-jdk15on-1.56.jar:/Users/hansol9/.m2/repository/org/springframework/boot/spring-boot-starter-test/2.1.0.RELEASE/spring-boot-starter-test-2.1.0.RELEASE.jar:/Users/hansol9/.m2/repository/org/springframework/boot/spring-boot-test/2.1.0.RELEASE/spring-boot-test-2.1.0.RELEASE.jar:/Users/hansol9/.m2/repository/org/springframework/boot/spring-boot-test-autoconfigure/2.1.0.RELEASE/spring-boot-test-autoconfigure-2.1.0.RELEASE.jar:/Users/hansol9/.m2/repository/com/jayway/jsonpath/json-path/2.4.0/json-path-2.4.0.jar:/Users/hansol9/.m2/repository/net/minidev/json-smart/2.3/json-smart-2.3.jar:/Users/hansol9/.m2/repository/net/minidev/accessors-smart/1.2/accessors-smart-1.2.jar:/Users/hansol9/.m2/repository/org/ow2/asm/asm/5.0.4/asm-5.0.4.jar:/Users/hansol9/.m2/repository/junit/junit/4.12/junit-4.12.jar:/Users/hansol9/.m2/repository/org/assertj/assertj-core/3.11.1/assertj-core-3.11.1.jar:/Users/hansol9/.m2/repository/org/mockito/mockito-core/2.23.0/mockito-core-2.23.0.jar:/Users/hansol9/.m2/repository/net/bytebuddy/byte-buddy-agent/1.9.3/byte-buddy-agent-1.9.3.jar:/Users/hansol9/.m2/repository/org/objenesis/objenesis/2.6/objenesis-2.6.jar:/Users/hansol9/.m2/repository/org/hamcrest/hamcrest-core/1.3/hamcrest-core-1.3.jar:/Users/hansol9/.m2/repository/org/hamcrest/hamcrest-library/1.3/hamcrest-library-1.3.jar:/Users/hansol9/.m2/repository/org/skyscreamer/jsonassert/1.5.0/jsonassert-1.5.0.jar:/Users/hansol9/.m2/repository/com/vaadin/external/google/android-json/0.0.20131108.vaadin1/android-json-0.0.20131108.vaadin1.jar:/Users/hansol9/.m2/repository/org/springframework/spring-core/5.1.2.RELEASE/spring-core-5.1.2.RELEASE.jar:/Users/hansol9/.m2/repository/org/springframework/spring-jcl/5.1.2.RELEASE/spring-jcl-5.1.2.RELEASE.jar:/Users/hansol9/.m2/repository/org/springframework/spring-test/5.1.2.RELEASE/spring-test-5.1.2.RELEASE.jar:/Users/hansol9/.m2/repository/org/xmlunit/xmlunit-core/2.6.2/xmlunit-core-2.6.2.jar:/Users/hansol9/.m2/repository/org/springframework/restdocs/spring-restdocs-mockmvc/2.0.2.RELEASE/spring-restdocs-mockmvc-2.0.2.RELEASE.jar:/Users/hansol9/.m2/repository/javax/servlet/javax.servlet-api/4.0.1/javax.servlet-api-4.0.1.jar:/Users/hansol9/.m2/repository/org/springframework/restdocs/spring-restdocs-core/2.0.2.RELEASE/spring-restdocs-core-2.0.2.RELEASE.jar:/Users/hansol9/.m2/repository/com/h2database/h2/1.4.197/h2-1.4.197.jar:/Users/hansol9/.m2/repository/pl/pragmatists/JUnitParams/1.1.1/JUnitParams-1.1.1.jar:"/>
    <property name="java.vm.vendor" value="JetBrains s.r.o."/>
    <property name="sun.arch.data.model" value="64"/>
    <property name="java.vendor.url" value="https://www.jetbrains.com/"/>
    <property name="user.timezone" value=""/>
    <property name="java.vm.specification.version" value="11"/>
    <property name="os.name" value="Mac OS X"/>
    <property name="sun.java.launcher" value="SUN_STANDARD"/>
    <property name="user.country" value="CA"/>
    <property name="sun.boot.library.path" value="/Users/hansol9/Library/Application Support/JetBrains/Toolbox/apps/IDEA-U/ch-0/202.6397.94/IntelliJ IDEA.app/Contents/jbr/Contents/Home/lib"/>
    <property name="sun.java.command" value="/Users/hansol9/Desktop/01. Github/REST Practice/target/surefire/surefirebooter18108620950336742585.jar /Users/hansol9/Desktop/01. Github/REST Practice/target/surefire 2020-10-27T18-17-42_538-jvmRun1 surefire318468203825079148tmp surefire_01153115433747467906tmp"/>
    <property name="http.nonProxyHosts" value="local|*.local|169.254/16|*.169.254/16"/>
    <property name="jdk.debug" value="release"/>
    <property name="surefire.test.class.path" value="/Users/hansol9/Desktop/01. Github/REST Practice/target/test-classes:/Users/hansol9/Desktop/01. Github/REST Practice/target/classes:/Users/hansol9/.m2/repository/org/springframework/boot/spring-boot-starter-data-jpa/2.1.0.RELEASE/spring-boot-starter-data-jpa-2.1.0.RELEASE.jar:/Users/hansol9/.m2/repository/org/springframework/boot/spring-boot-starter-aop/2.1.0.RELEASE/spring-boot-starter-aop-2.1.0.RELEASE.jar:/Users/hansol9/.m2/repository/org/springframework/spring-aop/5.1.2.RELEASE/spring-aop-5.1.2.RELEASE.jar:/Users/hansol9/.m2/repository/org/aspectj/aspectjweaver/1.9.2/aspectjweaver-1.9.2.jar:/Users/hansol9/.m2/repository/org/springframework/boot/spring-boot-starter-jdbc/2.1.0.RELEASE/spring-boot-starter-jdbc-2.1.0.RELEASE.jar:/Users/hansol9/.m2/repository/com/zaxxer/HikariCP/3.2.0/HikariCP-3.2.0.jar:/Users/hansol9/.m2/repository/org/springframework/spring-jdbc/5.1.2.RELEASE/spring-jdbc-5.1.2.RELEASE.jar:/Users/hansol9/.m2/repository/javax/transaction/javax.transaction-api/1.3/javax.transaction-api-1.3.jar:/Users/hansol9/.m2/repository/javax/xml/bind/jaxb-api/2.3.1/jaxb-api-2.3.1.jar:/Users/hansol9/.m2/repository/javax/activation/javax.activation-api/1.2.0/javax.activation-api-1.2.0.jar:/Users/hansol9/.m2/repository/org/hibernate/hibernate-core/5.3.7.Final/hibernate-core-5.3.7.Final.jar:/Users/hansol9/.m2/repository/org/jboss/logging/jboss-logging/3.3.2.Final/jboss-logging-3.3.2.Final.jar:/Users/hansol9/.m2/repository/javax/persistence/javax.persistence-api/2.2/javax.persistence-api-2.2.jar:/Users/hansol9/.m2/repository/org/javassist/javassist/3.23.1-GA/javassist-3.23.1-GA.jar:/Users/hansol9/.m2/repository/net/bytebuddy/byte-buddy/1.9.3/byte-buddy-1.9.3.jar:/Users/hansol9/.m2/repository/antlr/antlr/2.7.7/antlr-2.7.7.jar:/Users/hansol9/.m2/repository/org/jboss/jandex/2.0.5.Final/jandex-2.0.5.Final.jar:/Users/hansol9/.m2/repository/com/fasterxml/classmate/1.4.0/classmate-1.4.0.jar:/Users/hansol9/.m2/repository/org/dom4j/dom4j/2.1.1/dom4j-2.1.1.jar:/Users/hansol9/.m2/repository/org/hibernate/common/hibernate-commons-annotations/5.0.4.Final/hibernate-commons-annotations-5.0.4.Final.jar:/Users/hansol9/.m2/repository/org/springframework/data/spring-data-jpa/2.1.2.RELEASE/spring-data-jpa-2.1.2.RELEASE.jar:/Users/hansol9/.m2/repository/org/springframework/data/spring-data-commons/2.1.2.RELEASE/spring-data-commons-2.1.2.RELEASE.jar:/Users/hansol9/.m2/repository/org/springframework/spring-orm/5.1.2.RELEASE/spring-orm-5.1.2.RELEASE.jar:/Users/hansol9/.m2/repository/org/springframework/spring-context/5.1.2.RELEASE/spring-context-5.1.2.RELEASE.jar:/Users/hansol9/.m2/repository/org/springframework/spring-tx/5.1.2.RELEASE/spring-tx-5.1.2.RELEASE.jar:/Users/hansol9/.m2/repository/org/springframework/spring-beans/5.1.2.RELEASE/spring-beans-5.1.2.RELEASE.jar:/Users/hansol9/.m2/repository/org/slf4j/slf4j-api/1.7.25/slf4j-api-1.7.25.jar:/Users/hansol9/.m2/repository/org/springframework/spring-aspects/5.1.2.RELEASE/spring-aspects-5.1.2.RELEASE.jar:/Users/hansol9/.m2/repository/org/springframework/boot/spring-boot-starter-hateoas/2.1.0.RELEASE/spring-boot-starter-hateoas-2.1.0.RELEASE.jar:/Users/hansol9/.m2/repository/org/springframework/hateoas/spring-hateoas/0.25.0.RELEASE/spring-hateoas-0.25.0.RELEASE.jar:/Users/hansol9/.m2/repository/org/springframework/plugin/spring-plugin-core/1.2.0.RELEASE/spring-plugin-core-1.2.0.RELEASE.jar:/Users/hansol9/.m2/repository/org/springframework/boot/spring-boot-starter-web/2.1.0.RELEASE/spring-boot-starter-web-2.1.0.RELEASE.jar:/Users/hansol9/.m2/repository/org/springframework/boot/spring-boot-starter/2.1.0.RELEASE/spring-boot-starter-2.1.0.RELEASE.jar:/Users/hansol9/.m2/repository/org/springframework/boot/spring-boot-starter-logging/2.1.0.RELEASE/spring-boot-starter-logging-2.1.0.RELEASE.jar:/Users/hansol9/.m2/repository/ch/qos/logback/logback-classic/1.2.3/logback-classic-1.2.3.jar:/Users/hansol9/.m2/repository/ch/qos/logback/logback-core/1.2.3/logback-core-1.2.3.jar:/Users/hansol9/.m2/repository/org/apache/logging/log4j/log4j-to-slf4j/2.11.1/log4j-to-slf4j-2.11.1.jar:/Users/hansol9/.m2/repository/org/apache/logging/log4j/log4j-api/2.11.1/log4j-api-2.11.1.jar:/Users/hansol9/.m2/repository/org/slf4j/jul-to-slf4j/1.7.25/jul-to-slf4j-1.7.25.jar:/Users/hansol9/.m2/repository/javax/annotation/javax.annotation-api/1.3.2/javax.annotation-api-1.3.2.jar:/Users/hansol9/.m2/repository/org/yaml/snakeyaml/1.23/snakeyaml-1.23.jar:/Users/hansol9/.m2/repository/org/springframework/boot/spring-boot-starter-json/2.1.0.RELEASE/spring-boot-starter-json-2.1.0.RELEASE.jar:/Users/hansol9/.m2/repository/com/fasterxml/jackson/datatype/jackson-datatype-jdk8/2.9.7/jackson-datatype-jdk8-2.9.7.jar:/Users/hansol9/.m2/repository/com/fasterxml/jackson/datatype/jackson-datatype-jsr310/2.9.7/jackson-datatype-jsr310-2.9.7.jar:/Users/hansol9/.m2/repository/com/fasterxml/jackson/module/jackson-module-parameter-names/2.9.7/jackson-module-parameter-names-2.9.7.jar:/Users/hansol9/.m2/repository/org/springframework/boot/spring-boot-starter-tomcat/2.1.0.RELEASE/spring-boot-starter-tomcat-2.1.0.RELEASE.jar:/Users/hansol9/.m2/repository/org/apache/tomcat/embed/tomcat-embed-core/9.0.12/tomcat-embed-core-9.0.12.jar:/Users/hansol9/.m2/repository/org/apache/tomcat/embed/tomcat-embed-el/9.0.12/tomcat-embed-el-9.0.12.jar:/Users/hansol9/.m2/repository/org/apache/tomcat/embed/tomcat-embed-websocket/9.0.12/tomcat-embed-websocket-9.0.12.jar:/Users/hansol9/.m2/repository/org/hibernate/validator/hibernate-validator/6.0.13.Final/hibernate-validator-6.0.13.Final.jar:/Users/hansol9/.m2/repository/javax/validation/validation-api/2.0.1.Final/validation-api-2.0.1.Final.jar:/Users/hansol9/.m2/repository/org/springframework/spring-web/5.1.2.RELEASE/spring-web-5.1.2.RELEASE.jar:/Users/hansol9/.m2/repository/org/springframework/spring-webmvc/5.1.2.RELEASE/spring-webmvc-5.1.2.RELEASE.jar:/Users/hansol9/.m2/repository/org/springframework/spring-expression/5.1.2.RELEASE/spring-expression-5.1.2.RELEASE.jar:/Users/hansol9/.m2/repository/org/postgresql/postgresql/42.2.5/postgresql-42.2.5.jar:/Users/hansol9/.m2/repository/org/projectlombok/lombok/1.18.2/lombok-1.18.2.jar:/Users/hansol9/.m2/repository/org/modelmapper/modelmapper/2.3.6/modelmapper-2.3.6.jar:/Users/hansol9/.m2/repository/org/springframework/security/oauth/boot/spring-security-oauth2-autoconfigure/2.1.0.RELEASE/spring-security-oauth2-autoconfigure-2.1.0.RELEASE.jar:/Users/hansol9/.m2/repository/com/fasterxml/jackson/core/jackson-annotations/2.9.0/jackson-annotations-2.9.0.jar:/Users/hansol9/.m2/repository/com/fasterxml/jackson/core/jackson-databind/2.9.7/jackson-databind-2.9.7.jar:/Users/hansol9/.m2/repository/com/fasterxml/jackson/core/jackson-core/2.9.7/jackson-core-2.9.7.jar:/Users/hansol9/.m2/repository/com/sun/xml/bind/jaxb-core/2.3.0.1/jaxb-core-2.3.0.1.jar:/Users/hansol9/.m2/repository/com/sun/xml/bind/jaxb-impl/2.3.0.1/jaxb-impl-2.3.0.1.jar:/Users/hansol9/.m2/repository/org/springframework/boot/spring-boot/2.1.0.RELEASE/spring-boot-2.1.0.RELEASE.jar:/Users/hansol9/.m2/repository/org/springframework/boot/spring-boot-autoconfigure/2.1.0.RELEASE/spring-boot-autoconfigure-2.1.0.RELEASE.jar:/Users/hansol9/.m2/repository/org/springframework/security/oauth/spring-security-oauth2/2.3.4.RELEASE/spring-security-oauth2-2.3.4.RELEASE.jar:/Users/hansol9/.m2/repository/org/springframework/security/spring-security-core/5.1.1.RELEASE/spring-security-core-5.1.1.RELEASE.jar:/Users/hansol9/.m2/repository/org/springframework/security/spring-security-config/5.1.1.RELEASE/spring-security-config-5.1.1.RELEASE.jar:/Users/hansol9/.m2/repository/org/springframework/security/spring-security-web/5.1.1.RELEASE/spring-security-web-5.1.1.RELEASE.jar:/Users/hansol9/.m2/repository/commons-codec/commons-codec/1.11/commons-codec-1.11.jar:/Users/hansol9/.m2/repository/org/codehaus/jackson/jackson-mapper-asl/1.9.13/jackson-mapper-asl-1.9.13.jar:/Users/hansol9/.m2/repository/org/codehaus/jackson/jackson-core-asl/1.9.13/jackson-core-asl-1.9.13.jar:/Users/hansol9/.m2/repository/org/springframework/security/spring-security-jwt/1.0.9.RELEASE/spring-security-jwt-1.0.9.RELEASE.jar:/Users/hansol9/.m2/repository/org/bouncycastle/bcpkix-jdk15on/1.56/bcpkix-jdk15on-1.56.jar:/Users/hansol9/.m2/repository/org/bouncycastle/bcprov-jdk15on/1.56/bcprov-jdk15on-1.56.jar:/Users/hansol9/.m2/repository/org/springframework/boot/spring-boot-starter-test/2.1.0.RELEASE/spring-boot-starter-test-2.1.0.RELEASE.jar:/Users/hansol9/.m2/repository/org/springframework/boot/spring-boot-test/2.1.0.RELEASE/spring-boot-test-2.1.0.RELEASE.jar:/Users/hansol9/.m2/repository/org/springframework/boot/spring-boot-test-autoconfigure/2.1.0.RELEASE/spring-boot-test-autoconfigure-2.1.0.RELEASE.jar:/Users/hansol9/.m2/repository/com/jayway/jsonpath/json-path/2.4.0/json-path-2.4.0.jar:/Users/hansol9/.m2/repository/net/minidev/json-smart/2.3/json-smart-2.3.jar:/Users/hansol9/.m2/repository/net/minidev/accessors-smart/1.2/accessors-smart-1.2.jar:/Users/hansol9/.m2/repository/org/ow2/asm/asm/5.0.4/asm-5.0.4.jar:/Users/hansol9/.m2/repository/junit/junit/4.12/junit-4.12.jar:/Users/hansol9/.m2/repository/org/assertj/assertj-core/3.11.1/assertj-core-3.11.1.jar:/Users/hansol9/.m2/repository/org/mockito/mockito-core/2.23.0/mockito-core-2.23.0.jar:/Users/hansol9/.m2/repository/net/bytebuddy/byte-buddy-agent/1.9.3/byte-buddy-agent-1.9.3.jar:/Users/hansol9/.m2/repository/org/objenesis/objenesis/2.6/objenesis-2.6.jar:/Users/hansol9/.m2/repository/org/hamcrest/hamcrest-core/1.3/hamcrest-core-1.3.jar:/Users/hansol9/.m2/repository/org/hamcrest/hamcrest-library/1.3/hamcrest-library-1.3.jar:/Users/hansol9/.m2/repository/org/skyscreamer/jsonassert/1.5.0/jsonassert-1.5.0.jar:/Users/hansol9/.m2/repository/com/vaadin/external/google/android-json/0.0.20131108.vaadin1/android-json-0.0.20131108.vaadin1.jar:/Users/hansol9/.m2/repository/org/springframework/spring-core/5.1.2.RELEASE/spring-core-5.1.2.RELEASE.jar:/Users/hansol9/.m2/repository/org/springframework/spring-jcl/5.1.2.RELEASE/spring-jcl-5.1.2.RELEASE.jar:/Users/hansol9/.m2/repository/org/springframework/spring-test/5.1.2.RELEASE/spring-test-5.1.2.RELEASE.jar:/Users/hansol9/.m2/repository/org/xmlunit/xmlunit-core/2.6.2/xmlunit-core-2.6.2.jar:/Users/hansol9/.m2/repository/org/springframework/restdocs/spring-restdocs-mockmvc/2.0.2.RELEASE/spring-restdocs-mockmvc-2.0.2.RELEASE.jar:/Users/hansol9/.m2/repository/javax/servlet/javax.servlet-api/4.0.1/javax.servlet-api-4.0.1.jar:/Users/hansol9/.m2/repository/org/springframework/restdocs/spring-restdocs-core/2.0.2.RELEASE/spring-restdocs-core-2.0.2.RELEASE.jar:/Users/hansol9/.m2/repository/com/h2database/h2/1.4.197/h2-1.4.197.jar:/Users/hansol9/.m2/repository/pl/pragmatists/JUnitParams/1.1.1/JUnitParams-1.1.1.jar:"/>
    <property name="sun.cpu.endian" value="little"/>
    <property name="user.home" value="/Users/hansol9"/>
    <property name="user.language" value="ko"/>
    <property name="java.specification.vendor" value="Oracle Corporation"/>
    <property name="java.version.date" value="2020-04-14"/>
    <property name="java.home" value="/Users/hansol9/Library/Application Support/JetBrains/Toolbox/apps/IDEA-U/ch-0/202.6397.94/IntelliJ IDEA.app/Contents/jbr/Contents/Home"/>
    <property name="file.separator" value="/"/>
    <property name="basedir" value="/Users/hansol9/Desktop/01. Github/REST Practice"/>
    <property name="java.vm.compressedOopsMode" value="Zero based"/>
    <property name="line.separator" value="&#10;"/>
    <property name="java.specification.name" value="Java Platform API Specification"/>
    <property name="java.vm.specification.vendor" value="Oracle Corporation"/>
    <property name="java.awt.graphicsenv" value="sun.awt.CGraphicsEnvironment"/>
    <property name="surefire.real.class.path" value="/Users/hansol9/Desktop/01. Github/REST Practice/target/surefire/surefirebooter18108620950336742585.jar"/>
    <property name="sun.management.compiler" value="HotSpot 64-Bit Tiered Compilers"/>
    <property name="ftp.nonProxyHosts" value="local|*.local|169.254/16|*.169.254/16"/>
    <property name="java.runtime.version" value="11.0.7+10-b944.20"/>
    <property name="user.name" value="hansol9"/>
    <property name="path.separator" value=":"/>
    <property name="os.version" value="10.15.2"/>
    <property name="java.runtime.name" value="OpenJDK Runtime Environment"/>
    <property name="file.encoding" value="UTF-8"/>
    <property name="java.vm.name" value="OpenJDK 64-Bit Server VM"/>
    <property name="java.vendor.version" value="JBR-11.0.7.10-944.20-jcef"/>
    <property name="localRepository" value="/Users/hansol9/.m2/repository"/>
    <property name="java.vendor.url.bug" value="https://youtrack.jetbrains.com"/>
    <property name="java.io.tmpdir" value="/var/folders/fg/m9mlpx8j2x53mrgf3lvmz0x40000gn/T/"/>
    <property name="idea.version" value="2020.2"/>
    <property name="java.version" value="11.0.7"/>
    <property name="user.dir" value="/Users/hansol9/Desktop/01. Github/REST Practice"/>
    <property name="os.arch" value="x86_64"/>
    <property name="java.vm.specification.name" value="Java Virtual Machine Specification"/>
    <property name="java.awt.printerjob" value="sun.lwawt.macosx.CPrinterJob"/>
    <property name="sun.os.patch.level" value="unknown"/>
    <property name="java.library.path" value="/Users/hansol9/Library/Java/Extensions:/Library/Java/Extensions:/Network/Library/Java/Extensions:/System/Library/Java/Extensions:/usr/lib/java:."/>
    <property name="java.vendor" value="JetBrains s.r.o."/>
    <property name="java.vm.info" value="mixed mode"/>
    <property name="java.vm.version" value="11.0.7+10-b944.20"/>
    <property name="sun.io.unicode.encoding" value="UnicodeBig"/>
    <property name="java.class.version" value="55.0"/>
    <property name="socksNonProxyHosts" value="local|*.local|169.254/16|*.169.254/16"/>
  </properties>
  <testcase name="index" classname="hansol9.rest.index.IndexControllerTest" time="0.144">
    <failure message="Status expected:&lt;200&gt; but was:&lt;401&gt;" type="java.lang.AssertionError"><![CDATA[java.lang.AssertionError: Status expected:<200> but was:<401>
	at hansol9.rest.index.IndexControllerTest.index(IndexControllerTest.java:17)
]]></failure>
    <system-out><![CDATA[18:17:43.207 [main] DEBUG org.springframework.test.context.junit4.SpringJUnit4ClassRunner - SpringJUnit4ClassRunner constructor called with [class hansol9.rest.index.IndexControllerTest]
18:17:43.211 [main] DEBUG org.springframework.test.context.BootstrapUtils - Instantiating CacheAwareContextLoaderDelegate from class [org.springframework.test.context.cache.DefaultCacheAwareContextLoaderDelegate]
18:17:43.216 [main] DEBUG org.springframework.test.context.BootstrapUtils - Instantiating BootstrapContext using constructor [public org.springframework.test.context.support.DefaultBootstrapContext(java.lang.Class,org.springframework.test.context.CacheAwareContextLoaderDelegate)]
18:17:43.233 [main] DEBUG org.springframework.test.context.BootstrapUtils - Instantiating TestContextBootstrapper for test class [hansol9.rest.index.IndexControllerTest] from class [org.springframework.boot.test.context.SpringBootTestContextBootstrapper]
18:17:43.245 [main] INFO org.springframework.boot.test.context.SpringBootTestContextBootstrapper - Neither @ContextConfiguration nor @ContextHierarchy found for test class [hansol9.rest.index.IndexControllerTest], using SpringBootContextLoader
18:17:43.248 [main] DEBUG org.springframework.test.context.support.AbstractContextLoader - Did not detect default resource location for test class [hansol9.rest.index.IndexControllerTest]: class path resource [hansol9/rest/index/IndexControllerTest-context.xml] does not exist
18:17:43.249 [main] DEBUG org.springframework.test.context.support.AbstractContextLoader - Did not detect default resource location for test class [hansol9.rest.index.IndexControllerTest]: class path resource [hansol9/rest/index/IndexControllerTestContext.groovy] does not exist
18:17:43.249 [main] INFO org.springframework.test.context.support.AbstractContextLoader - Could not detect default resource locations for test class [hansol9.rest.index.IndexControllerTest]: no resource found for suffixes {-context.xml, Context.groovy}.
18:17:43.250 [main] INFO org.springframework.test.context.support.AnnotationConfigContextLoaderUtils - Could not detect default configuration classes for test class [hansol9.rest.index.IndexControllerTest]: IndexControllerTest does not declare any static, non-private, non-final, nested classes annotated with @Configuration.
18:17:43.344 [main] DEBUG org.springframework.context.annotation.ClassPathScanningCandidateComponentProvider - Identified candidate component class: file [/Users/hansol9/Desktop/01. Github/REST Practice/target/classes/hansol9/rest/RestPracticeApplication.class]
18:17:43.345 [main] INFO org.springframework.boot.test.context.SpringBootTestContextBootstrapper - Found @SpringBootConfiguration hansol9.rest.RestPracticeApplication for test class hansol9.rest.index.IndexControllerTest
18:17:43.418 [main] DEBUG org.springframework.boot.test.context.SpringBootTestContextBootstrapper - @TestExecutionListeners is not present for class [hansol9.rest.index.IndexControllerTest]: using defaults.
18:17:43.419 [main] INFO org.springframework.boot.test.context.SpringBootTestContextBootstrapper - Loaded default TestExecutionListener class names from location [META-INF/spring.factories]: [org.springframework.boot.test.mock.mockito.MockitoTestExecutionListener, org.springframework.boot.test.mock.mockito.ResetMocksTestExecutionListener, org.springframework.boot.test.autoconfigure.restdocs.RestDocsTestExecutionListener, org.springframework.boot.test.autoconfigure.web.client.MockRestServiceServerResetTestExecutionListener, org.springframework.boot.test.autoconfigure.web.servlet.MockMvcPrintOnlyOnFailureTestExecutionListener, org.springframework.boot.test.autoconfigure.web.servlet.WebDriverTestExecutionListener, org.springframework.test.context.web.ServletTestExecutionListener, org.springframework.test.context.support.DirtiesContextBeforeModesTestExecutionListener, org.springframework.test.context.support.DependencyInjectionTestExecutionListener, org.springframework.test.context.support.DirtiesContextTestExecutionListener, org.springframework.test.context.transaction.TransactionalTestExecutionListener, org.springframework.test.context.jdbc.SqlScriptsTestExecutionListener]
18:17:43.433 [main] INFO org.springframework.boot.test.context.SpringBootTestContextBootstrapper - Using TestExecutionListeners: [org.springframework.test.context.web.ServletTestExecutionListener@38089a5a, org.springframework.test.context.support.DirtiesContextBeforeModesTestExecutionListener@30e868be, org.springframework.boot.test.mock.mockito.MockitoTestExecutionListener@66c92293, org.springframework.boot.test.autoconfigure.SpringBootDependencyInjectionTestExecutionListener@332796d3, org.springframework.test.context.support.DirtiesContextTestExecutionListener@4f0100a7, org.springframework.test.context.transaction.TransactionalTestExecutionListener@3cdf2c61, org.springframework.test.context.jdbc.SqlScriptsTestExecutionListener@13ad5cd3, org.springframework.boot.test.mock.mockito.ResetMocksTestExecutionListener@1c33c17b, org.springframework.boot.test.autoconfigure.restdocs.RestDocsTestExecutionListener@5bf0fe62, org.springframework.boot.test.autoconfigure.web.client.MockRestServiceServerResetTestExecutionListener@1e097d59, org.springframework.boot.test.autoconfigure.web.servlet.MockMvcPrintOnlyOnFailureTestExecutionListener@673be18f, org.springframework.boot.test.autoconfigure.web.servlet.WebDriverTestExecutionListener@6581dc0a]
18:17:43.434 [main] DEBUG org.springframework.test.annotation.ProfileValueUtils - Retrieved @ProfileValueSourceConfiguration [null] for test class [hansol9.rest.index.IndexControllerTest]
18:17:43.435 [main] DEBUG org.springframework.test.annotation.ProfileValueUtils - Retrieved ProfileValueSource type [class org.springframework.test.annotation.SystemProfileValueSource] for class [hansol9.rest.index.IndexControllerTest]
18:17:43.435 [main] DEBUG org.springframework.test.annotation.ProfileValueUtils - Retrieved @ProfileValueSourceConfiguration [null] for test class [hansol9.rest.index.IndexControllerTest]
18:17:43.435 [main] DEBUG org.springframework.test.annotation.ProfileValueUtils - Retrieved ProfileValueSource type [class org.springframework.test.annotation.SystemProfileValueSource] for class [hansol9.rest.index.IndexControllerTest]
18:17:43.435 [main] DEBUG org.springframework.test.annotation.ProfileValueUtils - Retrieved @ProfileValueSourceConfiguration [null] for test class [hansol9.rest.index.IndexControllerTest]
18:17:43.435 [main] DEBUG org.springframework.test.annotation.ProfileValueUtils - Retrieved ProfileValueSource type [class org.springframework.test.annotation.SystemProfileValueSource] for class [hansol9.rest.index.IndexControllerTest]
18:17:43.439 [main] DEBUG org.springframework.test.context.support.AbstractDirtiesContextTestExecutionListener - Before test class: context [DefaultTestContext@7331196b testClass = IndexControllerTest, testInstance = [null], testMethod = [null], testException = [null], mergedContextConfiguration = [WebMergedContextConfiguration@3f9342d4 testClass = IndexControllerTest, locations = '{}', classes = '{class hansol9.rest.RestPracticeApplication}', contextInitializerClasses = '[]', activeProfiles = '{test}', propertySourceLocations = '{}', propertySourceProperties = '{org.springframework.boot.test.context.SpringBootTestContextBootstrapper=true}', contextCustomizers = set[[ImportsContextCustomizer@ab7395e key = [@org.springframework.test.context.BootstrapWith(value=org.springframework.boot.test.context.SpringBootTestContextBootstrapper.class), @org.springframework.test.context.ActiveProfiles(profiles={}, resolver=org.springframework.test.context.ActiveProfilesResolver.class, value={"test"}, inheritProfiles=true), @org.springframework.boot.test.context.SpringBootTest(webEnvironment=MOCK, value={}, properties={}, classes={}), @org.springframework.context.annotation.Import(value={org.springframework.boot.autoconfigure.ImportAutoConfigurationImportSelector.class}), @org.junit.runner.RunWith(value=org.springframework.test.context.junit4.SpringRunner.class), @org.springframework.context.annotation.Import(value={org.springframework.boot.test.autoconfigure.restdocs.RestDocumentationContextProviderRegistrar.class}), @org.springframework.boot.test.autoconfigure.properties.PropertyMapping(value="spring.test.restdocs", skip=NO), @org.junit.Ignore(value=""), @org.springframework.boot.test.autoconfigure.web.servlet.AutoConfigureMockMvc(webDriverEnabled=true, print=DEFAULT, webClientEnabled=true, secure=true, printOnlyOnFailure=true, addFilters=true), @org.springframework.boot.autoconfigure.ImportAutoConfiguration(value={}, exclude={}, classes={}), @org.springframework.boot.test.autoconfigure.properties.PropertyMapping(value="spring.test.mockmvc", skip=NO), @org.springframework.boot.test.autoconfigure.restdocs.AutoConfigureRestDocs(uriScheme="http", outputDir="", uriPort=8080, value="", uriHost="localhost"), @org.springframework.context.annotation.Import(value={hansol9.rest.common.RestDocsConfiguration.class})]], org.springframework.boot.test.context.filter.ExcludeFilterContextCustomizer@4d5650ae, org.springframework.boot.test.json.DuplicateJsonObjectContextCustomizerFactory$DuplicateJsonObjectContextCustomizer@51c668e3, org.springframework.boot.test.mock.mockito.MockitoContextCustomizer@0, org.springframework.boot.test.web.client.TestRestTemplateContextCustomizer@1c7696c6, org.springframework.boot.test.autoconfigure.properties.PropertyMappingContextCustomizer@27195e1a, org.springframework.boot.test.autoconfigure.web.servlet.WebDriverContextCustomizerFactory$Customizer@449a4f23], resourceBasePath = 'src/main/webapp', contextLoader = 'org.springframework.boot.test.context.SpringBootContextLoader', parent = [null]], attributes = map['org.springframework.test.context.web.ServletTestExecutionListener.activateListener' -> true]], class annotated with @DirtiesContext [false] with mode [null].
18:17:43.440 [main] DEBUG org.springframework.test.annotation.ProfileValueUtils - Retrieved @ProfileValueSourceConfiguration [null] for test class [hansol9.rest.index.IndexControllerTest]
18:17:43.440 [main] DEBUG org.springframework.test.annotation.ProfileValueUtils - Retrieved ProfileValueSource type [class org.springframework.test.annotation.SystemProfileValueSource] for class [hansol9.rest.index.IndexControllerTest]
18:17:43.461 [main] DEBUG org.springframework.test.context.support.TestPropertySourceUtils - Adding inlined properties to environment: {spring.jmx.enabled=false, org.springframework.boot.test.context.SpringBootTestContextBootstrapper=true, server.port=-1}

  .   ____          _            __ _ _
 /\\ / ___'_ __ _ _(_)_ __  __ _ \ \ \ \
( ( )\___ | '_ | '_| | '_ \/ _` | \ \ \ \
 \\/  ___)| |_)| | | | | || (_| |  ) ) ) )
  '  |____| .__|_| |_|_| |_\__, | / / / /
 =========|_|==============|___/=/_/_/_/
 :: Spring Boot ::        (v2.1.0.RELEASE)

2020-10-27 18:17:43.911  INFO 86389 --- [           main] hansol9.rest.index.IndexControllerTest   : Starting IndexControllerTest on Hansol9ui-MacBookPro-2.local with PID 86389 (started by hansol9 in /Users/hansol9/Desktop/01. Github/REST Practice)
2020-10-27 18:17:43.911  INFO 86389 --- [           main] hansol9.rest.index.IndexControllerTest   : The following profiles are active: test
2020-10-27 18:17:44.454  INFO 86389 --- [           main] .s.d.r.c.RepositoryConfigurationDelegate : Bootstrapping Spring Data repositories in DEFAULT mode.
2020-10-27 18:17:44.530  INFO 86389 --- [           main] .s.d.r.c.RepositoryConfigurationDelegate : Finished Spring Data repository scanning in 68ms. Found 2 repository interfaces.
2020-10-27 18:17:44.917  INFO 86389 --- [           main] trationDelegate$BeanPostProcessorChecker : Bean 'org.springframework.transaction.annotation.ProxyTransactionManagementConfiguration' of type [org.springframework.transaction.annotation.ProxyTransactionManagementConfiguration$$EnhancerBySpringCGLIB$$c11653ca] is not eligible for getting processed by all BeanPostProcessors (for example: not eligible for auto-proxying)
2020-10-27 18:17:44.956  INFO 86389 --- [           main] trationDelegate$BeanPostProcessorChecker : Bean 'org.springframework.hateoas.config.HateoasConfiguration' of type [org.springframework.hateoas.config.HateoasConfiguration$$EnhancerBySpringCGLIB$$4096a0fc] is not eligible for getting processed by all BeanPostProcessors (for example: not eligible for auto-proxying)
2020-10-27 18:17:45.111  INFO 86389 --- [           main] com.zaxxer.hikari.HikariDataSource       : HikariPool-1 - Starting...
2020-10-27 18:17:45.285  INFO 86389 --- [           main] com.zaxxer.hikari.HikariDataSource       : HikariPool-1 - Start completed.
2020-10-27 18:17:45.353  INFO 86389 --- [           main] o.hibernate.jpa.internal.util.LogHelper  : HHH000204: Processing PersistenceUnitInfo [
	name: default
	...]
2020-10-27 18:17:45.421  INFO 86389 --- [           main] org.hibernate.Version                    : HHH000412: Hibernate Core {5.3.7.Final}
2020-10-27 18:17:45.422  INFO 86389 --- [           main] org.hibernate.cfg.Environment            : HHH000206: hibernate.properties not found
2020-10-27 18:17:45.567  INFO 86389 --- [           main] o.hibernate.annotations.common.Version   : HCANN000001: Hibernate Commons Annotations {5.0.4.Final}
2020-10-27 18:17:45.688  INFO 86389 --- [           main] org.hibernate.dialect.Dialect            : HHH000400: Using dialect: org.hibernate.dialect.H2Dialect
2020-10-27 18:17:45.733  INFO 86389 --- [           main] o.h.e.j.e.i.LobCreatorBuilderImpl        : HHH000421: Disabling contextual LOB creation as hibernate.jdbc.lob.non_contextual_creation is true
2020-10-27 18:17:46.293 DEBUG 86389 --- [           main] org.hibernate.SQL                        : 
    
    drop table account if exists
2020-10-27 18:17:46.296 DEBUG 86389 --- [           main] org.hibernate.SQL                        : 
    
    drop table account_roles if exists
2020-10-27 18:17:46.296 DEBUG 86389 --- [           main] org.hibernate.SQL                        : 
    
    drop table event if exists
2020-10-27 18:17:46.296 DEBUG 86389 --- [           main] org.hibernate.SQL                        : 
    
    drop sequence if exists hibernate_sequence
2020-10-27 18:17:46.298 DEBUG 86389 --- [           main] org.hibernate.SQL                        : create sequence hibernate_sequence start with 1 increment by 1
2020-10-27 18:17:46.299 DEBUG 86389 --- [           main] org.hibernate.SQL                        : 
    
    create table account (
       id integer not null,
        email varchar(255),
        password varchar(255),
        primary key (id)
    )
2020-10-27 18:17:46.303 DEBUG 86389 --- [           main] org.hibernate.SQL                        : 
    
    create table account_roles (
       account_id integer not null,
        roles varchar(255)
    )
2020-10-27 18:17:46.304 DEBUG 86389 --- [           main] org.hibernate.SQL                        : 
    
    create table event (
       id integer not null,
        base_price integer not null,
        begin_enrollment_date_time timestamp,
        begin_event_date_time timestamp,
        close_enrollment_date_time timestamp,
        description varchar(255),
        end_event_date_time timestamp,
        event_status varchar(255),
        free boolean not null,
        limit_of_enrollment integer not null,
        location varchar(255),
        max_price integer not null,
        name varchar(255),
        offline boolean not null,
        manager_id integer,
        primary key (id)
    )
2020-10-27 18:17:46.306 DEBUG 86389 --- [           main] org.hibernate.SQL                        : 
    
    alter table account_roles 
       add constraint FKtp61eta5i06bug3w1qr6286uf 
       foreign key (account_id) 
       references account
2020-10-27 18:17:46.313 DEBUG 86389 --- [           main] org.hibernate.SQL                        : 
    
    alter table event 
       add constraint FKphlyw4y37tcvehs0e107b93cn 
       foreign key (manager_id) 
       references account
2020-10-27 18:17:46.315  INFO 86389 --- [           main] o.h.t.schema.internal.SchemaCreatorImpl  : HHH000476: Executing import script 'org.hibernate.tool.schema.internal.exec.ScriptSourceInputNonExistentImpl@227b9277'
2020-10-27 18:17:46.318  INFO 86389 --- [           main] j.LocalContainerEntityManagerFactoryBean : Initialized JPA EntityManagerFactory for persistence unit 'default'
2020-10-27 18:17:46.889 DEBUG 86389 --- [           main] s.s.c.a.w.c.WebSecurityConfigurerAdapter : Using default configure(HttpSecurity). If subclassed this will potentially override subclass configure(HttpSecurity).
2020-10-27 18:17:46.943  WARN 86389 --- [           main] aWebConfiguration$JpaWebMvcConfiguration : spring.jpa.open-in-view is enabled by default. Therefore, database queries may be performed during view rendering. Explicitly configure spring.jpa.open-in-view to disable this warning
2020-10-27 18:17:47.032  INFO 86389 --- [           main] o.s.s.web.DefaultSecurityFilterChain     : Creating filter chain: Mvc [pattern='/docs/index.html'], []
2020-10-27 18:17:47.032  INFO 86389 --- [           main] o.s.s.web.DefaultSecurityFilterChain     : Creating filter chain: org.springframework.boot.autoconfigure.security.servlet.StaticResourceRequest$StaticResourceRequestMatcher@28ceb25e, []
2020-10-27 18:17:47.084 DEBUG 86389 --- [           main] edFilterInvocationSecurityMetadataSource : Adding web access control expression 'authenticated', for any request
2020-10-27 18:17:47.090 DEBUG 86389 --- [           main] o.s.s.w.a.i.FilterSecurityInterceptor    : Validated configuration attributes
2020-10-27 18:17:47.091 DEBUG 86389 --- [           main] o.s.s.w.a.i.FilterSecurityInterceptor    : Validated configuration attributes
2020-10-27 18:17:47.103  INFO 86389 --- [           main] o.s.s.web.DefaultSecurityFilterChain     : Creating filter chain: any request, [org.springframework.security.web.context.request.async.WebAsyncManagerIntegrationFilter@7698a3d9, org.springframework.security.web.context.SecurityContextPersistenceFilter@35efd12c, org.springframework.security.web.header.HeaderWriterFilter@66e62fc4, org.springframework.security.web.csrf.CsrfFilter@3050d479, org.springframework.security.web.authentication.logout.LogoutFilter@79e9c14, org.springframework.security.web.authentication.UsernamePasswordAuthenticationFilter@4d793390, org.springframework.security.web.authentication.ui.DefaultLoginPageGeneratingFilter@7c857e8f, org.springframework.security.web.authentication.ui.DefaultLogoutPageGeneratingFilter@4b62f1ba, org.springframework.security.web.authentication.www.BasicAuthenticationFilter@73eae5f, org.springframework.security.web.savedrequest.RequestCacheAwareFilter@17e8c38c, org.springframework.security.web.servletapi.SecurityContextHolderAwareRequestFilter@b386a17, org.springframework.security.web.authentication.AnonymousAuthenticationFilter@39dce2df, org.springframework.security.web.session.SessionManagementFilter@23aaa756, org.springframework.security.web.access.ExceptionTranslationFilter@368ff8be, org.springframework.security.web.access.intercept.FilterSecurityInterceptor@5e9671e6]
2020-10-27 18:17:47.469  INFO 86389 --- [           main] o.s.s.concurrent.ThreadPoolTaskExecutor  : Initializing ExecutorService 'applicationTaskExecutor'
2020-10-27 18:17:47.787  INFO 86389 --- [           main] o.s.b.t.m.w.SpringBootMockServletContext : Initializing Spring TestDispatcherServlet ''
2020-10-27 18:17:47.788  INFO 86389 --- [           main] o.s.t.web.servlet.TestDispatcherServlet  : Initializing Servlet ''
2020-10-27 18:17:47.799  INFO 86389 --- [           main] o.s.t.web.servlet.TestDispatcherServlet  : Completed initialization in 11 ms
2020-10-27 18:17:47.821  INFO 86389 --- [           main] hansol9.rest.index.IndexControllerTest   : Started IndexControllerTest in 4.351 seconds (JVM running for 5.124)
2020-10-27 18:17:47.918 DEBUG 86389 --- [           main] o.s.s.web.util.matcher.OrRequestMatcher  : Trying to match using Ant [pattern='/css/**']
2020-10-27 18:17:47.918 DEBUG 86389 --- [           main] o.s.s.w.u.matcher.AntPathRequestMatcher  : Checking match of request : '/api'; against '/css/**'
2020-10-27 18:17:47.918 DEBUG 86389 --- [           main] o.s.s.web.util.matcher.OrRequestMatcher  : Trying to match using Ant [pattern='/js/**']
2020-10-27 18:17:47.918 DEBUG 86389 --- [           main] o.s.s.w.u.matcher.AntPathRequestMatcher  : Checking match of request : '/api'; against '/js/**'
2020-10-27 18:17:47.918 DEBUG 86389 --- [           main] o.s.s.web.util.matcher.OrRequestMatcher  : Trying to match using Ant [pattern='/images/**']
2020-10-27 18:17:47.918 DEBUG 86389 --- [           main] o.s.s.w.u.matcher.AntPathRequestMatcher  : Checking match of request : '/api'; against '/images/**'
2020-10-27 18:17:47.918 DEBUG 86389 --- [           main] o.s.s.web.util.matcher.OrRequestMatcher  : Trying to match using Ant [pattern='/webjars/**']
2020-10-27 18:17:47.918 DEBUG 86389 --- [           main] o.s.s.w.u.matcher.AntPathRequestMatcher  : Checking match of request : '/api'; against '/webjars/**'
2020-10-27 18:17:47.918 DEBUG 86389 --- [           main] o.s.s.web.util.matcher.OrRequestMatcher  : Trying to match using Ant [pattern='/**/favicon.ico']
2020-10-27 18:17:47.918 DEBUG 86389 --- [           main] o.s.s.w.u.matcher.AntPathRequestMatcher  : Checking match of request : '/api'; against '/**/favicon.ico'
2020-10-27 18:17:47.919 DEBUG 86389 --- [           main] o.s.s.web.util.matcher.OrRequestMatcher  : No matches found
2020-10-27 18:17:47.919 DEBUG 86389 --- [           main] o.s.security.web.FilterChainProxy        : /api at position 1 of 15 in additional filter chain; firing Filter: 'WebAsyncManagerIntegrationFilter'
2020-10-27 18:17:47.920 DEBUG 86389 --- [           main] o.s.security.web.FilterChainProxy        : /api at position 2 of 15 in additional filter chain; firing Filter: 'SecurityContextPersistenceFilter'
2020-10-27 18:17:47.920 DEBUG 86389 --- [           main] w.c.HttpSessionSecurityContextRepository : No HttpSession currently exists
2020-10-27 18:17:47.920 DEBUG 86389 --- [           main] w.c.HttpSessionSecurityContextRepository : No SecurityContext was available from the HttpSession: null. A new one will be created.
2020-10-27 18:17:47.921 DEBUG 86389 --- [           main] o.s.security.web.FilterChainProxy        : /api at position 3 of 15 in additional filter chain; firing Filter: 'HeaderWriterFilter'
2020-10-27 18:17:47.921 DEBUG 86389 --- [           main] o.s.security.web.FilterChainProxy        : /api at position 4 of 15 in additional filter chain; firing Filter: 'CsrfFilter'
2020-10-27 18:17:47.922 DEBUG 86389 --- [           main] o.s.security.web.FilterChainProxy        : /api at position 5 of 15 in additional filter chain; firing Filter: 'LogoutFilter'
2020-10-27 18:17:47.922 DEBUG 86389 --- [           main] o.s.s.w.u.matcher.AntPathRequestMatcher  : Request 'GET /api' doesn't match 'POST /logout'
2020-10-27 18:17:47.922 DEBUG 86389 --- [           main] o.s.security.web.FilterChainProxy        : /api at position 6 of 15 in additional filter chain; firing Filter: 'UsernamePasswordAuthenticationFilter'
2020-10-27 18:17:47.922 DEBUG 86389 --- [           main] o.s.s.w.u.matcher.AntPathRequestMatcher  : Request 'GET /api' doesn't match 'POST /login'
2020-10-27 18:17:47.922 DEBUG 86389 --- [           main] o.s.security.web.FilterChainProxy        : /api at position 7 of 15 in additional filter chain; firing Filter: 'DefaultLoginPageGeneratingFilter'
2020-10-27 18:17:47.922 DEBUG 86389 --- [           main] o.s.security.web.FilterChainProxy        : /api at position 8 of 15 in additional filter chain; firing Filter: 'DefaultLogoutPageGeneratingFilter'
2020-10-27 18:17:47.922 DEBUG 86389 --- [           main] o.s.s.w.u.matcher.AntPathRequestMatcher  : Checking match of request : '/api'; against '/logout'
2020-10-27 18:17:47.922 DEBUG 86389 --- [           main] o.s.security.web.FilterChainProxy        : /api at position 9 of 15 in additional filter chain; firing Filter: 'BasicAuthenticationFilter'
2020-10-27 18:17:47.922 DEBUG 86389 --- [           main] o.s.security.web.FilterChainProxy        : /api at position 10 of 15 in additional filter chain; firing Filter: 'RequestCacheAwareFilter'
2020-10-27 18:17:47.923 DEBUG 86389 --- [           main] o.s.s.w.s.HttpSessionRequestCache        : saved request doesn't match
2020-10-27 18:17:47.923 DEBUG 86389 --- [           main] o.s.security.web.FilterChainProxy        : /api at position 11 of 15 in additional filter chain; firing Filter: 'SecurityContextHolderAwareRequestFilter'
2020-10-27 18:17:47.923 DEBUG 86389 --- [           main] o.s.security.web.FilterChainProxy        : /api at position 12 of 15 in additional filter chain; firing Filter: 'AnonymousAuthenticationFilter'
2020-10-27 18:17:47.924 DEBUG 86389 --- [           main] o.s.s.w.a.AnonymousAuthenticationFilter  : Populated SecurityContextHolder with anonymous token: 'org.springframework.security.authentication.AnonymousAuthenticationToken@d1c71378: Principal: anonymousUser; Credentials: [PROTECTED]; Authenticated: true; Details: org.springframework.security.web.authentication.WebAuthenticationDetails@957e: RemoteIpAddress: 127.0.0.1; SessionId: null; Granted Authorities: ROLE_ANONYMOUS'
2020-10-27 18:17:47.924 DEBUG 86389 --- [           main] o.s.security.web.FilterChainProxy        : /api at position 13 of 15 in additional filter chain; firing Filter: 'SessionManagementFilter'
2020-10-27 18:17:47.924 DEBUG 86389 --- [           main] o.s.security.web.FilterChainProxy        : /api at position 14 of 15 in additional filter chain; firing Filter: 'ExceptionTranslationFilter'
2020-10-27 18:17:47.924 DEBUG 86389 --- [           main] o.s.security.web.FilterChainProxy        : /api at position 15 of 15 in additional filter chain; firing Filter: 'FilterSecurityInterceptor'
2020-10-27 18:17:47.924 DEBUG 86389 --- [           main] o.s.s.w.a.i.FilterSecurityInterceptor    : Secure object: FilterInvocation: URL: /api; Attributes: [authenticated]
2020-10-27 18:17:47.925 DEBUG 86389 --- [           main] o.s.s.w.a.i.FilterSecurityInterceptor    : Previously Authenticated: org.springframework.security.authentication.AnonymousAuthenticationToken@d1c71378: Principal: anonymousUser; Credentials: [PROTECTED]; Authenticated: true; Details: org.springframework.security.web.authentication.WebAuthenticationDetails@957e: RemoteIpAddress: 127.0.0.1; SessionId: null; Granted Authorities: ROLE_ANONYMOUS
2020-10-27 18:17:47.928 DEBUG 86389 --- [           main] o.s.s.access.vote.AffirmativeBased       : Voter: org.springframework.security.web.access.expression.WebExpressionVoter@4f1aa2bc, returned: -1
2020-10-27 18:17:47.932 DEBUG 86389 --- [           main] o.s.s.w.a.ExceptionTranslationFilter     : Access is denied (user is anonymous); redirecting to authentication entry point

org.springframework.security.access.AccessDeniedException: Access is denied
	at org.springframework.security.access.vote.AffirmativeBased.decide(AffirmativeBased.java:84) ~[spring-security-core-5.1.1.RELEASE.jar:5.1.1.RELEASE]
	at org.springframework.security.access.intercept.AbstractSecurityInterceptor.beforeInvocation(AbstractSecurityInterceptor.java:233) ~[spring-security-core-5.1.1.RELEASE.jar:5.1.1.RELEASE]
	at org.springframework.security.web.access.intercept.FilterSecurityInterceptor.invoke(FilterSecurityInterceptor.java:124) ~[spring-security-web-5.1.1.RELEASE.jar:5.1.1.RELEASE]
	at org.springframework.security.web.access.intercept.FilterSecurityInterceptor.doFilter(FilterSecurityInterceptor.java:91) ~[spring-security-web-5.1.1.RELEASE.jar:5.1.1.RELEASE]
	at org.springframework.security.web.FilterChainProxy$VirtualFilterChain.doFilter(FilterChainProxy.java:334) ~[spring-security-web-5.1.1.RELEASE.jar:5.1.1.RELEASE]
	at org.springframework.security.web.access.ExceptionTranslationFilter.doFilter(ExceptionTranslationFilter.java:119) ~[spring-security-web-5.1.1.RELEASE.jar:5.1.1.RELEASE]
	at org.springframework.security.web.FilterChainProxy$VirtualFilterChain.doFilter(FilterChainProxy.java:334) ~[spring-security-web-5.1.1.RELEASE.jar:5.1.1.RELEASE]
	at org.springframework.security.web.session.SessionManagementFilter.doFilter(SessionManagementFilter.java:137) ~[spring-security-web-5.1.1.RELEASE.jar:5.1.1.RELEASE]
	at org.springframework.security.web.FilterChainProxy$VirtualFilterChain.doFilter(FilterChainProxy.java:334) ~[spring-security-web-5.1.1.RELEASE.jar:5.1.1.RELEASE]
	at org.springframework.security.web.authentication.AnonymousAuthenticationFilter.doFilter(AnonymousAuthenticationFilter.java:111) ~[spring-security-web-5.1.1.RELEASE.jar:5.1.1.RELEASE]
	at org.springframework.security.web.FilterChainProxy$VirtualFilterChain.doFilter(FilterChainProxy.java:334) ~[spring-security-web-5.1.1.RELEASE.jar:5.1.1.RELEASE]
	at org.springframework.security.web.servletapi.SecurityContextHolderAwareRequestFilter.doFilter(SecurityContextHolderAwareRequestFilter.java:170) ~[spring-security-web-5.1.1.RELEASE.jar:5.1.1.RELEASE]
	at org.springframework.security.web.FilterChainProxy$VirtualFilterChain.doFilter(FilterChainProxy.java:334) ~[spring-security-web-5.1.1.RELEASE.jar:5.1.1.RELEASE]
	at org.springframework.security.web.savedrequest.RequestCacheAwareFilter.doFilter(RequestCacheAwareFilter.java:63) ~[spring-security-web-5.1.1.RELEASE.jar:5.1.1.RELEASE]
	at org.springframework.security.web.FilterChainProxy$VirtualFilterChain.doFilter(FilterChainProxy.java:334) ~[spring-security-web-5.1.1.RELEASE.jar:5.1.1.RELEASE]
	at org.springframework.security.web.authentication.www.BasicAuthenticationFilter.doFilterInternal(BasicAuthenticationFilter.java:158) ~[spring-security-web-5.1.1.RELEASE.jar:5.1.1.RELEASE]
	at org.springframework.web.filter.OncePerRequestFilter.doFilter(OncePerRequestFilter.java:107) ~[spring-web-5.1.2.RELEASE.jar:5.1.2.RELEASE]
	at org.springframework.security.web.FilterChainProxy$VirtualFilterChain.doFilter(FilterChainProxy.java:334) ~[spring-security-web-5.1.1.RELEASE.jar:5.1.1.RELEASE]
	at org.springframework.security.web.authentication.ui.DefaultLogoutPageGeneratingFilter.doFilterInternal(DefaultLogoutPageGeneratingFilter.java:52) ~[spring-security-web-5.1.1.RELEASE.jar:5.1.1.RELEASE]
	at org.springframework.web.filter.OncePerRequestFilter.doFilter(OncePerRequestFilter.java:107) ~[spring-web-5.1.2.RELEASE.jar:5.1.2.RELEASE]
	at org.springframework.security.web.FilterChainProxy$VirtualFilterChain.doFilter(FilterChainProxy.java:334) ~[spring-security-web-5.1.1.RELEASE.jar:5.1.1.RELEASE]
	at org.springframework.security.web.authentication.ui.DefaultLoginPageGeneratingFilter.doFilter(DefaultLoginPageGeneratingFilter.java:206) ~[spring-security-web-5.1.1.RELEASE.jar:5.1.1.RELEASE]
	at org.springframework.security.web.FilterChainProxy$VirtualFilterChain.doFilter(FilterChainProxy.java:334) ~[spring-security-web-5.1.1.RELEASE.jar:5.1.1.RELEASE]
	at org.springframework.security.web.authentication.AbstractAuthenticationProcessingFilter.doFilter(AbstractAuthenticationProcessingFilter.java:200) ~[spring-security-web-5.1.1.RELEASE.jar:5.1.1.RELEASE]
	at org.springframework.security.web.FilterChainProxy$VirtualFilterChain.doFilter(FilterChainProxy.java:334) ~[spring-security-web-5.1.1.RELEASE.jar:5.1.1.RELEASE]
	at org.springframework.security.web.authentication.logout.LogoutFilter.doFilter(LogoutFilter.java:116) ~[spring-security-web-5.1.1.RELEASE.jar:5.1.1.RELEASE]
	at org.springframework.security.web.FilterChainProxy$VirtualFilterChain.doFilter(FilterChainProxy.java:334) ~[spring-security-web-5.1.1.RELEASE.jar:5.1.1.RELEASE]
	at org.springframework.security.web.csrf.CsrfFilter.doFilterInternal(CsrfFilter.java:100) ~[spring-security-web-5.1.1.RELEASE.jar:5.1.1.RELEASE]
	at org.springframework.web.filter.OncePerRequestFilter.doFilter(OncePerRequestFilter.java:107) ~[spring-web-5.1.2.RELEASE.jar:5.1.2.RELEASE]
	at org.springframework.security.web.FilterChainProxy$VirtualFilterChain.doFilter(FilterChainProxy.java:334) ~[spring-security-web-5.1.1.RELEASE.jar:5.1.1.RELEASE]
	at org.springframework.security.web.header.HeaderWriterFilter.doFilterInternal(HeaderWriterFilter.java:66) ~[spring-security-web-5.1.1.RELEASE.jar:5.1.1.RELEASE]
	at org.springframework.web.filter.OncePerRequestFilter.doFilter(OncePerRequestFilter.java:107) ~[spring-web-5.1.2.RELEASE.jar:5.1.2.RELEASE]
	at org.springframework.security.web.FilterChainProxy$VirtualFilterChain.doFilter(FilterChainProxy.java:334) ~[spring-security-web-5.1.1.RELEASE.jar:5.1.1.RELEASE]
	at org.springframework.security.web.context.SecurityContextPersistenceFilter.doFilter(SecurityContextPersistenceFilter.java:105) ~[spring-security-web-5.1.1.RELEASE.jar:5.1.1.RELEASE]
	at org.springframework.security.web.FilterChainProxy$VirtualFilterChain.doFilter(FilterChainProxy.java:334) ~[spring-security-web-5.1.1.RELEASE.jar:5.1.1.RELEASE]
	at org.springframework.security.web.context.request.async.WebAsyncManagerIntegrationFilter.doFilterInternal(WebAsyncManagerIntegrationFilter.java:56) ~[spring-security-web-5.1.1.RELEASE.jar:5.1.1.RELEASE]
	at org.springframework.web.filter.OncePerRequestFilter.doFilter(OncePerRequestFilter.java:107) ~[spring-web-5.1.2.RELEASE.jar:5.1.2.RELEASE]
	at org.springframework.security.web.FilterChainProxy$VirtualFilterChain.doFilter(FilterChainProxy.java:334) ~[spring-security-web-5.1.1.RELEASE.jar:5.1.1.RELEASE]
	at org.springframework.security.web.FilterChainProxy.doFilterInternal(FilterChainProxy.java:215) ~[spring-security-web-5.1.1.RELEASE.jar:5.1.1.RELEASE]
	at org.springframework.security.web.FilterChainProxy.doFilter(FilterChainProxy.java:178) ~[spring-security-web-5.1.1.RELEASE.jar:5.1.1.RELEASE]
	at org.springframework.web.filter.DelegatingFilterProxy.invokeDelegate(DelegatingFilterProxy.java:357) ~[spring-web-5.1.2.RELEASE.jar:5.1.2.RELEASE]
	at org.springframework.web.filter.DelegatingFilterProxy.doFilter(DelegatingFilterProxy.java:270) ~[spring-web-5.1.2.RELEASE.jar:5.1.2.RELEASE]
	at org.springframework.mock.web.MockFilterChain.doFilter(MockFilterChain.java:133) ~[spring-test-5.1.2.RELEASE.jar:5.1.2.RELEASE]
	at org.springframework.web.filter.RequestContextFilter.doFilterInternal(RequestContextFilter.java:99) ~[spring-web-5.1.2.RELEASE.jar:5.1.2.RELEASE]
	at org.springframework.web.filter.OncePerRequestFilter.doFilter(OncePerRequestFilter.java:107) ~[spring-web-5.1.2.RELEASE.jar:5.1.2.RELEASE]
	at org.springframework.mock.web.MockFilterChain.doFilter(MockFilterChain.java:133) ~[spring-test-5.1.2.RELEASE.jar:5.1.2.RELEASE]
	at org.springframework.web.filter.FormContentFilter.doFilterInternal(FormContentFilter.java:92) ~[spring-web-5.1.2.RELEASE.jar:5.1.2.RELEASE]
	at org.springframework.web.filter.OncePerRequestFilter.doFilter(OncePerRequestFilter.java:107) ~[spring-web-5.1.2.RELEASE.jar:5.1.2.RELEASE]
	at org.springframework.mock.web.MockFilterChain.doFilter(MockFilterChain.java:133) ~[spring-test-5.1.2.RELEASE.jar:5.1.2.RELEASE]
	at org.springframework.web.filter.HiddenHttpMethodFilter.doFilterInternal(HiddenHttpMethodFilter.java:93) ~[spring-web-5.1.2.RELEASE.jar:5.1.2.RELEASE]
	at org.springframework.web.filter.OncePerRequestFilter.doFilter(OncePerRequestFilter.java:107) ~[spring-web-5.1.2.RELEASE.jar:5.1.2.RELEASE]
	at org.springframework.mock.web.MockFilterChain.doFilter(MockFilterChain.java:133) ~[spring-test-5.1.2.RELEASE.jar:5.1.2.RELEASE]
	at org.springframework.web.filter.CharacterEncodingFilter.doFilterInternal(CharacterEncodingFilter.java:200) ~[spring-web-5.1.2.RELEASE.jar:5.1.2.RELEASE]
	at org.springframework.web.filter.OncePerRequestFilter.doFilter(OncePerRequestFilter.java:107) ~[spring-web-5.1.2.RELEASE.jar:5.1.2.RELEASE]
	at org.springframework.mock.web.MockFilterChain.doFilter(MockFilterChain.java:133) ~[spring-test-5.1.2.RELEASE.jar:5.1.2.RELEASE]
	at org.springframework.test.web.servlet.MockMvc.perform(MockMvc.java:182) ~[spring-test-5.1.2.RELEASE.jar:5.1.2.RELEASE]
	at hansol9.rest.index.IndexControllerTest.index(IndexControllerTest.java:15) ~[test-classes/:na]
	at java.base/jdk.internal.reflect.NativeMethodAccessorImpl.invoke0(Native Method) ~[na:na]
	at java.base/jdk.internal.reflect.NativeMethodAccessorImpl.invoke(NativeMethodAccessorImpl.java:62) ~[na:na]
	at java.base/jdk.internal.reflect.DelegatingMethodAccessorImpl.invoke(DelegatingMethodAccessorImpl.java:43) ~[na:na]
	at java.base/java.lang.reflect.Method.invoke(Method.java:566) ~[na:na]
	at org.junit.runners.model.FrameworkMethod$1.runReflectiveCall(FrameworkMethod.java:50) ~[junit-4.12.jar:4.12]
	at org.junit.internal.runners.model.ReflectiveCallable.run(ReflectiveCallable.java:12) ~[junit-4.12.jar:4.12]
	at org.junit.runners.model.FrameworkMethod.invokeExplosively(FrameworkMethod.java:47) ~[junit-4.12.jar:4.12]
	at org.junit.internal.runners.statements.InvokeMethod.evaluate(InvokeMethod.java:17) ~[junit-4.12.jar:4.12]
	at org.springframework.test.context.junit4.statements.RunBeforeTestExecutionCallbacks.evaluate(RunBeforeTestExecutionCallbacks.java:74) ~[spring-test-5.1.2.RELEASE.jar:5.1.2.RELEASE]
	at org.springframework.test.context.junit4.statements.RunAfterTestExecutionCallbacks.evaluate(RunAfterTestExecutionCallbacks.java:84) ~[spring-test-5.1.2.RELEASE.jar:5.1.2.RELEASE]
	at org.springframework.test.context.junit4.statements.RunBeforeTestMethodCallbacks.evaluate(RunBeforeTestMethodCallbacks.java:75) ~[spring-test-5.1.2.RELEASE.jar:5.1.2.RELEASE]
	at org.springframework.test.context.junit4.statements.RunAfterTestMethodCallbacks.evaluate(RunAfterTestMethodCallbacks.java:86) ~[spring-test-5.1.2.RELEASE.jar:5.1.2.RELEASE]
	at org.springframework.test.context.junit4.statements.SpringRepeat.evaluate(SpringRepeat.java:84) ~[spring-test-5.1.2.RELEASE.jar:5.1.2.RELEASE]
	at org.junit.runners.ParentRunner.runLeaf(ParentRunner.java:325) ~[junit-4.12.jar:4.12]
	at org.springframework.test.context.junit4.SpringJUnit4ClassRunner.runChild(SpringJUnit4ClassRunner.java:251) ~[spring-test-5.1.2.RELEASE.jar:5.1.2.RELEASE]
	at org.springframework.test.context.junit4.SpringJUnit4ClassRunner.runChild(SpringJUnit4ClassRunner.java:97) ~[spring-test-5.1.2.RELEASE.jar:5.1.2.RELEASE]
	at org.junit.runners.ParentRunner$3.run(ParentRunner.java:290) ~[junit-4.12.jar:4.12]
	at org.junit.runners.ParentRunner$1.schedule(ParentRunner.java:71) ~[junit-4.12.jar:4.12]
	at org.junit.runners.ParentRunner.runChildren(ParentRunner.java:288) ~[junit-4.12.jar:4.12]
	at org.junit.runners.ParentRunner.access$000(ParentRunner.java:58) ~[junit-4.12.jar:4.12]
	at org.junit.runners.ParentRunner$2.evaluate(ParentRunner.java:268) ~[junit-4.12.jar:4.12]
	at org.springframework.test.context.junit4.statements.RunBeforeTestClassCallbacks.evaluate(RunBeforeTestClassCallbacks.java:61) ~[spring-test-5.1.2.RELEASE.jar:5.1.2.RELEASE]
	at org.springframework.test.context.junit4.statements.RunAfterTestClassCallbacks.evaluate(RunAfterTestClassCallbacks.java:70) ~[spring-test-5.1.2.RELEASE.jar:5.1.2.RELEASE]
	at org.junit.runners.ParentRunner.run(ParentRunner.java:363) ~[junit-4.12.jar:4.12]
	at org.springframework.test.context.junit4.SpringJUnit4ClassRunner.run(SpringJUnit4ClassRunner.java:190) ~[spring-test-5.1.2.RELEASE.jar:5.1.2.RELEASE]
	at org.apache.maven.surefire.junit4.JUnit4Provider.execute(JUnit4Provider.java:365) ~[surefire-junit4-2.22.1.jar:2.22.1]
	at org.apache.maven.surefire.junit4.JUnit4Provider.executeWithRerun(JUnit4Provider.java:273) ~[surefire-junit4-2.22.1.jar:2.22.1]
	at org.apache.maven.surefire.junit4.JUnit4Provider.executeTestSet(JUnit4Provider.java:238) ~[surefire-junit4-2.22.1.jar:2.22.1]
	at org.apache.maven.surefire.junit4.JUnit4Provider.invoke(JUnit4Provider.java:159) ~[surefire-junit4-2.22.1.jar:2.22.1]
	at org.apache.maven.surefire.booter.ForkedBooter.invokeProviderInSameClassLoader(ForkedBooter.java:384) ~[surefire-booter-2.22.1.jar:2.22.1]
	at org.apache.maven.surefire.booter.ForkedBooter.runSuitesInProcess(ForkedBooter.java:345) ~[surefire-booter-2.22.1.jar:2.22.1]
	at org.apache.maven.surefire.booter.ForkedBooter.execute(ForkedBooter.java:126) ~[surefire-booter-2.22.1.jar:2.22.1]
	at org.apache.maven.surefire.booter.ForkedBooter.main(ForkedBooter.java:418) ~[surefire-booter-2.22.1.jar:2.22.1]

2020-10-27 18:17:47.935 DEBUG 86389 --- [           main] o.s.s.w.util.matcher.AndRequestMatcher   : Trying to match using Ant [pattern='/**', GET]
2020-10-27 18:17:47.935 DEBUG 86389 --- [           main] o.s.s.w.u.matcher.AntPathRequestMatcher  : Request '/api' matched by universal pattern '/**'
2020-10-27 18:17:47.935 DEBUG 86389 --- [           main] o.s.s.w.util.matcher.AndRequestMatcher   : Trying to match using NegatedRequestMatcher [requestMatcher=Ant [pattern='/**/favicon.*']]
2020-10-27 18:17:47.935 DEBUG 86389 --- [           main] o.s.s.w.u.matcher.AntPathRequestMatcher  : Checking match of request : '/api'; against '/**/favicon.*'
2020-10-27 18:17:47.935 DEBUG 86389 --- [           main] o.s.s.w.u.matcher.NegatedRequestMatcher  : matches = true
2020-10-27 18:17:47.935 DEBUG 86389 --- [           main] o.s.s.w.util.matcher.AndRequestMatcher   : Trying to match using NegatedRequestMatcher [requestMatcher=MediaTypeRequestMatcher [contentNegotiationStrategy=org.springframework.web.accept.ContentNegotiationManager@44da745f, matchingMediaTypes=[application/json], useEquals=false, ignoredMediaTypes=[*/*]]]
2020-10-27 18:17:47.936 DEBUG 86389 --- [           main] o.s.s.w.u.m.MediaTypeRequestMatcher      : httpRequestMediaTypes=[*/*]
2020-10-27 18:17:47.936 DEBUG 86389 --- [           main] o.s.s.w.u.m.MediaTypeRequestMatcher      : Processing */*
2020-10-27 18:17:47.936 DEBUG 86389 --- [           main] o.s.s.w.u.m.MediaTypeRequestMatcher      : Ignoring
2020-10-27 18:17:47.936 DEBUG 86389 --- [           main] o.s.s.w.u.m.MediaTypeRequestMatcher      : Did not match any media types
2020-10-27 18:17:47.936 DEBUG 86389 --- [           main] o.s.s.w.u.matcher.NegatedRequestMatcher  : matches = true
2020-10-27 18:17:47.936 DEBUG 86389 --- [           main] o.s.s.w.util.matcher.AndRequestMatcher   : Trying to match using NegatedRequestMatcher [requestMatcher=RequestHeaderRequestMatcher [expectedHeaderName=X-Requested-With, expectedHeaderValue=XMLHttpRequest]]
2020-10-27 18:17:47.936 DEBUG 86389 --- [           main] o.s.s.w.u.matcher.NegatedRequestMatcher  : matches = true
2020-10-27 18:17:47.936 DEBUG 86389 --- [           main] o.s.s.w.util.matcher.AndRequestMatcher   : All requestMatchers returned true
2020-10-27 18:17:47.938 DEBUG 86389 --- [           main] o.s.s.w.s.HttpSessionRequestCache        : DefaultSavedRequest added to Session: DefaultSavedRequest[http://localhost:8080/api]
2020-10-27 18:17:47.938 DEBUG 86389 --- [           main] o.s.s.w.a.ExceptionTranslationFilter     : Calling Authentication entry point.
2020-10-27 18:17:47.938 DEBUG 86389 --- [           main] s.w.a.DelegatingAuthenticationEntryPoint : Trying to match using AndRequestMatcher [requestMatchers=[NegatedRequestMatcher [requestMatcher=RequestHeaderRequestMatcher [expectedHeaderName=X-Requested-With, expectedHeaderValue=XMLHttpRequest]], MediaTypeRequestMatcher [contentNegotiationStrategy=org.springframework.web.accept.ContentNegotiationManager@44da745f, matchingMediaTypes=[application/xhtml+xml, image/*, text/html, text/plain], useEquals=false, ignoredMediaTypes=[*/*]]]]
2020-10-27 18:17:47.938 DEBUG 86389 --- [           main] o.s.s.w.util.matcher.AndRequestMatcher   : Trying to match using NegatedRequestMatcher [requestMatcher=RequestHeaderRequestMatcher [expectedHeaderName=X-Requested-With, expectedHeaderValue=XMLHttpRequest]]
2020-10-27 18:17:47.938 DEBUG 86389 --- [           main] o.s.s.w.u.matcher.NegatedRequestMatcher  : matches = true
2020-10-27 18:17:47.938 DEBUG 86389 --- [           main] o.s.s.w.util.matcher.AndRequestMatcher   : Trying to match using MediaTypeRequestMatcher [contentNegotiationStrategy=org.springframework.web.accept.ContentNegotiationManager@44da745f, matchingMediaTypes=[application/xhtml+xml, image/*, text/html, text/plain], useEquals=false, ignoredMediaTypes=[*/*]]
2020-10-27 18:17:47.938 DEBUG 86389 --- [           main] o.s.s.w.u.m.MediaTypeRequestMatcher      : httpRequestMediaTypes=[*/*]
2020-10-27 18:17:47.938 DEBUG 86389 --- [           main] o.s.s.w.u.m.MediaTypeRequestMatcher      : Processing */*
2020-10-27 18:17:47.938 DEBUG 86389 --- [           main] o.s.s.w.u.m.MediaTypeRequestMatcher      : Ignoring
2020-10-27 18:17:47.938 DEBUG 86389 --- [           main] o.s.s.w.u.m.MediaTypeRequestMatcher      : Did not match any media types
2020-10-27 18:17:47.938 DEBUG 86389 --- [           main] o.s.s.w.util.matcher.AndRequestMatcher   : Did not match
2020-10-27 18:17:47.938 DEBUG 86389 --- [           main] s.w.a.DelegatingAuthenticationEntryPoint : Trying to match using OrRequestMatcher [requestMatchers=[RequestHeaderRequestMatcher [expectedHeaderName=X-Requested-With, expectedHeaderValue=XMLHttpRequest], AndRequestMatcher [requestMatchers=[NegatedRequestMatcher [requestMatcher=MediaTypeRequestMatcher [contentNegotiationStrategy=org.springframework.web.accept.ContentNegotiationManager@44da745f, matchingMediaTypes=[text/html], useEquals=false, ignoredMediaTypes=[]]], MediaTypeRequestMatcher [contentNegotiationStrategy=org.springframework.web.accept.ContentNegotiationManager@44da745f, matchingMediaTypes=[application/atom+xml, application/x-www-form-urlencoded, application/json, application/octet-stream, application/xml, multipart/form-data, text/xml], useEquals=false, ignoredMediaTypes=[*/*]]]], MediaTypeRequestMatcher [contentNegotiationStrategy=org.springframework.web.accept.ContentNegotiationManager@44da745f, matchingMediaTypes=[*/*], useEquals=true, ignoredMediaTypes=[]]]]
2020-10-27 18:17:47.938 DEBUG 86389 --- [           main] o.s.s.web.util.matcher.OrRequestMatcher  : Trying to match using RequestHeaderRequestMatcher [expectedHeaderName=X-Requested-With, expectedHeaderValue=XMLHttpRequest]
2020-10-27 18:17:47.938 DEBUG 86389 --- [           main] o.s.s.web.util.matcher.OrRequestMatcher  : Trying to match using AndRequestMatcher [requestMatchers=[NegatedRequestMatcher [requestMatcher=MediaTypeRequestMatcher [contentNegotiationStrategy=org.springframework.web.accept.ContentNegotiationManager@44da745f, matchingMediaTypes=[text/html], useEquals=false, ignoredMediaTypes=[]]], MediaTypeRequestMatcher [contentNegotiationStrategy=org.springframework.web.accept.ContentNegotiationManager@44da745f, matchingMediaTypes=[application/atom+xml, application/x-www-form-urlencoded, application/json, application/octet-stream, application/xml, multipart/form-data, text/xml], useEquals=false, ignoredMediaTypes=[*/*]]]]
2020-10-27 18:17:47.939 DEBUG 86389 --- [           main] o.s.s.w.util.matcher.AndRequestMatcher   : Trying to match using NegatedRequestMatcher [requestMatcher=MediaTypeRequestMatcher [contentNegotiationStrategy=org.springframework.web.accept.ContentNegotiationManager@44da745f, matchingMediaTypes=[text/html], useEquals=false, ignoredMediaTypes=[]]]
2020-10-27 18:17:47.939 DEBUG 86389 --- [           main] o.s.s.w.u.m.MediaTypeRequestMatcher      : httpRequestMediaTypes=[*/*]
2020-10-27 18:17:47.939 DEBUG 86389 --- [           main] o.s.s.w.u.m.MediaTypeRequestMatcher      : Processing */*
2020-10-27 18:17:47.939 DEBUG 86389 --- [           main] o.s.s.w.u.m.MediaTypeRequestMatcher      : text/html .isCompatibleWith */* = true
2020-10-27 18:17:47.939 DEBUG 86389 --- [           main] o.s.s.w.u.matcher.NegatedRequestMatcher  : matches = false
2020-10-27 18:17:47.939 DEBUG 86389 --- [           main] o.s.s.w.util.matcher.AndRequestMatcher   : Did not match
2020-10-27 18:17:47.939 DEBUG 86389 --- [           main] o.s.s.web.util.matcher.OrRequestMatcher  : Trying to match using MediaTypeRequestMatcher [contentNegotiationStrategy=org.springframework.web.accept.ContentNegotiationManager@44da745f, matchingMediaTypes=[*/*], useEquals=true, ignoredMediaTypes=[]]
2020-10-27 18:17:47.939 DEBUG 86389 --- [           main] o.s.s.w.u.m.MediaTypeRequestMatcher      : httpRequestMediaTypes=[*/*]
2020-10-27 18:17:47.939 DEBUG 86389 --- [           main] o.s.s.w.u.m.MediaTypeRequestMatcher      : Processing */*
2020-10-27 18:17:47.939 DEBUG 86389 --- [           main] o.s.s.w.u.m.MediaTypeRequestMatcher      : isEqualTo true
2020-10-27 18:17:47.939 DEBUG 86389 --- [           main] o.s.s.web.util.matcher.OrRequestMatcher  : matched
2020-10-27 18:17:47.939 DEBUG 86389 --- [           main] s.w.a.DelegatingAuthenticationEntryPoint : Match found! Executing org.springframework.security.web.authentication.DelegatingAuthenticationEntryPoint@147ad4bb
2020-10-27 18:17:47.939 DEBUG 86389 --- [           main] s.w.a.DelegatingAuthenticationEntryPoint : Trying to match using RequestHeaderRequestMatcher [expectedHeaderName=X-Requested-With, expectedHeaderValue=XMLHttpRequest]
2020-10-27 18:17:47.939 DEBUG 86389 --- [           main] s.w.a.DelegatingAuthenticationEntryPoint : No match found. Using default entry point org.springframework.security.web.authentication.www.BasicAuthenticationEntryPoint@20e9b10b
2020-10-27 18:17:47.940 DEBUG 86389 --- [           main] o.s.s.w.header.writers.HstsHeaderWriter  : Not injecting HSTS header since it did not match the requestMatcher org.springframework.security.web.header.writers.HstsHeaderWriter$SecureRequestMatcher@2c485b3a
2020-10-27 18:17:47.940 DEBUG 86389 --- [           main] w.c.HttpSessionSecurityContextRepository : SecurityContext is empty or contents are anonymous - context will not be stored in HttpSession.
2020-10-27 18:17:47.941 DEBUG 86389 --- [           main] s.s.w.c.SecurityContextPersistenceFilter : SecurityContextHolder now cleared, as request processing completed

MockHttpServletRequest:
      HTTP Method = GET
      Request URI = /api
       Parameters = {}
          Headers = {}
             Body = null
    Session Attrs = {SPRING_SECURITY_SAVED_REQUEST=DefaultSavedRequest[http://localhost:8080/api]}

Handler:
             Type = null

Async:
    Async started = false
     Async result = null

Resolved Exception:
             Type = null

ModelAndView:
        View name = null
             View = null
            Model = null

FlashMap:
       Attributes = null

MockHttpServletResponse:
           Status = 401
    Error message = Unauthorized
          Headers = {WWW-Authenticate=[Basic realm="Realm"], X-Content-Type-Options=[nosniff], X-XSS-Protection=[1; mode=block], Cache-Control=[no-cache, no-store, max-age=0, must-revalidate], Pragma=[no-cache], Expires=[0], X-Frame-Options=[DENY]}
     Content type = null
             Body = 
    Forwarded URL = null
   Redirected URL = null
          Cookies = []

MockHttpServletRequest:
      HTTP Method = GET
      Request URI = /api
       Parameters = {}
          Headers = {}
             Body = null
    Session Attrs = {SPRING_SECURITY_SAVED_REQUEST=DefaultSavedRequest[http://localhost:8080/api]}

Handler:
             Type = null

Async:
    Async started = false
     Async result = null

Resolved Exception:
             Type = null

ModelAndView:
        View name = null
             View = null
            Model = null

FlashMap:
       Attributes = null

MockHttpServletResponse:
           Status = 401
    Error message = Unauthorized
          Headers = {WWW-Authenticate=[Basic realm="Realm"], X-Content-Type-Options=[nosniff], X-XSS-Protection=[1; mode=block], Cache-Control=[no-cache, no-store, max-age=0, must-revalidate], Pragma=[no-cache], Expires=[0], X-Frame-Options=[DENY]}
     Content type = null
             Body = 
    Forwarded URL = null
   Redirected URL = null
          Cookies = []
]]></system-out>
  </testcase>
</testsuite>